[0.244s] Invoking command in '/home/russell/sim_ws/build/gap_follow': CMAKE_PREFIX_PATH=${CMAKE_PREFIX_PATH}:/home/russell/sim_ws/install/f1tenth_gym_ros:/opt/ros/foxy /usr/bin/cmake /home/russell/sim_ws/src/gap_follow -DCMAKE_INSTALL_PREFIX=/home/russell/sim_ws/install/gap_follow
[0.767s] -- The C compiler identification is GNU 9.4.0
[1.161s] -- The CXX compiler identification is GNU 9.4.0
[1.180s] -- Check for working C compiler: /usr/bin/cc
[1.268s] -- Check for working C compiler: /usr/bin/cc -- works
[1.270s] -- Detecting C compiler ABI info
[1.364s] -- Detecting C compiler ABI info - done
[1.381s] -- Detecting C compile features
[1.382s] -- Detecting C compile features - done
[1.387s] -- Check for working CXX compiler: /usr/bin/c++
[1.484s] -- Check for working CXX compiler: /usr/bin/c++ -- works
[1.485s] -- Detecting CXX compiler ABI info
[1.599s] -- Detecting CXX compiler ABI info - done
[1.612s] -- Detecting CXX compile features
[1.614s] -- Detecting CXX compile features - done
[1.627s] -- Found ament_cmake: 0.9.12 (/opt/ros/foxy/share/ament_cmake/cmake)
[1.682s] -- Found PythonInterp: /usr/bin/python3 (found suitable version "3.8.10", minimum required is "3") 
[1.683s] -- Using PYTHON_EXECUTABLE: /usr/bin/python3
[1.965s] -- Found rclcpp: 2.4.3 (/opt/ros/foxy/share/rclcpp/cmake)
[2.119s] -- Using all available rosidl_typesupport_c: rosidl_typesupport_fastrtps_c;rosidl_typesupport_introspection_c
[2.139s] -- Found rosidl_adapter: 1.3.1 (/opt/ros/foxy/share/rosidl_adapter/cmake)
[2.305s] -- Found OpenSSL: /usr/lib/x86_64-linux-gnu/libcrypto.so (found version "1.1.1f")  
[2.366s] -- Found FastRTPS: /opt/ros/foxy/include  
[2.541s] -- Using all available rosidl_typesupport_cpp: rosidl_typesupport_fastrtps_cpp;rosidl_typesupport_introspection_cpp
[2.676s] -- Found rmw_implementation_cmake: 1.0.4 (/opt/ros/foxy/share/rmw_implementation_cmake/cmake)
[2.689s] -- Using RMW implementation 'rmw_fastrtps_cpp' as default
[2.697s] -- Looking for pthread.h
[2.862s] -- Looking for pthread.h - found
[2.862s] -- Performing Test CMAKE_HAVE_LIBC_PTHREAD
[2.997s] -- Performing Test CMAKE_HAVE_LIBC_PTHREAD - Failed
[2.998s] -- Looking for pthread_create in pthreads
[3.095s] -- Looking for pthread_create in pthreads - not found
[3.095s] -- Looking for pthread_create in pthread
[3.179s] -- Looking for pthread_create in pthread - found
[3.181s] -- Found Threads: TRUE  
[3.411s] -- Found rclpy: 1.0.13 (/opt/ros/foxy/share/rclpy/cmake)
[3.414s] -- Found geometry_msgs: 2.0.5 (/opt/ros/foxy/share/geometry_msgs/cmake)
[3.461s] -- Found nav_msgs: 2.0.5 (/opt/ros/foxy/share/nav_msgs/cmake)
[3.548s] -- Found ackermann_msgs: 2.0.2 (/opt/ros/foxy/share/ackermann_msgs/cmake)
[3.604s] -- Found sensor_msgs: 2.0.5 (/opt/ros/foxy/share/sensor_msgs/cmake)
[3.728s] -- Found ament_lint_auto: 0.9.8 (/opt/ros/foxy/share/ament_lint_auto/cmake)
[3.860s] -- Added test 'copyright' to check source files copyright and LICENSE
[3.863s] -- Added test 'cppcheck' to perform static code analysis on C / C++ code
[3.864s] -- Configured cppcheck include dirs: /home/russell/sim_ws/src/gap_follow/include
[3.864s] -- Configured cppcheck exclude dirs and/or files: 
[3.867s] -- Added test 'cpplint' to check C / C++ code against the Google style
[3.868s] -- Configured cpplint exclude dirs and/or files: 
[3.870s] -- Added test 'flake8' to check Python code syntax and style conventions
[3.873s] -- Added test 'lint_cmake' to check CMake code style
[3.876s] -- Added test 'pep257' to check Python code against some of the style conventions in PEP 257
[3.879s] -- Added test 'uncrustify' to check C / C++ code style
[3.880s] -- Configured uncrustify additional arguments: 
[3.882s] -- Added test 'xmllint' to check XML markup files
[3.888s] -- Configuring done
[3.900s] -- Generating done
[3.904s] -- Build files have been written to: /home/russell/sim_ws/build/gap_follow
[3.915s] Invoked command in '/home/russell/sim_ws/build/gap_follow' returned '0': CMAKE_PREFIX_PATH=${CMAKE_PREFIX_PATH}:/home/russell/sim_ws/install/f1tenth_gym_ros:/opt/ros/foxy /usr/bin/cmake /home/russell/sim_ws/src/gap_follow -DCMAKE_INSTALL_PREFIX=/home/russell/sim_ws/install/gap_follow
[3.916s] Invoking command in '/home/russell/sim_ws/build/gap_follow': CMAKE_PREFIX_PATH=${CMAKE_PREFIX_PATH}:/home/russell/sim_ws/install/f1tenth_gym_ros:/opt/ros/foxy /usr/bin/cmake --build /home/russell/sim_ws/build/gap_follow -- -j3 -l3
[3.965s] [35m[1mScanning dependencies of target reactive_node[0m
[4.426s] [ 50%] [32mBuilding CXX object CMakeFiles/reactive_node.dir/src/reactive_node.cpp.o[0m
[6.539s] [01m[K/home/russell/sim_ws/src/gap_follow/src/reactive_node.cpp:[m[K In member function ‘[01m[Kvoid ReactiveFollowGap::preprocess_lidar(float*)[m[K’:
[6.539s] [01m[K/home/russell/sim_ws/src/gap_follow/src/reactive_node.cpp:24:34:[m[K [01;35m[Kwarning: [m[Kunused parameter ‘[01m[Kranges[m[K’ [[01;35m[K-Wunused-parameter[m[K]
[6.539s]    24 |     void preprocess_lidar([01;35m[Kfloat* ranges[m[K)
[6.540s]       |                           [01;35m[K~~~~~~~^~~~~~[m[K
[6.540s] [01m[K/home/russell/sim_ws/src/gap_follow/src/reactive_node.cpp:[m[K In member function ‘[01m[Kvoid ReactiveFollowGap::find_max_gap(float*, int*)[m[K’:
[6.540s] [01m[K/home/russell/sim_ws/src/gap_follow/src/reactive_node.cpp:32:30:[m[K [01;35m[Kwarning: [m[Kunused parameter ‘[01m[Kranges[m[K’ [[01;35m[K-Wunused-parameter[m[K]
[6.540s]    32 |     void find_max_gap([01;35m[Kfloat* ranges[m[K, int* indice)
[6.540s]       |                       [01;35m[K~~~~~~~^~~~~~[m[K
[6.540s] [01m[K/home/russell/sim_ws/src/gap_follow/src/reactive_node.cpp:32:43:[m[K [01;35m[Kwarning: [m[Kunused parameter ‘[01m[Kindice[m[K’ [[01;35m[K-Wunused-parameter[m[K]
[6.540s]    32 |     void find_max_gap(float* ranges, [01;35m[Kint* indice[m[K)
[6.540s]       |                                      [01;35m[K~~~~~^~~~~~[m[K
[6.540s] [01m[K/home/russell/sim_ws/src/gap_follow/src/reactive_node.cpp:[m[K In member function ‘[01m[Kvoid ReactiveFollowGap::find_best_point(float*, int*)[m[K’:
[6.541s] [01m[K/home/russell/sim_ws/src/gap_follow/src/reactive_node.cpp:38:33:[m[K [01;35m[Kwarning: [m[Kunused parameter ‘[01m[Kranges[m[K’ [[01;35m[K-Wunused-parameter[m[K]
[6.541s]    38 |     void find_best_point([01;35m[Kfloat* ranges[m[K, int* indice)
[6.541s]       |                          [01;35m[K~~~~~~~^~~~~~[m[K
[6.541s] [01m[K/home/russell/sim_ws/src/gap_follow/src/reactive_node.cpp:38:46:[m[K [01;35m[Kwarning: [m[Kunused parameter ‘[01m[Kindice[m[K’ [[01;35m[K-Wunused-parameter[m[K]
[6.541s]    38 |     void find_best_point(float* ranges, [01;35m[Kint* indice[m[K)
[6.541s]       |                                         [01;35m[K~~~~~^~~~~~[m[K
[6.542s] [01m[K/home/russell/sim_ws/src/gap_follow/src/reactive_node.cpp:[m[K In member function ‘[01m[Kvoid ReactiveFollowGap::lidar_callback(sensor_msgs::msg::LaserScan_<std::allocator<void> >::ConstSharedPtr)[m[K’:
[6.542s] [01m[K/home/russell/sim_ws/src/gap_follow/src/reactive_node.cpp:47:75:[m[K [01;35m[Kwarning: [m[Kunused parameter ‘[01m[Kscan_msg[m[K’ [[01;35m[K-Wunused-parameter[m[K]
[6.542s]    47 | oid lidar_callback([01;35m[Kconst sensor_msgs::msg::LaserScan::ConstSharedPtr scan_msg[m[K)
[6.542s]       |                    [01;35m[K~~~~~~~~~~~~~~~~~~~~~~~~~~~~~~~~~~~~~~~~~~~~~~~~~~^~~~~~~~[m[K
[6.542s] 
[7.165s] [100%] [32m[1mLinking CXX executable reactive_node[0m
[7.561s] [100%] Built target reactive_node
[7.585s] Invoked command in '/home/russell/sim_ws/build/gap_follow' returned '0': CMAKE_PREFIX_PATH=${CMAKE_PREFIX_PATH}:/home/russell/sim_ws/install/f1tenth_gym_ros:/opt/ros/foxy /usr/bin/cmake --build /home/russell/sim_ws/build/gap_follow -- -j3 -l3
[7.592s] Invoking command in '/home/russell/sim_ws/build/gap_follow': CMAKE_PREFIX_PATH=${CMAKE_PREFIX_PATH}:/home/russell/sim_ws/install/f1tenth_gym_ros:/opt/ros/foxy /usr/bin/cmake --install /home/russell/sim_ws/build/gap_follow
[7.613s] -- Install configuration: ""
[7.614s] -- Installing: /home/russell/sim_ws/install/gap_follow/lib/gap_follow/reactive_node
[7.617s] -- Set runtime path of "/home/russell/sim_ws/install/gap_follow/lib/gap_follow/reactive_node" to ""
[7.617s] -- Installing: /home/russell/sim_ws/install/gap_follow/share/gap_follow/environment/pythonpath.sh
[7.619s] -- Installing: /home/russell/sim_ws/install/gap_follow/share/gap_follow/environment/pythonpath.dsv
[7.620s] -- Installing: /home/russell/sim_ws/install/gap_follow/lib/python3.8/site-packages/gap_follow
[7.620s] -- Installing: /home/russell/sim_ws/install/gap_follow/lib/python3.8/site-packages/gap_follow/__init__.py
[7.655s] Listing '/home/russell/sim_ws/install/gap_follow/lib/python3.8/site-packages/gap_follow'...
[7.655s] Compiling '/home/russell/sim_ws/install/gap_follow/lib/python3.8/site-packages/gap_follow/__init__.py'...
[7.658s] -- Installing: /home/russell/sim_ws/install/gap_follow/lib/gap_follow/reactive_node.py
[7.660s] -- Installing: /home/russell/sim_ws/install/gap_follow/share/ament_index/resource_index/package_run_dependencies/gap_follow
[7.661s] -- Installing: /home/russell/sim_ws/install/gap_follow/share/ament_index/resource_index/parent_prefix_path/gap_follow
[7.662s] -- Installing: /home/russell/sim_ws/install/gap_follow/share/gap_follow/environment/ament_prefix_path.sh
[7.663s] -- Installing: /home/russell/sim_ws/install/gap_follow/share/gap_follow/environment/ament_prefix_path.dsv
[7.664s] -- Installing: /home/russell/sim_ws/install/gap_follow/share/gap_follow/environment/path.sh
[7.665s] -- Installing: /home/russell/sim_ws/install/gap_follow/share/gap_follow/environment/path.dsv
[7.666s] -- Installing: /home/russell/sim_ws/install/gap_follow/share/gap_follow/local_setup.bash
[7.668s] -- Installing: /home/russell/sim_ws/install/gap_follow/share/gap_follow/local_setup.sh
[7.669s] -- Installing: /home/russell/sim_ws/install/gap_follow/share/gap_follow/local_setup.zsh
[7.670s] -- Installing: /home/russell/sim_ws/install/gap_follow/share/gap_follow/local_setup.dsv
[7.671s] -- Installing: /home/russell/sim_ws/install/gap_follow/share/gap_follow/package.dsv
[7.672s] -- Installing: /home/russell/sim_ws/install/gap_follow/share/ament_index/resource_index/packages/gap_follow
[7.673s] -- Installing: /home/russell/sim_ws/install/gap_follow/share/gap_follow/cmake/gap_followConfig.cmake
[7.674s] -- Installing: /home/russell/sim_ws/install/gap_follow/share/gap_follow/cmake/gap_followConfig-version.cmake
[7.674s] -- Installing: /home/russell/sim_ws/install/gap_follow/share/gap_follow/package.xml
[7.678s] Invoked command in '/home/russell/sim_ws/build/gap_follow' returned '0': CMAKE_PREFIX_PATH=${CMAKE_PREFIX_PATH}:/home/russell/sim_ws/install/f1tenth_gym_ros:/opt/ros/foxy /usr/bin/cmake --install /home/russell/sim_ws/build/gap_follow
