[1.801s] Invoking command in '/home/russell/sim_ws/src/arbiter': PYTHONPATH=/home/russell/sim_ws/build/arbiter/prefix_override:/usr/lib/python3/dist-packages/colcon_core/task/python/colcon_distutils_commands:/home/russell/sim_ws/install/arbiter/lib/python3.8/site-packages:${PYTHONPATH} /usr/bin/python3 -W ignore:setup.py install is deprecated -W ignore:easy_install command is deprecated setup.py egg_info --egg-base ../../build/arbiter build --build-base /home/russell/sim_ws/build/arbiter/build install --record /home/russell/sim_ws/build/arbiter/install.log --install-scripts $base/lib/arbiter --single-version-externally-managed install_data
[2.005s] running egg_info
[2.012s] writing ../../build/arbiter/arbiter.egg-info/PKG-INFO
[2.012s] writing dependency_links to ../../build/arbiter/arbiter.egg-info/dependency_links.txt
[2.012s] writing entry points to ../../build/arbiter/arbiter.egg-info/entry_points.txt
[2.012s] writing requirements to ../../build/arbiter/arbiter.egg-info/requires.txt
[2.016s] writing top-level names to ../../build/arbiter/arbiter.egg-info/top_level.txt
[2.049s] reading manifest file '../../build/arbiter/arbiter.egg-info/SOURCES.txt'
[2.050s] writing manifest file '../../build/arbiter/arbiter.egg-info/SOURCES.txt'
[2.061s] running build
[2.061s] running build_py
[2.061s] copying arbiter/arb_node.py -> /home/russell/sim_ws/build/arbiter/build/lib/arbiter
[2.061s] running install
[2.061s] running install_lib
[2.061s] copying /home/russell/sim_ws/build/arbiter/build/lib/arbiter/arb_node.py -> /home/russell/sim_ws/install/arbiter/lib/python3.8/site-packages/arbiter
[2.063s] byte-compiling /home/russell/sim_ws/install/arbiter/lib/python3.8/site-packages/arbiter/arb_node.py to arb_node.cpython-38.pyc
[2.069s] running install_data
[2.071s] running install_egg_info
[2.072s] removing '/home/russell/sim_ws/install/arbiter/lib/python3.8/site-packages/arbiter-0.0.0-py3.8.egg-info' (and everything under it)
[2.077s] Copying ../../build/arbiter/arbiter.egg-info to /home/russell/sim_ws/install/arbiter/lib/python3.8/site-packages/arbiter-0.0.0-py3.8.egg-info
[2.077s] running install_scripts
[2.154s] Installing arb_node script to /home/russell/sim_ws/install/arbiter/lib/arbiter
[2.154s] writing list of installed files to '/home/russell/sim_ws/build/arbiter/install.log'
[2.203s] Invoked command in '/home/russell/sim_ws/src/arbiter' returned '0': PYTHONPATH=/home/russell/sim_ws/build/arbiter/prefix_override:/usr/lib/python3/dist-packages/colcon_core/task/python/colcon_distutils_commands:/home/russell/sim_ws/install/arbiter/lib/python3.8/site-packages:${PYTHONPATH} /usr/bin/python3 -W ignore:setup.py install is deprecated -W ignore:easy_install command is deprecated setup.py egg_info --egg-base ../../build/arbiter build --build-base /home/russell/sim_ws/build/arbiter/build install --record /home/russell/sim_ws/build/arbiter/install.log --install-scripts $base/lib/arbiter --single-version-externally-managed install_data
