[0.280s] Invoking command in '/home/russell/sim_ws/build/gap_follow': CMAKE_PREFIX_PATH=${CMAKE_PREFIX_PATH}:/home/russell/sim_ws/install/f1tenth_gym_ros:/opt/ros/foxy /usr/bin/cmake --build /home/russell/sim_ws/build/gap_follow -- -j3 -l3
[0.558s] [100%] Built target reactive_node
[0.614s] Invoked command in '/home/russell/sim_ws/build/gap_follow' returned '0': CMAKE_PREFIX_PATH=${CMAKE_PREFIX_PATH}:/home/russell/sim_ws/install/f1tenth_gym_ros:/opt/ros/foxy /usr/bin/cmake --build /home/russell/sim_ws/build/gap_follow -- -j3 -l3
[0.615s] Invoking command in '/home/russell/sim_ws/build/gap_follow': CMAKE_PREFIX_PATH=${CMAKE_PREFIX_PATH}:/home/russell/sim_ws/install/f1tenth_gym_ros:/opt/ros/foxy /usr/bin/cmake --install /home/russell/sim_ws/build/gap_follow
[0.647s] -- Install configuration: ""
[0.647s] -- Up-to-date: /home/russell/sim_ws/install/gap_follow/lib/gap_follow/reactive_node
[0.648s] -- Up-to-date: /home/russell/sim_ws/install/gap_follow/share/gap_follow/environment/pythonpath.sh
[0.648s] -- Up-to-date: /home/russell/sim_ws/install/gap_follow/share/gap_follow/environment/pythonpath.dsv
[0.648s] -- Up-to-date: /home/russell/sim_ws/install/gap_follow/lib/python3.8/site-packages/gap_follow
[0.648s] -- Up-to-date: /home/russell/sim_ws/install/gap_follow/lib/python3.8/site-packages/gap_follow/__init__.py
[0.791s] Listing '/home/russell/sim_ws/install/gap_follow/lib/python3.8/site-packages/gap_follow'...
[0.820s] -- Up-to-date: /home/russell/sim_ws/install/gap_follow/lib/gap_follow/reactive_node.py
[0.820s] -- Up-to-date: /home/russell/sim_ws/install/gap_follow/share/ament_index/resource_index/package_run_dependencies/gap_follow
[0.820s] -- Up-to-date: /home/russell/sim_ws/install/gap_follow/share/ament_index/resource_index/parent_prefix_path/gap_follow
[0.820s] -- Up-to-date: /home/russell/sim_ws/install/gap_follow/share/gap_follow/environment/ament_prefix_path.sh
[0.820s] -- Up-to-date: /home/russell/sim_ws/install/gap_follow/share/gap_follow/environment/ament_prefix_path.dsv
[0.820s] -- Up-to-date: /home/russell/sim_ws/install/gap_follow/share/gap_follow/environment/path.sh
[0.820s] -- Up-to-date: /home/russell/sim_ws/install/gap_follow/share/gap_follow/environment/path.dsv
[0.820s] -- Up-to-date: /home/russell/sim_ws/install/gap_follow/share/gap_follow/local_setup.bash
[0.820s] -- Up-to-date: /home/russell/sim_ws/install/gap_follow/share/gap_follow/local_setup.sh
[0.820s] -- Up-to-date: /home/russell/sim_ws/install/gap_follow/share/gap_follow/local_setup.zsh
[0.820s] -- Up-to-date: /home/russell/sim_ws/install/gap_follow/share/gap_follow/local_setup.dsv
[0.821s] -- Installing: /home/russell/sim_ws/install/gap_follow/share/gap_follow/package.dsv
[0.821s] -- Up-to-date: /home/russell/sim_ws/install/gap_follow/share/ament_index/resource_index/packages/gap_follow
[0.821s] -- Up-to-date: /home/russell/sim_ws/install/gap_follow/share/gap_follow/cmake/gap_followConfig.cmake
[0.821s] -- Up-to-date: /home/russell/sim_ws/install/gap_follow/share/gap_follow/cmake/gap_followConfig-version.cmake
[0.821s] -- Up-to-date: /home/russell/sim_ws/install/gap_follow/share/gap_follow/package.xml
[0.847s] Invoked command in '/home/russell/sim_ws/build/gap_follow' returned '0': CMAKE_PREFIX_PATH=${CMAKE_PREFIX_PATH}:/home/russell/sim_ws/install/f1tenth_gym_ros:/opt/ros/foxy /usr/bin/cmake --install /home/russell/sim_ws/build/gap_follow
