[0.776s] Invoking command in '/home/russell/sim_ws/build/sim_bringup': CMAKE_PREFIX_PATH=${CMAKE_PREFIX_PATH}:/home/russell/sim_ws/install/f1tenth_gym_ros:/opt/ros/foxy /usr/bin/cmake --build /home/russell/sim_ws/build/sim_bringup -- -j3 -l3
[1.387s] Invoked command in '/home/russell/sim_ws/build/sim_bringup' returned '0': CMAKE_PREFIX_PATH=${CMAKE_PREFIX_PATH}:/home/russell/sim_ws/install/f1tenth_gym_ros:/opt/ros/foxy /usr/bin/cmake --build /home/russell/sim_ws/build/sim_bringup -- -j3 -l3
[1.409s] Invoking command in '/home/russell/sim_ws/build/sim_bringup': CMAKE_PREFIX_PATH=${CMAKE_PREFIX_PATH}:/home/russell/sim_ws/install/f1tenth_gym_ros:/opt/ros/foxy /usr/bin/cmake --install /home/russell/sim_ws/build/sim_bringup
[1.526s] -- Install configuration: ""
[1.529s] -- Up-to-date: /home/russell/sim_ws/install/sim_bringup/share/ament_index/resource_index/package_run_dependencies/sim_bringup
[1.530s] -- Up-to-date: /home/russell/sim_ws/install/sim_bringup/share/ament_index/resource_index/parent_prefix_path/sim_bringup
[1.530s] -- Up-to-date: /home/russell/sim_ws/install/sim_bringup/share/sim_bringup/environment/ament_prefix_path.sh
[1.531s] -- Up-to-date: /home/russell/sim_ws/install/sim_bringup/share/sim_bringup/environment/ament_prefix_path.dsv
[1.532s] -- Up-to-date: /home/russell/sim_ws/install/sim_bringup/share/sim_bringup/environment/path.sh
[1.533s] -- Up-to-date: /home/russell/sim_ws/install/sim_bringup/share/sim_bringup/environment/path.dsv
[1.533s] -- Up-to-date: /home/russell/sim_ws/install/sim_bringup/share/sim_bringup/local_setup.bash
[1.533s] -- Up-to-date: /home/russell/sim_ws/install/sim_bringup/share/sim_bringup/local_setup.sh
[1.533s] -- Up-to-date: /home/russell/sim_ws/install/sim_bringup/share/sim_bringup/local_setup.zsh
[1.533s] -- Up-to-date: /home/russell/sim_ws/install/sim_bringup/share/sim_bringup/local_setup.dsv
[1.533s] -- Installing: /home/russell/sim_ws/install/sim_bringup/share/sim_bringup/package.dsv
[1.535s] -- Up-to-date: /home/russell/sim_ws/install/sim_bringup/share/ament_index/resource_index/packages/sim_bringup
[1.536s] -- Up-to-date: /home/russell/sim_ws/install/sim_bringup/share/sim_bringup/cmake/sim_bringupConfig.cmake
[1.536s] -- Up-to-date: /home/russell/sim_ws/install/sim_bringup/share/sim_bringup/cmake/sim_bringupConfig-version.cmake
[1.537s] -- Up-to-date: /home/russell/sim_ws/install/sim_bringup/share/sim_bringup/package.xml
[1.558s] Invoked command in '/home/russell/sim_ws/build/sim_bringup' returned '0': CMAKE_PREFIX_PATH=${CMAKE_PREFIX_PATH}:/home/russell/sim_ws/install/f1tenth_gym_ros:/opt/ros/foxy /usr/bin/cmake --install /home/russell/sim_ws/build/sim_bringup
