[2.009s] Invoking command in '/home/russell/sim_ws/src/data_collector': PYTHONPATH=/home/russell/sim_ws/build/data_collector/prefix_override:/usr/lib/python3/dist-packages/colcon_core/task/python/colcon_distutils_commands:/home/russell/sim_ws/install/data_collector/lib/python3.8/site-packages:${PYTHONPATH} /usr/bin/python3 -W ignore:setup.py install is deprecated -W ignore:easy_install command is deprecated setup.py egg_info --egg-base ../../build/data_collector build --build-base /home/russell/sim_ws/build/data_collector/build install --record /home/russell/sim_ws/build/data_collector/install.log --install-scripts $base/lib/data_collector --single-version-externally-managed install_data
[2.915s] running egg_info
[2.918s] writing ../../build/data_collector/data_collector.egg-info/PKG-INFO
[2.922s] writing dependency_links to ../../build/data_collector/data_collector.egg-info/dependency_links.txt
[2.922s] writing entry points to ../../build/data_collector/data_collector.egg-info/entry_points.txt
[2.928s] writing requirements to ../../build/data_collector/data_collector.egg-info/requires.txt
[2.942s] writing top-level names to ../../build/data_collector/data_collector.egg-info/top_level.txt
[2.983s] reading manifest file '../../build/data_collector/data_collector.egg-info/SOURCES.txt'
[2.993s] writing manifest file '../../build/data_collector/data_collector.egg-info/SOURCES.txt'
[2.994s] running build
[2.994s] running build_py
[2.994s] running install
[2.994s] running install_lib
[2.994s] running install_data
[2.994s] running install_egg_info
[2.994s] removing '/home/russell/sim_ws/install/data_collector/lib/python3.8/site-packages/data_collector-0.0.1-py3.8.egg-info' (and everything under it)
[3.026s] Copying ../../build/data_collector/data_collector.egg-info to /home/russell/sim_ws/install/data_collector/lib/python3.8/site-packages/data_collector-0.0.1-py3.8.egg-info
[3.026s] running install_scripts
[3.053s] Installing data_logger script to /home/russell/sim_ws/install/data_collector/lib/data_collector
[3.056s] writing list of installed files to '/home/russell/sim_ws/build/data_collector/install.log'
[3.113s] Invoked command in '/home/russell/sim_ws/src/data_collector' returned '0': PYTHONPATH=/home/russell/sim_ws/build/data_collector/prefix_override:/usr/lib/python3/dist-packages/colcon_core/task/python/colcon_distutils_commands:/home/russell/sim_ws/install/data_collector/lib/python3.8/site-packages:${PYTHONPATH} /usr/bin/python3 -W ignore:setup.py install is deprecated -W ignore:easy_install command is deprecated setup.py egg_info --egg-base ../../build/data_collector build --build-base /home/russell/sim_ws/build/data_collector/build install --record /home/russell/sim_ws/build/data_collector/install.log --install-scripts $base/lib/data_collector --single-version-externally-managed install_data
