[0.225s] Invoking command in '/home/russell/sim_ws/build/safety_node': CMAKE_PREFIX_PATH=${CMAKE_PREFIX_PATH}:/home/russell/sim_ws/install/mlp_controller:/home/russell/sim_ws/install/f1tenth_gym_ros:/home/russell/sim_ws/install/data_collector:/opt/ros/foxy /usr/bin/cmake --build /home/russell/sim_ws/build/safety_node -- -j3 -l3
[0.463s] [100%] Built target safety_node
[0.516s] Invoked command in '/home/russell/sim_ws/build/safety_node' returned '0': CMAKE_PREFIX_PATH=${CMAKE_PREFIX_PATH}:/home/russell/sim_ws/install/mlp_controller:/home/russell/sim_ws/install/f1tenth_gym_ros:/home/russell/sim_ws/install/data_collector:/opt/ros/foxy /usr/bin/cmake --build /home/russell/sim_ws/build/safety_node -- -j3 -l3
[0.529s] Invoking command in '/home/russell/sim_ws/build/safety_node': CMAKE_PREFIX_PATH=${CMAKE_PREFIX_PATH}:/home/russell/sim_ws/install/mlp_controller:/home/russell/sim_ws/install/f1tenth_gym_ros:/home/russell/sim_ws/install/data_collector:/opt/ros/foxy /usr/bin/cmake --install /home/russell/sim_ws/build/safety_node
[0.551s] -- Install configuration: ""
[0.551s] -- Up-to-date: /home/russell/sim_ws/install/safety_node/lib/safety_node/safety_node
[0.552s] -- Up-to-date: /home/russell/sim_ws/install/safety_node/share/safety_node/environment/pythonpath.sh
[0.552s] -- Up-to-date: /home/russell/sim_ws/install/safety_node/share/safety_node/environment/pythonpath.dsv
[0.560s] -- Up-to-date: /home/russell/sim_ws/install/safety_node/lib/python3.8/site-packages/safety_node
[0.560s] -- Up-to-date: /home/russell/sim_ws/install/safety_node/lib/python3.8/site-packages/safety_node/__init__.py
[0.698s] Listing '/home/russell/sim_ws/install/safety_node/lib/python3.8/site-packages/safety_node'...
[0.712s] -- Up-to-date: /home/russell/sim_ws/install/safety_node/lib/safety_node/safety_node.py
[0.717s] -- Up-to-date: /home/russell/sim_ws/install/safety_node/share/ament_index/resource_index/package_run_dependencies/safety_node
[0.718s] -- Up-to-date: /home/russell/sim_ws/install/safety_node/share/ament_index/resource_index/parent_prefix_path/safety_node
[0.721s] -- Up-to-date: /home/russell/sim_ws/install/safety_node/share/safety_node/environment/ament_prefix_path.sh
[0.722s] -- Up-to-date: /home/russell/sim_ws/install/safety_node/share/safety_node/environment/ament_prefix_path.dsv
[0.723s] -- Up-to-date: /home/russell/sim_ws/install/safety_node/share/safety_node/environment/path.sh
[0.724s] -- Up-to-date: /home/russell/sim_ws/install/safety_node/share/safety_node/environment/path.dsv
[0.727s] -- Up-to-date: /home/russell/sim_ws/install/safety_node/share/safety_node/local_setup.bash
[0.728s] -- Up-to-date: /home/russell/sim_ws/install/safety_node/share/safety_node/local_setup.sh
[0.728s] -- Up-to-date: /home/russell/sim_ws/install/safety_node/share/safety_node/local_setup.zsh
[0.729s] -- Up-to-date: /home/russell/sim_ws/install/safety_node/share/safety_node/local_setup.dsv
[0.731s] -- Installing: /home/russell/sim_ws/install/safety_node/share/safety_node/package.dsv
[0.733s] -- Up-to-date: /home/russell/sim_ws/install/safety_node/share/ament_index/resource_index/packages/safety_node
[0.734s] -- Up-to-date: /home/russell/sim_ws/install/safety_node/share/safety_node/cmake/safety_nodeConfig.cmake
[0.734s] -- Up-to-date: /home/russell/sim_ws/install/safety_node/share/safety_node/cmake/safety_nodeConfig-version.cmake
[0.735s] -- Up-to-date: /home/russell/sim_ws/install/safety_node/share/safety_node/package.xml
[0.737s] Invoked command in '/home/russell/sim_ws/build/safety_node' returned '0': CMAKE_PREFIX_PATH=${CMAKE_PREFIX_PATH}:/home/russell/sim_ws/install/mlp_controller:/home/russell/sim_ws/install/f1tenth_gym_ros:/home/russell/sim_ws/install/data_collector:/opt/ros/foxy /usr/bin/cmake --install /home/russell/sim_ws/build/safety_node
