[0.386s] Invoking command in '/home/russell/sim_ws/build/sim_bringup': CMAKE_PREFIX_PATH=${CMAKE_PREFIX_PATH}:/home/russell/sim_ws/install/f1tenth_gym_ros:/opt/ros/foxy /usr/bin/cmake --build /home/russell/sim_ws/build/sim_bringup -- -j3 -l3
[0.572s] Invoked command in '/home/russell/sim_ws/build/sim_bringup' returned '0': CMAKE_PREFIX_PATH=${CMAKE_PREFIX_PATH}:/home/russell/sim_ws/install/f1tenth_gym_ros:/opt/ros/foxy /usr/bin/cmake --build /home/russell/sim_ws/build/sim_bringup -- -j3 -l3
[0.638s] Invoking command in '/home/russell/sim_ws/build/sim_bringup': CMAKE_PREFIX_PATH=${CMAKE_PREFIX_PATH}:/home/russell/sim_ws/install/f1tenth_gym_ros:/opt/ros/foxy /usr/bin/cmake --install /home/russell/sim_ws/build/sim_bringup
[0.692s] -- Install configuration: ""
[0.693s] -- Up-to-date: /home/russell/sim_ws/install/sim_bringup/share/ament_index/resource_index/package_run_dependencies/sim_bringup
[0.693s] -- Up-to-date: /home/russell/sim_ws/install/sim_bringup/share/ament_index/resource_index/parent_prefix_path/sim_bringup
[0.693s] -- Up-to-date: /home/russell/sim_ws/install/sim_bringup/share/sim_bringup/environment/ament_prefix_path.sh
[0.693s] -- Up-to-date: /home/russell/sim_ws/install/sim_bringup/share/sim_bringup/environment/ament_prefix_path.dsv
[0.694s] -- Up-to-date: /home/russell/sim_ws/install/sim_bringup/share/sim_bringup/environment/path.sh
[0.699s] -- Up-to-date: /home/russell/sim_ws/install/sim_bringup/share/sim_bringup/environment/path.dsv
[0.700s] -- Up-to-date: /home/russell/sim_ws/install/sim_bringup/share/sim_bringup/local_setup.bash
[0.700s] -- Up-to-date: /home/russell/sim_ws/install/sim_bringup/share/sim_bringup/local_setup.sh
[0.703s] -- Up-to-date: /home/russell/sim_ws/install/sim_bringup/share/sim_bringup/local_setup.zsh
[0.703s] -- Up-to-date: /home/russell/sim_ws/install/sim_bringup/share/sim_bringup/local_setup.dsv
[0.703s] -- Installing: /home/russell/sim_ws/install/sim_bringup/share/sim_bringup/package.dsv
[0.704s] -- Up-to-date: /home/russell/sim_ws/install/sim_bringup/share/ament_index/resource_index/packages/sim_bringup
[0.704s] -- Up-to-date: /home/russell/sim_ws/install/sim_bringup/share/sim_bringup/cmake/sim_bringupConfig.cmake
[0.704s] -- Up-to-date: /home/russell/sim_ws/install/sim_bringup/share/sim_bringup/cmake/sim_bringupConfig-version.cmake
[0.705s] -- Up-to-date: /home/russell/sim_ws/install/sim_bringup/share/sim_bringup/package.xml
[0.711s] Invoked command in '/home/russell/sim_ws/build/sim_bringup' returned '0': CMAKE_PREFIX_PATH=${CMAKE_PREFIX_PATH}:/home/russell/sim_ws/install/f1tenth_gym_ros:/opt/ros/foxy /usr/bin/cmake --install /home/russell/sim_ws/build/sim_bringup
