[0.159s] DEBUG:colcon:Command line arguments: ['/usr/bin/colcon', 'build']
[0.159s] DEBUG:colcon:Parsed command line arguments: Namespace(allow_overriding=[], ament_cmake_args=None, base_paths=['.'], build_base='build', catkin_cmake_args=None, catkin_skip_building_tests=False, cmake_args=None, cmake_clean_cache=False, cmake_clean_first=False, cmake_force_configure=False, cmake_target=None, cmake_target_skip_unavailable=False, continue_on_error=False, event_handlers=None, executor='parallel', ignore_user_meta=False, install_base='install', log_base=None, log_level=None, main=<bound method BuildVerb.main of <colcon_core.verb.build.BuildVerb object at 0x7f34bd3b0df0>>, merge_install=False, metas=['./colcon.meta'], mixin=None, mixin_files=None, mixin_verb=('build',), packages_above=None, packages_above_and_dependencies=None, packages_above_depth=None, packages_end=None, packages_ignore=None, packages_ignore_regex=None, packages_select=None, packages_select_build_failed=False, packages_select_by_dep=None, packages_select_regex=None, packages_select_test_failures=False, packages_skip=None, packages_skip_build_finished=False, packages_skip_by_dep=None, packages_skip_regex=None, packages_skip_test_passed=False, packages_skip_up_to=None, packages_start=None, packages_up_to=None, packages_up_to_regex=None, parallel_workers=3, paths=None, symlink_install=False, test_result_base=None, verb_extension=<colcon_core.verb.build.BuildVerb object at 0x7f34bd3b0df0>, verb_name='build', verb_parser=<colcon_mixin.mixin.mixin_argument.MixinArgumentDecorator object at 0x7f34bd3c03a0>)
[0.275s] Level 1:colcon.colcon_core.package_discovery:discover_packages(colcon_meta) check parameters
[0.276s] Level 1:colcon.colcon_core.package_discovery:discover_packages(recursive) check parameters
[0.276s] Level 1:colcon.colcon_core.package_discovery:discover_packages(ignore) check parameters
[0.276s] Level 1:colcon.colcon_core.package_discovery:discover_packages(path) check parameters
[0.276s] Level 1:colcon.colcon_core.package_discovery:discover_packages(colcon_meta) discover
[0.276s] Level 1:colcon.colcon_core.package_discovery:discover_packages(recursive) discover
[0.276s] INFO:colcon.colcon_core.package_discovery:Crawling recursively for packages in '/home/russell/sim_ws'
[0.276s] Level 1:colcon.colcon_core.package_identification:_identify(.) by extensions ['ignore', 'ignore_ament_install']
[0.276s] Level 1:colcon.colcon_core.package_identification:_identify(.) by extension 'ignore'
[0.276s] Level 1:colcon.colcon_core.package_identification:_identify(.) by extension 'ignore_ament_install'
[0.276s] Level 1:colcon.colcon_core.package_identification:_identify(.) by extensions ['colcon_pkg']
[0.276s] Level 1:colcon.colcon_core.package_identification:_identify(.) by extension 'colcon_pkg'
[0.277s] Level 1:colcon.colcon_core.package_identification:_identify(.) by extensions ['colcon_meta']
[0.277s] Level 1:colcon.colcon_core.package_identification:_identify(.) by extension 'colcon_meta'
[0.277s] Level 1:colcon.colcon_core.package_identification:_identify(.) by extensions ['ros']
[0.277s] Level 1:colcon.colcon_core.package_identification:_identify(.) by extension 'ros'
[0.285s] Level 1:colcon.colcon_core.package_identification:_identify(.) by extensions ['cmake', 'python']
[0.286s] Level 1:colcon.colcon_core.package_identification:_identify(.) by extension 'cmake'
[0.286s] Level 1:colcon.colcon_core.package_identification:_identify(.) by extension 'python'
[0.286s] Level 1:colcon.colcon_core.package_identification:_identify(.) by extensions ['python_setup_py']
[0.286s] Level 1:colcon.colcon_core.package_identification:_identify(.) by extension 'python_setup_py'
[0.286s] Level 1:colcon.colcon_core.package_identification:_identify(build) by extensions ['ignore', 'ignore_ament_install']
[0.286s] Level 1:colcon.colcon_core.package_identification:_identify(build) by extension 'ignore'
[0.286s] Level 1:colcon.colcon_core.package_identification:_identify(build) ignored
[0.286s] Level 1:colcon.colcon_core.package_identification:_identify(install) by extensions ['ignore', 'ignore_ament_install']
[0.286s] Level 1:colcon.colcon_core.package_identification:_identify(install) by extension 'ignore'
[0.287s] Level 1:colcon.colcon_core.package_identification:_identify(install) ignored
[0.287s] Level 1:colcon.colcon_core.package_identification:_identify(log) by extensions ['ignore', 'ignore_ament_install']
[0.287s] Level 1:colcon.colcon_core.package_identification:_identify(log) by extension 'ignore'
[0.287s] Level 1:colcon.colcon_core.package_identification:_identify(log) ignored
[0.287s] Level 1:colcon.colcon_core.package_identification:_identify(src) by extensions ['ignore', 'ignore_ament_install']
[0.287s] Level 1:colcon.colcon_core.package_identification:_identify(src) by extension 'ignore'
[0.287s] Level 1:colcon.colcon_core.package_identification:_identify(src) by extension 'ignore_ament_install'
[0.287s] Level 1:colcon.colcon_core.package_identification:_identify(src) by extensions ['colcon_pkg']
[0.287s] Level 1:colcon.colcon_core.package_identification:_identify(src) by extension 'colcon_pkg'
[0.288s] Level 1:colcon.colcon_core.package_identification:_identify(src) by extensions ['colcon_meta']
[0.288s] Level 1:colcon.colcon_core.package_identification:_identify(src) by extension 'colcon_meta'
[0.288s] Level 1:colcon.colcon_core.package_identification:_identify(src) by extensions ['ros']
[0.288s] Level 1:colcon.colcon_core.package_identification:_identify(src) by extension 'ros'
[0.288s] Level 1:colcon.colcon_core.package_identification:_identify(src) by extensions ['cmake', 'python']
[0.288s] Level 1:colcon.colcon_core.package_identification:_identify(src) by extension 'cmake'
[0.288s] Level 1:colcon.colcon_core.package_identification:_identify(src) by extension 'python'
[0.288s] Level 1:colcon.colcon_core.package_identification:_identify(src) by extensions ['python_setup_py']
[0.288s] Level 1:colcon.colcon_core.package_identification:_identify(src) by extension 'python_setup_py'
[0.288s] Level 1:colcon.colcon_core.package_identification:_identify(src/build) by extensions ['ignore', 'ignore_ament_install']
[0.288s] Level 1:colcon.colcon_core.package_identification:_identify(src/build) by extension 'ignore'
[0.288s] Level 1:colcon.colcon_core.package_identification:_identify(src/build) ignored
[0.288s] Level 1:colcon.colcon_core.package_identification:_identify(src/f1tenth_gym_ros) by extensions ['ignore', 'ignore_ament_install']
[0.289s] Level 1:colcon.colcon_core.package_identification:_identify(src/f1tenth_gym_ros) by extension 'ignore'
[0.289s] Level 1:colcon.colcon_core.package_identification:_identify(src/f1tenth_gym_ros) by extension 'ignore_ament_install'
[0.289s] Level 1:colcon.colcon_core.package_identification:_identify(src/f1tenth_gym_ros) by extensions ['colcon_pkg']
[0.289s] Level 1:colcon.colcon_core.package_identification:_identify(src/f1tenth_gym_ros) by extension 'colcon_pkg'
[0.289s] Level 1:colcon.colcon_core.package_identification:_identify(src/f1tenth_gym_ros) by extensions ['colcon_meta']
[0.289s] Level 1:colcon.colcon_core.package_identification:_identify(src/f1tenth_gym_ros) by extension 'colcon_meta'
[0.289s] Level 1:colcon.colcon_core.package_identification:_identify(src/f1tenth_gym_ros) by extensions ['ros']
[0.289s] Level 1:colcon.colcon_core.package_identification:_identify(src/f1tenth_gym_ros) by extension 'ros'
[0.291s] DEBUG:colcon.colcon_core.package_identification:Package 'src/f1tenth_gym_ros' with type 'ros.ament_python' and name 'f1tenth_gym_ros'
[0.291s] Level 1:colcon.colcon_core.package_identification:_identify(src/gap_follow) by extensions ['ignore', 'ignore_ament_install']
[0.292s] Level 1:colcon.colcon_core.package_identification:_identify(src/gap_follow) by extension 'ignore'
[0.292s] Level 1:colcon.colcon_core.package_identification:_identify(src/gap_follow) by extension 'ignore_ament_install'
[0.292s] Level 1:colcon.colcon_core.package_identification:_identify(src/gap_follow) by extensions ['colcon_pkg']
[0.292s] Level 1:colcon.colcon_core.package_identification:_identify(src/gap_follow) by extension 'colcon_pkg'
[0.292s] Level 1:colcon.colcon_core.package_identification:_identify(src/gap_follow) by extensions ['colcon_meta']
[0.292s] Level 1:colcon.colcon_core.package_identification:_identify(src/gap_follow) by extension 'colcon_meta'
[0.292s] Level 1:colcon.colcon_core.package_identification:_identify(src/gap_follow) by extensions ['ros']
[0.292s] Level 1:colcon.colcon_core.package_identification:_identify(src/gap_follow) by extension 'ros'
[0.293s] DEBUG:colcon.colcon_core.package_identification:Package 'src/gap_follow' with type 'ros.ament_cmake' and name 'gap_follow'
[0.293s] Level 1:colcon.colcon_core.package_identification:_identify(src/install) by extensions ['ignore', 'ignore_ament_install']
[0.293s] Level 1:colcon.colcon_core.package_identification:_identify(src/install) by extension 'ignore'
[0.293s] Level 1:colcon.colcon_core.package_identification:_identify(src/install) ignored
[0.294s] Level 1:colcon.colcon_core.package_identification:_identify(src/log) by extensions ['ignore', 'ignore_ament_install']
[0.294s] Level 1:colcon.colcon_core.package_identification:_identify(src/log) by extension 'ignore'
[0.294s] Level 1:colcon.colcon_core.package_identification:_identify(src/log) ignored
[0.294s] Level 1:colcon.colcon_core.package_identification:_identify(src/safety_node) by extensions ['ignore', 'ignore_ament_install']
[0.294s] Level 1:colcon.colcon_core.package_identification:_identify(src/safety_node) by extension 'ignore'
[0.294s] Level 1:colcon.colcon_core.package_identification:_identify(src/safety_node) by extension 'ignore_ament_install'
[0.294s] Level 1:colcon.colcon_core.package_identification:_identify(src/safety_node) by extensions ['colcon_pkg']
[0.294s] Level 1:colcon.colcon_core.package_identification:_identify(src/safety_node) by extension 'colcon_pkg'
[0.294s] Level 1:colcon.colcon_core.package_identification:_identify(src/safety_node) by extensions ['colcon_meta']
[0.294s] Level 1:colcon.colcon_core.package_identification:_identify(src/safety_node) by extension 'colcon_meta'
[0.294s] Level 1:colcon.colcon_core.package_identification:_identify(src/safety_node) by extensions ['ros']
[0.294s] Level 1:colcon.colcon_core.package_identification:_identify(src/safety_node) by extension 'ros'
[0.295s] DEBUG:colcon.colcon_core.package_identification:Package 'src/safety_node' with type 'ros.ament_cmake' and name 'safety_node'
[0.295s] Level 1:colcon.colcon_core.package_identification:_identify(src/wall_follow) by extensions ['ignore', 'ignore_ament_install']
[0.295s] Level 1:colcon.colcon_core.package_identification:_identify(src/wall_follow) by extension 'ignore'
[0.295s] Level 1:colcon.colcon_core.package_identification:_identify(src/wall_follow) by extension 'ignore_ament_install'
[0.296s] Level 1:colcon.colcon_core.package_identification:_identify(src/wall_follow) by extensions ['colcon_pkg']
[0.296s] Level 1:colcon.colcon_core.package_identification:_identify(src/wall_follow) by extension 'colcon_pkg'
[0.296s] Level 1:colcon.colcon_core.package_identification:_identify(src/wall_follow) by extensions ['colcon_meta']
[0.296s] Level 1:colcon.colcon_core.package_identification:_identify(src/wall_follow) by extension 'colcon_meta'
[0.296s] Level 1:colcon.colcon_core.package_identification:_identify(src/wall_follow) by extensions ['ros']
[0.296s] Level 1:colcon.colcon_core.package_identification:_identify(src/wall_follow) by extension 'ros'
[0.297s] DEBUG:colcon.colcon_core.package_identification:Package 'src/wall_follow' with type 'ros.ament_cmake' and name 'wall_follow'
[0.297s] Level 1:colcon.colcon_core.package_discovery:discover_packages(recursive) using defaults
[0.297s] Level 1:colcon.colcon_core.package_discovery:discover_packages(ignore) discover
[0.297s] Level 1:colcon.colcon_core.package_discovery:discover_packages(ignore) using defaults
[0.297s] Level 1:colcon.colcon_core.package_discovery:discover_packages(path) discover
[0.297s] Level 1:colcon.colcon_core.package_discovery:discover_packages(path) using defaults
[0.311s] Level 1:colcon.colcon_core.package_discovery:discover_packages(prefix_path) check parameters
[0.312s] Level 1:colcon.colcon_core.package_discovery:discover_packages(prefix_path) discover
[0.313s] DEBUG:colcon.colcon_installed_package_information.package_discovery:Found 5 installed packages in /home/russell/sim_ws/install
[0.314s] DEBUG:colcon.colcon_installed_package_information.package_discovery:Found 293 installed packages in /opt/ros/foxy
[0.323s] Level 1:colcon.colcon_core.package_discovery:discover_packages(prefix_path) using defaults
[0.369s] Level 5:colcon.colcon_core.verb:set package 'f1tenth_gym_ros' build argument 'cmake_args' from command line to 'None'
[0.369s] Level 5:colcon.colcon_core.verb:set package 'f1tenth_gym_ros' build argument 'cmake_target' from command line to 'None'
[0.369s] Level 5:colcon.colcon_core.verb:set package 'f1tenth_gym_ros' build argument 'cmake_target_skip_unavailable' from command line to 'False'
[0.369s] Level 5:colcon.colcon_core.verb:set package 'f1tenth_gym_ros' build argument 'cmake_clean_cache' from command line to 'False'
[0.369s] Level 5:colcon.colcon_core.verb:set package 'f1tenth_gym_ros' build argument 'cmake_clean_first' from command line to 'False'
[0.369s] Level 5:colcon.colcon_core.verb:set package 'f1tenth_gym_ros' build argument 'cmake_force_configure' from command line to 'False'
[0.370s] Level 5:colcon.colcon_core.verb:set package 'f1tenth_gym_ros' build argument 'ament_cmake_args' from command line to 'None'
[0.370s] Level 5:colcon.colcon_core.verb:set package 'f1tenth_gym_ros' build argument 'catkin_cmake_args' from command line to 'None'
[0.370s] Level 5:colcon.colcon_core.verb:set package 'f1tenth_gym_ros' build argument 'catkin_skip_building_tests' from command line to 'False'
[0.370s] DEBUG:colcon.colcon_core.verb:Building package 'f1tenth_gym_ros' with the following arguments: {'ament_cmake_args': None, 'build_base': '/home/russell/sim_ws/build/f1tenth_gym_ros', 'catkin_cmake_args': None, 'catkin_skip_building_tests': False, 'cmake_args': None, 'cmake_clean_cache': False, 'cmake_clean_first': False, 'cmake_force_configure': False, 'cmake_target': None, 'cmake_target_skip_unavailable': False, 'install_base': '/home/russell/sim_ws/install/f1tenth_gym_ros', 'merge_install': False, 'path': '/home/russell/sim_ws/src/f1tenth_gym_ros', 'symlink_install': False, 'test_result_base': None}
[0.370s] Level 5:colcon.colcon_core.verb:set package 'gap_follow' build argument 'cmake_args' from command line to 'None'
[0.370s] Level 5:colcon.colcon_core.verb:set package 'gap_follow' build argument 'cmake_target' from command line to 'None'
[0.370s] Level 5:colcon.colcon_core.verb:set package 'gap_follow' build argument 'cmake_target_skip_unavailable' from command line to 'False'
[0.370s] Level 5:colcon.colcon_core.verb:set package 'gap_follow' build argument 'cmake_clean_cache' from command line to 'False'
[0.371s] Level 5:colcon.colcon_core.verb:set package 'gap_follow' build argument 'cmake_clean_first' from command line to 'False'
[0.371s] Level 5:colcon.colcon_core.verb:set package 'gap_follow' build argument 'cmake_force_configure' from command line to 'False'
[0.371s] Level 5:colcon.colcon_core.verb:set package 'gap_follow' build argument 'ament_cmake_args' from command line to 'None'
[0.371s] Level 5:colcon.colcon_core.verb:set package 'gap_follow' build argument 'catkin_cmake_args' from command line to 'None'
[0.371s] Level 5:colcon.colcon_core.verb:set package 'gap_follow' build argument 'catkin_skip_building_tests' from command line to 'False'
[0.371s] DEBUG:colcon.colcon_core.verb:Building package 'gap_follow' with the following arguments: {'ament_cmake_args': None, 'build_base': '/home/russell/sim_ws/build/gap_follow', 'catkin_cmake_args': None, 'catkin_skip_building_tests': False, 'cmake_args': None, 'cmake_clean_cache': False, 'cmake_clean_first': False, 'cmake_force_configure': False, 'cmake_target': None, 'cmake_target_skip_unavailable': False, 'install_base': '/home/russell/sim_ws/install/gap_follow', 'merge_install': False, 'path': '/home/russell/sim_ws/src/gap_follow', 'symlink_install': False, 'test_result_base': None}
[0.371s] Level 5:colcon.colcon_core.verb:set package 'safety_node' build argument 'cmake_args' from command line to 'None'
[0.371s] Level 5:colcon.colcon_core.verb:set package 'safety_node' build argument 'cmake_target' from command line to 'None'
[0.371s] Level 5:colcon.colcon_core.verb:set package 'safety_node' build argument 'cmake_target_skip_unavailable' from command line to 'False'
[0.371s] Level 5:colcon.colcon_core.verb:set package 'safety_node' build argument 'cmake_clean_cache' from command line to 'False'
[0.371s] Level 5:colcon.colcon_core.verb:set package 'safety_node' build argument 'cmake_clean_first' from command line to 'False'
[0.371s] Level 5:colcon.colcon_core.verb:set package 'safety_node' build argument 'cmake_force_configure' from command line to 'False'
[0.372s] Level 5:colcon.colcon_core.verb:set package 'safety_node' build argument 'ament_cmake_args' from command line to 'None'
[0.372s] Level 5:colcon.colcon_core.verb:set package 'safety_node' build argument 'catkin_cmake_args' from command line to 'None'
[0.372s] Level 5:colcon.colcon_core.verb:set package 'safety_node' build argument 'catkin_skip_building_tests' from command line to 'False'
[0.372s] DEBUG:colcon.colcon_core.verb:Building package 'safety_node' with the following arguments: {'ament_cmake_args': None, 'build_base': '/home/russell/sim_ws/build/safety_node', 'catkin_cmake_args': None, 'catkin_skip_building_tests': False, 'cmake_args': None, 'cmake_clean_cache': False, 'cmake_clean_first': False, 'cmake_force_configure': False, 'cmake_target': None, 'cmake_target_skip_unavailable': False, 'install_base': '/home/russell/sim_ws/install/safety_node', 'merge_install': False, 'path': '/home/russell/sim_ws/src/safety_node', 'symlink_install': False, 'test_result_base': None}
[0.373s] Level 5:colcon.colcon_core.verb:set package 'wall_follow' build argument 'cmake_args' from command line to 'None'
[0.373s] Level 5:colcon.colcon_core.verb:set package 'wall_follow' build argument 'cmake_target' from command line to 'None'
[0.373s] Level 5:colcon.colcon_core.verb:set package 'wall_follow' build argument 'cmake_target_skip_unavailable' from command line to 'False'
[0.373s] Level 5:colcon.colcon_core.verb:set package 'wall_follow' build argument 'cmake_clean_cache' from command line to 'False'
[0.373s] Level 5:colcon.colcon_core.verb:set package 'wall_follow' build argument 'cmake_clean_first' from command line to 'False'
[0.373s] Level 5:colcon.colcon_core.verb:set package 'wall_follow' build argument 'cmake_force_configure' from command line to 'False'
[0.373s] Level 5:colcon.colcon_core.verb:set package 'wall_follow' build argument 'ament_cmake_args' from command line to 'None'
[0.373s] Level 5:colcon.colcon_core.verb:set package 'wall_follow' build argument 'catkin_cmake_args' from command line to 'None'
[0.373s] Level 5:colcon.colcon_core.verb:set package 'wall_follow' build argument 'catkin_skip_building_tests' from command line to 'False'
[0.373s] DEBUG:colcon.colcon_core.verb:Building package 'wall_follow' with the following arguments: {'ament_cmake_args': None, 'build_base': '/home/russell/sim_ws/build/wall_follow', 'catkin_cmake_args': None, 'catkin_skip_building_tests': False, 'cmake_args': None, 'cmake_clean_cache': False, 'cmake_clean_first': False, 'cmake_force_configure': False, 'cmake_target': None, 'cmake_target_skip_unavailable': False, 'install_base': '/home/russell/sim_ws/install/wall_follow', 'merge_install': False, 'path': '/home/russell/sim_ws/src/wall_follow', 'symlink_install': False, 'test_result_base': None}
[0.373s] INFO:colcon.colcon_core.executor:Executing jobs using 'parallel' executor
[0.375s] DEBUG:colcon.colcon_parallel_executor.executor.parallel:run_until_complete
[0.375s] INFO:colcon.colcon_ros.task.ament_python.build:Building ROS package in '/home/russell/sim_ws/src/f1tenth_gym_ros' with build type 'ament_python'
[0.376s] Level 1:colcon.colcon_core.shell:create_environment_hook('f1tenth_gym_ros', 'ament_prefix_path')
[0.377s] INFO:colcon.colcon_core.plugin_system:Skipping extension 'colcon_core.shell.bat': Not used on non-Windows systems
[0.377s] INFO:colcon.colcon_core.shell:Creating environment hook '/home/russell/sim_ws/install/f1tenth_gym_ros/share/f1tenth_gym_ros/hook/ament_prefix_path.ps1'
[0.378s] INFO:colcon.colcon_core.shell:Creating environment descriptor '/home/russell/sim_ws/install/f1tenth_gym_ros/share/f1tenth_gym_ros/hook/ament_prefix_path.dsv'
[0.379s] INFO:colcon.colcon_core.shell:Creating environment hook '/home/russell/sim_ws/install/f1tenth_gym_ros/share/f1tenth_gym_ros/hook/ament_prefix_path.sh'
[0.380s] INFO:colcon.colcon_core.shell:Skip shell extension 'powershell' for command environment: Not usable outside of PowerShell
[0.380s] DEBUG:colcon.colcon_core.shell:Skip shell extension 'dsv' for command environment
[0.386s] INFO:colcon.colcon_ros.task.ament_cmake.build:Building ROS package in '/home/russell/sim_ws/src/gap_follow' with build type 'ament_cmake'
[0.386s] INFO:colcon.colcon_cmake.task.cmake.build:Building CMake package in '/home/russell/sim_ws/src/gap_follow'
[0.387s] INFO:colcon.colcon_core.shell:Skip shell extension 'powershell' for command environment: Not usable outside of PowerShell
[0.387s] DEBUG:colcon.colcon_core.shell:Skip shell extension 'dsv' for command environment
[0.392s] INFO:colcon.colcon_ros.task.ament_cmake.build:Building ROS package in '/home/russell/sim_ws/src/safety_node' with build type 'ament_cmake'
[0.393s] INFO:colcon.colcon_cmake.task.cmake.build:Building CMake package in '/home/russell/sim_ws/src/safety_node'
[0.393s] INFO:colcon.colcon_core.shell:Skip shell extension 'powershell' for command environment: Not usable outside of PowerShell
[0.393s] DEBUG:colcon.colcon_core.shell:Skip shell extension 'dsv' for command environment
[0.634s] INFO:colcon.colcon_core.task.python.build:Building Python package in '/home/russell/sim_ws/src/f1tenth_gym_ros'
[0.635s] INFO:colcon.colcon_core.shell:Skip shell extension 'powershell' for command environment: Not usable outside of PowerShell
[0.635s] DEBUG:colcon.colcon_core.shell:Skip shell extension 'dsv' for command environment
[0.666s] DEBUG:colcon.colcon_core.event_handler.log_command:Invoking command in '/home/russell/sim_ws/build/safety_node': CMAKE_PREFIX_PATH=${CMAKE_PREFIX_PATH}:/home/russell/sim_ws/install/f1tenth_gym_ros:/opt/ros/foxy /usr/bin/cmake --build /home/russell/sim_ws/build/safety_node -- -j3 -l3
[0.713s] DEBUG:colcon.colcon_core.event_handler.log_command:Invoking command in '/home/russell/sim_ws/build/gap_follow': CMAKE_PREFIX_PATH=${CMAKE_PREFIX_PATH}:/home/russell/sim_ws/install/f1tenth_gym_ros:/opt/ros/foxy /usr/bin/cmake --build /home/russell/sim_ws/build/gap_follow -- -j3 -l3
[1.005s] DEBUG:colcon.colcon_core.event_handler.log_command:Invoked command in '/home/russell/sim_ws/build/safety_node' returned '0': CMAKE_PREFIX_PATH=${CMAKE_PREFIX_PATH}:/home/russell/sim_ws/install/f1tenth_gym_ros:/opt/ros/foxy /usr/bin/cmake --build /home/russell/sim_ws/build/safety_node -- -j3 -l3
[1.037s] DEBUG:colcon.colcon_core.event_handler.log_command:Invoking command in '/home/russell/sim_ws/build/safety_node': CMAKE_PREFIX_PATH=${CMAKE_PREFIX_PATH}:/home/russell/sim_ws/install/f1tenth_gym_ros:/opt/ros/foxy /usr/bin/cmake --install /home/russell/sim_ws/build/safety_node
[1.079s] DEBUG:colcon.colcon_core.event_handler.log_command:Invoked command in '/home/russell/sim_ws/build/gap_follow' returned '0': CMAKE_PREFIX_PATH=${CMAKE_PREFIX_PATH}:/home/russell/sim_ws/install/f1tenth_gym_ros:/opt/ros/foxy /usr/bin/cmake --build /home/russell/sim_ws/build/gap_follow -- -j3 -l3
[1.119s] DEBUG:colcon.colcon_core.event_handler.log_command:Invoking command in '/home/russell/sim_ws/build/gap_follow': CMAKE_PREFIX_PATH=${CMAKE_PREFIX_PATH}:/home/russell/sim_ws/install/f1tenth_gym_ros:/opt/ros/foxy /usr/bin/cmake --install /home/russell/sim_ws/build/gap_follow
[1.272s] Level 1:colcon.colcon_core.environment:create_environment_scripts_only(safety_node)
[1.275s] DEBUG:colcon.colcon_core.event_handler.log_command:Invoked command in '/home/russell/sim_ws/build/safety_node' returned '0': CMAKE_PREFIX_PATH=${CMAKE_PREFIX_PATH}:/home/russell/sim_ws/install/f1tenth_gym_ros:/opt/ros/foxy /usr/bin/cmake --install /home/russell/sim_ws/build/safety_node
[1.282s] Level 1:colcon.colcon_core.environment:checking '/home/russell/sim_ws/install/safety_node' for CMake module files
[1.284s] Level 1:colcon.colcon_core.environment:checking '/home/russell/sim_ws/install/safety_node' for CMake config files
[1.285s] Level 1:colcon.colcon_core.shell:create_environment_hook('safety_node', 'cmake_prefix_path')
[1.285s] INFO:colcon.colcon_core.shell:Creating environment hook '/home/russell/sim_ws/install/safety_node/share/safety_node/hook/cmake_prefix_path.ps1'
[1.287s] INFO:colcon.colcon_core.shell:Creating environment descriptor '/home/russell/sim_ws/install/safety_node/share/safety_node/hook/cmake_prefix_path.dsv'
[1.287s] INFO:colcon.colcon_core.shell:Creating environment hook '/home/russell/sim_ws/install/safety_node/share/safety_node/hook/cmake_prefix_path.sh'
[1.288s] Level 1:colcon.colcon_core.environment:checking '/home/russell/sim_ws/install/safety_node/lib'
[1.289s] Level 1:colcon.colcon_core.environment:checking '/home/russell/sim_ws/install/safety_node/bin'
[1.304s] Level 1:colcon.colcon_core.environment:checking '/home/russell/sim_ws/install/safety_node/lib/pkgconfig/safety_node.pc'
[1.305s] Level 1:colcon.colcon_core.environment:checking '/home/russell/sim_ws/install/safety_node/lib/python3.8/site-packages'
[1.305s] Level 1:colcon.colcon_core.shell:create_environment_hook('safety_node', 'pythonpath')
[1.305s] INFO:colcon.colcon_core.shell:Creating environment hook '/home/russell/sim_ws/install/safety_node/share/safety_node/hook/pythonpath.ps1'
[1.306s] INFO:colcon.colcon_core.shell:Creating environment descriptor '/home/russell/sim_ws/install/safety_node/share/safety_node/hook/pythonpath.dsv'
[1.308s] INFO:colcon.colcon_core.shell:Creating environment hook '/home/russell/sim_ws/install/safety_node/share/safety_node/hook/pythonpath.sh'
[1.312s] Level 1:colcon.colcon_core.environment:checking '/home/russell/sim_ws/install/safety_node/bin'
[1.313s] INFO:colcon.colcon_core.shell:Creating package script '/home/russell/sim_ws/install/safety_node/share/safety_node/package.ps1'
[1.314s] INFO:colcon.colcon_core.shell:Creating package descriptor '/home/russell/sim_ws/install/safety_node/share/safety_node/package.dsv'
[1.320s] INFO:colcon.colcon_core.shell:Creating package script '/home/russell/sim_ws/install/safety_node/share/safety_node/package.sh'
[1.321s] INFO:colcon.colcon_core.shell:Creating package script '/home/russell/sim_ws/install/safety_node/share/safety_node/package.bash'
[1.322s] INFO:colcon.colcon_core.shell:Creating package script '/home/russell/sim_ws/install/safety_node/share/safety_node/package.zsh'
[1.323s] Level 1:colcon.colcon_core.environment:create_file_with_runtime_dependencies(/home/russell/sim_ws/install/safety_node/share/colcon-core/packages/safety_node)
[1.328s] Level 1:colcon.colcon_core.environment:create_environment_scripts_only(safety_node)
[1.328s] Level 1:colcon.colcon_core.environment:checking '/home/russell/sim_ws/install/safety_node' for CMake module files
[1.329s] Level 1:colcon.colcon_core.environment:checking '/home/russell/sim_ws/install/safety_node' for CMake config files
[1.329s] Level 1:colcon.colcon_core.shell:create_environment_hook('safety_node', 'cmake_prefix_path')
[1.329s] INFO:colcon.colcon_core.shell:Creating environment hook '/home/russell/sim_ws/install/safety_node/share/safety_node/hook/cmake_prefix_path.ps1'
[1.330s] INFO:colcon.colcon_core.shell:Creating environment descriptor '/home/russell/sim_ws/install/safety_node/share/safety_node/hook/cmake_prefix_path.dsv'
[1.332s] INFO:colcon.colcon_core.shell:Creating environment hook '/home/russell/sim_ws/install/safety_node/share/safety_node/hook/cmake_prefix_path.sh'
[1.341s] Level 1:colcon.colcon_core.environment:checking '/home/russell/sim_ws/install/safety_node/lib'
[1.342s] Level 1:colcon.colcon_core.environment:checking '/home/russell/sim_ws/install/safety_node/bin'
[1.342s] Level 1:colcon.colcon_core.environment:checking '/home/russell/sim_ws/install/safety_node/lib/pkgconfig/safety_node.pc'
[1.342s] Level 1:colcon.colcon_core.environment:checking '/home/russell/sim_ws/install/safety_node/lib/python3.8/site-packages'
[1.342s] Level 1:colcon.colcon_core.shell:create_environment_hook('safety_node', 'pythonpath')
[1.342s] INFO:colcon.colcon_core.shell:Creating environment hook '/home/russell/sim_ws/install/safety_node/share/safety_node/hook/pythonpath.ps1'
[1.343s] INFO:colcon.colcon_core.shell:Creating environment descriptor '/home/russell/sim_ws/install/safety_node/share/safety_node/hook/pythonpath.dsv'
[1.344s] INFO:colcon.colcon_core.shell:Creating environment hook '/home/russell/sim_ws/install/safety_node/share/safety_node/hook/pythonpath.sh'
[1.345s] Level 1:colcon.colcon_core.environment:checking '/home/russell/sim_ws/install/safety_node/bin'
[1.345s] INFO:colcon.colcon_core.shell:Creating package script '/home/russell/sim_ws/install/safety_node/share/safety_node/package.ps1'
[1.346s] INFO:colcon.colcon_core.shell:Creating package descriptor '/home/russell/sim_ws/install/safety_node/share/safety_node/package.dsv'
[1.347s] INFO:colcon.colcon_core.shell:Creating package script '/home/russell/sim_ws/install/safety_node/share/safety_node/package.sh'
[1.348s] INFO:colcon.colcon_core.shell:Creating package script '/home/russell/sim_ws/install/safety_node/share/safety_node/package.bash'
[1.348s] INFO:colcon.colcon_core.shell:Creating package script '/home/russell/sim_ws/install/safety_node/share/safety_node/package.zsh'
[1.349s] Level 1:colcon.colcon_core.environment:create_file_with_runtime_dependencies(/home/russell/sim_ws/install/safety_node/share/colcon-core/packages/safety_node)
[1.351s] INFO:colcon.colcon_ros.task.ament_cmake.build:Building ROS package in '/home/russell/sim_ws/src/wall_follow' with build type 'ament_cmake'
[1.351s] INFO:colcon.colcon_cmake.task.cmake.build:Building CMake package in '/home/russell/sim_ws/src/wall_follow'
[1.351s] INFO:colcon.colcon_core.shell:Skip shell extension 'powershell' for command environment: Not usable outside of PowerShell
[1.351s] DEBUG:colcon.colcon_core.shell:Skip shell extension 'dsv' for command environment
[1.368s] Level 1:colcon.colcon_core.environment:create_environment_scripts_only(gap_follow)
[1.368s] Level 1:colcon.colcon_core.environment:checking '/home/russell/sim_ws/install/gap_follow' for CMake module files
[1.369s] DEBUG:colcon.colcon_core.event_handler.log_command:Invoked command in '/home/russell/sim_ws/build/gap_follow' returned '0': CMAKE_PREFIX_PATH=${CMAKE_PREFIX_PATH}:/home/russell/sim_ws/install/f1tenth_gym_ros:/opt/ros/foxy /usr/bin/cmake --install /home/russell/sim_ws/build/gap_follow
[1.370s] Level 1:colcon.colcon_core.environment:checking '/home/russell/sim_ws/install/gap_follow' for CMake config files
[1.370s] Level 1:colcon.colcon_core.shell:create_environment_hook('gap_follow', 'cmake_prefix_path')
[1.370s] INFO:colcon.colcon_core.shell:Creating environment hook '/home/russell/sim_ws/install/gap_follow/share/gap_follow/hook/cmake_prefix_path.ps1'
[1.371s] INFO:colcon.colcon_core.shell:Creating environment descriptor '/home/russell/sim_ws/install/gap_follow/share/gap_follow/hook/cmake_prefix_path.dsv'
[1.389s] INFO:colcon.colcon_core.shell:Creating environment hook '/home/russell/sim_ws/install/gap_follow/share/gap_follow/hook/cmake_prefix_path.sh'
[1.394s] Level 1:colcon.colcon_core.environment:checking '/home/russell/sim_ws/install/gap_follow/lib'
[1.394s] Level 1:colcon.colcon_core.environment:checking '/home/russell/sim_ws/install/gap_follow/bin'
[1.394s] Level 1:colcon.colcon_core.environment:checking '/home/russell/sim_ws/install/gap_follow/lib/pkgconfig/gap_follow.pc'
[1.395s] Level 1:colcon.colcon_core.environment:checking '/home/russell/sim_ws/install/gap_follow/lib/python3.8/site-packages'
[1.396s] Level 1:colcon.colcon_core.shell:create_environment_hook('gap_follow', 'pythonpath')
[1.397s] INFO:colcon.colcon_core.shell:Creating environment hook '/home/russell/sim_ws/install/gap_follow/share/gap_follow/hook/pythonpath.ps1'
[1.399s] INFO:colcon.colcon_core.shell:Creating environment descriptor '/home/russell/sim_ws/install/gap_follow/share/gap_follow/hook/pythonpath.dsv'
[1.400s] INFO:colcon.colcon_core.shell:Creating environment hook '/home/russell/sim_ws/install/gap_follow/share/gap_follow/hook/pythonpath.sh'
[1.401s] Level 1:colcon.colcon_core.environment:checking '/home/russell/sim_ws/install/gap_follow/bin'
[1.401s] INFO:colcon.colcon_core.shell:Creating package script '/home/russell/sim_ws/install/gap_follow/share/gap_follow/package.ps1'
[1.402s] INFO:colcon.colcon_core.shell:Creating package descriptor '/home/russell/sim_ws/install/gap_follow/share/gap_follow/package.dsv'
[1.403s] INFO:colcon.colcon_core.shell:Creating package script '/home/russell/sim_ws/install/gap_follow/share/gap_follow/package.sh'
[1.404s] INFO:colcon.colcon_core.shell:Creating package script '/home/russell/sim_ws/install/gap_follow/share/gap_follow/package.bash'
[1.413s] INFO:colcon.colcon_core.shell:Creating package script '/home/russell/sim_ws/install/gap_follow/share/gap_follow/package.zsh'
[1.415s] Level 1:colcon.colcon_core.environment:create_file_with_runtime_dependencies(/home/russell/sim_ws/install/gap_follow/share/colcon-core/packages/gap_follow)
[1.418s] Level 1:colcon.colcon_core.environment:create_environment_scripts_only(gap_follow)
[1.419s] Level 1:colcon.colcon_core.environment:checking '/home/russell/sim_ws/install/gap_follow' for CMake module files
[1.419s] Level 1:colcon.colcon_core.environment:checking '/home/russell/sim_ws/install/gap_follow' for CMake config files
[1.419s] Level 1:colcon.colcon_core.shell:create_environment_hook('gap_follow', 'cmake_prefix_path')
[1.420s] INFO:colcon.colcon_core.shell:Creating environment hook '/home/russell/sim_ws/install/gap_follow/share/gap_follow/hook/cmake_prefix_path.ps1'
[1.427s] INFO:colcon.colcon_core.shell:Creating environment descriptor '/home/russell/sim_ws/install/gap_follow/share/gap_follow/hook/cmake_prefix_path.dsv'
[1.429s] INFO:colcon.colcon_core.shell:Creating environment hook '/home/russell/sim_ws/install/gap_follow/share/gap_follow/hook/cmake_prefix_path.sh'
[1.432s] Level 1:colcon.colcon_core.environment:checking '/home/russell/sim_ws/install/gap_follow/lib'
[1.432s] Level 1:colcon.colcon_core.environment:checking '/home/russell/sim_ws/install/gap_follow/bin'
[1.432s] Level 1:colcon.colcon_core.environment:checking '/home/russell/sim_ws/install/gap_follow/lib/pkgconfig/gap_follow.pc'
[1.433s] Level 1:colcon.colcon_core.environment:checking '/home/russell/sim_ws/install/gap_follow/lib/python3.8/site-packages'
[1.433s] Level 1:colcon.colcon_core.shell:create_environment_hook('gap_follow', 'pythonpath')
[1.434s] INFO:colcon.colcon_core.shell:Creating environment hook '/home/russell/sim_ws/install/gap_follow/share/gap_follow/hook/pythonpath.ps1'
[1.435s] INFO:colcon.colcon_core.shell:Creating environment descriptor '/home/russell/sim_ws/install/gap_follow/share/gap_follow/hook/pythonpath.dsv'
[1.437s] INFO:colcon.colcon_core.shell:Creating environment hook '/home/russell/sim_ws/install/gap_follow/share/gap_follow/hook/pythonpath.sh'
[1.438s] Level 1:colcon.colcon_core.environment:checking '/home/russell/sim_ws/install/gap_follow/bin'
[1.439s] INFO:colcon.colcon_core.shell:Creating package script '/home/russell/sim_ws/install/gap_follow/share/gap_follow/package.ps1'
[1.442s] INFO:colcon.colcon_core.shell:Creating package descriptor '/home/russell/sim_ws/install/gap_follow/share/gap_follow/package.dsv'
[1.443s] INFO:colcon.colcon_core.shell:Creating package script '/home/russell/sim_ws/install/gap_follow/share/gap_follow/package.sh'
[1.449s] INFO:colcon.colcon_core.shell:Creating package script '/home/russell/sim_ws/install/gap_follow/share/gap_follow/package.bash'
[1.459s] INFO:colcon.colcon_core.shell:Creating package script '/home/russell/sim_ws/install/gap_follow/share/gap_follow/package.zsh'
[1.462s] Level 1:colcon.colcon_core.environment:create_file_with_runtime_dependencies(/home/russell/sim_ws/install/gap_follow/share/colcon-core/packages/gap_follow)
[1.472s] DEBUG:colcon.colcon_core.event_handler.log_command:Invoking command in '/home/russell/sim_ws/build/wall_follow': CMAKE_PREFIX_PATH=${CMAKE_PREFIX_PATH}:/home/russell/sim_ws/install/f1tenth_gym_ros:/opt/ros/foxy /usr/bin/cmake --build /home/russell/sim_ws/build/wall_follow -- -j3 -l3
[1.570s] DEBUG:colcon.colcon_core.event_handler.log_command:Invoking command in '/home/russell/sim_ws/src/f1tenth_gym_ros': PYTHONPATH=/home/russell/sim_ws/build/f1tenth_gym_ros/prefix_override:/usr/lib/python3/dist-packages/colcon_core/task/python/colcon_distutils_commands:/home/russell/sim_ws/install/f1tenth_gym_ros/lib/python3.8/site-packages:${PYTHONPATH} /usr/bin/python3 -W ignore:setup.py install is deprecated -W ignore:easy_install command is deprecated setup.py egg_info --egg-base ../../build/f1tenth_gym_ros build --build-base /home/russell/sim_ws/build/f1tenth_gym_ros/build install --record /home/russell/sim_ws/build/f1tenth_gym_ros/install.log --single-version-externally-managed install_data
[1.616s] DEBUG:colcon.colcon_core.event_handler.log_command:Invoked command in '/home/russell/sim_ws/build/wall_follow' returned '0': CMAKE_PREFIX_PATH=${CMAKE_PREFIX_PATH}:/home/russell/sim_ws/install/f1tenth_gym_ros:/opt/ros/foxy /usr/bin/cmake --build /home/russell/sim_ws/build/wall_follow -- -j3 -l3
[1.624s] DEBUG:colcon.colcon_core.event_handler.log_command:Invoking command in '/home/russell/sim_ws/build/wall_follow': CMAKE_PREFIX_PATH=${CMAKE_PREFIX_PATH}:/home/russell/sim_ws/install/f1tenth_gym_ros:/opt/ros/foxy /usr/bin/cmake --install /home/russell/sim_ws/build/wall_follow
[1.808s] Level 1:colcon.colcon_core.environment:create_environment_scripts_only(wall_follow)
[1.809s] Level 1:colcon.colcon_core.environment:checking '/home/russell/sim_ws/install/wall_follow' for CMake module files
[1.809s] Level 1:colcon.colcon_core.environment:checking '/home/russell/sim_ws/install/wall_follow' for CMake config files
[1.809s] Level 1:colcon.colcon_core.shell:create_environment_hook('wall_follow', 'cmake_prefix_path')
[1.809s] INFO:colcon.colcon_core.shell:Creating environment hook '/home/russell/sim_ws/install/wall_follow/share/wall_follow/hook/cmake_prefix_path.ps1'
[1.810s] INFO:colcon.colcon_core.shell:Creating environment descriptor '/home/russell/sim_ws/install/wall_follow/share/wall_follow/hook/cmake_prefix_path.dsv'
[1.823s] INFO:colcon.colcon_core.shell:Creating environment hook '/home/russell/sim_ws/install/wall_follow/share/wall_follow/hook/cmake_prefix_path.sh'
[1.825s] Level 1:colcon.colcon_core.environment:checking '/home/russell/sim_ws/install/wall_follow/lib'
[1.825s] Level 1:colcon.colcon_core.environment:checking '/home/russell/sim_ws/install/wall_follow/bin'
[1.825s] Level 1:colcon.colcon_core.environment:checking '/home/russell/sim_ws/install/wall_follow/lib/pkgconfig/wall_follow.pc'
[1.826s] Level 1:colcon.colcon_core.environment:checking '/home/russell/sim_ws/install/wall_follow/lib/python3.8/site-packages'
[1.826s] Level 1:colcon.colcon_core.shell:create_environment_hook('wall_follow', 'pythonpath')
[1.826s] INFO:colcon.colcon_core.shell:Creating environment hook '/home/russell/sim_ws/install/wall_follow/share/wall_follow/hook/pythonpath.ps1'
[1.833s] DEBUG:colcon.colcon_core.event_handler.log_command:Invoked command in '/home/russell/sim_ws/build/wall_follow' returned '0': CMAKE_PREFIX_PATH=${CMAKE_PREFIX_PATH}:/home/russell/sim_ws/install/f1tenth_gym_ros:/opt/ros/foxy /usr/bin/cmake --install /home/russell/sim_ws/build/wall_follow
[1.833s] INFO:colcon.colcon_core.shell:Creating environment descriptor '/home/russell/sim_ws/install/wall_follow/share/wall_follow/hook/pythonpath.dsv'
[1.834s] INFO:colcon.colcon_core.shell:Creating environment hook '/home/russell/sim_ws/install/wall_follow/share/wall_follow/hook/pythonpath.sh'
[1.840s] Level 1:colcon.colcon_core.environment:checking '/home/russell/sim_ws/install/wall_follow/bin'
[1.840s] INFO:colcon.colcon_core.shell:Creating package script '/home/russell/sim_ws/install/wall_follow/share/wall_follow/package.ps1'
[1.863s] INFO:colcon.colcon_core.shell:Creating package descriptor '/home/russell/sim_ws/install/wall_follow/share/wall_follow/package.dsv'
[1.865s] INFO:colcon.colcon_core.shell:Creating package script '/home/russell/sim_ws/install/wall_follow/share/wall_follow/package.sh'
[1.879s] INFO:colcon.colcon_core.shell:Creating package script '/home/russell/sim_ws/install/wall_follow/share/wall_follow/package.bash'
[1.883s] INFO:colcon.colcon_core.shell:Creating package script '/home/russell/sim_ws/install/wall_follow/share/wall_follow/package.zsh'
[1.887s] Level 1:colcon.colcon_core.environment:create_file_with_runtime_dependencies(/home/russell/sim_ws/install/wall_follow/share/colcon-core/packages/wall_follow)
[1.902s] Level 1:colcon.colcon_core.environment:create_environment_scripts_only(wall_follow)
[1.902s] Level 1:colcon.colcon_core.environment:checking '/home/russell/sim_ws/install/wall_follow' for CMake module files
[1.902s] Level 1:colcon.colcon_core.environment:checking '/home/russell/sim_ws/install/wall_follow' for CMake config files
[1.903s] Level 1:colcon.colcon_core.shell:create_environment_hook('wall_follow', 'cmake_prefix_path')
[1.903s] INFO:colcon.colcon_core.shell:Creating environment hook '/home/russell/sim_ws/install/wall_follow/share/wall_follow/hook/cmake_prefix_path.ps1'
[1.904s] INFO:colcon.colcon_core.shell:Creating environment descriptor '/home/russell/sim_ws/install/wall_follow/share/wall_follow/hook/cmake_prefix_path.dsv'
[1.909s] INFO:colcon.colcon_core.shell:Creating environment hook '/home/russell/sim_ws/install/wall_follow/share/wall_follow/hook/cmake_prefix_path.sh'
[1.919s] Level 1:colcon.colcon_core.environment:checking '/home/russell/sim_ws/install/wall_follow/lib'
[1.920s] Level 1:colcon.colcon_core.environment:checking '/home/russell/sim_ws/install/wall_follow/bin'
[1.920s] Level 1:colcon.colcon_core.environment:checking '/home/russell/sim_ws/install/wall_follow/lib/pkgconfig/wall_follow.pc'
[1.920s] Level 1:colcon.colcon_core.environment:checking '/home/russell/sim_ws/install/wall_follow/lib/python3.8/site-packages'
[1.920s] Level 1:colcon.colcon_core.shell:create_environment_hook('wall_follow', 'pythonpath')
[1.920s] INFO:colcon.colcon_core.shell:Creating environment hook '/home/russell/sim_ws/install/wall_follow/share/wall_follow/hook/pythonpath.ps1'
[1.921s] INFO:colcon.colcon_core.shell:Creating environment descriptor '/home/russell/sim_ws/install/wall_follow/share/wall_follow/hook/pythonpath.dsv'
[1.921s] INFO:colcon.colcon_core.shell:Creating environment hook '/home/russell/sim_ws/install/wall_follow/share/wall_follow/hook/pythonpath.sh'
[1.925s] Level 1:colcon.colcon_core.environment:checking '/home/russell/sim_ws/install/wall_follow/bin'
[1.943s] INFO:colcon.colcon_core.shell:Creating package script '/home/russell/sim_ws/install/wall_follow/share/wall_follow/package.ps1'
[1.946s] INFO:colcon.colcon_core.shell:Creating package descriptor '/home/russell/sim_ws/install/wall_follow/share/wall_follow/package.dsv'
[1.947s] INFO:colcon.colcon_core.shell:Creating package script '/home/russell/sim_ws/install/wall_follow/share/wall_follow/package.sh'
[1.950s] INFO:colcon.colcon_core.shell:Creating package script '/home/russell/sim_ws/install/wall_follow/share/wall_follow/package.bash'
[1.950s] INFO:colcon.colcon_core.shell:Creating package script '/home/russell/sim_ws/install/wall_follow/share/wall_follow/package.zsh'
[1.951s] Level 1:colcon.colcon_core.environment:create_file_with_runtime_dependencies(/home/russell/sim_ws/install/wall_follow/share/colcon-core/packages/wall_follow)
[2.158s] Level 1:colcon.colcon_core.environment:checking '/home/russell/sim_ws/install/f1tenth_gym_ros' for CMake module files
[2.159s] Level 1:colcon.colcon_core.environment:checking '/home/russell/sim_ws/install/f1tenth_gym_ros' for CMake config files
[2.159s] Level 1:colcon.colcon_core.environment:checking '/home/russell/sim_ws/install/f1tenth_gym_ros/lib'
[2.159s] Level 1:colcon.colcon_core.environment:checking '/home/russell/sim_ws/install/f1tenth_gym_ros/bin'
[2.159s] Level 1:colcon.colcon_core.environment:checking '/home/russell/sim_ws/install/f1tenth_gym_ros/lib/pkgconfig/f1tenth_gym_ros.pc'
[2.159s] Level 1:colcon.colcon_core.environment:checking '/home/russell/sim_ws/install/f1tenth_gym_ros/lib/python3.8/site-packages'
[2.160s] Level 1:colcon.colcon_core.shell:create_environment_hook('f1tenth_gym_ros', 'pythonpath')
[2.160s] INFO:colcon.colcon_core.shell:Creating environment hook '/home/russell/sim_ws/install/f1tenth_gym_ros/share/f1tenth_gym_ros/hook/pythonpath.ps1'
[2.161s] INFO:colcon.colcon_core.shell:Creating environment descriptor '/home/russell/sim_ws/install/f1tenth_gym_ros/share/f1tenth_gym_ros/hook/pythonpath.dsv'
[2.162s] DEBUG:colcon.colcon_core.event_handler.log_command:Invoked command in '/home/russell/sim_ws/src/f1tenth_gym_ros' returned '0': PYTHONPATH=/home/russell/sim_ws/build/f1tenth_gym_ros/prefix_override:/usr/lib/python3/dist-packages/colcon_core/task/python/colcon_distutils_commands:/home/russell/sim_ws/install/f1tenth_gym_ros/lib/python3.8/site-packages:${PYTHONPATH} /usr/bin/python3 -W ignore:setup.py install is deprecated -W ignore:easy_install command is deprecated setup.py egg_info --egg-base ../../build/f1tenth_gym_ros build --build-base /home/russell/sim_ws/build/f1tenth_gym_ros/build install --record /home/russell/sim_ws/build/f1tenth_gym_ros/install.log --single-version-externally-managed install_data
[2.168s] INFO:colcon.colcon_core.shell:Creating environment hook '/home/russell/sim_ws/install/f1tenth_gym_ros/share/f1tenth_gym_ros/hook/pythonpath.sh'
[2.173s] Level 1:colcon.colcon_core.environment:checking '/home/russell/sim_ws/install/f1tenth_gym_ros/bin'
[2.174s] Level 1:colcon.colcon_core.environment:create_environment_scripts_only(f1tenth_gym_ros)
[2.174s] INFO:colcon.colcon_core.shell:Creating package script '/home/russell/sim_ws/install/f1tenth_gym_ros/share/f1tenth_gym_ros/package.ps1'
[2.178s] INFO:colcon.colcon_core.shell:Creating package descriptor '/home/russell/sim_ws/install/f1tenth_gym_ros/share/f1tenth_gym_ros/package.dsv'
[2.179s] INFO:colcon.colcon_core.shell:Creating package script '/home/russell/sim_ws/install/f1tenth_gym_ros/share/f1tenth_gym_ros/package.sh'
[2.179s] INFO:colcon.colcon_core.shell:Creating package script '/home/russell/sim_ws/install/f1tenth_gym_ros/share/f1tenth_gym_ros/package.bash'
[2.180s] INFO:colcon.colcon_core.shell:Creating package script '/home/russell/sim_ws/install/f1tenth_gym_ros/share/f1tenth_gym_ros/package.zsh'
[2.191s] Level 1:colcon.colcon_core.environment:create_file_with_runtime_dependencies(/home/russell/sim_ws/install/f1tenth_gym_ros/share/colcon-core/packages/f1tenth_gym_ros)
[2.193s] DEBUG:colcon.colcon_parallel_executor.executor.parallel:closing loop
[2.195s] DEBUG:colcon.colcon_parallel_executor.executor.parallel:loop closed
[2.195s] DEBUG:colcon.colcon_parallel_executor.executor.parallel:run_until_complete finished with '0'
[2.195s] DEBUG:colcon.colcon_core.event_reactor:joining thread
[2.203s] INFO:colcon.colcon_core.plugin_system:Skipping extension 'colcon_notification.desktop_notification.terminal_notifier': Not used on non-Darwin systems
[2.203s] INFO:colcon.colcon_core.plugin_system:Skipping extension 'colcon_notification.desktop_notification.win32': Not used on non-Windows systems
[2.203s] INFO:colcon.colcon_notification.desktop_notification:Sending desktop notification using 'notify2'
[2.256s] DEBUG:colcon.colcon_core.event_reactor:joined thread
[2.257s] INFO:colcon.colcon_core.shell:Creating prefix script '/home/russell/sim_ws/install/local_setup.ps1'
[2.258s] INFO:colcon.colcon_core.shell:Creating prefix util module '/home/russell/sim_ws/install/_local_setup_util_ps1.py'
[2.259s] INFO:colcon.colcon_core.shell:Creating prefix chain script '/home/russell/sim_ws/install/setup.ps1'
[2.260s] INFO:colcon.colcon_core.shell:Creating prefix script '/home/russell/sim_ws/install/local_setup.sh'
[2.264s] INFO:colcon.colcon_core.shell:Creating prefix util module '/home/russell/sim_ws/install/_local_setup_util_sh.py'
[2.265s] INFO:colcon.colcon_core.shell:Creating prefix chain script '/home/russell/sim_ws/install/setup.sh'
[2.266s] INFO:colcon.colcon_core.shell:Creating prefix script '/home/russell/sim_ws/install/local_setup.bash'
[2.266s] INFO:colcon.colcon_core.shell:Creating prefix chain script '/home/russell/sim_ws/install/setup.bash'
[2.267s] INFO:colcon.colcon_core.shell:Creating prefix script '/home/russell/sim_ws/install/local_setup.zsh'
[2.268s] INFO:colcon.colcon_core.shell:Creating prefix chain script '/home/russell/sim_ws/install/setup.zsh'
