[0.194s] DEBUG:colcon:Command line arguments: ['/usr/bin/colcon', 'build']
[0.194s] DEBUG:colcon:Parsed command line arguments: Namespace(allow_overriding=[], ament_cmake_args=None, base_paths=['.'], build_base='build', catkin_cmake_args=None, catkin_skip_building_tests=False, cmake_args=None, cmake_clean_cache=False, cmake_clean_first=False, cmake_force_configure=False, cmake_target=None, cmake_target_skip_unavailable=False, continue_on_error=False, event_handlers=None, executor='parallel', ignore_user_meta=False, install_base='install', log_base=None, log_level=None, main=<bound method BuildVerb.main of <colcon_core.verb.build.BuildVerb object at 0x7fae3a2c7490>>, merge_install=False, metas=['./colcon.meta'], mixin=None, mixin_files=None, mixin_verb=('build',), packages_above=None, packages_above_and_dependencies=None, packages_above_depth=None, packages_end=None, packages_ignore=None, packages_ignore_regex=None, packages_select=None, packages_select_build_failed=False, packages_select_by_dep=None, packages_select_regex=None, packages_select_test_failures=False, packages_skip=None, packages_skip_build_finished=False, packages_skip_by_dep=None, packages_skip_regex=None, packages_skip_test_passed=False, packages_skip_up_to=None, packages_start=None, packages_up_to=None, packages_up_to_regex=None, parallel_workers=3, paths=None, symlink_install=False, test_result_base=None, verb_extension=<colcon_core.verb.build.BuildVerb object at 0x7fae3a2c7490>, verb_name='build', verb_parser=<colcon_mixin.mixin.mixin_argument.MixinArgumentDecorator object at 0x7fae3a2c7a00>)
[0.326s] Level 1:colcon.colcon_core.package_discovery:discover_packages(colcon_meta) check parameters
[0.326s] Level 1:colcon.colcon_core.package_discovery:discover_packages(recursive) check parameters
[0.327s] Level 1:colcon.colcon_core.package_discovery:discover_packages(ignore) check parameters
[0.327s] Level 1:colcon.colcon_core.package_discovery:discover_packages(path) check parameters
[0.327s] Level 1:colcon.colcon_core.package_discovery:discover_packages(colcon_meta) discover
[0.327s] Level 1:colcon.colcon_core.package_discovery:discover_packages(recursive) discover
[0.327s] INFO:colcon.colcon_core.package_discovery:Crawling recursively for packages in '/home/russell/sim_ws'
[0.328s] Level 1:colcon.colcon_core.package_identification:_identify(.) by extensions ['ignore', 'ignore_ament_install']
[0.328s] Level 1:colcon.colcon_core.package_identification:_identify(.) by extension 'ignore'
[0.328s] Level 1:colcon.colcon_core.package_identification:_identify(.) by extension 'ignore_ament_install'
[0.328s] Level 1:colcon.colcon_core.package_identification:_identify(.) by extensions ['colcon_pkg']
[0.328s] Level 1:colcon.colcon_core.package_identification:_identify(.) by extension 'colcon_pkg'
[0.328s] Level 1:colcon.colcon_core.package_identification:_identify(.) by extensions ['colcon_meta']
[0.329s] Level 1:colcon.colcon_core.package_identification:_identify(.) by extension 'colcon_meta'
[0.329s] Level 1:colcon.colcon_core.package_identification:_identify(.) by extensions ['ros']
[0.329s] Level 1:colcon.colcon_core.package_identification:_identify(.) by extension 'ros'
[0.340s] Level 1:colcon.colcon_core.package_identification:_identify(.) by extensions ['cmake', 'python']
[0.340s] Level 1:colcon.colcon_core.package_identification:_identify(.) by extension 'cmake'
[0.340s] Level 1:colcon.colcon_core.package_identification:_identify(.) by extension 'python'
[0.340s] Level 1:colcon.colcon_core.package_identification:_identify(.) by extensions ['python_setup_py']
[0.341s] Level 1:colcon.colcon_core.package_identification:_identify(.) by extension 'python_setup_py'
[0.341s] Level 1:colcon.colcon_core.package_identification:_identify(build) by extensions ['ignore', 'ignore_ament_install']
[0.341s] Level 1:colcon.colcon_core.package_identification:_identify(build) by extension 'ignore'
[0.341s] Level 1:colcon.colcon_core.package_identification:_identify(build) ignored
[0.341s] Level 1:colcon.colcon_core.package_identification:_identify(data_log) by extensions ['ignore', 'ignore_ament_install']
[0.342s] Level 1:colcon.colcon_core.package_identification:_identify(data_log) by extension 'ignore'
[0.342s] Level 1:colcon.colcon_core.package_identification:_identify(data_log) by extension 'ignore_ament_install'
[0.342s] Level 1:colcon.colcon_core.package_identification:_identify(data_log) by extensions ['colcon_pkg']
[0.342s] Level 1:colcon.colcon_core.package_identification:_identify(data_log) by extension 'colcon_pkg'
[0.342s] Level 1:colcon.colcon_core.package_identification:_identify(data_log) by extensions ['colcon_meta']
[0.342s] Level 1:colcon.colcon_core.package_identification:_identify(data_log) by extension 'colcon_meta'
[0.342s] Level 1:colcon.colcon_core.package_identification:_identify(data_log) by extensions ['ros']
[0.342s] Level 1:colcon.colcon_core.package_identification:_identify(data_log) by extension 'ros'
[0.343s] Level 1:colcon.colcon_core.package_identification:_identify(data_log) by extensions ['cmake', 'python']
[0.343s] Level 1:colcon.colcon_core.package_identification:_identify(data_log) by extension 'cmake'
[0.343s] Level 1:colcon.colcon_core.package_identification:_identify(data_log) by extension 'python'
[0.343s] Level 1:colcon.colcon_core.package_identification:_identify(data_log) by extensions ['python_setup_py']
[0.344s] Level 1:colcon.colcon_core.package_identification:_identify(data_log) by extension 'python_setup_py'
[0.344s] Level 1:colcon.colcon_core.package_identification:_identify(install) by extensions ['ignore', 'ignore_ament_install']
[0.344s] Level 1:colcon.colcon_core.package_identification:_identify(install) by extension 'ignore'
[0.344s] Level 1:colcon.colcon_core.package_identification:_identify(install) ignored
[0.344s] Level 1:colcon.colcon_core.package_identification:_identify(log) by extensions ['ignore', 'ignore_ament_install']
[0.344s] Level 1:colcon.colcon_core.package_identification:_identify(log) by extension 'ignore'
[0.345s] Level 1:colcon.colcon_core.package_identification:_identify(log) ignored
[0.345s] Level 1:colcon.colcon_core.package_identification:_identify(src) by extensions ['ignore', 'ignore_ament_install']
[0.345s] Level 1:colcon.colcon_core.package_identification:_identify(src) by extension 'ignore'
[0.345s] Level 1:colcon.colcon_core.package_identification:_identify(src) by extension 'ignore_ament_install'
[0.345s] Level 1:colcon.colcon_core.package_identification:_identify(src) by extensions ['colcon_pkg']
[0.346s] Level 1:colcon.colcon_core.package_identification:_identify(src) by extension 'colcon_pkg'
[0.346s] Level 1:colcon.colcon_core.package_identification:_identify(src) by extensions ['colcon_meta']
[0.346s] Level 1:colcon.colcon_core.package_identification:_identify(src) by extension 'colcon_meta'
[0.346s] Level 1:colcon.colcon_core.package_identification:_identify(src) by extensions ['ros']
[0.346s] Level 1:colcon.colcon_core.package_identification:_identify(src) by extension 'ros'
[0.346s] Level 1:colcon.colcon_core.package_identification:_identify(src) by extensions ['cmake', 'python']
[0.346s] Level 1:colcon.colcon_core.package_identification:_identify(src) by extension 'cmake'
[0.346s] Level 1:colcon.colcon_core.package_identification:_identify(src) by extension 'python'
[0.346s] Level 1:colcon.colcon_core.package_identification:_identify(src) by extensions ['python_setup_py']
[0.346s] Level 1:colcon.colcon_core.package_identification:_identify(src) by extension 'python_setup_py'
[0.346s] Level 1:colcon.colcon_core.package_identification:_identify(src/arbiter) by extensions ['ignore', 'ignore_ament_install']
[0.346s] Level 1:colcon.colcon_core.package_identification:_identify(src/arbiter) by extension 'ignore'
[0.347s] Level 1:colcon.colcon_core.package_identification:_identify(src/arbiter) by extension 'ignore_ament_install'
[0.347s] Level 1:colcon.colcon_core.package_identification:_identify(src/arbiter) by extensions ['colcon_pkg']
[0.347s] Level 1:colcon.colcon_core.package_identification:_identify(src/arbiter) by extension 'colcon_pkg'
[0.347s] Level 1:colcon.colcon_core.package_identification:_identify(src/arbiter) by extensions ['colcon_meta']
[0.347s] Level 1:colcon.colcon_core.package_identification:_identify(src/arbiter) by extension 'colcon_meta'
[0.347s] Level 1:colcon.colcon_core.package_identification:_identify(src/arbiter) by extensions ['ros']
[0.348s] Level 1:colcon.colcon_core.package_identification:_identify(src/arbiter) by extension 'ros'
[0.350s] DEBUG:colcon.colcon_core.package_identification:Package 'src/arbiter' with type 'ros.ament_python' and name 'arbiter'
[0.351s] Level 1:colcon.colcon_core.package_identification:_identify(src/build) by extensions ['ignore', 'ignore_ament_install']
[0.351s] Level 1:colcon.colcon_core.package_identification:_identify(src/build) by extension 'ignore'
[0.351s] Level 1:colcon.colcon_core.package_identification:_identify(src/build) ignored
[0.351s] Level 1:colcon.colcon_core.package_identification:_identify(src/data_collector) by extensions ['ignore', 'ignore_ament_install']
[0.351s] Level 1:colcon.colcon_core.package_identification:_identify(src/data_collector) by extension 'ignore'
[0.351s] Level 1:colcon.colcon_core.package_identification:_identify(src/data_collector) by extension 'ignore_ament_install'
[0.351s] Level 1:colcon.colcon_core.package_identification:_identify(src/data_collector) by extensions ['colcon_pkg']
[0.351s] Level 1:colcon.colcon_core.package_identification:_identify(src/data_collector) by extension 'colcon_pkg'
[0.351s] Level 1:colcon.colcon_core.package_identification:_identify(src/data_collector) by extensions ['colcon_meta']
[0.351s] Level 1:colcon.colcon_core.package_identification:_identify(src/data_collector) by extension 'colcon_meta'
[0.351s] Level 1:colcon.colcon_core.package_identification:_identify(src/data_collector) by extensions ['ros']
[0.351s] Level 1:colcon.colcon_core.package_identification:_identify(src/data_collector) by extension 'ros'
[0.352s] DEBUG:colcon.colcon_core.package_identification:Package 'src/data_collector' with type 'ros.ament_python' and name 'data_collector'
[0.352s] Level 1:colcon.colcon_core.package_identification:_identify(src/f1tenth_gym_ros) by extensions ['ignore', 'ignore_ament_install']
[0.353s] Level 1:colcon.colcon_core.package_identification:_identify(src/f1tenth_gym_ros) by extension 'ignore'
[0.353s] Level 1:colcon.colcon_core.package_identification:_identify(src/f1tenth_gym_ros) by extension 'ignore_ament_install'
[0.353s] Level 1:colcon.colcon_core.package_identification:_identify(src/f1tenth_gym_ros) by extensions ['colcon_pkg']
[0.353s] Level 1:colcon.colcon_core.package_identification:_identify(src/f1tenth_gym_ros) by extension 'colcon_pkg'
[0.353s] Level 1:colcon.colcon_core.package_identification:_identify(src/f1tenth_gym_ros) by extensions ['colcon_meta']
[0.353s] Level 1:colcon.colcon_core.package_identification:_identify(src/f1tenth_gym_ros) by extension 'colcon_meta'
[0.353s] Level 1:colcon.colcon_core.package_identification:_identify(src/f1tenth_gym_ros) by extensions ['ros']
[0.353s] Level 1:colcon.colcon_core.package_identification:_identify(src/f1tenth_gym_ros) by extension 'ros'
[0.354s] DEBUG:colcon.colcon_core.package_identification:Package 'src/f1tenth_gym_ros' with type 'ros.ament_python' and name 'f1tenth_gym_ros'
[0.354s] Level 1:colcon.colcon_core.package_identification:_identify(src/gap_follow) by extensions ['ignore', 'ignore_ament_install']
[0.354s] Level 1:colcon.colcon_core.package_identification:_identify(src/gap_follow) by extension 'ignore'
[0.354s] Level 1:colcon.colcon_core.package_identification:_identify(src/gap_follow) by extension 'ignore_ament_install'
[0.354s] Level 1:colcon.colcon_core.package_identification:_identify(src/gap_follow) by extensions ['colcon_pkg']
[0.354s] Level 1:colcon.colcon_core.package_identification:_identify(src/gap_follow) by extension 'colcon_pkg'
[0.354s] Level 1:colcon.colcon_core.package_identification:_identify(src/gap_follow) by extensions ['colcon_meta']
[0.354s] Level 1:colcon.colcon_core.package_identification:_identify(src/gap_follow) by extension 'colcon_meta'
[0.354s] Level 1:colcon.colcon_core.package_identification:_identify(src/gap_follow) by extensions ['ros']
[0.354s] Level 1:colcon.colcon_core.package_identification:_identify(src/gap_follow) by extension 'ros'
[0.355s] DEBUG:colcon.colcon_core.package_identification:Package 'src/gap_follow' with type 'ros.ament_cmake' and name 'gap_follow'
[0.355s] Level 1:colcon.colcon_core.package_identification:_identify(src/install) by extensions ['ignore', 'ignore_ament_install']
[0.356s] Level 1:colcon.colcon_core.package_identification:_identify(src/install) by extension 'ignore'
[0.356s] Level 1:colcon.colcon_core.package_identification:_identify(src/install) ignored
[0.356s] Level 1:colcon.colcon_core.package_identification:_identify(src/log) by extensions ['ignore', 'ignore_ament_install']
[0.356s] Level 1:colcon.colcon_core.package_identification:_identify(src/log) by extension 'ignore'
[0.356s] Level 1:colcon.colcon_core.package_identification:_identify(src/log) ignored
[0.356s] Level 1:colcon.colcon_core.package_identification:_identify(src/mlp_controller) by extensions ['ignore', 'ignore_ament_install']
[0.356s] Level 1:colcon.colcon_core.package_identification:_identify(src/mlp_controller) by extension 'ignore'
[0.356s] Level 1:colcon.colcon_core.package_identification:_identify(src/mlp_controller) by extension 'ignore_ament_install'
[0.356s] Level 1:colcon.colcon_core.package_identification:_identify(src/mlp_controller) by extensions ['colcon_pkg']
[0.356s] Level 1:colcon.colcon_core.package_identification:_identify(src/mlp_controller) by extension 'colcon_pkg'
[0.356s] Level 1:colcon.colcon_core.package_identification:_identify(src/mlp_controller) by extensions ['colcon_meta']
[0.356s] Level 1:colcon.colcon_core.package_identification:_identify(src/mlp_controller) by extension 'colcon_meta'
[0.356s] Level 1:colcon.colcon_core.package_identification:_identify(src/mlp_controller) by extensions ['ros']
[0.356s] Level 1:colcon.colcon_core.package_identification:_identify(src/mlp_controller) by extension 'ros'
[0.357s] DEBUG:colcon.colcon_core.package_identification:Package 'src/mlp_controller' with type 'ros.ament_python' and name 'mlp_controller'
[0.357s] Level 1:colcon.colcon_core.package_identification:_identify(src/safety_node) by extensions ['ignore', 'ignore_ament_install']
[0.357s] Level 1:colcon.colcon_core.package_identification:_identify(src/safety_node) by extension 'ignore'
[0.357s] Level 1:colcon.colcon_core.package_identification:_identify(src/safety_node) by extension 'ignore_ament_install'
[0.357s] Level 1:colcon.colcon_core.package_identification:_identify(src/safety_node) by extensions ['colcon_pkg']
[0.357s] Level 1:colcon.colcon_core.package_identification:_identify(src/safety_node) by extension 'colcon_pkg'
[0.357s] Level 1:colcon.colcon_core.package_identification:_identify(src/safety_node) by extensions ['colcon_meta']
[0.357s] Level 1:colcon.colcon_core.package_identification:_identify(src/safety_node) by extension 'colcon_meta'
[0.357s] Level 1:colcon.colcon_core.package_identification:_identify(src/safety_node) by extensions ['ros']
[0.357s] Level 1:colcon.colcon_core.package_identification:_identify(src/safety_node) by extension 'ros'
[0.358s] DEBUG:colcon.colcon_core.package_identification:Package 'src/safety_node' with type 'ros.ament_cmake' and name 'safety_node'
[0.359s] Level 1:colcon.colcon_core.package_identification:_identify(src/wall_follow) by extensions ['ignore', 'ignore_ament_install']
[0.359s] Level 1:colcon.colcon_core.package_identification:_identify(src/wall_follow) by extension 'ignore'
[0.359s] Level 1:colcon.colcon_core.package_identification:_identify(src/wall_follow) by extension 'ignore_ament_install'
[0.359s] Level 1:colcon.colcon_core.package_identification:_identify(src/wall_follow) by extensions ['colcon_pkg']
[0.359s] Level 1:colcon.colcon_core.package_identification:_identify(src/wall_follow) by extension 'colcon_pkg'
[0.359s] Level 1:colcon.colcon_core.package_identification:_identify(src/wall_follow) by extensions ['colcon_meta']
[0.359s] Level 1:colcon.colcon_core.package_identification:_identify(src/wall_follow) by extension 'colcon_meta'
[0.359s] Level 1:colcon.colcon_core.package_identification:_identify(src/wall_follow) by extensions ['ros']
[0.359s] Level 1:colcon.colcon_core.package_identification:_identify(src/wall_follow) by extension 'ros'
[0.360s] DEBUG:colcon.colcon_core.package_identification:Package 'src/wall_follow' with type 'ros.ament_cmake' and name 'wall_follow'
[0.360s] Level 1:colcon.colcon_core.package_discovery:discover_packages(recursive) using defaults
[0.360s] Level 1:colcon.colcon_core.package_discovery:discover_packages(ignore) discover
[0.360s] Level 1:colcon.colcon_core.package_discovery:discover_packages(ignore) using defaults
[0.360s] Level 1:colcon.colcon_core.package_discovery:discover_packages(path) discover
[0.360s] Level 1:colcon.colcon_core.package_discovery:discover_packages(path) using defaults
[0.385s] Level 1:colcon.colcon_core.package_discovery:discover_packages(prefix_path) check parameters
[0.386s] Level 1:colcon.colcon_core.package_discovery:discover_packages(prefix_path) discover
[0.387s] DEBUG:colcon.colcon_installed_package_information.package_discovery:Found 7 installed packages in /home/russell/sim_ws/install
[0.390s] DEBUG:colcon.colcon_installed_package_information.package_discovery:Found 293 installed packages in /opt/ros/foxy
[0.392s] Level 1:colcon.colcon_core.package_discovery:discover_packages(prefix_path) using defaults
[0.452s] Level 5:colcon.colcon_core.verb:set package 'arbiter' build argument 'cmake_args' from command line to 'None'
[0.452s] Level 5:colcon.colcon_core.verb:set package 'arbiter' build argument 'cmake_target' from command line to 'None'
[0.452s] Level 5:colcon.colcon_core.verb:set package 'arbiter' build argument 'cmake_target_skip_unavailable' from command line to 'False'
[0.452s] Level 5:colcon.colcon_core.verb:set package 'arbiter' build argument 'cmake_clean_cache' from command line to 'False'
[0.452s] Level 5:colcon.colcon_core.verb:set package 'arbiter' build argument 'cmake_clean_first' from command line to 'False'
[0.452s] Level 5:colcon.colcon_core.verb:set package 'arbiter' build argument 'cmake_force_configure' from command line to 'False'
[0.452s] Level 5:colcon.colcon_core.verb:set package 'arbiter' build argument 'ament_cmake_args' from command line to 'None'
[0.452s] Level 5:colcon.colcon_core.verb:set package 'arbiter' build argument 'catkin_cmake_args' from command line to 'None'
[0.452s] Level 5:colcon.colcon_core.verb:set package 'arbiter' build argument 'catkin_skip_building_tests' from command line to 'False'
[0.452s] DEBUG:colcon.colcon_core.verb:Building package 'arbiter' with the following arguments: {'ament_cmake_args': None, 'build_base': '/home/russell/sim_ws/build/arbiter', 'catkin_cmake_args': None, 'catkin_skip_building_tests': False, 'cmake_args': None, 'cmake_clean_cache': False, 'cmake_clean_first': False, 'cmake_force_configure': False, 'cmake_target': None, 'cmake_target_skip_unavailable': False, 'install_base': '/home/russell/sim_ws/install/arbiter', 'merge_install': False, 'path': '/home/russell/sim_ws/src/arbiter', 'symlink_install': False, 'test_result_base': None}
[0.454s] Level 5:colcon.colcon_core.verb:set package 'data_collector' build argument 'cmake_args' from command line to 'None'
[0.454s] Level 5:colcon.colcon_core.verb:set package 'data_collector' build argument 'cmake_target' from command line to 'None'
[0.454s] Level 5:colcon.colcon_core.verb:set package 'data_collector' build argument 'cmake_target_skip_unavailable' from command line to 'False'
[0.454s] Level 5:colcon.colcon_core.verb:set package 'data_collector' build argument 'cmake_clean_cache' from command line to 'False'
[0.454s] Level 5:colcon.colcon_core.verb:set package 'data_collector' build argument 'cmake_clean_first' from command line to 'False'
[0.454s] Level 5:colcon.colcon_core.verb:set package 'data_collector' build argument 'cmake_force_configure' from command line to 'False'
[0.454s] Level 5:colcon.colcon_core.verb:set package 'data_collector' build argument 'ament_cmake_args' from command line to 'None'
[0.454s] Level 5:colcon.colcon_core.verb:set package 'data_collector' build argument 'catkin_cmake_args' from command line to 'None'
[0.454s] Level 5:colcon.colcon_core.verb:set package 'data_collector' build argument 'catkin_skip_building_tests' from command line to 'False'
[0.454s] DEBUG:colcon.colcon_core.verb:Building package 'data_collector' with the following arguments: {'ament_cmake_args': None, 'build_base': '/home/russell/sim_ws/build/data_collector', 'catkin_cmake_args': None, 'catkin_skip_building_tests': False, 'cmake_args': None, 'cmake_clean_cache': False, 'cmake_clean_first': False, 'cmake_force_configure': False, 'cmake_target': None, 'cmake_target_skip_unavailable': False, 'install_base': '/home/russell/sim_ws/install/data_collector', 'merge_install': False, 'path': '/home/russell/sim_ws/src/data_collector', 'symlink_install': False, 'test_result_base': None}
[0.455s] Level 5:colcon.colcon_core.verb:set package 'f1tenth_gym_ros' build argument 'cmake_args' from command line to 'None'
[0.455s] Level 5:colcon.colcon_core.verb:set package 'f1tenth_gym_ros' build argument 'cmake_target' from command line to 'None'
[0.455s] Level 5:colcon.colcon_core.verb:set package 'f1tenth_gym_ros' build argument 'cmake_target_skip_unavailable' from command line to 'False'
[0.455s] Level 5:colcon.colcon_core.verb:set package 'f1tenth_gym_ros' build argument 'cmake_clean_cache' from command line to 'False'
[0.455s] Level 5:colcon.colcon_core.verb:set package 'f1tenth_gym_ros' build argument 'cmake_clean_first' from command line to 'False'
[0.455s] Level 5:colcon.colcon_core.verb:set package 'f1tenth_gym_ros' build argument 'cmake_force_configure' from command line to 'False'
[0.455s] Level 5:colcon.colcon_core.verb:set package 'f1tenth_gym_ros' build argument 'ament_cmake_args' from command line to 'None'
[0.456s] Level 5:colcon.colcon_core.verb:set package 'f1tenth_gym_ros' build argument 'catkin_cmake_args' from command line to 'None'
[0.456s] Level 5:colcon.colcon_core.verb:set package 'f1tenth_gym_ros' build argument 'catkin_skip_building_tests' from command line to 'False'
[0.456s] DEBUG:colcon.colcon_core.verb:Building package 'f1tenth_gym_ros' with the following arguments: {'ament_cmake_args': None, 'build_base': '/home/russell/sim_ws/build/f1tenth_gym_ros', 'catkin_cmake_args': None, 'catkin_skip_building_tests': False, 'cmake_args': None, 'cmake_clean_cache': False, 'cmake_clean_first': False, 'cmake_force_configure': False, 'cmake_target': None, 'cmake_target_skip_unavailable': False, 'install_base': '/home/russell/sim_ws/install/f1tenth_gym_ros', 'merge_install': False, 'path': '/home/russell/sim_ws/src/f1tenth_gym_ros', 'symlink_install': False, 'test_result_base': None}
[0.457s] Level 5:colcon.colcon_core.verb:set package 'gap_follow' build argument 'cmake_args' from command line to 'None'
[0.457s] Level 5:colcon.colcon_core.verb:set package 'gap_follow' build argument 'cmake_target' from command line to 'None'
[0.457s] Level 5:colcon.colcon_core.verb:set package 'gap_follow' build argument 'cmake_target_skip_unavailable' from command line to 'False'
[0.457s] Level 5:colcon.colcon_core.verb:set package 'gap_follow' build argument 'cmake_clean_cache' from command line to 'False'
[0.457s] Level 5:colcon.colcon_core.verb:set package 'gap_follow' build argument 'cmake_clean_first' from command line to 'False'
[0.457s] Level 5:colcon.colcon_core.verb:set package 'gap_follow' build argument 'cmake_force_configure' from command line to 'False'
[0.457s] Level 5:colcon.colcon_core.verb:set package 'gap_follow' build argument 'ament_cmake_args' from command line to 'None'
[0.457s] Level 5:colcon.colcon_core.verb:set package 'gap_follow' build argument 'catkin_cmake_args' from command line to 'None'
[0.457s] Level 5:colcon.colcon_core.verb:set package 'gap_follow' build argument 'catkin_skip_building_tests' from command line to 'False'
[0.457s] DEBUG:colcon.colcon_core.verb:Building package 'gap_follow' with the following arguments: {'ament_cmake_args': None, 'build_base': '/home/russell/sim_ws/build/gap_follow', 'catkin_cmake_args': None, 'catkin_skip_building_tests': False, 'cmake_args': None, 'cmake_clean_cache': False, 'cmake_clean_first': False, 'cmake_force_configure': False, 'cmake_target': None, 'cmake_target_skip_unavailable': False, 'install_base': '/home/russell/sim_ws/install/gap_follow', 'merge_install': False, 'path': '/home/russell/sim_ws/src/gap_follow', 'symlink_install': False, 'test_result_base': None}
[0.458s] Level 5:colcon.colcon_core.verb:set package 'mlp_controller' build argument 'cmake_args' from command line to 'None'
[0.458s] Level 5:colcon.colcon_core.verb:set package 'mlp_controller' build argument 'cmake_target' from command line to 'None'
[0.458s] Level 5:colcon.colcon_core.verb:set package 'mlp_controller' build argument 'cmake_target_skip_unavailable' from command line to 'False'
[0.458s] Level 5:colcon.colcon_core.verb:set package 'mlp_controller' build argument 'cmake_clean_cache' from command line to 'False'
[0.459s] Level 5:colcon.colcon_core.verb:set package 'mlp_controller' build argument 'cmake_clean_first' from command line to 'False'
[0.459s] Level 5:colcon.colcon_core.verb:set package 'mlp_controller' build argument 'cmake_force_configure' from command line to 'False'
[0.459s] Level 5:colcon.colcon_core.verb:set package 'mlp_controller' build argument 'ament_cmake_args' from command line to 'None'
[0.459s] Level 5:colcon.colcon_core.verb:set package 'mlp_controller' build argument 'catkin_cmake_args' from command line to 'None'
[0.459s] Level 5:colcon.colcon_core.verb:set package 'mlp_controller' build argument 'catkin_skip_building_tests' from command line to 'False'
[0.459s] DEBUG:colcon.colcon_core.verb:Building package 'mlp_controller' with the following arguments: {'ament_cmake_args': None, 'build_base': '/home/russell/sim_ws/build/mlp_controller', 'catkin_cmake_args': None, 'catkin_skip_building_tests': False, 'cmake_args': None, 'cmake_clean_cache': False, 'cmake_clean_first': False, 'cmake_force_configure': False, 'cmake_target': None, 'cmake_target_skip_unavailable': False, 'install_base': '/home/russell/sim_ws/install/mlp_controller', 'merge_install': False, 'path': '/home/russell/sim_ws/src/mlp_controller', 'symlink_install': False, 'test_result_base': None}
[0.460s] Level 5:colcon.colcon_core.verb:set package 'safety_node' build argument 'cmake_args' from command line to 'None'
[0.460s] Level 5:colcon.colcon_core.verb:set package 'safety_node' build argument 'cmake_target' from command line to 'None'
[0.460s] Level 5:colcon.colcon_core.verb:set package 'safety_node' build argument 'cmake_target_skip_unavailable' from command line to 'False'
[0.460s] Level 5:colcon.colcon_core.verb:set package 'safety_node' build argument 'cmake_clean_cache' from command line to 'False'
[0.460s] Level 5:colcon.colcon_core.verb:set package 'safety_node' build argument 'cmake_clean_first' from command line to 'False'
[0.460s] Level 5:colcon.colcon_core.verb:set package 'safety_node' build argument 'cmake_force_configure' from command line to 'False'
[0.460s] Level 5:colcon.colcon_core.verb:set package 'safety_node' build argument 'ament_cmake_args' from command line to 'None'
[0.460s] Level 5:colcon.colcon_core.verb:set package 'safety_node' build argument 'catkin_cmake_args' from command line to 'None'
[0.460s] Level 5:colcon.colcon_core.verb:set package 'safety_node' build argument 'catkin_skip_building_tests' from command line to 'False'
[0.460s] DEBUG:colcon.colcon_core.verb:Building package 'safety_node' with the following arguments: {'ament_cmake_args': None, 'build_base': '/home/russell/sim_ws/build/safety_node', 'catkin_cmake_args': None, 'catkin_skip_building_tests': False, 'cmake_args': None, 'cmake_clean_cache': False, 'cmake_clean_first': False, 'cmake_force_configure': False, 'cmake_target': None, 'cmake_target_skip_unavailable': False, 'install_base': '/home/russell/sim_ws/install/safety_node', 'merge_install': False, 'path': '/home/russell/sim_ws/src/safety_node', 'symlink_install': False, 'test_result_base': None}
[0.460s] Level 5:colcon.colcon_core.verb:set package 'wall_follow' build argument 'cmake_args' from command line to 'None'
[0.460s] Level 5:colcon.colcon_core.verb:set package 'wall_follow' build argument 'cmake_target' from command line to 'None'
[0.460s] Level 5:colcon.colcon_core.verb:set package 'wall_follow' build argument 'cmake_target_skip_unavailable' from command line to 'False'
[0.460s] Level 5:colcon.colcon_core.verb:set package 'wall_follow' build argument 'cmake_clean_cache' from command line to 'False'
[0.460s] Level 5:colcon.colcon_core.verb:set package 'wall_follow' build argument 'cmake_clean_first' from command line to 'False'
[0.461s] Level 5:colcon.colcon_core.verb:set package 'wall_follow' build argument 'cmake_force_configure' from command line to 'False'
[0.461s] Level 5:colcon.colcon_core.verb:set package 'wall_follow' build argument 'ament_cmake_args' from command line to 'None'
[0.461s] Level 5:colcon.colcon_core.verb:set package 'wall_follow' build argument 'catkin_cmake_args' from command line to 'None'
[0.461s] Level 5:colcon.colcon_core.verb:set package 'wall_follow' build argument 'catkin_skip_building_tests' from command line to 'False'
[0.461s] DEBUG:colcon.colcon_core.verb:Building package 'wall_follow' with the following arguments: {'ament_cmake_args': None, 'build_base': '/home/russell/sim_ws/build/wall_follow', 'catkin_cmake_args': None, 'catkin_skip_building_tests': False, 'cmake_args': None, 'cmake_clean_cache': False, 'cmake_clean_first': False, 'cmake_force_configure': False, 'cmake_target': None, 'cmake_target_skip_unavailable': False, 'install_base': '/home/russell/sim_ws/install/wall_follow', 'merge_install': False, 'path': '/home/russell/sim_ws/src/wall_follow', 'symlink_install': False, 'test_result_base': None}
[0.461s] INFO:colcon.colcon_core.executor:Executing jobs using 'parallel' executor
[0.462s] DEBUG:colcon.colcon_parallel_executor.executor.parallel:run_until_complete
[0.463s] INFO:colcon.colcon_ros.task.ament_python.build:Building ROS package in '/home/russell/sim_ws/src/arbiter' with build type 'ament_python'
[0.463s] Level 1:colcon.colcon_core.shell:create_environment_hook('arbiter', 'ament_prefix_path')
[0.467s] INFO:colcon.colcon_core.plugin_system:Skipping extension 'colcon_core.shell.bat': Not used on non-Windows systems
[0.467s] INFO:colcon.colcon_core.shell:Creating environment hook '/home/russell/sim_ws/install/arbiter/share/arbiter/hook/ament_prefix_path.ps1'
[0.469s] INFO:colcon.colcon_core.shell:Creating environment descriptor '/home/russell/sim_ws/install/arbiter/share/arbiter/hook/ament_prefix_path.dsv'
[0.474s] INFO:colcon.colcon_core.shell:Creating environment hook '/home/russell/sim_ws/install/arbiter/share/arbiter/hook/ament_prefix_path.sh'
[0.480s] INFO:colcon.colcon_core.shell:Skip shell extension 'powershell' for command environment: Not usable outside of PowerShell
[0.480s] DEBUG:colcon.colcon_core.shell:Skip shell extension 'dsv' for command environment
[0.497s] INFO:colcon.colcon_ros.task.ament_python.build:Building ROS package in '/home/russell/sim_ws/src/data_collector' with build type 'ament_python'
[0.499s] Level 1:colcon.colcon_core.shell:create_environment_hook('data_collector', 'ament_prefix_path')
[0.500s] INFO:colcon.colcon_core.shell:Creating environment hook '/home/russell/sim_ws/install/data_collector/share/data_collector/hook/ament_prefix_path.ps1'
[0.502s] INFO:colcon.colcon_core.shell:Creating environment descriptor '/home/russell/sim_ws/install/data_collector/share/data_collector/hook/ament_prefix_path.dsv'
[0.503s] INFO:colcon.colcon_core.shell:Creating environment hook '/home/russell/sim_ws/install/data_collector/share/data_collector/hook/ament_prefix_path.sh'
[0.507s] INFO:colcon.colcon_core.shell:Skip shell extension 'powershell' for command environment: Not usable outside of PowerShell
[0.507s] DEBUG:colcon.colcon_core.shell:Skip shell extension 'dsv' for command environment
[0.527s] INFO:colcon.colcon_ros.task.ament_python.build:Building ROS package in '/home/russell/sim_ws/src/f1tenth_gym_ros' with build type 'ament_python'
[0.528s] Level 1:colcon.colcon_core.shell:create_environment_hook('f1tenth_gym_ros', 'ament_prefix_path')
[0.529s] INFO:colcon.colcon_core.shell:Creating environment hook '/home/russell/sim_ws/install/f1tenth_gym_ros/share/f1tenth_gym_ros/hook/ament_prefix_path.ps1'
[0.530s] INFO:colcon.colcon_core.shell:Creating environment descriptor '/home/russell/sim_ws/install/f1tenth_gym_ros/share/f1tenth_gym_ros/hook/ament_prefix_path.dsv'
[0.531s] INFO:colcon.colcon_core.shell:Creating environment hook '/home/russell/sim_ws/install/f1tenth_gym_ros/share/f1tenth_gym_ros/hook/ament_prefix_path.sh'
[0.531s] INFO:colcon.colcon_core.shell:Skip shell extension 'powershell' for command environment: Not usable outside of PowerShell
[0.532s] DEBUG:colcon.colcon_core.shell:Skip shell extension 'dsv' for command environment
[0.873s] INFO:colcon.colcon_core.task.python.build:Building Python package in '/home/russell/sim_ws/src/arbiter'
[0.873s] INFO:colcon.colcon_core.shell:Skip shell extension 'powershell' for command environment: Not usable outside of PowerShell
[0.873s] DEBUG:colcon.colcon_core.shell:Skip shell extension 'dsv' for command environment
[1.172s] INFO:colcon.colcon_core.task.python.build:Building Python package in '/home/russell/sim_ws/src/data_collector'
[1.173s] INFO:colcon.colcon_core.shell:Skip shell extension 'powershell' for command environment: Not usable outside of PowerShell
[1.173s] DEBUG:colcon.colcon_core.shell:Skip shell extension 'dsv' for command environment
[1.428s] INFO:colcon.colcon_core.task.python.build:Building Python package in '/home/russell/sim_ws/src/f1tenth_gym_ros'
[1.429s] INFO:colcon.colcon_core.shell:Skip shell extension 'powershell' for command environment: Not usable outside of PowerShell
[1.429s] DEBUG:colcon.colcon_core.shell:Skip shell extension 'dsv' for command environment
[2.078s] DEBUG:colcon.colcon_core.event_handler.log_command:Invoking command in '/home/russell/sim_ws/src/data_collector': PYTHONPATH=/home/russell/sim_ws/build/data_collector/prefix_override:/usr/lib/python3/dist-packages/colcon_core/task/python/colcon_distutils_commands:/home/russell/sim_ws/install/data_collector/lib/python3.8/site-packages:${PYTHONPATH} /usr/bin/python3 -W ignore:setup.py install is deprecated -W ignore:easy_install command is deprecated setup.py egg_info --egg-base ../../build/data_collector build --build-base /home/russell/sim_ws/build/data_collector/build install --record /home/russell/sim_ws/build/data_collector/install.log --install-scripts $base/lib/data_collector --single-version-externally-managed install_data
[2.092s] DEBUG:colcon.colcon_core.event_handler.log_command:Invoking command in '/home/russell/sim_ws/src/f1tenth_gym_ros': PYTHONPATH=/home/russell/sim_ws/build/f1tenth_gym_ros/prefix_override:/usr/lib/python3/dist-packages/colcon_core/task/python/colcon_distutils_commands:/home/russell/sim_ws/install/f1tenth_gym_ros/lib/python3.8/site-packages:${PYTHONPATH} /usr/bin/python3 -W ignore:setup.py install is deprecated -W ignore:easy_install command is deprecated setup.py egg_info --egg-base ../../build/f1tenth_gym_ros build --build-base /home/russell/sim_ws/build/f1tenth_gym_ros/build install --record /home/russell/sim_ws/build/f1tenth_gym_ros/install.log --single-version-externally-managed install_data
[2.118s] DEBUG:colcon.colcon_core.event_handler.log_command:Invoking command in '/home/russell/sim_ws/src/arbiter': PYTHONPATH=/home/russell/sim_ws/build/arbiter/prefix_override:/usr/lib/python3/dist-packages/colcon_core/task/python/colcon_distutils_commands:/home/russell/sim_ws/install/arbiter/lib/python3.8/site-packages:${PYTHONPATH} /usr/bin/python3 -W ignore:setup.py install is deprecated -W ignore:easy_install command is deprecated setup.py egg_info --egg-base ../../build/arbiter build --build-base /home/russell/sim_ws/build/arbiter/build install --record /home/russell/sim_ws/build/arbiter/install.log --install-scripts $base/lib/arbiter --single-version-externally-managed install_data
[2.481s] DEBUG:colcon.colcon_core.event_handler.log_command:Invoked command in '/home/russell/sim_ws/src/data_collector' returned '0': PYTHONPATH=/home/russell/sim_ws/build/data_collector/prefix_override:/usr/lib/python3/dist-packages/colcon_core/task/python/colcon_distutils_commands:/home/russell/sim_ws/install/data_collector/lib/python3.8/site-packages:${PYTHONPATH} /usr/bin/python3 -W ignore:setup.py install is deprecated -W ignore:easy_install command is deprecated setup.py egg_info --egg-base ../../build/data_collector build --build-base /home/russell/sim_ws/build/data_collector/build install --record /home/russell/sim_ws/build/data_collector/install.log --install-scripts $base/lib/data_collector --single-version-externally-managed install_data
[2.481s] Level 1:colcon.colcon_core.environment:checking '/home/russell/sim_ws/install/data_collector' for CMake module files
[2.484s] Level 1:colcon.colcon_core.environment:checking '/home/russell/sim_ws/install/data_collector' for CMake config files
[2.485s] Level 1:colcon.colcon_core.environment:checking '/home/russell/sim_ws/install/data_collector/lib'
[2.485s] Level 1:colcon.colcon_core.environment:checking '/home/russell/sim_ws/install/data_collector/bin'
[2.486s] Level 1:colcon.colcon_core.environment:checking '/home/russell/sim_ws/install/data_collector/lib/pkgconfig/data_collector.pc'
[2.487s] Level 1:colcon.colcon_core.environment:checking '/home/russell/sim_ws/install/data_collector/lib/python3.8/site-packages'
[2.489s] Level 1:colcon.colcon_core.shell:create_environment_hook('data_collector', 'pythonpath')
[2.489s] INFO:colcon.colcon_core.shell:Creating environment hook '/home/russell/sim_ws/install/data_collector/share/data_collector/hook/pythonpath.ps1'
[2.490s] INFO:colcon.colcon_core.shell:Creating environment descriptor '/home/russell/sim_ws/install/data_collector/share/data_collector/hook/pythonpath.dsv'
[2.491s] INFO:colcon.colcon_core.shell:Creating environment hook '/home/russell/sim_ws/install/data_collector/share/data_collector/hook/pythonpath.sh'
[2.495s] Level 1:colcon.colcon_core.environment:checking '/home/russell/sim_ws/install/data_collector/bin'
[2.495s] Level 1:colcon.colcon_core.environment:create_environment_scripts_only(data_collector)
[2.496s] INFO:colcon.colcon_core.shell:Creating package script '/home/russell/sim_ws/install/data_collector/share/data_collector/package.ps1'
[2.497s] INFO:colcon.colcon_core.shell:Creating package descriptor '/home/russell/sim_ws/install/data_collector/share/data_collector/package.dsv'
[2.502s] INFO:colcon.colcon_core.shell:Creating package script '/home/russell/sim_ws/install/data_collector/share/data_collector/package.sh'
[2.504s] INFO:colcon.colcon_core.shell:Creating package script '/home/russell/sim_ws/install/data_collector/share/data_collector/package.bash'
[2.506s] INFO:colcon.colcon_core.shell:Creating package script '/home/russell/sim_ws/install/data_collector/share/data_collector/package.zsh'
[2.513s] Level 1:colcon.colcon_core.environment:create_file_with_runtime_dependencies(/home/russell/sim_ws/install/data_collector/share/colcon-core/packages/data_collector)
[2.522s] INFO:colcon.colcon_ros.task.ament_cmake.build:Building ROS package in '/home/russell/sim_ws/src/gap_follow' with build type 'ament_cmake'
[2.523s] INFO:colcon.colcon_cmake.task.cmake.build:Building CMake package in '/home/russell/sim_ws/src/gap_follow'
[2.524s] INFO:colcon.colcon_core.shell:Skip shell extension 'powershell' for command environment: Not usable outside of PowerShell
[2.524s] DEBUG:colcon.colcon_core.shell:Skip shell extension 'dsv' for command environment
[2.578s] DEBUG:colcon.colcon_core.event_handler.log_command:Invoking command in '/home/russell/sim_ws/build/gap_follow': CMAKE_PREFIX_PATH=${CMAKE_PREFIX_PATH}:/home/russell/sim_ws/install/mlp_controller:/home/russell/sim_ws/install/f1tenth_gym_ros:/home/russell/sim_ws/install/data_collector:/home/russell/sim_ws/install/arbiter:/opt/ros/foxy /usr/bin/cmake --build /home/russell/sim_ws/build/gap_follow -- -j3 -l3
[2.695s] Level 1:colcon.colcon_core.environment:checking '/home/russell/sim_ws/install/arbiter' for CMake module files
[2.696s] DEBUG:colcon.colcon_core.event_handler.log_command:Invoked command in '/home/russell/sim_ws/src/arbiter' returned '0': PYTHONPATH=/home/russell/sim_ws/build/arbiter/prefix_override:/usr/lib/python3/dist-packages/colcon_core/task/python/colcon_distutils_commands:/home/russell/sim_ws/install/arbiter/lib/python3.8/site-packages:${PYTHONPATH} /usr/bin/python3 -W ignore:setup.py install is deprecated -W ignore:easy_install command is deprecated setup.py egg_info --egg-base ../../build/arbiter build --build-base /home/russell/sim_ws/build/arbiter/build install --record /home/russell/sim_ws/build/arbiter/install.log --install-scripts $base/lib/arbiter --single-version-externally-managed install_data
[2.699s] Level 1:colcon.colcon_core.environment:checking '/home/russell/sim_ws/install/arbiter' for CMake config files
[2.702s] Level 1:colcon.colcon_core.environment:checking '/home/russell/sim_ws/install/arbiter/lib'
[2.710s] Level 1:colcon.colcon_core.environment:checking '/home/russell/sim_ws/install/arbiter/bin'
[2.710s] Level 1:colcon.colcon_core.environment:checking '/home/russell/sim_ws/install/arbiter/lib/pkgconfig/arbiter.pc'
[2.710s] Level 1:colcon.colcon_core.environment:checking '/home/russell/sim_ws/install/arbiter/lib/python3.8/site-packages'
[2.711s] Level 1:colcon.colcon_core.shell:create_environment_hook('arbiter', 'pythonpath')
[2.711s] INFO:colcon.colcon_core.shell:Creating environment hook '/home/russell/sim_ws/install/arbiter/share/arbiter/hook/pythonpath.ps1'
[2.712s] INFO:colcon.colcon_core.shell:Creating environment descriptor '/home/russell/sim_ws/install/arbiter/share/arbiter/hook/pythonpath.dsv'
[2.713s] INFO:colcon.colcon_core.shell:Creating environment hook '/home/russell/sim_ws/install/arbiter/share/arbiter/hook/pythonpath.sh'
[2.714s] Level 1:colcon.colcon_core.environment:checking '/home/russell/sim_ws/install/arbiter/bin'
[2.716s] Level 1:colcon.colcon_core.environment:create_environment_scripts_only(arbiter)
[2.719s] INFO:colcon.colcon_core.shell:Creating package script '/home/russell/sim_ws/install/arbiter/share/arbiter/package.ps1'
[2.720s] INFO:colcon.colcon_core.shell:Creating package descriptor '/home/russell/sim_ws/install/arbiter/share/arbiter/package.dsv'
[2.721s] INFO:colcon.colcon_core.shell:Creating package script '/home/russell/sim_ws/install/arbiter/share/arbiter/package.sh'
[2.723s] INFO:colcon.colcon_core.shell:Creating package script '/home/russell/sim_ws/install/arbiter/share/arbiter/package.bash'
[2.724s] INFO:colcon.colcon_core.shell:Creating package script '/home/russell/sim_ws/install/arbiter/share/arbiter/package.zsh'
[2.725s] Level 1:colcon.colcon_core.environment:create_file_with_runtime_dependencies(/home/russell/sim_ws/install/arbiter/share/colcon-core/packages/arbiter)
[2.727s] INFO:colcon.colcon_ros.task.ament_python.build:Building ROS package in '/home/russell/sim_ws/src/mlp_controller' with build type 'ament_python'
[2.727s] Level 1:colcon.colcon_core.shell:create_environment_hook('mlp_controller', 'ament_prefix_path')
[2.727s] INFO:colcon.colcon_core.shell:Creating environment hook '/home/russell/sim_ws/install/mlp_controller/share/mlp_controller/hook/ament_prefix_path.ps1'
[2.728s] INFO:colcon.colcon_core.shell:Creating environment descriptor '/home/russell/sim_ws/install/mlp_controller/share/mlp_controller/hook/ament_prefix_path.dsv'
[2.729s] INFO:colcon.colcon_core.shell:Creating environment hook '/home/russell/sim_ws/install/mlp_controller/share/mlp_controller/hook/ament_prefix_path.sh'
[2.732s] INFO:colcon.colcon_core.shell:Skip shell extension 'powershell' for command environment: Not usable outside of PowerShell
[2.732s] DEBUG:colcon.colcon_core.shell:Skip shell extension 'dsv' for command environment
[2.746s] DEBUG:colcon.colcon_core.event_handler.log_command:Invoked command in '/home/russell/sim_ws/build/gap_follow' returned '0': CMAKE_PREFIX_PATH=${CMAKE_PREFIX_PATH}:/home/russell/sim_ws/install/mlp_controller:/home/russell/sim_ws/install/f1tenth_gym_ros:/home/russell/sim_ws/install/data_collector:/home/russell/sim_ws/install/arbiter:/opt/ros/foxy /usr/bin/cmake --build /home/russell/sim_ws/build/gap_follow -- -j3 -l3
[2.768s] DEBUG:colcon.colcon_core.event_handler.log_command:Invoking command in '/home/russell/sim_ws/build/gap_follow': CMAKE_PREFIX_PATH=${CMAKE_PREFIX_PATH}:/home/russell/sim_ws/install/mlp_controller:/home/russell/sim_ws/install/f1tenth_gym_ros:/home/russell/sim_ws/install/data_collector:/home/russell/sim_ws/install/arbiter:/opt/ros/foxy /usr/bin/cmake --install /home/russell/sim_ws/build/gap_follow
[3.024s] INFO:colcon.colcon_core.task.python.build:Building Python package in '/home/russell/sim_ws/src/mlp_controller'
[3.025s] INFO:colcon.colcon_core.shell:Skip shell extension 'powershell' for command environment: Not usable outside of PowerShell
[3.025s] DEBUG:colcon.colcon_core.shell:Skip shell extension 'dsv' for command environment
[3.032s] Level 1:colcon.colcon_core.environment:checking '/home/russell/sim_ws/install/f1tenth_gym_ros' for CMake module files
[3.033s] DEBUG:colcon.colcon_core.event_handler.log_command:Invoked command in '/home/russell/sim_ws/src/f1tenth_gym_ros' returned '0': PYTHONPATH=/home/russell/sim_ws/build/f1tenth_gym_ros/prefix_override:/usr/lib/python3/dist-packages/colcon_core/task/python/colcon_distutils_commands:/home/russell/sim_ws/install/f1tenth_gym_ros/lib/python3.8/site-packages:${PYTHONPATH} /usr/bin/python3 -W ignore:setup.py install is deprecated -W ignore:easy_install command is deprecated setup.py egg_info --egg-base ../../build/f1tenth_gym_ros build --build-base /home/russell/sim_ws/build/f1tenth_gym_ros/build install --record /home/russell/sim_ws/build/f1tenth_gym_ros/install.log --single-version-externally-managed install_data
[3.034s] Level 1:colcon.colcon_core.environment:checking '/home/russell/sim_ws/install/f1tenth_gym_ros' for CMake config files
[3.034s] Level 1:colcon.colcon_core.environment:checking '/home/russell/sim_ws/install/f1tenth_gym_ros/lib'
[3.034s] Level 1:colcon.colcon_core.environment:checking '/home/russell/sim_ws/install/f1tenth_gym_ros/bin'
[3.035s] Level 1:colcon.colcon_core.environment:checking '/home/russell/sim_ws/install/f1tenth_gym_ros/lib/pkgconfig/f1tenth_gym_ros.pc'
[3.035s] Level 1:colcon.colcon_core.environment:checking '/home/russell/sim_ws/install/f1tenth_gym_ros/lib/python3.8/site-packages'
[3.035s] Level 1:colcon.colcon_core.shell:create_environment_hook('f1tenth_gym_ros', 'pythonpath')
[3.035s] INFO:colcon.colcon_core.shell:Creating environment hook '/home/russell/sim_ws/install/f1tenth_gym_ros/share/f1tenth_gym_ros/hook/pythonpath.ps1'
[3.036s] INFO:colcon.colcon_core.shell:Creating environment descriptor '/home/russell/sim_ws/install/f1tenth_gym_ros/share/f1tenth_gym_ros/hook/pythonpath.dsv'
[3.037s] INFO:colcon.colcon_core.shell:Creating environment hook '/home/russell/sim_ws/install/f1tenth_gym_ros/share/f1tenth_gym_ros/hook/pythonpath.sh'
[3.038s] Level 1:colcon.colcon_core.environment:checking '/home/russell/sim_ws/install/f1tenth_gym_ros/bin'
[3.038s] Level 1:colcon.colcon_core.environment:create_environment_scripts_only(f1tenth_gym_ros)
[3.039s] INFO:colcon.colcon_core.shell:Creating package script '/home/russell/sim_ws/install/f1tenth_gym_ros/share/f1tenth_gym_ros/package.ps1'
[3.040s] INFO:colcon.colcon_core.shell:Creating package descriptor '/home/russell/sim_ws/install/f1tenth_gym_ros/share/f1tenth_gym_ros/package.dsv'
[3.041s] INFO:colcon.colcon_core.shell:Creating package script '/home/russell/sim_ws/install/f1tenth_gym_ros/share/f1tenth_gym_ros/package.sh'
[3.042s] INFO:colcon.colcon_core.shell:Creating package script '/home/russell/sim_ws/install/f1tenth_gym_ros/share/f1tenth_gym_ros/package.bash'
[3.043s] INFO:colcon.colcon_core.shell:Creating package script '/home/russell/sim_ws/install/f1tenth_gym_ros/share/f1tenth_gym_ros/package.zsh'
[3.043s] Level 1:colcon.colcon_core.environment:create_file_with_runtime_dependencies(/home/russell/sim_ws/install/f1tenth_gym_ros/share/colcon-core/packages/f1tenth_gym_ros)
[3.044s] INFO:colcon.colcon_ros.task.ament_cmake.build:Building ROS package in '/home/russell/sim_ws/src/safety_node' with build type 'ament_cmake'
[3.045s] INFO:colcon.colcon_cmake.task.cmake.build:Building CMake package in '/home/russell/sim_ws/src/safety_node'
[3.045s] INFO:colcon.colcon_core.shell:Skip shell extension 'powershell' for command environment: Not usable outside of PowerShell
[3.045s] DEBUG:colcon.colcon_core.shell:Skip shell extension 'dsv' for command environment
[3.054s] Level 1:colcon.colcon_core.environment:create_environment_scripts_only(gap_follow)
[3.055s] Level 1:colcon.colcon_core.environment:checking '/home/russell/sim_ws/install/gap_follow' for CMake module files
[3.054s] DEBUG:colcon.colcon_core.event_handler.log_command:Invoked command in '/home/russell/sim_ws/build/gap_follow' returned '0': CMAKE_PREFIX_PATH=${CMAKE_PREFIX_PATH}:/home/russell/sim_ws/install/mlp_controller:/home/russell/sim_ws/install/f1tenth_gym_ros:/home/russell/sim_ws/install/data_collector:/home/russell/sim_ws/install/arbiter:/opt/ros/foxy /usr/bin/cmake --install /home/russell/sim_ws/build/gap_follow
[3.056s] Level 1:colcon.colcon_core.environment:checking '/home/russell/sim_ws/install/gap_follow' for CMake config files
[3.056s] Level 1:colcon.colcon_core.shell:create_environment_hook('gap_follow', 'cmake_prefix_path')
[3.057s] INFO:colcon.colcon_core.shell:Creating environment hook '/home/russell/sim_ws/install/gap_follow/share/gap_follow/hook/cmake_prefix_path.ps1'
[3.057s] INFO:colcon.colcon_core.shell:Creating environment descriptor '/home/russell/sim_ws/install/gap_follow/share/gap_follow/hook/cmake_prefix_path.dsv'
[3.059s] INFO:colcon.colcon_core.shell:Creating environment hook '/home/russell/sim_ws/install/gap_follow/share/gap_follow/hook/cmake_prefix_path.sh'
[3.060s] Level 1:colcon.colcon_core.environment:checking '/home/russell/sim_ws/install/gap_follow/lib'
[3.060s] Level 1:colcon.colcon_core.environment:checking '/home/russell/sim_ws/install/gap_follow/bin'
[3.060s] Level 1:colcon.colcon_core.environment:checking '/home/russell/sim_ws/install/gap_follow/lib/pkgconfig/gap_follow.pc'
[3.060s] Level 1:colcon.colcon_core.environment:checking '/home/russell/sim_ws/install/gap_follow/lib/python3.8/site-packages'
[3.060s] Level 1:colcon.colcon_core.shell:create_environment_hook('gap_follow', 'pythonpath')
[3.061s] INFO:colcon.colcon_core.shell:Creating environment hook '/home/russell/sim_ws/install/gap_follow/share/gap_follow/hook/pythonpath.ps1'
[3.061s] INFO:colcon.colcon_core.shell:Creating environment descriptor '/home/russell/sim_ws/install/gap_follow/share/gap_follow/hook/pythonpath.dsv'
[3.062s] INFO:colcon.colcon_core.shell:Creating environment hook '/home/russell/sim_ws/install/gap_follow/share/gap_follow/hook/pythonpath.sh'
[3.063s] Level 1:colcon.colcon_core.environment:checking '/home/russell/sim_ws/install/gap_follow/bin'
[3.064s] INFO:colcon.colcon_core.shell:Creating package script '/home/russell/sim_ws/install/gap_follow/share/gap_follow/package.ps1'
[3.065s] INFO:colcon.colcon_core.shell:Creating package descriptor '/home/russell/sim_ws/install/gap_follow/share/gap_follow/package.dsv'
[3.066s] INFO:colcon.colcon_core.shell:Creating package script '/home/russell/sim_ws/install/gap_follow/share/gap_follow/package.sh'
[3.067s] INFO:colcon.colcon_core.shell:Creating package script '/home/russell/sim_ws/install/gap_follow/share/gap_follow/package.bash'
[3.067s] INFO:colcon.colcon_core.shell:Creating package script '/home/russell/sim_ws/install/gap_follow/share/gap_follow/package.zsh'
[3.069s] Level 1:colcon.colcon_core.environment:create_file_with_runtime_dependencies(/home/russell/sim_ws/install/gap_follow/share/colcon-core/packages/gap_follow)
[3.070s] Level 1:colcon.colcon_core.environment:create_environment_scripts_only(gap_follow)
[3.071s] Level 1:colcon.colcon_core.environment:checking '/home/russell/sim_ws/install/gap_follow' for CMake module files
[3.071s] Level 1:colcon.colcon_core.environment:checking '/home/russell/sim_ws/install/gap_follow' for CMake config files
[3.071s] Level 1:colcon.colcon_core.shell:create_environment_hook('gap_follow', 'cmake_prefix_path')
[3.071s] INFO:colcon.colcon_core.shell:Creating environment hook '/home/russell/sim_ws/install/gap_follow/share/gap_follow/hook/cmake_prefix_path.ps1'
[3.072s] INFO:colcon.colcon_core.shell:Creating environment descriptor '/home/russell/sim_ws/install/gap_follow/share/gap_follow/hook/cmake_prefix_path.dsv'
[3.073s] INFO:colcon.colcon_core.shell:Creating environment hook '/home/russell/sim_ws/install/gap_follow/share/gap_follow/hook/cmake_prefix_path.sh'
[3.074s] Level 1:colcon.colcon_core.environment:checking '/home/russell/sim_ws/install/gap_follow/lib'
[3.074s] Level 1:colcon.colcon_core.environment:checking '/home/russell/sim_ws/install/gap_follow/bin'
[3.075s] Level 1:colcon.colcon_core.environment:checking '/home/russell/sim_ws/install/gap_follow/lib/pkgconfig/gap_follow.pc'
[3.075s] Level 1:colcon.colcon_core.environment:checking '/home/russell/sim_ws/install/gap_follow/lib/python3.8/site-packages'
[3.075s] Level 1:colcon.colcon_core.shell:create_environment_hook('gap_follow', 'pythonpath')
[3.075s] INFO:colcon.colcon_core.shell:Creating environment hook '/home/russell/sim_ws/install/gap_follow/share/gap_follow/hook/pythonpath.ps1'
[3.076s] INFO:colcon.colcon_core.shell:Creating environment descriptor '/home/russell/sim_ws/install/gap_follow/share/gap_follow/hook/pythonpath.dsv'
[3.076s] INFO:colcon.colcon_core.shell:Creating environment hook '/home/russell/sim_ws/install/gap_follow/share/gap_follow/hook/pythonpath.sh'
[3.077s] Level 1:colcon.colcon_core.environment:checking '/home/russell/sim_ws/install/gap_follow/bin'
[3.078s] INFO:colcon.colcon_core.shell:Creating package script '/home/russell/sim_ws/install/gap_follow/share/gap_follow/package.ps1'
[3.079s] INFO:colcon.colcon_core.shell:Creating package descriptor '/home/russell/sim_ws/install/gap_follow/share/gap_follow/package.dsv'
[3.079s] INFO:colcon.colcon_core.shell:Creating package script '/home/russell/sim_ws/install/gap_follow/share/gap_follow/package.sh'
[3.080s] INFO:colcon.colcon_core.shell:Creating package script '/home/russell/sim_ws/install/gap_follow/share/gap_follow/package.bash'
[3.081s] INFO:colcon.colcon_core.shell:Creating package script '/home/russell/sim_ws/install/gap_follow/share/gap_follow/package.zsh'
[3.082s] Level 1:colcon.colcon_core.environment:create_file_with_runtime_dependencies(/home/russell/sim_ws/install/gap_follow/share/colcon-core/packages/gap_follow)
[3.084s] INFO:colcon.colcon_ros.task.ament_cmake.build:Building ROS package in '/home/russell/sim_ws/src/wall_follow' with build type 'ament_cmake'
[3.084s] INFO:colcon.colcon_cmake.task.cmake.build:Building CMake package in '/home/russell/sim_ws/src/wall_follow'
[3.085s] INFO:colcon.colcon_core.shell:Skip shell extension 'powershell' for command environment: Not usable outside of PowerShell
[3.085s] DEBUG:colcon.colcon_core.shell:Skip shell extension 'dsv' for command environment
[3.116s] DEBUG:colcon.colcon_core.event_handler.log_command:Invoking command in '/home/russell/sim_ws/build/safety_node': CMAKE_PREFIX_PATH=${CMAKE_PREFIX_PATH}:/home/russell/sim_ws/install/mlp_controller:/home/russell/sim_ws/install/f1tenth_gym_ros:/home/russell/sim_ws/install/data_collector:/home/russell/sim_ws/install/arbiter:/opt/ros/foxy /usr/bin/cmake --build /home/russell/sim_ws/build/safety_node -- -j3 -l3
[3.133s] DEBUG:colcon.colcon_core.event_handler.log_command:Invoking command in '/home/russell/sim_ws/build/wall_follow': CMAKE_PREFIX_PATH=${CMAKE_PREFIX_PATH}:/home/russell/sim_ws/install/mlp_controller:/home/russell/sim_ws/install/f1tenth_gym_ros:/home/russell/sim_ws/install/data_collector:/home/russell/sim_ws/install/arbiter:/opt/ros/foxy /usr/bin/cmake --build /home/russell/sim_ws/build/wall_follow -- -j3 -l3
[3.364s] DEBUG:colcon.colcon_core.event_handler.log_command:Invoked command in '/home/russell/sim_ws/build/wall_follow' returned '0': CMAKE_PREFIX_PATH=${CMAKE_PREFIX_PATH}:/home/russell/sim_ws/install/mlp_controller:/home/russell/sim_ws/install/f1tenth_gym_ros:/home/russell/sim_ws/install/data_collector:/home/russell/sim_ws/install/arbiter:/opt/ros/foxy /usr/bin/cmake --build /home/russell/sim_ws/build/wall_follow -- -j3 -l3
[3.364s] DEBUG:colcon.colcon_core.event_handler.log_command:Invoking command in '/home/russell/sim_ws/build/wall_follow': CMAKE_PREFIX_PATH=${CMAKE_PREFIX_PATH}:/home/russell/sim_ws/install/mlp_controller:/home/russell/sim_ws/install/f1tenth_gym_ros:/home/russell/sim_ws/install/data_collector:/home/russell/sim_ws/install/arbiter:/opt/ros/foxy /usr/bin/cmake --install /home/russell/sim_ws/build/wall_follow
[3.377s] DEBUG:colcon.colcon_core.event_handler.log_command:Invoked command in '/home/russell/sim_ws/build/safety_node' returned '0': CMAKE_PREFIX_PATH=${CMAKE_PREFIX_PATH}:/home/russell/sim_ws/install/mlp_controller:/home/russell/sim_ws/install/f1tenth_gym_ros:/home/russell/sim_ws/install/data_collector:/home/russell/sim_ws/install/arbiter:/opt/ros/foxy /usr/bin/cmake --build /home/russell/sim_ws/build/safety_node -- -j3 -l3
[3.381s] DEBUG:colcon.colcon_core.event_handler.log_command:Invoking command in '/home/russell/sim_ws/build/safety_node': CMAKE_PREFIX_PATH=${CMAKE_PREFIX_PATH}:/home/russell/sim_ws/install/mlp_controller:/home/russell/sim_ws/install/f1tenth_gym_ros:/home/russell/sim_ws/install/data_collector:/home/russell/sim_ws/install/arbiter:/opt/ros/foxy /usr/bin/cmake --install /home/russell/sim_ws/build/safety_node
[3.489s] Level 1:colcon.colcon_core.environment:create_environment_scripts_only(wall_follow)
[3.492s] Level 1:colcon.colcon_core.environment:checking '/home/russell/sim_ws/install/wall_follow' for CMake module files
[3.493s] Level 1:colcon.colcon_core.environment:checking '/home/russell/sim_ws/install/wall_follow' for CMake config files
[3.494s] Level 1:colcon.colcon_core.shell:create_environment_hook('wall_follow', 'cmake_prefix_path')
[3.494s] INFO:colcon.colcon_core.shell:Creating environment hook '/home/russell/sim_ws/install/wall_follow/share/wall_follow/hook/cmake_prefix_path.ps1'
[3.495s] INFO:colcon.colcon_core.shell:Creating environment descriptor '/home/russell/sim_ws/install/wall_follow/share/wall_follow/hook/cmake_prefix_path.dsv'
[3.497s] DEBUG:colcon.colcon_core.event_handler.log_command:Invoked command in '/home/russell/sim_ws/build/wall_follow' returned '0': CMAKE_PREFIX_PATH=${CMAKE_PREFIX_PATH}:/home/russell/sim_ws/install/mlp_controller:/home/russell/sim_ws/install/f1tenth_gym_ros:/home/russell/sim_ws/install/data_collector:/home/russell/sim_ws/install/arbiter:/opt/ros/foxy /usr/bin/cmake --install /home/russell/sim_ws/build/wall_follow
[3.508s] INFO:colcon.colcon_core.shell:Creating environment hook '/home/russell/sim_ws/install/wall_follow/share/wall_follow/hook/cmake_prefix_path.sh'
[3.513s] Level 1:colcon.colcon_core.environment:checking '/home/russell/sim_ws/install/wall_follow/lib'
[3.513s] Level 1:colcon.colcon_core.environment:checking '/home/russell/sim_ws/install/wall_follow/bin'
[3.513s] Level 1:colcon.colcon_core.environment:checking '/home/russell/sim_ws/install/wall_follow/lib/pkgconfig/wall_follow.pc'
[3.514s] Level 1:colcon.colcon_core.environment:checking '/home/russell/sim_ws/install/wall_follow/lib/python3.8/site-packages'
[3.514s] Level 1:colcon.colcon_core.shell:create_environment_hook('wall_follow', 'pythonpath')
[3.514s] INFO:colcon.colcon_core.shell:Creating environment hook '/home/russell/sim_ws/install/wall_follow/share/wall_follow/hook/pythonpath.ps1'
[3.515s] INFO:colcon.colcon_core.shell:Creating environment descriptor '/home/russell/sim_ws/install/wall_follow/share/wall_follow/hook/pythonpath.dsv'
[3.516s] INFO:colcon.colcon_core.shell:Creating environment hook '/home/russell/sim_ws/install/wall_follow/share/wall_follow/hook/pythonpath.sh'
[3.517s] Level 1:colcon.colcon_core.environment:checking '/home/russell/sim_ws/install/wall_follow/bin'
[3.521s] INFO:colcon.colcon_core.shell:Creating package script '/home/russell/sim_ws/install/wall_follow/share/wall_follow/package.ps1'
[3.523s] INFO:colcon.colcon_core.shell:Creating package descriptor '/home/russell/sim_ws/install/wall_follow/share/wall_follow/package.dsv'
[3.524s] INFO:colcon.colcon_core.shell:Creating package script '/home/russell/sim_ws/install/wall_follow/share/wall_follow/package.sh'
[3.525s] INFO:colcon.colcon_core.shell:Creating package script '/home/russell/sim_ws/install/wall_follow/share/wall_follow/package.bash'
[3.529s] INFO:colcon.colcon_core.shell:Creating package script '/home/russell/sim_ws/install/wall_follow/share/wall_follow/package.zsh'
[3.530s] Level 1:colcon.colcon_core.environment:create_file_with_runtime_dependencies(/home/russell/sim_ws/install/wall_follow/share/colcon-core/packages/wall_follow)
[3.532s] Level 1:colcon.colcon_core.environment:create_environment_scripts_only(wall_follow)
[3.532s] Level 1:colcon.colcon_core.environment:checking '/home/russell/sim_ws/install/wall_follow' for CMake module files
[3.545s] Level 1:colcon.colcon_core.environment:checking '/home/russell/sim_ws/install/wall_follow' for CMake config files
[3.545s] Level 1:colcon.colcon_core.shell:create_environment_hook('wall_follow', 'cmake_prefix_path')
[3.545s] INFO:colcon.colcon_core.shell:Creating environment hook '/home/russell/sim_ws/install/wall_follow/share/wall_follow/hook/cmake_prefix_path.ps1'
[3.547s] INFO:colcon.colcon_core.shell:Creating environment descriptor '/home/russell/sim_ws/install/wall_follow/share/wall_follow/hook/cmake_prefix_path.dsv'
[3.548s] INFO:colcon.colcon_core.shell:Creating environment hook '/home/russell/sim_ws/install/wall_follow/share/wall_follow/hook/cmake_prefix_path.sh'
[3.549s] Level 1:colcon.colcon_core.environment:checking '/home/russell/sim_ws/install/wall_follow/lib'
[3.551s] Level 1:colcon.colcon_core.environment:checking '/home/russell/sim_ws/install/wall_follow/bin'
[3.551s] Level 1:colcon.colcon_core.environment:checking '/home/russell/sim_ws/install/wall_follow/lib/pkgconfig/wall_follow.pc'
[3.551s] Level 1:colcon.colcon_core.environment:checking '/home/russell/sim_ws/install/wall_follow/lib/python3.8/site-packages'
[3.551s] Level 1:colcon.colcon_core.shell:create_environment_hook('wall_follow', 'pythonpath')
[3.552s] INFO:colcon.colcon_core.shell:Creating environment hook '/home/russell/sim_ws/install/wall_follow/share/wall_follow/hook/pythonpath.ps1'
[3.552s] INFO:colcon.colcon_core.shell:Creating environment descriptor '/home/russell/sim_ws/install/wall_follow/share/wall_follow/hook/pythonpath.dsv'
[3.553s] INFO:colcon.colcon_core.shell:Creating environment hook '/home/russell/sim_ws/install/wall_follow/share/wall_follow/hook/pythonpath.sh'
[3.554s] Level 1:colcon.colcon_core.environment:checking '/home/russell/sim_ws/install/wall_follow/bin'
[3.555s] INFO:colcon.colcon_core.shell:Creating package script '/home/russell/sim_ws/install/wall_follow/share/wall_follow/package.ps1'
[3.556s] INFO:colcon.colcon_core.shell:Creating package descriptor '/home/russell/sim_ws/install/wall_follow/share/wall_follow/package.dsv'
[3.557s] INFO:colcon.colcon_core.shell:Creating package script '/home/russell/sim_ws/install/wall_follow/share/wall_follow/package.sh'
[3.557s] INFO:colcon.colcon_core.shell:Creating package script '/home/russell/sim_ws/install/wall_follow/share/wall_follow/package.bash'
[3.563s] INFO:colcon.colcon_core.shell:Creating package script '/home/russell/sim_ws/install/wall_follow/share/wall_follow/package.zsh'
[3.564s] Level 1:colcon.colcon_core.environment:create_file_with_runtime_dependencies(/home/russell/sim_ws/install/wall_follow/share/colcon-core/packages/wall_follow)
[3.567s] Level 1:colcon.colcon_core.environment:create_environment_scripts_only(safety_node)
[3.568s] DEBUG:colcon.colcon_core.event_handler.log_command:Invoked command in '/home/russell/sim_ws/build/safety_node' returned '0': CMAKE_PREFIX_PATH=${CMAKE_PREFIX_PATH}:/home/russell/sim_ws/install/mlp_controller:/home/russell/sim_ws/install/f1tenth_gym_ros:/home/russell/sim_ws/install/data_collector:/home/russell/sim_ws/install/arbiter:/opt/ros/foxy /usr/bin/cmake --install /home/russell/sim_ws/build/safety_node
[3.568s] Level 1:colcon.colcon_core.environment:checking '/home/russell/sim_ws/install/safety_node' for CMake module files
[3.569s] Level 1:colcon.colcon_core.environment:checking '/home/russell/sim_ws/install/safety_node' for CMake config files
[3.570s] Level 1:colcon.colcon_core.shell:create_environment_hook('safety_node', 'cmake_prefix_path')
[3.570s] INFO:colcon.colcon_core.shell:Creating environment hook '/home/russell/sim_ws/install/safety_node/share/safety_node/hook/cmake_prefix_path.ps1'
[3.571s] INFO:colcon.colcon_core.shell:Creating environment descriptor '/home/russell/sim_ws/install/safety_node/share/safety_node/hook/cmake_prefix_path.dsv'
[3.572s] INFO:colcon.colcon_core.shell:Creating environment hook '/home/russell/sim_ws/install/safety_node/share/safety_node/hook/cmake_prefix_path.sh'
[3.573s] Level 1:colcon.colcon_core.environment:checking '/home/russell/sim_ws/install/safety_node/lib'
[3.575s] Level 1:colcon.colcon_core.environment:checking '/home/russell/sim_ws/install/safety_node/bin'
[3.576s] Level 1:colcon.colcon_core.environment:checking '/home/russell/sim_ws/install/safety_node/lib/pkgconfig/safety_node.pc'
[3.576s] Level 1:colcon.colcon_core.environment:checking '/home/russell/sim_ws/install/safety_node/lib/python3.8/site-packages'
[3.576s] Level 1:colcon.colcon_core.shell:create_environment_hook('safety_node', 'pythonpath')
[3.577s] INFO:colcon.colcon_core.shell:Creating environment hook '/home/russell/sim_ws/install/safety_node/share/safety_node/hook/pythonpath.ps1'
[3.578s] INFO:colcon.colcon_core.shell:Creating environment descriptor '/home/russell/sim_ws/install/safety_node/share/safety_node/hook/pythonpath.dsv'
[3.579s] INFO:colcon.colcon_core.shell:Creating environment hook '/home/russell/sim_ws/install/safety_node/share/safety_node/hook/pythonpath.sh'
[3.580s] Level 1:colcon.colcon_core.environment:checking '/home/russell/sim_ws/install/safety_node/bin'
[3.581s] INFO:colcon.colcon_core.shell:Creating package script '/home/russell/sim_ws/install/safety_node/share/safety_node/package.ps1'
[3.582s] INFO:colcon.colcon_core.shell:Creating package descriptor '/home/russell/sim_ws/install/safety_node/share/safety_node/package.dsv'
[3.582s] INFO:colcon.colcon_core.shell:Creating package script '/home/russell/sim_ws/install/safety_node/share/safety_node/package.sh'
[3.583s] INFO:colcon.colcon_core.shell:Creating package script '/home/russell/sim_ws/install/safety_node/share/safety_node/package.bash'
[3.585s] INFO:colcon.colcon_core.shell:Creating package script '/home/russell/sim_ws/install/safety_node/share/safety_node/package.zsh'
[3.591s] Level 1:colcon.colcon_core.environment:create_file_with_runtime_dependencies(/home/russell/sim_ws/install/safety_node/share/colcon-core/packages/safety_node)
[3.597s] Level 1:colcon.colcon_core.environment:create_environment_scripts_only(safety_node)
[3.599s] Level 1:colcon.colcon_core.environment:checking '/home/russell/sim_ws/install/safety_node' for CMake module files
[3.599s] Level 1:colcon.colcon_core.environment:checking '/home/russell/sim_ws/install/safety_node' for CMake config files
[3.599s] Level 1:colcon.colcon_core.shell:create_environment_hook('safety_node', 'cmake_prefix_path')
[3.600s] INFO:colcon.colcon_core.shell:Creating environment hook '/home/russell/sim_ws/install/safety_node/share/safety_node/hook/cmake_prefix_path.ps1'
[3.600s] INFO:colcon.colcon_core.shell:Creating environment descriptor '/home/russell/sim_ws/install/safety_node/share/safety_node/hook/cmake_prefix_path.dsv'
[3.601s] INFO:colcon.colcon_core.shell:Creating environment hook '/home/russell/sim_ws/install/safety_node/share/safety_node/hook/cmake_prefix_path.sh'
[3.602s] Level 1:colcon.colcon_core.environment:checking '/home/russell/sim_ws/install/safety_node/lib'
[3.602s] Level 1:colcon.colcon_core.environment:checking '/home/russell/sim_ws/install/safety_node/bin'
[3.602s] Level 1:colcon.colcon_core.environment:checking '/home/russell/sim_ws/install/safety_node/lib/pkgconfig/safety_node.pc'
[3.603s] Level 1:colcon.colcon_core.environment:checking '/home/russell/sim_ws/install/safety_node/lib/python3.8/site-packages'
[3.603s] Level 1:colcon.colcon_core.shell:create_environment_hook('safety_node', 'pythonpath')
[3.603s] INFO:colcon.colcon_core.shell:Creating environment hook '/home/russell/sim_ws/install/safety_node/share/safety_node/hook/pythonpath.ps1'
[3.604s] INFO:colcon.colcon_core.shell:Creating environment descriptor '/home/russell/sim_ws/install/safety_node/share/safety_node/hook/pythonpath.dsv'
[3.605s] INFO:colcon.colcon_core.shell:Creating environment hook '/home/russell/sim_ws/install/safety_node/share/safety_node/hook/pythonpath.sh'
[3.606s] Level 1:colcon.colcon_core.environment:checking '/home/russell/sim_ws/install/safety_node/bin'
[3.608s] INFO:colcon.colcon_core.shell:Creating package script '/home/russell/sim_ws/install/safety_node/share/safety_node/package.ps1'
[3.609s] INFO:colcon.colcon_core.shell:Creating package descriptor '/home/russell/sim_ws/install/safety_node/share/safety_node/package.dsv'
[3.610s] INFO:colcon.colcon_core.shell:Creating package script '/home/russell/sim_ws/install/safety_node/share/safety_node/package.sh'
[3.611s] INFO:colcon.colcon_core.shell:Creating package script '/home/russell/sim_ws/install/safety_node/share/safety_node/package.bash'
[3.612s] INFO:colcon.colcon_core.shell:Creating package script '/home/russell/sim_ws/install/safety_node/share/safety_node/package.zsh'
[3.613s] Level 1:colcon.colcon_core.environment:create_file_with_runtime_dependencies(/home/russell/sim_ws/install/safety_node/share/colcon-core/packages/safety_node)
[3.671s] DEBUG:colcon.colcon_core.event_handler.log_command:Invoking command in '/home/russell/sim_ws/src/mlp_controller': PYTHONPATH=/home/russell/sim_ws/build/mlp_controller/prefix_override:/usr/lib/python3/dist-packages/colcon_core/task/python/colcon_distutils_commands:/home/russell/sim_ws/install/mlp_controller/lib/python3.8/site-packages:${PYTHONPATH} /usr/bin/python3 -W ignore:setup.py install is deprecated -W ignore:easy_install command is deprecated setup.py egg_info --egg-base ../../build/mlp_controller build --build-base /home/russell/sim_ws/build/mlp_controller/build install --record /home/russell/sim_ws/build/mlp_controller/install.log --install-scripts $base/lib/mlp_controller --single-version-externally-managed install_data
[3.976s] Level 1:colcon.colcon_core.environment:checking '/home/russell/sim_ws/install/mlp_controller' for CMake module files
[3.976s] DEBUG:colcon.colcon_core.event_handler.log_command:Invoked command in '/home/russell/sim_ws/src/mlp_controller' returned '0': PYTHONPATH=/home/russell/sim_ws/build/mlp_controller/prefix_override:/usr/lib/python3/dist-packages/colcon_core/task/python/colcon_distutils_commands:/home/russell/sim_ws/install/mlp_controller/lib/python3.8/site-packages:${PYTHONPATH} /usr/bin/python3 -W ignore:setup.py install is deprecated -W ignore:easy_install command is deprecated setup.py egg_info --egg-base ../../build/mlp_controller build --build-base /home/russell/sim_ws/build/mlp_controller/build install --record /home/russell/sim_ws/build/mlp_controller/install.log --install-scripts $base/lib/mlp_controller --single-version-externally-managed install_data
[3.977s] Level 1:colcon.colcon_core.environment:checking '/home/russell/sim_ws/install/mlp_controller' for CMake config files
[3.978s] Level 1:colcon.colcon_core.environment:checking '/home/russell/sim_ws/install/mlp_controller/lib'
[3.978s] Level 1:colcon.colcon_core.environment:checking '/home/russell/sim_ws/install/mlp_controller/bin'
[3.979s] Level 1:colcon.colcon_core.environment:checking '/home/russell/sim_ws/install/mlp_controller/lib/pkgconfig/mlp_controller.pc'
[3.979s] Level 1:colcon.colcon_core.environment:checking '/home/russell/sim_ws/install/mlp_controller/lib/python3.8/site-packages'
[3.979s] Level 1:colcon.colcon_core.shell:create_environment_hook('mlp_controller', 'pythonpath')
[3.980s] INFO:colcon.colcon_core.shell:Creating environment hook '/home/russell/sim_ws/install/mlp_controller/share/mlp_controller/hook/pythonpath.ps1'
[3.982s] INFO:colcon.colcon_core.shell:Creating environment descriptor '/home/russell/sim_ws/install/mlp_controller/share/mlp_controller/hook/pythonpath.dsv'
[3.982s] INFO:colcon.colcon_core.shell:Creating environment hook '/home/russell/sim_ws/install/mlp_controller/share/mlp_controller/hook/pythonpath.sh'
[3.984s] Level 1:colcon.colcon_core.environment:checking '/home/russell/sim_ws/install/mlp_controller/bin'
[3.989s] Level 1:colcon.colcon_core.environment:create_environment_scripts_only(mlp_controller)
[3.990s] INFO:colcon.colcon_core.shell:Creating package script '/home/russell/sim_ws/install/mlp_controller/share/mlp_controller/package.ps1'
[3.991s] INFO:colcon.colcon_core.shell:Creating package descriptor '/home/russell/sim_ws/install/mlp_controller/share/mlp_controller/package.dsv'
[3.991s] INFO:colcon.colcon_core.shell:Creating package script '/home/russell/sim_ws/install/mlp_controller/share/mlp_controller/package.sh'
[3.992s] INFO:colcon.colcon_core.shell:Creating package script '/home/russell/sim_ws/install/mlp_controller/share/mlp_controller/package.bash'
[3.993s] INFO:colcon.colcon_core.shell:Creating package script '/home/russell/sim_ws/install/mlp_controller/share/mlp_controller/package.zsh'
[3.994s] Level 1:colcon.colcon_core.environment:create_file_with_runtime_dependencies(/home/russell/sim_ws/install/mlp_controller/share/colcon-core/packages/mlp_controller)
[3.995s] DEBUG:colcon.colcon_parallel_executor.executor.parallel:closing loop
[4.005s] DEBUG:colcon.colcon_parallel_executor.executor.parallel:loop closed
[4.005s] DEBUG:colcon.colcon_parallel_executor.executor.parallel:run_until_complete finished with '0'
[4.006s] DEBUG:colcon.colcon_core.event_reactor:joining thread
[4.012s] INFO:colcon.colcon_core.plugin_system:Skipping extension 'colcon_notification.desktop_notification.terminal_notifier': Not used on non-Darwin systems
[4.012s] INFO:colcon.colcon_core.plugin_system:Skipping extension 'colcon_notification.desktop_notification.win32': Not used on non-Windows systems
[4.012s] INFO:colcon.colcon_notification.desktop_notification:Sending desktop notification using 'notify2'
[4.033s] DEBUG:colcon.colcon_core.event_reactor:joined thread
[4.034s] INFO:colcon.colcon_core.shell:Creating prefix script '/home/russell/sim_ws/install/local_setup.ps1'
[4.036s] INFO:colcon.colcon_core.shell:Creating prefix util module '/home/russell/sim_ws/install/_local_setup_util_ps1.py'
[4.038s] INFO:colcon.colcon_core.shell:Creating prefix chain script '/home/russell/sim_ws/install/setup.ps1'
[4.039s] INFO:colcon.colcon_core.shell:Creating prefix script '/home/russell/sim_ws/install/local_setup.sh'
[4.042s] INFO:colcon.colcon_core.shell:Creating prefix util module '/home/russell/sim_ws/install/_local_setup_util_sh.py'
[4.043s] INFO:colcon.colcon_core.shell:Creating prefix chain script '/home/russell/sim_ws/install/setup.sh'
[4.044s] INFO:colcon.colcon_core.shell:Creating prefix script '/home/russell/sim_ws/install/local_setup.bash'
[4.045s] INFO:colcon.colcon_core.shell:Creating prefix chain script '/home/russell/sim_ws/install/setup.bash'
[4.046s] INFO:colcon.colcon_core.shell:Creating prefix script '/home/russell/sim_ws/install/local_setup.zsh'
[4.054s] INFO:colcon.colcon_core.shell:Creating prefix chain script '/home/russell/sim_ws/install/setup.zsh'
