[2.506s] Invoking command in '/home/russell/sim_ws/src/arbiter': PYTHONPATH=/home/russell/sim_ws/build/arbiter/prefix_override:/usr/lib/python3/dist-packages/colcon_core/task/python/colcon_distutils_commands:/home/russell/sim_ws/install/arbiter/lib/python3.8/site-packages:${PYTHONPATH} /usr/bin/python3 -W ignore:setup.py install is deprecated -W ignore:easy_install command is deprecated setup.py egg_info --egg-base ../../build/arbiter build --build-base /home/russell/sim_ws/build/arbiter/build install --record /home/russell/sim_ws/build/arbiter/install.log --install-scripts $base/lib/arbiter --single-version-externally-managed install_data
[3.284s] running egg_info
[3.289s] writing ../../build/arbiter/arbiter.egg-info/PKG-INFO
[3.304s] writing dependency_links to ../../build/arbiter/arbiter.egg-info/dependency_links.txt
[3.304s] writing entry points to ../../build/arbiter/arbiter.egg-info/entry_points.txt
[3.313s] writing requirements to ../../build/arbiter/arbiter.egg-info/requires.txt
[3.314s] writing top-level names to ../../build/arbiter/arbiter.egg-info/top_level.txt
[3.412s] reading manifest file '../../build/arbiter/arbiter.egg-info/SOURCES.txt'
[3.425s] writing manifest file '../../build/arbiter/arbiter.egg-info/SOURCES.txt'
[3.425s] running build
[3.426s] running build_py
[3.426s] running install
[3.427s] running install_lib
[3.435s] running install_data
[3.435s] running install_egg_info
[3.447s] removing '/home/russell/sim_ws/install/arbiter/lib/python3.8/site-packages/arbiter-0.0.0-py3.8.egg-info' (and everything under it)
[3.511s] Copying ../../build/arbiter/arbiter.egg-info to /home/russell/sim_ws/install/arbiter/lib/python3.8/site-packages/arbiter-0.0.0-py3.8.egg-info
[3.534s] running install_scripts
[3.581s] Installing arb_node script to /home/russell/sim_ws/install/arbiter/lib/arbiter
[3.596s] writing list of installed files to '/home/russell/sim_ws/build/arbiter/install.log'
[3.680s] Invoked command in '/home/russell/sim_ws/src/arbiter' returned '0': PYTHONPATH=/home/russell/sim_ws/build/arbiter/prefix_override:/usr/lib/python3/dist-packages/colcon_core/task/python/colcon_distutils_commands:/home/russell/sim_ws/install/arbiter/lib/python3.8/site-packages:${PYTHONPATH} /usr/bin/python3 -W ignore:setup.py install is deprecated -W ignore:easy_install command is deprecated setup.py egg_info --egg-base ../../build/arbiter build --build-base /home/russell/sim_ws/build/arbiter/build install --record /home/russell/sim_ws/build/arbiter/install.log --install-scripts $base/lib/arbiter --single-version-externally-managed install_data
