[1.925s] Invoking command in '/home/russell/sim_ws/src/f1tenth_gym_ros': PYTHONPATH=/home/russell/sim_ws/build/f1tenth_gym_ros/prefix_override:/usr/lib/python3/dist-packages/colcon_core/task/python/colcon_distutils_commands:/home/russell/sim_ws/install/f1tenth_gym_ros/lib/python3.8/site-packages:${PYTHONPATH} /usr/bin/python3 -W ignore:setup.py install is deprecated -W ignore:easy_install command is deprecated setup.py egg_info --egg-base ../../build/f1tenth_gym_ros build --build-base /home/russell/sim_ws/build/f1tenth_gym_ros/build install --record /home/russell/sim_ws/build/f1tenth_gym_ros/install.log --single-version-externally-managed install_data
[2.352s] running egg_info
[2.355s] writing ../../build/f1tenth_gym_ros/f1tenth_gym_ros.egg-info/PKG-INFO
[2.356s] writing dependency_links to ../../build/f1tenth_gym_ros/f1tenth_gym_ros.egg-info/dependency_links.txt
[2.356s] writing entry points to ../../build/f1tenth_gym_ros/f1tenth_gym_ros.egg-info/entry_points.txt
[2.356s] writing requirements to ../../build/f1tenth_gym_ros/f1tenth_gym_ros.egg-info/requires.txt
[2.366s] writing top-level names to ../../build/f1tenth_gym_ros/f1tenth_gym_ros.egg-info/top_level.txt
[2.405s] reading manifest file '../../build/f1tenth_gym_ros/f1tenth_gym_ros.egg-info/SOURCES.txt'
[2.406s] writing manifest file '../../build/f1tenth_gym_ros/f1tenth_gym_ros.egg-info/SOURCES.txt'
[2.406s] running build
[2.406s] running build_py
[2.406s] running install
[2.406s] running install_lib
[2.408s] running install_data
[2.411s] running install_egg_info
[2.411s] removing '/home/russell/sim_ws/install/f1tenth_gym_ros/lib/python3.8/site-packages/f1tenth_gym_ros-0.0.0-py3.8.egg-info' (and everything under it)
[2.431s] Copying ../../build/f1tenth_gym_ros/f1tenth_gym_ros.egg-info to /home/russell/sim_ws/install/f1tenth_gym_ros/lib/python3.8/site-packages/f1tenth_gym_ros-0.0.0-py3.8.egg-info
[2.439s] running install_scripts
[2.451s] Installing gym_bridge script to /home/russell/sim_ws/install/f1tenth_gym_ros/lib/f1tenth_gym_ros
[2.454s] writing list of installed files to '/home/russell/sim_ws/build/f1tenth_gym_ros/install.log'
[2.673s] Invoked command in '/home/russell/sim_ws/src/f1tenth_gym_ros' returned '0': PYTHONPATH=/home/russell/sim_ws/build/f1tenth_gym_ros/prefix_override:/usr/lib/python3/dist-packages/colcon_core/task/python/colcon_distutils_commands:/home/russell/sim_ws/install/f1tenth_gym_ros/lib/python3.8/site-packages:${PYTHONPATH} /usr/bin/python3 -W ignore:setup.py install is deprecated -W ignore:easy_install command is deprecated setup.py egg_info --egg-base ../../build/f1tenth_gym_ros build --build-base /home/russell/sim_ws/build/f1tenth_gym_ros/build install --record /home/russell/sim_ws/build/f1tenth_gym_ros/install.log --single-version-externally-managed install_data
