[0.158s] DEBUG:colcon:Command line arguments: ['/usr/bin/colcon', 'build']
[0.158s] DEBUG:colcon:Parsed command line arguments: Namespace(allow_overriding=[], ament_cmake_args=None, base_paths=['.'], build_base='build', catkin_cmake_args=None, catkin_skip_building_tests=False, cmake_args=None, cmake_clean_cache=False, cmake_clean_first=False, cmake_force_configure=False, cmake_target=None, cmake_target_skip_unavailable=False, continue_on_error=False, event_handlers=None, executor='parallel', ignore_user_meta=False, install_base='install', log_base=None, log_level=None, main=<bound method BuildVerb.main of <colcon_core.verb.build.BuildVerb object at 0x7fcead8add90>>, merge_install=False, metas=['./colcon.meta'], mixin=None, mixin_files=None, mixin_verb=('build',), packages_above=None, packages_above_and_dependencies=None, packages_above_depth=None, packages_end=None, packages_ignore=None, packages_ignore_regex=None, packages_select=None, packages_select_build_failed=False, packages_select_by_dep=None, packages_select_regex=None, packages_select_test_failures=False, packages_skip=None, packages_skip_build_finished=False, packages_skip_by_dep=None, packages_skip_regex=None, packages_skip_test_passed=False, packages_skip_up_to=None, packages_start=None, packages_up_to=None, packages_up_to_regex=None, parallel_workers=3, paths=None, symlink_install=False, test_result_base=None, verb_extension=<colcon_core.verb.build.BuildVerb object at 0x7fcead8add90>, verb_name='build', verb_parser=<colcon_mixin.mixin.mixin_argument.MixinArgumentDecorator object at 0x7fcead8be340>)
[0.272s] Level 1:colcon.colcon_core.package_discovery:discover_packages(colcon_meta) check parameters
[0.272s] Level 1:colcon.colcon_core.package_discovery:discover_packages(recursive) check parameters
[0.273s] Level 1:colcon.colcon_core.package_discovery:discover_packages(ignore) check parameters
[0.273s] Level 1:colcon.colcon_core.package_discovery:discover_packages(path) check parameters
[0.273s] Level 1:colcon.colcon_core.package_discovery:discover_packages(colcon_meta) discover
[0.273s] Level 1:colcon.colcon_core.package_discovery:discover_packages(recursive) discover
[0.273s] INFO:colcon.colcon_core.package_discovery:Crawling recursively for packages in '/home/russell/sim_ws'
[0.273s] Level 1:colcon.colcon_core.package_identification:_identify(.) by extensions ['ignore', 'ignore_ament_install']
[0.273s] Level 1:colcon.colcon_core.package_identification:_identify(.) by extension 'ignore'
[0.273s] Level 1:colcon.colcon_core.package_identification:_identify(.) by extension 'ignore_ament_install'
[0.273s] Level 1:colcon.colcon_core.package_identification:_identify(.) by extensions ['colcon_pkg']
[0.274s] Level 1:colcon.colcon_core.package_identification:_identify(.) by extension 'colcon_pkg'
[0.274s] Level 1:colcon.colcon_core.package_identification:_identify(.) by extensions ['colcon_meta']
[0.274s] Level 1:colcon.colcon_core.package_identification:_identify(.) by extension 'colcon_meta'
[0.274s] Level 1:colcon.colcon_core.package_identification:_identify(.) by extensions ['ros']
[0.274s] Level 1:colcon.colcon_core.package_identification:_identify(.) by extension 'ros'
[0.283s] Level 1:colcon.colcon_core.package_identification:_identify(.) by extensions ['cmake', 'python']
[0.283s] Level 1:colcon.colcon_core.package_identification:_identify(.) by extension 'cmake'
[0.283s] Level 1:colcon.colcon_core.package_identification:_identify(.) by extension 'python'
[0.283s] Level 1:colcon.colcon_core.package_identification:_identify(.) by extensions ['python_setup_py']
[0.283s] Level 1:colcon.colcon_core.package_identification:_identify(.) by extension 'python_setup_py'
[0.283s] Level 1:colcon.colcon_core.package_identification:_identify(build) by extensions ['ignore', 'ignore_ament_install']
[0.283s] Level 1:colcon.colcon_core.package_identification:_identify(build) by extension 'ignore'
[0.283s] Level 1:colcon.colcon_core.package_identification:_identify(build) ignored
[0.284s] Level 1:colcon.colcon_core.package_identification:_identify(install) by extensions ['ignore', 'ignore_ament_install']
[0.284s] Level 1:colcon.colcon_core.package_identification:_identify(install) by extension 'ignore'
[0.284s] Level 1:colcon.colcon_core.package_identification:_identify(install) ignored
[0.284s] Level 1:colcon.colcon_core.package_identification:_identify(log) by extensions ['ignore', 'ignore_ament_install']
[0.284s] Level 1:colcon.colcon_core.package_identification:_identify(log) by extension 'ignore'
[0.284s] Level 1:colcon.colcon_core.package_identification:_identify(log) ignored
[0.284s] Level 1:colcon.colcon_core.package_identification:_identify(src) by extensions ['ignore', 'ignore_ament_install']
[0.284s] Level 1:colcon.colcon_core.package_identification:_identify(src) by extension 'ignore'
[0.284s] Level 1:colcon.colcon_core.package_identification:_identify(src) by extension 'ignore_ament_install'
[0.285s] Level 1:colcon.colcon_core.package_identification:_identify(src) by extensions ['colcon_pkg']
[0.285s] Level 1:colcon.colcon_core.package_identification:_identify(src) by extension 'colcon_pkg'
[0.285s] Level 1:colcon.colcon_core.package_identification:_identify(src) by extensions ['colcon_meta']
[0.285s] Level 1:colcon.colcon_core.package_identification:_identify(src) by extension 'colcon_meta'
[0.285s] Level 1:colcon.colcon_core.package_identification:_identify(src) by extensions ['ros']
[0.285s] Level 1:colcon.colcon_core.package_identification:_identify(src) by extension 'ros'
[0.285s] Level 1:colcon.colcon_core.package_identification:_identify(src) by extensions ['cmake', 'python']
[0.285s] Level 1:colcon.colcon_core.package_identification:_identify(src) by extension 'cmake'
[0.285s] Level 1:colcon.colcon_core.package_identification:_identify(src) by extension 'python'
[0.285s] Level 1:colcon.colcon_core.package_identification:_identify(src) by extensions ['python_setup_py']
[0.285s] Level 1:colcon.colcon_core.package_identification:_identify(src) by extension 'python_setup_py'
[0.285s] Level 1:colcon.colcon_core.package_identification:_identify(src/build) by extensions ['ignore', 'ignore_ament_install']
[0.285s] Level 1:colcon.colcon_core.package_identification:_identify(src/build) by extension 'ignore'
[0.285s] Level 1:colcon.colcon_core.package_identification:_identify(src/build) ignored
[0.286s] Level 1:colcon.colcon_core.package_identification:_identify(src/f1tenth_gym_ros) by extensions ['ignore', 'ignore_ament_install']
[0.286s] Level 1:colcon.colcon_core.package_identification:_identify(src/f1tenth_gym_ros) by extension 'ignore'
[0.286s] Level 1:colcon.colcon_core.package_identification:_identify(src/f1tenth_gym_ros) by extension 'ignore_ament_install'
[0.286s] Level 1:colcon.colcon_core.package_identification:_identify(src/f1tenth_gym_ros) by extensions ['colcon_pkg']
[0.286s] Level 1:colcon.colcon_core.package_identification:_identify(src/f1tenth_gym_ros) by extension 'colcon_pkg'
[0.286s] Level 1:colcon.colcon_core.package_identification:_identify(src/f1tenth_gym_ros) by extensions ['colcon_meta']
[0.287s] Level 1:colcon.colcon_core.package_identification:_identify(src/f1tenth_gym_ros) by extension 'colcon_meta'
[0.287s] Level 1:colcon.colcon_core.package_identification:_identify(src/f1tenth_gym_ros) by extensions ['ros']
[0.287s] Level 1:colcon.colcon_core.package_identification:_identify(src/f1tenth_gym_ros) by extension 'ros'
[0.290s] DEBUG:colcon.colcon_core.package_identification:Package 'src/f1tenth_gym_ros' with type 'ros.ament_python' and name 'f1tenth_gym_ros'
[0.290s] Level 1:colcon.colcon_core.package_identification:_identify(src/install) by extensions ['ignore', 'ignore_ament_install']
[0.290s] Level 1:colcon.colcon_core.package_identification:_identify(src/install) by extension 'ignore'
[0.290s] Level 1:colcon.colcon_core.package_identification:_identify(src/install) ignored
[0.290s] Level 1:colcon.colcon_core.package_identification:_identify(src/log) by extensions ['ignore', 'ignore_ament_install']
[0.290s] Level 1:colcon.colcon_core.package_identification:_identify(src/log) by extension 'ignore'
[0.290s] Level 1:colcon.colcon_core.package_identification:_identify(src/log) ignored
[0.291s] Level 1:colcon.colcon_core.package_identification:_identify(src/safety_node) by extensions ['ignore', 'ignore_ament_install']
[0.291s] Level 1:colcon.colcon_core.package_identification:_identify(src/safety_node) by extension 'ignore'
[0.291s] Level 1:colcon.colcon_core.package_identification:_identify(src/safety_node) by extension 'ignore_ament_install'
[0.291s] Level 1:colcon.colcon_core.package_identification:_identify(src/safety_node) by extensions ['colcon_pkg']
[0.291s] Level 1:colcon.colcon_core.package_identification:_identify(src/safety_node) by extension 'colcon_pkg'
[0.291s] Level 1:colcon.colcon_core.package_identification:_identify(src/safety_node) by extensions ['colcon_meta']
[0.291s] Level 1:colcon.colcon_core.package_identification:_identify(src/safety_node) by extension 'colcon_meta'
[0.291s] Level 1:colcon.colcon_core.package_identification:_identify(src/safety_node) by extensions ['ros']
[0.291s] Level 1:colcon.colcon_core.package_identification:_identify(src/safety_node) by extension 'ros'
[0.292s] DEBUG:colcon.colcon_core.package_identification:Package 'src/safety_node' with type 'ros.ament_cmake' and name 'safety_node'
[0.292s] Level 1:colcon.colcon_core.package_identification:_identify(src/sim_bringup) by extensions ['ignore', 'ignore_ament_install']
[0.292s] Level 1:colcon.colcon_core.package_identification:_identify(src/sim_bringup) by extension 'ignore'
[0.292s] Level 1:colcon.colcon_core.package_identification:_identify(src/sim_bringup) by extension 'ignore_ament_install'
[0.293s] Level 1:colcon.colcon_core.package_identification:_identify(src/sim_bringup) by extensions ['colcon_pkg']
[0.293s] Level 1:colcon.colcon_core.package_identification:_identify(src/sim_bringup) by extension 'colcon_pkg'
[0.293s] Level 1:colcon.colcon_core.package_identification:_identify(src/sim_bringup) by extensions ['colcon_meta']
[0.293s] Level 1:colcon.colcon_core.package_identification:_identify(src/sim_bringup) by extension 'colcon_meta'
[0.293s] Level 1:colcon.colcon_core.package_identification:_identify(src/sim_bringup) by extensions ['ros']
[0.293s] Level 1:colcon.colcon_core.package_identification:_identify(src/sim_bringup) by extension 'ros'
[0.293s] DEBUG:colcon.colcon_core.package_identification:Package 'src/sim_bringup' with type 'ros.ament_cmake' and name 'sim_bringup'
[0.293s] Level 1:colcon.colcon_core.package_identification:_identify(src/wall_follow) by extensions ['ignore', 'ignore_ament_install']
[0.294s] Level 1:colcon.colcon_core.package_identification:_identify(src/wall_follow) by extension 'ignore'
[0.294s] Level 1:colcon.colcon_core.package_identification:_identify(src/wall_follow) by extension 'ignore_ament_install'
[0.294s] Level 1:colcon.colcon_core.package_identification:_identify(src/wall_follow) by extensions ['colcon_pkg']
[0.294s] Level 1:colcon.colcon_core.package_identification:_identify(src/wall_follow) by extension 'colcon_pkg'
[0.294s] Level 1:colcon.colcon_core.package_identification:_identify(src/wall_follow) by extensions ['colcon_meta']
[0.294s] Level 1:colcon.colcon_core.package_identification:_identify(src/wall_follow) by extension 'colcon_meta'
[0.294s] Level 1:colcon.colcon_core.package_identification:_identify(src/wall_follow) by extensions ['ros']
[0.294s] Level 1:colcon.colcon_core.package_identification:_identify(src/wall_follow) by extension 'ros'
[0.295s] DEBUG:colcon.colcon_core.package_identification:Package 'src/wall_follow' with type 'ros.ament_cmake' and name 'wall_follow'
[0.295s] Level 1:colcon.colcon_core.package_discovery:discover_packages(recursive) using defaults
[0.295s] Level 1:colcon.colcon_core.package_discovery:discover_packages(ignore) discover
[0.295s] Level 1:colcon.colcon_core.package_discovery:discover_packages(ignore) using defaults
[0.295s] Level 1:colcon.colcon_core.package_discovery:discover_packages(path) discover
[0.295s] Level 1:colcon.colcon_core.package_discovery:discover_packages(path) using defaults
[0.308s] Level 1:colcon.colcon_core.package_discovery:discover_packages(prefix_path) check parameters
[0.308s] Level 1:colcon.colcon_core.package_discovery:discover_packages(prefix_path) discover
[0.310s] DEBUG:colcon.colcon_installed_package_information.package_discovery:Found 4 installed packages in /home/russell/sim_ws/install
[0.311s] DEBUG:colcon.colcon_installed_package_information.package_discovery:Found 293 installed packages in /opt/ros/foxy
[0.322s] Level 1:colcon.colcon_core.package_discovery:discover_packages(prefix_path) using defaults
[0.368s] Level 5:colcon.colcon_core.verb:set package 'f1tenth_gym_ros' build argument 'cmake_args' from command line to 'None'
[0.369s] Level 5:colcon.colcon_core.verb:set package 'f1tenth_gym_ros' build argument 'cmake_target' from command line to 'None'
[0.369s] Level 5:colcon.colcon_core.verb:set package 'f1tenth_gym_ros' build argument 'cmake_target_skip_unavailable' from command line to 'False'
[0.369s] Level 5:colcon.colcon_core.verb:set package 'f1tenth_gym_ros' build argument 'cmake_clean_cache' from command line to 'False'
[0.369s] Level 5:colcon.colcon_core.verb:set package 'f1tenth_gym_ros' build argument 'cmake_clean_first' from command line to 'False'
[0.369s] Level 5:colcon.colcon_core.verb:set package 'f1tenth_gym_ros' build argument 'cmake_force_configure' from command line to 'False'
[0.369s] Level 5:colcon.colcon_core.verb:set package 'f1tenth_gym_ros' build argument 'ament_cmake_args' from command line to 'None'
[0.369s] Level 5:colcon.colcon_core.verb:set package 'f1tenth_gym_ros' build argument 'catkin_cmake_args' from command line to 'None'
[0.369s] Level 5:colcon.colcon_core.verb:set package 'f1tenth_gym_ros' build argument 'catkin_skip_building_tests' from command line to 'False'
[0.369s] DEBUG:colcon.colcon_core.verb:Building package 'f1tenth_gym_ros' with the following arguments: {'ament_cmake_args': None, 'build_base': '/home/russell/sim_ws/build/f1tenth_gym_ros', 'catkin_cmake_args': None, 'catkin_skip_building_tests': False, 'cmake_args': None, 'cmake_clean_cache': False, 'cmake_clean_first': False, 'cmake_force_configure': False, 'cmake_target': None, 'cmake_target_skip_unavailable': False, 'install_base': '/home/russell/sim_ws/install/f1tenth_gym_ros', 'merge_install': False, 'path': '/home/russell/sim_ws/src/f1tenth_gym_ros', 'symlink_install': False, 'test_result_base': None}
[0.370s] Level 5:colcon.colcon_core.verb:set package 'safety_node' build argument 'cmake_args' from command line to 'None'
[0.370s] Level 5:colcon.colcon_core.verb:set package 'safety_node' build argument 'cmake_target' from command line to 'None'
[0.370s] Level 5:colcon.colcon_core.verb:set package 'safety_node' build argument 'cmake_target_skip_unavailable' from command line to 'False'
[0.370s] Level 5:colcon.colcon_core.verb:set package 'safety_node' build argument 'cmake_clean_cache' from command line to 'False'
[0.370s] Level 5:colcon.colcon_core.verb:set package 'safety_node' build argument 'cmake_clean_first' from command line to 'False'
[0.370s] Level 5:colcon.colcon_core.verb:set package 'safety_node' build argument 'cmake_force_configure' from command line to 'False'
[0.370s] Level 5:colcon.colcon_core.verb:set package 'safety_node' build argument 'ament_cmake_args' from command line to 'None'
[0.370s] Level 5:colcon.colcon_core.verb:set package 'safety_node' build argument 'catkin_cmake_args' from command line to 'None'
[0.370s] Level 5:colcon.colcon_core.verb:set package 'safety_node' build argument 'catkin_skip_building_tests' from command line to 'False'
[0.370s] DEBUG:colcon.colcon_core.verb:Building package 'safety_node' with the following arguments: {'ament_cmake_args': None, 'build_base': '/home/russell/sim_ws/build/safety_node', 'catkin_cmake_args': None, 'catkin_skip_building_tests': False, 'cmake_args': None, 'cmake_clean_cache': False, 'cmake_clean_first': False, 'cmake_force_configure': False, 'cmake_target': None, 'cmake_target_skip_unavailable': False, 'install_base': '/home/russell/sim_ws/install/safety_node', 'merge_install': False, 'path': '/home/russell/sim_ws/src/safety_node', 'symlink_install': False, 'test_result_base': None}
[0.371s] Level 5:colcon.colcon_core.verb:set package 'sim_bringup' build argument 'cmake_args' from command line to 'None'
[0.371s] Level 5:colcon.colcon_core.verb:set package 'sim_bringup' build argument 'cmake_target' from command line to 'None'
[0.371s] Level 5:colcon.colcon_core.verb:set package 'sim_bringup' build argument 'cmake_target_skip_unavailable' from command line to 'False'
[0.371s] Level 5:colcon.colcon_core.verb:set package 'sim_bringup' build argument 'cmake_clean_cache' from command line to 'False'
[0.371s] Level 5:colcon.colcon_core.verb:set package 'sim_bringup' build argument 'cmake_clean_first' from command line to 'False'
[0.371s] Level 5:colcon.colcon_core.verb:set package 'sim_bringup' build argument 'cmake_force_configure' from command line to 'False'
[0.371s] Level 5:colcon.colcon_core.verb:set package 'sim_bringup' build argument 'ament_cmake_args' from command line to 'None'
[0.371s] Level 5:colcon.colcon_core.verb:set package 'sim_bringup' build argument 'catkin_cmake_args' from command line to 'None'
[0.371s] Level 5:colcon.colcon_core.verb:set package 'sim_bringup' build argument 'catkin_skip_building_tests' from command line to 'False'
[0.371s] DEBUG:colcon.colcon_core.verb:Building package 'sim_bringup' with the following arguments: {'ament_cmake_args': None, 'build_base': '/home/russell/sim_ws/build/sim_bringup', 'catkin_cmake_args': None, 'catkin_skip_building_tests': False, 'cmake_args': None, 'cmake_clean_cache': False, 'cmake_clean_first': False, 'cmake_force_configure': False, 'cmake_target': None, 'cmake_target_skip_unavailable': False, 'install_base': '/home/russell/sim_ws/install/sim_bringup', 'merge_install': False, 'path': '/home/russell/sim_ws/src/sim_bringup', 'symlink_install': False, 'test_result_base': None}
[0.371s] Level 5:colcon.colcon_core.verb:set package 'wall_follow' build argument 'cmake_args' from command line to 'None'
[0.371s] Level 5:colcon.colcon_core.verb:set package 'wall_follow' build argument 'cmake_target' from command line to 'None'
[0.371s] Level 5:colcon.colcon_core.verb:set package 'wall_follow' build argument 'cmake_target_skip_unavailable' from command line to 'False'
[0.372s] Level 5:colcon.colcon_core.verb:set package 'wall_follow' build argument 'cmake_clean_cache' from command line to 'False'
[0.372s] Level 5:colcon.colcon_core.verb:set package 'wall_follow' build argument 'cmake_clean_first' from command line to 'False'
[0.372s] Level 5:colcon.colcon_core.verb:set package 'wall_follow' build argument 'cmake_force_configure' from command line to 'False'
[0.372s] Level 5:colcon.colcon_core.verb:set package 'wall_follow' build argument 'ament_cmake_args' from command line to 'None'
[0.372s] Level 5:colcon.colcon_core.verb:set package 'wall_follow' build argument 'catkin_cmake_args' from command line to 'None'
[0.372s] Level 5:colcon.colcon_core.verb:set package 'wall_follow' build argument 'catkin_skip_building_tests' from command line to 'False'
[0.372s] DEBUG:colcon.colcon_core.verb:Building package 'wall_follow' with the following arguments: {'ament_cmake_args': None, 'build_base': '/home/russell/sim_ws/build/wall_follow', 'catkin_cmake_args': None, 'catkin_skip_building_tests': False, 'cmake_args': None, 'cmake_clean_cache': False, 'cmake_clean_first': False, 'cmake_force_configure': False, 'cmake_target': None, 'cmake_target_skip_unavailable': False, 'install_base': '/home/russell/sim_ws/install/wall_follow', 'merge_install': False, 'path': '/home/russell/sim_ws/src/wall_follow', 'symlink_install': False, 'test_result_base': None}
[0.372s] INFO:colcon.colcon_core.executor:Executing jobs using 'parallel' executor
[0.374s] DEBUG:colcon.colcon_parallel_executor.executor.parallel:run_until_complete
[0.375s] INFO:colcon.colcon_ros.task.ament_python.build:Building ROS package in '/home/russell/sim_ws/src/f1tenth_gym_ros' with build type 'ament_python'
[0.375s] Level 1:colcon.colcon_core.shell:create_environment_hook('f1tenth_gym_ros', 'ament_prefix_path')
[0.377s] INFO:colcon.colcon_core.plugin_system:Skipping extension 'colcon_core.shell.bat': Not used on non-Windows systems
[0.377s] INFO:colcon.colcon_core.shell:Creating environment hook '/home/russell/sim_ws/install/f1tenth_gym_ros/share/f1tenth_gym_ros/hook/ament_prefix_path.ps1'
[0.378s] INFO:colcon.colcon_core.shell:Creating environment descriptor '/home/russell/sim_ws/install/f1tenth_gym_ros/share/f1tenth_gym_ros/hook/ament_prefix_path.dsv'
[0.379s] INFO:colcon.colcon_core.shell:Creating environment hook '/home/russell/sim_ws/install/f1tenth_gym_ros/share/f1tenth_gym_ros/hook/ament_prefix_path.sh'
[0.380s] INFO:colcon.colcon_core.shell:Skip shell extension 'powershell' for command environment: Not usable outside of PowerShell
[0.380s] DEBUG:colcon.colcon_core.shell:Skip shell extension 'dsv' for command environment
[0.388s] INFO:colcon.colcon_ros.task.ament_cmake.build:Building ROS package in '/home/russell/sim_ws/src/safety_node' with build type 'ament_cmake'
[0.388s] INFO:colcon.colcon_cmake.task.cmake.build:Building CMake package in '/home/russell/sim_ws/src/safety_node'
[0.388s] INFO:colcon.colcon_core.shell:Skip shell extension 'powershell' for command environment: Not usable outside of PowerShell
[0.389s] DEBUG:colcon.colcon_core.shell:Skip shell extension 'dsv' for command environment
[0.394s] INFO:colcon.colcon_ros.task.ament_cmake.build:Building ROS package in '/home/russell/sim_ws/src/sim_bringup' with build type 'ament_cmake'
[0.395s] INFO:colcon.colcon_cmake.task.cmake.build:Building CMake package in '/home/russell/sim_ws/src/sim_bringup'
[0.395s] INFO:colcon.colcon_core.shell:Skip shell extension 'powershell' for command environment: Not usable outside of PowerShell
[0.395s] DEBUG:colcon.colcon_core.shell:Skip shell extension 'dsv' for command environment
[0.657s] INFO:colcon.colcon_core.task.python.build:Building Python package in '/home/russell/sim_ws/src/f1tenth_gym_ros'
[0.657s] INFO:colcon.colcon_core.shell:Skip shell extension 'powershell' for command environment: Not usable outside of PowerShell
[0.658s] DEBUG:colcon.colcon_core.shell:Skip shell extension 'dsv' for command environment
[0.670s] DEBUG:colcon.colcon_core.event_handler.log_command:Invoking command in '/home/russell/sim_ws/build/safety_node': CMAKE_PREFIX_PATH=${CMAKE_PREFIX_PATH}:/home/russell/sim_ws/install/f1tenth_gym_ros:/opt/ros/foxy /usr/bin/cmake --build /home/russell/sim_ws/build/safety_node -- -j3 -l3
[0.679s] DEBUG:colcon.colcon_core.event_handler.log_command:Invoking command in '/home/russell/sim_ws/build/sim_bringup': CMAKE_PREFIX_PATH=${CMAKE_PREFIX_PATH}:/home/russell/sim_ws/install/f1tenth_gym_ros:/opt/ros/foxy /usr/bin/cmake --build /home/russell/sim_ws/build/sim_bringup -- -j3 -l3
[0.764s] DEBUG:colcon.colcon_core.event_handler.log_command:Invoked command in '/home/russell/sim_ws/build/sim_bringup' returned '0': CMAKE_PREFIX_PATH=${CMAKE_PREFIX_PATH}:/home/russell/sim_ws/install/f1tenth_gym_ros:/opt/ros/foxy /usr/bin/cmake --build /home/russell/sim_ws/build/sim_bringup -- -j3 -l3
[0.778s] DEBUG:colcon.colcon_core.event_handler.log_command:Invoking command in '/home/russell/sim_ws/build/sim_bringup': CMAKE_PREFIX_PATH=${CMAKE_PREFIX_PATH}:/home/russell/sim_ws/install/f1tenth_gym_ros:/opt/ros/foxy /usr/bin/cmake --install /home/russell/sim_ws/build/sim_bringup
[0.800s] Level 1:colcon.colcon_core.environment:create_environment_scripts_only(sim_bringup)
[0.802s] Level 1:colcon.colcon_core.environment:checking '/home/russell/sim_ws/install/sim_bringup' for CMake module files
[0.803s] Level 1:colcon.colcon_core.environment:checking '/home/russell/sim_ws/install/sim_bringup' for CMake config files
[0.803s] Level 1:colcon.colcon_core.shell:create_environment_hook('sim_bringup', 'cmake_prefix_path')
[0.803s] INFO:colcon.colcon_core.shell:Creating environment hook '/home/russell/sim_ws/install/sim_bringup/share/sim_bringup/hook/cmake_prefix_path.ps1'
[0.805s] INFO:colcon.colcon_core.shell:Creating environment descriptor '/home/russell/sim_ws/install/sim_bringup/share/sim_bringup/hook/cmake_prefix_path.dsv'
[0.808s] DEBUG:colcon.colcon_core.event_handler.log_command:Invoked command in '/home/russell/sim_ws/build/sim_bringup' returned '0': CMAKE_PREFIX_PATH=${CMAKE_PREFIX_PATH}:/home/russell/sim_ws/install/f1tenth_gym_ros:/opt/ros/foxy /usr/bin/cmake --install /home/russell/sim_ws/build/sim_bringup
[0.809s] INFO:colcon.colcon_core.shell:Creating environment hook '/home/russell/sim_ws/install/sim_bringup/share/sim_bringup/hook/cmake_prefix_path.sh'
[0.810s] Level 1:colcon.colcon_core.environment:checking '/home/russell/sim_ws/install/sim_bringup/bin'
[0.810s] Level 1:colcon.colcon_core.environment:checking '/home/russell/sim_ws/install/sim_bringup/lib/pkgconfig/sim_bringup.pc'
[0.810s] Level 1:colcon.colcon_core.environment:checking '/home/russell/sim_ws/install/sim_bringup/lib/python3.8/site-packages'
[0.811s] Level 1:colcon.colcon_core.environment:checking '/home/russell/sim_ws/install/sim_bringup/bin'
[0.811s] INFO:colcon.colcon_core.shell:Creating package script '/home/russell/sim_ws/install/sim_bringup/share/sim_bringup/package.ps1'
[0.812s] INFO:colcon.colcon_core.shell:Creating package descriptor '/home/russell/sim_ws/install/sim_bringup/share/sim_bringup/package.dsv'
[0.815s] INFO:colcon.colcon_core.shell:Creating package script '/home/russell/sim_ws/install/sim_bringup/share/sim_bringup/package.sh'
[0.819s] INFO:colcon.colcon_core.shell:Creating package script '/home/russell/sim_ws/install/sim_bringup/share/sim_bringup/package.bash'
[0.826s] INFO:colcon.colcon_core.shell:Creating package script '/home/russell/sim_ws/install/sim_bringup/share/sim_bringup/package.zsh'
[0.831s] Level 1:colcon.colcon_core.environment:create_file_with_runtime_dependencies(/home/russell/sim_ws/install/sim_bringup/share/colcon-core/packages/sim_bringup)
[0.832s] Level 1:colcon.colcon_core.environment:create_environment_scripts_only(sim_bringup)
[0.836s] Level 1:colcon.colcon_core.environment:checking '/home/russell/sim_ws/install/sim_bringup' for CMake module files
[0.837s] Level 1:colcon.colcon_core.environment:checking '/home/russell/sim_ws/install/sim_bringup' for CMake config files
[0.837s] Level 1:colcon.colcon_core.shell:create_environment_hook('sim_bringup', 'cmake_prefix_path')
[0.837s] INFO:colcon.colcon_core.shell:Creating environment hook '/home/russell/sim_ws/install/sim_bringup/share/sim_bringup/hook/cmake_prefix_path.ps1'
[0.838s] INFO:colcon.colcon_core.shell:Creating environment descriptor '/home/russell/sim_ws/install/sim_bringup/share/sim_bringup/hook/cmake_prefix_path.dsv'
[0.843s] INFO:colcon.colcon_core.shell:Creating environment hook '/home/russell/sim_ws/install/sim_bringup/share/sim_bringup/hook/cmake_prefix_path.sh'
[0.843s] Level 1:colcon.colcon_core.environment:checking '/home/russell/sim_ws/install/sim_bringup/bin'
[0.844s] Level 1:colcon.colcon_core.environment:checking '/home/russell/sim_ws/install/sim_bringup/lib/pkgconfig/sim_bringup.pc'
[0.845s] Level 1:colcon.colcon_core.environment:checking '/home/russell/sim_ws/install/sim_bringup/lib/python3.8/site-packages'
[0.845s] Level 1:colcon.colcon_core.environment:checking '/home/russell/sim_ws/install/sim_bringup/bin'
[0.845s] INFO:colcon.colcon_core.shell:Creating package script '/home/russell/sim_ws/install/sim_bringup/share/sim_bringup/package.ps1'
[0.850s] INFO:colcon.colcon_core.shell:Creating package descriptor '/home/russell/sim_ws/install/sim_bringup/share/sim_bringup/package.dsv'
[0.853s] INFO:colcon.colcon_core.shell:Creating package script '/home/russell/sim_ws/install/sim_bringup/share/sim_bringup/package.sh'
[0.854s] INFO:colcon.colcon_core.shell:Creating package script '/home/russell/sim_ws/install/sim_bringup/share/sim_bringup/package.bash'
[0.855s] INFO:colcon.colcon_core.shell:Creating package script '/home/russell/sim_ws/install/sim_bringup/share/sim_bringup/package.zsh'
[0.855s] Level 1:colcon.colcon_core.environment:create_file_with_runtime_dependencies(/home/russell/sim_ws/install/sim_bringup/share/colcon-core/packages/sim_bringup)
[0.857s] INFO:colcon.colcon_ros.task.ament_cmake.build:Building ROS package in '/home/russell/sim_ws/src/wall_follow' with build type 'ament_cmake'
[0.858s] INFO:colcon.colcon_cmake.task.cmake.build:Building CMake package in '/home/russell/sim_ws/src/wall_follow'
[0.858s] INFO:colcon.colcon_core.shell:Skip shell extension 'powershell' for command environment: Not usable outside of PowerShell
[0.858s] DEBUG:colcon.colcon_core.shell:Skip shell extension 'dsv' for command environment
[0.884s] DEBUG:colcon.colcon_core.event_handler.log_command:Invoked command in '/home/russell/sim_ws/build/safety_node' returned '0': CMAKE_PREFIX_PATH=${CMAKE_PREFIX_PATH}:/home/russell/sim_ws/install/f1tenth_gym_ros:/opt/ros/foxy /usr/bin/cmake --build /home/russell/sim_ws/build/safety_node -- -j3 -l3
[0.885s] DEBUG:colcon.colcon_core.event_handler.log_command:Invoking command in '/home/russell/sim_ws/build/safety_node': CMAKE_PREFIX_PATH=${CMAKE_PREFIX_PATH}:/home/russell/sim_ws/install/f1tenth_gym_ros:/opt/ros/foxy /usr/bin/cmake --install /home/russell/sim_ws/build/safety_node
[0.901s] DEBUG:colcon.colcon_core.event_handler.log_command:Invoking command in '/home/russell/sim_ws/build/wall_follow': CMAKE_PREFIX_PATH=${CMAKE_PREFIX_PATH}:/home/russell/sim_ws/install/f1tenth_gym_ros:/opt/ros/foxy /usr/bin/cmake --build /home/russell/sim_ws/build/wall_follow -- -j3 -l3
[0.966s] Level 1:colcon.colcon_core.environment:create_environment_scripts_only(safety_node)
[0.966s] Level 1:colcon.colcon_core.environment:checking '/home/russell/sim_ws/install/safety_node' for CMake module files
[0.967s] Level 1:colcon.colcon_core.environment:checking '/home/russell/sim_ws/install/safety_node' for CMake config files
[0.968s] Level 1:colcon.colcon_core.shell:create_environment_hook('safety_node', 'cmake_prefix_path')
[0.968s] INFO:colcon.colcon_core.shell:Creating environment hook '/home/russell/sim_ws/install/safety_node/share/safety_node/hook/cmake_prefix_path.ps1'
[0.969s] INFO:colcon.colcon_core.shell:Creating environment descriptor '/home/russell/sim_ws/install/safety_node/share/safety_node/hook/cmake_prefix_path.dsv'
[0.970s] INFO:colcon.colcon_core.shell:Creating environment hook '/home/russell/sim_ws/install/safety_node/share/safety_node/hook/cmake_prefix_path.sh'
[0.972s] Level 1:colcon.colcon_core.environment:checking '/home/russell/sim_ws/install/safety_node/lib'
[0.972s] Level 1:colcon.colcon_core.environment:checking '/home/russell/sim_ws/install/safety_node/bin'
[0.972s] Level 1:colcon.colcon_core.environment:checking '/home/russell/sim_ws/install/safety_node/lib/pkgconfig/safety_node.pc'
[0.973s] Level 1:colcon.colcon_core.environment:checking '/home/russell/sim_ws/install/safety_node/lib/python3.8/site-packages'
[0.973s] Level 1:colcon.colcon_core.shell:create_environment_hook('safety_node', 'pythonpath')
[0.973s] INFO:colcon.colcon_core.shell:Creating environment hook '/home/russell/sim_ws/install/safety_node/share/safety_node/hook/pythonpath.ps1'
[0.973s] INFO:colcon.colcon_core.shell:Creating environment descriptor '/home/russell/sim_ws/install/safety_node/share/safety_node/hook/pythonpath.dsv'
[0.974s] INFO:colcon.colcon_core.shell:Creating environment hook '/home/russell/sim_ws/install/safety_node/share/safety_node/hook/pythonpath.sh'
[0.978s] Level 1:colcon.colcon_core.environment:checking '/home/russell/sim_ws/install/safety_node/bin'
[0.979s] INFO:colcon.colcon_core.shell:Creating package script '/home/russell/sim_ws/install/safety_node/share/safety_node/package.ps1'
[0.979s] INFO:colcon.colcon_core.shell:Creating package descriptor '/home/russell/sim_ws/install/safety_node/share/safety_node/package.dsv'
[0.980s] INFO:colcon.colcon_core.shell:Creating package script '/home/russell/sim_ws/install/safety_node/share/safety_node/package.sh'
[0.986s] INFO:colcon.colcon_core.shell:Creating package script '/home/russell/sim_ws/install/safety_node/share/safety_node/package.bash'
[0.987s] INFO:colcon.colcon_core.shell:Creating package script '/home/russell/sim_ws/install/safety_node/share/safety_node/package.zsh'
[0.988s] Level 1:colcon.colcon_core.environment:create_file_with_runtime_dependencies(/home/russell/sim_ws/install/safety_node/share/colcon-core/packages/safety_node)
[0.989s] Level 1:colcon.colcon_core.environment:create_environment_scripts_only(safety_node)
[0.989s] Level 1:colcon.colcon_core.environment:checking '/home/russell/sim_ws/install/safety_node' for CMake module files
[0.994s] Level 1:colcon.colcon_core.environment:checking '/home/russell/sim_ws/install/safety_node' for CMake config files
[0.994s] Level 1:colcon.colcon_core.shell:create_environment_hook('safety_node', 'cmake_prefix_path')
[0.994s] INFO:colcon.colcon_core.shell:Creating environment hook '/home/russell/sim_ws/install/safety_node/share/safety_node/hook/cmake_prefix_path.ps1'
[0.996s] INFO:colcon.colcon_core.shell:Creating environment descriptor '/home/russell/sim_ws/install/safety_node/share/safety_node/hook/cmake_prefix_path.dsv'
[0.997s] INFO:colcon.colcon_core.shell:Creating environment hook '/home/russell/sim_ws/install/safety_node/share/safety_node/hook/cmake_prefix_path.sh'
[0.998s] Level 1:colcon.colcon_core.environment:checking '/home/russell/sim_ws/install/safety_node/lib'
[0.998s] Level 1:colcon.colcon_core.environment:checking '/home/russell/sim_ws/install/safety_node/bin'
[0.998s] Level 1:colcon.colcon_core.environment:checking '/home/russell/sim_ws/install/safety_node/lib/pkgconfig/safety_node.pc'
[0.998s] Level 1:colcon.colcon_core.environment:checking '/home/russell/sim_ws/install/safety_node/lib/python3.8/site-packages'
[0.998s] Level 1:colcon.colcon_core.shell:create_environment_hook('safety_node', 'pythonpath')
[0.999s] INFO:colcon.colcon_core.shell:Creating environment hook '/home/russell/sim_ws/install/safety_node/share/safety_node/hook/pythonpath.ps1'
[1.000s] INFO:colcon.colcon_core.shell:Creating environment descriptor '/home/russell/sim_ws/install/safety_node/share/safety_node/hook/pythonpath.dsv'
[1.000s] INFO:colcon.colcon_core.shell:Creating environment hook '/home/russell/sim_ws/install/safety_node/share/safety_node/hook/pythonpath.sh'
[1.002s] Level 1:colcon.colcon_core.environment:checking '/home/russell/sim_ws/install/safety_node/bin'
[1.003s] INFO:colcon.colcon_core.shell:Creating package script '/home/russell/sim_ws/install/safety_node/share/safety_node/package.ps1'
[1.004s] INFO:colcon.colcon_core.shell:Creating package descriptor '/home/russell/sim_ws/install/safety_node/share/safety_node/package.dsv'
[1.004s] INFO:colcon.colcon_core.shell:Creating package script '/home/russell/sim_ws/install/safety_node/share/safety_node/package.sh'
[1.005s] INFO:colcon.colcon_core.shell:Creating package script '/home/russell/sim_ws/install/safety_node/share/safety_node/package.bash'
[1.006s] INFO:colcon.colcon_core.shell:Creating package script '/home/russell/sim_ws/install/safety_node/share/safety_node/package.zsh'
[1.006s] Level 1:colcon.colcon_core.environment:create_file_with_runtime_dependencies(/home/russell/sim_ws/install/safety_node/share/colcon-core/packages/safety_node)
[1.014s] DEBUG:colcon.colcon_core.event_handler.log_command:Invoked command in '/home/russell/sim_ws/build/safety_node' returned '0': CMAKE_PREFIX_PATH=${CMAKE_PREFIX_PATH}:/home/russell/sim_ws/install/f1tenth_gym_ros:/opt/ros/foxy /usr/bin/cmake --install /home/russell/sim_ws/build/safety_node
[1.096s] DEBUG:colcon.colcon_core.event_handler.log_command:Invoked command in '/home/russell/sim_ws/build/wall_follow' returned '0': CMAKE_PREFIX_PATH=${CMAKE_PREFIX_PATH}:/home/russell/sim_ws/install/f1tenth_gym_ros:/opt/ros/foxy /usr/bin/cmake --build /home/russell/sim_ws/build/wall_follow -- -j3 -l3
[1.097s] DEBUG:colcon.colcon_core.event_handler.log_command:Invoking command in '/home/russell/sim_ws/build/wall_follow': CMAKE_PREFIX_PATH=${CMAKE_PREFIX_PATH}:/home/russell/sim_ws/install/f1tenth_gym_ros:/opt/ros/foxy /usr/bin/cmake --install /home/russell/sim_ws/build/wall_follow
[1.182s] Level 1:colcon.colcon_core.environment:create_environment_scripts_only(wall_follow)
[1.182s] Level 1:colcon.colcon_core.environment:checking '/home/russell/sim_ws/install/wall_follow' for CMake module files
[1.182s] Level 1:colcon.colcon_core.environment:checking '/home/russell/sim_ws/install/wall_follow' for CMake config files
[1.183s] Level 1:colcon.colcon_core.shell:create_environment_hook('wall_follow', 'cmake_prefix_path')
[1.183s] INFO:colcon.colcon_core.shell:Creating environment hook '/home/russell/sim_ws/install/wall_follow/share/wall_follow/hook/cmake_prefix_path.ps1'
[1.184s] INFO:colcon.colcon_core.shell:Creating environment descriptor '/home/russell/sim_ws/install/wall_follow/share/wall_follow/hook/cmake_prefix_path.dsv'
[1.185s] INFO:colcon.colcon_core.shell:Creating environment hook '/home/russell/sim_ws/install/wall_follow/share/wall_follow/hook/cmake_prefix_path.sh'
[1.187s] Level 1:colcon.colcon_core.environment:checking '/home/russell/sim_ws/install/wall_follow/lib'
[1.187s] Level 1:colcon.colcon_core.environment:checking '/home/russell/sim_ws/install/wall_follow/bin'
[1.187s] Level 1:colcon.colcon_core.environment:checking '/home/russell/sim_ws/install/wall_follow/lib/pkgconfig/wall_follow.pc'
[1.187s] Level 1:colcon.colcon_core.environment:checking '/home/russell/sim_ws/install/wall_follow/lib/python3.8/site-packages'
[1.188s] Level 1:colcon.colcon_core.shell:create_environment_hook('wall_follow', 'pythonpath')
[1.189s] INFO:colcon.colcon_core.shell:Creating environment hook '/home/russell/sim_ws/install/wall_follow/share/wall_follow/hook/pythonpath.ps1'
[1.191s] DEBUG:colcon.colcon_core.event_handler.log_command:Invoked command in '/home/russell/sim_ws/build/wall_follow' returned '0': CMAKE_PREFIX_PATH=${CMAKE_PREFIX_PATH}:/home/russell/sim_ws/install/f1tenth_gym_ros:/opt/ros/foxy /usr/bin/cmake --install /home/russell/sim_ws/build/wall_follow
[1.191s] INFO:colcon.colcon_core.shell:Creating environment descriptor '/home/russell/sim_ws/install/wall_follow/share/wall_follow/hook/pythonpath.dsv'
[1.192s] INFO:colcon.colcon_core.shell:Creating environment hook '/home/russell/sim_ws/install/wall_follow/share/wall_follow/hook/pythonpath.sh'
[1.194s] Level 1:colcon.colcon_core.environment:checking '/home/russell/sim_ws/install/wall_follow/bin'
[1.194s] INFO:colcon.colcon_core.shell:Creating package script '/home/russell/sim_ws/install/wall_follow/share/wall_follow/package.ps1'
[1.195s] INFO:colcon.colcon_core.shell:Creating package descriptor '/home/russell/sim_ws/install/wall_follow/share/wall_follow/package.dsv'
[1.196s] INFO:colcon.colcon_core.shell:Creating package script '/home/russell/sim_ws/install/wall_follow/share/wall_follow/package.sh'
[1.198s] INFO:colcon.colcon_core.shell:Creating package script '/home/russell/sim_ws/install/wall_follow/share/wall_follow/package.bash'
[1.199s] INFO:colcon.colcon_core.shell:Creating package script '/home/russell/sim_ws/install/wall_follow/share/wall_follow/package.zsh'
[1.200s] Level 1:colcon.colcon_core.environment:create_file_with_runtime_dependencies(/home/russell/sim_ws/install/wall_follow/share/colcon-core/packages/wall_follow)
[1.201s] Level 1:colcon.colcon_core.environment:create_environment_scripts_only(wall_follow)
[1.201s] Level 1:colcon.colcon_core.environment:checking '/home/russell/sim_ws/install/wall_follow' for CMake module files
[1.202s] Level 1:colcon.colcon_core.environment:checking '/home/russell/sim_ws/install/wall_follow' for CMake config files
[1.202s] Level 1:colcon.colcon_core.shell:create_environment_hook('wall_follow', 'cmake_prefix_path')
[1.202s] INFO:colcon.colcon_core.shell:Creating environment hook '/home/russell/sim_ws/install/wall_follow/share/wall_follow/hook/cmake_prefix_path.ps1'
[1.203s] INFO:colcon.colcon_core.shell:Creating environment descriptor '/home/russell/sim_ws/install/wall_follow/share/wall_follow/hook/cmake_prefix_path.dsv'
[1.204s] INFO:colcon.colcon_core.shell:Creating environment hook '/home/russell/sim_ws/install/wall_follow/share/wall_follow/hook/cmake_prefix_path.sh'
[1.205s] Level 1:colcon.colcon_core.environment:checking '/home/russell/sim_ws/install/wall_follow/lib'
[1.206s] Level 1:colcon.colcon_core.environment:checking '/home/russell/sim_ws/install/wall_follow/bin'
[1.206s] Level 1:colcon.colcon_core.environment:checking '/home/russell/sim_ws/install/wall_follow/lib/pkgconfig/wall_follow.pc'
[1.206s] Level 1:colcon.colcon_core.environment:checking '/home/russell/sim_ws/install/wall_follow/lib/python3.8/site-packages'
[1.206s] Level 1:colcon.colcon_core.shell:create_environment_hook('wall_follow', 'pythonpath')
[1.206s] INFO:colcon.colcon_core.shell:Creating environment hook '/home/russell/sim_ws/install/wall_follow/share/wall_follow/hook/pythonpath.ps1'
[1.207s] INFO:colcon.colcon_core.shell:Creating environment descriptor '/home/russell/sim_ws/install/wall_follow/share/wall_follow/hook/pythonpath.dsv'
[1.208s] INFO:colcon.colcon_core.shell:Creating environment hook '/home/russell/sim_ws/install/wall_follow/share/wall_follow/hook/pythonpath.sh'
[1.209s] Level 1:colcon.colcon_core.environment:checking '/home/russell/sim_ws/install/wall_follow/bin'
[1.209s] INFO:colcon.colcon_core.shell:Creating package script '/home/russell/sim_ws/install/wall_follow/share/wall_follow/package.ps1'
[1.210s] INFO:colcon.colcon_core.shell:Creating package descriptor '/home/russell/sim_ws/install/wall_follow/share/wall_follow/package.dsv'
[1.210s] INFO:colcon.colcon_core.shell:Creating package script '/home/russell/sim_ws/install/wall_follow/share/wall_follow/package.sh'
[1.211s] INFO:colcon.colcon_core.shell:Creating package script '/home/russell/sim_ws/install/wall_follow/share/wall_follow/package.bash'
[1.212s] INFO:colcon.colcon_core.shell:Creating package script '/home/russell/sim_ws/install/wall_follow/share/wall_follow/package.zsh'
[1.213s] Level 1:colcon.colcon_core.environment:create_file_with_runtime_dependencies(/home/russell/sim_ws/install/wall_follow/share/colcon-core/packages/wall_follow)
[1.224s] DEBUG:colcon.colcon_core.event_handler.log_command:Invoking command in '/home/russell/sim_ws/src/f1tenth_gym_ros': PYTHONPATH=/home/russell/sim_ws/build/f1tenth_gym_ros/prefix_override:/usr/lib/python3/dist-packages/colcon_core/task/python/colcon_distutils_commands:/home/russell/sim_ws/install/f1tenth_gym_ros/lib/python3.8/site-packages:${PYTHONPATH} /usr/bin/python3 -W ignore:setup.py install is deprecated -W ignore:easy_install command is deprecated setup.py egg_info --egg-base ../../build/f1tenth_gym_ros build --build-base /home/russell/sim_ws/build/f1tenth_gym_ros/build install --record /home/russell/sim_ws/build/f1tenth_gym_ros/install.log --single-version-externally-managed install_data
[1.485s] Level 1:colcon.colcon_core.environment:checking '/home/russell/sim_ws/install/f1tenth_gym_ros' for CMake module files
[1.486s] DEBUG:colcon.colcon_core.event_handler.log_command:Invoked command in '/home/russell/sim_ws/src/f1tenth_gym_ros' returned '0': PYTHONPATH=/home/russell/sim_ws/build/f1tenth_gym_ros/prefix_override:/usr/lib/python3/dist-packages/colcon_core/task/python/colcon_distutils_commands:/home/russell/sim_ws/install/f1tenth_gym_ros/lib/python3.8/site-packages:${PYTHONPATH} /usr/bin/python3 -W ignore:setup.py install is deprecated -W ignore:easy_install command is deprecated setup.py egg_info --egg-base ../../build/f1tenth_gym_ros build --build-base /home/russell/sim_ws/build/f1tenth_gym_ros/build install --record /home/russell/sim_ws/build/f1tenth_gym_ros/install.log --single-version-externally-managed install_data
[1.487s] Level 1:colcon.colcon_core.environment:checking '/home/russell/sim_ws/install/f1tenth_gym_ros' for CMake config files
[1.494s] Level 1:colcon.colcon_core.environment:checking '/home/russell/sim_ws/install/f1tenth_gym_ros/lib'
[1.494s] Level 1:colcon.colcon_core.environment:checking '/home/russell/sim_ws/install/f1tenth_gym_ros/bin'
[1.494s] Level 1:colcon.colcon_core.environment:checking '/home/russell/sim_ws/install/f1tenth_gym_ros/lib/pkgconfig/f1tenth_gym_ros.pc'
[1.495s] Level 1:colcon.colcon_core.environment:checking '/home/russell/sim_ws/install/f1tenth_gym_ros/lib/python3.8/site-packages'
[1.495s] Level 1:colcon.colcon_core.shell:create_environment_hook('f1tenth_gym_ros', 'pythonpath')
[1.495s] INFO:colcon.colcon_core.shell:Creating environment hook '/home/russell/sim_ws/install/f1tenth_gym_ros/share/f1tenth_gym_ros/hook/pythonpath.ps1'
[1.497s] INFO:colcon.colcon_core.shell:Creating environment descriptor '/home/russell/sim_ws/install/f1tenth_gym_ros/share/f1tenth_gym_ros/hook/pythonpath.dsv'
[1.498s] INFO:colcon.colcon_core.shell:Creating environment hook '/home/russell/sim_ws/install/f1tenth_gym_ros/share/f1tenth_gym_ros/hook/pythonpath.sh'
[1.499s] Level 1:colcon.colcon_core.environment:checking '/home/russell/sim_ws/install/f1tenth_gym_ros/bin'
[1.500s] Level 1:colcon.colcon_core.environment:create_environment_scripts_only(f1tenth_gym_ros)
[1.500s] INFO:colcon.colcon_core.shell:Creating package script '/home/russell/sim_ws/install/f1tenth_gym_ros/share/f1tenth_gym_ros/package.ps1'
[1.501s] INFO:colcon.colcon_core.shell:Creating package descriptor '/home/russell/sim_ws/install/f1tenth_gym_ros/share/f1tenth_gym_ros/package.dsv'
[1.502s] INFO:colcon.colcon_core.shell:Creating package script '/home/russell/sim_ws/install/f1tenth_gym_ros/share/f1tenth_gym_ros/package.sh'
[1.503s] INFO:colcon.colcon_core.shell:Creating package script '/home/russell/sim_ws/install/f1tenth_gym_ros/share/f1tenth_gym_ros/package.bash'
[1.504s] INFO:colcon.colcon_core.shell:Creating package script '/home/russell/sim_ws/install/f1tenth_gym_ros/share/f1tenth_gym_ros/package.zsh'
[1.505s] Level 1:colcon.colcon_core.environment:create_file_with_runtime_dependencies(/home/russell/sim_ws/install/f1tenth_gym_ros/share/colcon-core/packages/f1tenth_gym_ros)
[1.507s] DEBUG:colcon.colcon_parallel_executor.executor.parallel:closing loop
[1.508s] DEBUG:colcon.colcon_parallel_executor.executor.parallel:loop closed
[1.508s] DEBUG:colcon.colcon_parallel_executor.executor.parallel:run_until_complete finished with '0'
[1.508s] DEBUG:colcon.colcon_core.event_reactor:joining thread
[1.513s] INFO:colcon.colcon_core.plugin_system:Skipping extension 'colcon_notification.desktop_notification.terminal_notifier': Not used on non-Darwin systems
[1.513s] INFO:colcon.colcon_core.plugin_system:Skipping extension 'colcon_notification.desktop_notification.win32': Not used on non-Windows systems
[1.513s] INFO:colcon.colcon_notification.desktop_notification:Sending desktop notification using 'notify2'
[1.541s] DEBUG:colcon.colcon_core.event_reactor:joined thread
[1.541s] INFO:colcon.colcon_core.shell:Creating prefix script '/home/russell/sim_ws/install/local_setup.ps1'
[1.542s] INFO:colcon.colcon_core.shell:Creating prefix util module '/home/russell/sim_ws/install/_local_setup_util_ps1.py'
[1.544s] INFO:colcon.colcon_core.shell:Creating prefix chain script '/home/russell/sim_ws/install/setup.ps1'
[1.545s] INFO:colcon.colcon_core.shell:Creating prefix script '/home/russell/sim_ws/install/local_setup.sh'
[1.546s] INFO:colcon.colcon_core.shell:Creating prefix util module '/home/russell/sim_ws/install/_local_setup_util_sh.py'
[1.547s] INFO:colcon.colcon_core.shell:Creating prefix chain script '/home/russell/sim_ws/install/setup.sh'
[1.549s] INFO:colcon.colcon_core.shell:Creating prefix script '/home/russell/sim_ws/install/local_setup.bash'
[1.550s] INFO:colcon.colcon_core.shell:Creating prefix chain script '/home/russell/sim_ws/install/setup.bash'
[1.551s] INFO:colcon.colcon_core.shell:Creating prefix script '/home/russell/sim_ws/install/local_setup.zsh'
[1.552s] INFO:colcon.colcon_core.shell:Creating prefix chain script '/home/russell/sim_ws/install/setup.zsh'
