[0.307s] Invoking command in '/home/russell/sim_ws/build/sim_bringup': CMAKE_PREFIX_PATH=${CMAKE_PREFIX_PATH}:/home/russell/sim_ws/install/f1tenth_gym_ros:/opt/ros/foxy /usr/bin/cmake --build /home/russell/sim_ws/build/sim_bringup -- -j3 -l3
[0.484s] Invoked command in '/home/russell/sim_ws/build/sim_bringup' returned '0': CMAKE_PREFIX_PATH=${CMAKE_PREFIX_PATH}:/home/russell/sim_ws/install/f1tenth_gym_ros:/opt/ros/foxy /usr/bin/cmake --build /home/russell/sim_ws/build/sim_bringup -- -j3 -l3
[0.493s] Invoking command in '/home/russell/sim_ws/build/sim_bringup': CMAKE_PREFIX_PATH=${CMAKE_PREFIX_PATH}:/home/russell/sim_ws/install/f1tenth_gym_ros:/opt/ros/foxy /usr/bin/cmake --install /home/russell/sim_ws/build/sim_bringup
[0.532s] -- Install configuration: ""
[0.533s] -- Up-to-date: /home/russell/sim_ws/install/sim_bringup/share/ament_index/resource_index/package_run_dependencies/sim_bringup
[0.537s] -- Up-to-date: /home/russell/sim_ws/install/sim_bringup/share/ament_index/resource_index/parent_prefix_path/sim_bringup
[0.537s] -- Up-to-date: /home/russell/sim_ws/install/sim_bringup/share/sim_bringup/environment/ament_prefix_path.sh
[0.538s] -- Up-to-date: /home/russell/sim_ws/install/sim_bringup/share/sim_bringup/environment/ament_prefix_path.dsv
[0.539s] -- Up-to-date: /home/russell/sim_ws/install/sim_bringup/share/sim_bringup/environment/path.sh
[0.540s] -- Up-to-date: /home/russell/sim_ws/install/sim_bringup/share/sim_bringup/environment/path.dsv
[0.540s] -- Up-to-date: /home/russell/sim_ws/install/sim_bringup/share/sim_bringup/local_setup.bash
[0.558s] -- Up-to-date: /home/russell/sim_ws/install/sim_bringup/share/sim_bringup/local_setup.sh
[0.559s] -- Up-to-date: /home/russell/sim_ws/install/sim_bringup/share/sim_bringup/local_setup.zsh
[0.559s] -- Up-to-date: /home/russell/sim_ws/install/sim_bringup/share/sim_bringup/local_setup.dsv
[0.559s] -- Installing: /home/russell/sim_ws/install/sim_bringup/share/sim_bringup/package.dsv
[0.560s] -- Up-to-date: /home/russell/sim_ws/install/sim_bringup/share/ament_index/resource_index/packages/sim_bringup
[0.571s] -- Up-to-date: /home/russell/sim_ws/install/sim_bringup/share/sim_bringup/cmake/sim_bringupConfig.cmake
[0.571s] -- Up-to-date: /home/russell/sim_ws/install/sim_bringup/share/sim_bringup/cmake/sim_bringupConfig-version.cmake
[0.577s] -- Up-to-date: /home/russell/sim_ws/install/sim_bringup/share/sim_bringup/package.xml
[0.578s] Invoked command in '/home/russell/sim_ws/build/sim_bringup' returned '0': CMAKE_PREFIX_PATH=${CMAKE_PREFIX_PATH}:/home/russell/sim_ws/install/f1tenth_gym_ros:/opt/ros/foxy /usr/bin/cmake --install /home/russell/sim_ws/build/sim_bringup
