[0.257s] Invoking command in '/home/russell/sim_ws/src/build/sim_bringup': CMAKE_PREFIX_PATH=/opt/ros/foxy /usr/bin/cmake /home/russell/sim_ws/src/sim_bringup -DCMAKE_INSTALL_PREFIX=/home/russell/sim_ws/src/install/sim_bringup
[0.685s] -- The C compiler identification is GNU 9.4.0
[0.980s] -- The CXX compiler identification is GNU 9.4.0
[1.001s] -- Check for working C compiler: /usr/bin/cc
[1.163s] -- Check for working C compiler: /usr/bin/cc -- works
[1.164s] -- Detecting C compiler ABI info
[1.299s] -- Detecting C compiler ABI info - done
[1.320s] -- Detecting C compile features
[1.324s] -- Detecting C compile features - done
[1.343s] -- Check for working CXX compiler: /usr/bin/c++
[1.461s] -- Check for working CXX compiler: /usr/bin/c++ -- works
[1.461s] -- Detecting CXX compiler ABI info
[1.599s] -- Detecting CXX compiler ABI info - done
[1.612s] -- Detecting CXX compile features
[1.615s] -- Detecting CXX compile features - done
[1.616s] -- Found ament_cmake: 0.9.12 (/opt/ros/foxy/share/ament_cmake/cmake)
[1.661s] -- Found PythonInterp: /usr/bin/python3 (found suitable version "3.8.10", minimum required is "3") 
[1.662s] -- Using PYTHON_EXECUTABLE: /usr/bin/python3
[1.887s] -- Found ament_lint_auto: 0.9.8 (/opt/ros/foxy/share/ament_lint_auto/cmake)
[2.010s] -- Added test 'copyright' to check source files copyright and LICENSE
[2.018s] -- Added test 'lint_cmake' to check CMake code style
[2.024s] -- Added test 'xmllint' to check XML markup files
[2.030s] -- Configuring done
[2.036s] -- Generating done
[2.039s] -- Build files have been written to: /home/russell/sim_ws/src/build/sim_bringup
[2.049s] Invoked command in '/home/russell/sim_ws/src/build/sim_bringup' returned '0': CMAKE_PREFIX_PATH=/opt/ros/foxy /usr/bin/cmake /home/russell/sim_ws/src/sim_bringup -DCMAKE_INSTALL_PREFIX=/home/russell/sim_ws/src/install/sim_bringup
[2.049s] Invoking command in '/home/russell/sim_ws/src/build/sim_bringup': CMAKE_PREFIX_PATH=/opt/ros/foxy /usr/bin/cmake --build /home/russell/sim_ws/src/build/sim_bringup -- -j3 -l3
[2.120s] Invoked command in '/home/russell/sim_ws/src/build/sim_bringup' returned '0': CMAKE_PREFIX_PATH=/opt/ros/foxy /usr/bin/cmake --build /home/russell/sim_ws/src/build/sim_bringup -- -j3 -l3
[2.141s] Invoking command in '/home/russell/sim_ws/src/build/sim_bringup': CMAKE_PREFIX_PATH=/opt/ros/foxy /usr/bin/cmake --install /home/russell/sim_ws/src/build/sim_bringup
[2.158s] -- Install configuration: ""
[2.159s] -- Installing: /home/russell/sim_ws/src/install/sim_bringup/share/ament_index/resource_index/package_run_dependencies/sim_bringup
[2.161s] -- Installing: /home/russell/sim_ws/src/install/sim_bringup/share/ament_index/resource_index/parent_prefix_path/sim_bringup
[2.162s] -- Installing: /home/russell/sim_ws/src/install/sim_bringup/share/sim_bringup/environment/ament_prefix_path.sh
[2.162s] -- Installing: /home/russell/sim_ws/src/install/sim_bringup/share/sim_bringup/environment/ament_prefix_path.dsv
[2.165s] -- Installing: /home/russell/sim_ws/src/install/sim_bringup/share/sim_bringup/environment/path.sh
[2.166s] -- Installing: /home/russell/sim_ws/src/install/sim_bringup/share/sim_bringup/environment/path.dsv
[2.166s] -- Installing: /home/russell/sim_ws/src/install/sim_bringup/share/sim_bringup/local_setup.bash
[2.167s] -- Installing: /home/russell/sim_ws/src/install/sim_bringup/share/sim_bringup/local_setup.sh
[2.167s] -- Installing: /home/russell/sim_ws/src/install/sim_bringup/share/sim_bringup/local_setup.zsh
[2.168s] -- Installing: /home/russell/sim_ws/src/install/sim_bringup/share/sim_bringup/local_setup.dsv
[2.168s] -- Installing: /home/russell/sim_ws/src/install/sim_bringup/share/sim_bringup/package.dsv
[2.169s] -- Installing: /home/russell/sim_ws/src/install/sim_bringup/share/ament_index/resource_index/packages/sim_bringup
[2.171s] -- Installing: /home/russell/sim_ws/src/install/sim_bringup/share/sim_bringup/cmake/sim_bringupConfig.cmake
[2.171s] -- Installing: /home/russell/sim_ws/src/install/sim_bringup/share/sim_bringup/cmake/sim_bringupConfig-version.cmake
[2.173s] -- Installing: /home/russell/sim_ws/src/install/sim_bringup/share/sim_bringup/package.xml
[2.183s] Invoked command in '/home/russell/sim_ws/src/build/sim_bringup' returned '0': CMAKE_PREFIX_PATH=/opt/ros/foxy /usr/bin/cmake --install /home/russell/sim_ws/src/build/sim_bringup
