[0.463s] Invoking command in '/home/russell/sim_ws/build/safety_node': CMAKE_PREFIX_PATH=${CMAKE_PREFIX_PATH}:/home/russell/sim_ws/install/f1tenth_gym_ros:/opt/ros/foxy /usr/bin/cmake --build /home/russell/sim_ws/build/safety_node -- -j3 -l3
[0.755s] [100%] Built target safety_node
[0.812s] Invoked command in '/home/russell/sim_ws/build/safety_node' returned '0': CMAKE_PREFIX_PATH=${CMAKE_PREFIX_PATH}:/home/russell/sim_ws/install/f1tenth_gym_ros:/opt/ros/foxy /usr/bin/cmake --build /home/russell/sim_ws/build/safety_node -- -j3 -l3
[0.872s] Invoking command in '/home/russell/sim_ws/build/safety_node': CMAKE_PREFIX_PATH=${CMAKE_PREFIX_PATH}:/home/russell/sim_ws/install/f1tenth_gym_ros:/opt/ros/foxy /usr/bin/cmake --install /home/russell/sim_ws/build/safety_node
[0.921s] -- Install configuration: ""
[0.922s] -- Up-to-date: /home/russell/sim_ws/install/safety_node/lib/safety_node/safety_node
[0.932s] -- Up-to-date: /home/russell/sim_ws/install/safety_node/share/safety_node/environment/pythonpath.sh
[0.935s] -- Up-to-date: /home/russell/sim_ws/install/safety_node/share/safety_node/environment/pythonpath.dsv
[0.935s] -- Up-to-date: /home/russell/sim_ws/install/safety_node/lib/python3.8/site-packages/safety_node
[0.935s] -- Up-to-date: /home/russell/sim_ws/install/safety_node/lib/python3.8/site-packages/safety_node/__init__.py
[1.004s] Listing '/home/russell/sim_ws/install/safety_node/lib/python3.8/site-packages/safety_node'...
[1.038s] -- Up-to-date: /home/russell/sim_ws/install/safety_node/lib/safety_node/safety_node.py
[1.039s] -- Up-to-date: /home/russell/sim_ws/install/safety_node/share/ament_index/resource_index/package_run_dependencies/safety_node
[1.039s] -- Up-to-date: /home/russell/sim_ws/install/safety_node/share/ament_index/resource_index/parent_prefix_path/safety_node
[1.041s] -- Up-to-date: /home/russell/sim_ws/install/safety_node/share/safety_node/environment/ament_prefix_path.sh
[1.041s] -- Up-to-date: /home/russell/sim_ws/install/safety_node/share/safety_node/environment/ament_prefix_path.dsv
[1.042s] -- Up-to-date: /home/russell/sim_ws/install/safety_node/share/safety_node/environment/path.sh
[1.042s] -- Up-to-date: /home/russell/sim_ws/install/safety_node/share/safety_node/environment/path.dsv
[1.042s] -- Up-to-date: /home/russell/sim_ws/install/safety_node/share/safety_node/local_setup.bash
[1.042s] -- Up-to-date: /home/russell/sim_ws/install/safety_node/share/safety_node/local_setup.sh
[1.042s] -- Up-to-date: /home/russell/sim_ws/install/safety_node/share/safety_node/local_setup.zsh
[1.042s] -- Up-to-date: /home/russell/sim_ws/install/safety_node/share/safety_node/local_setup.dsv
[1.042s] -- Installing: /home/russell/sim_ws/install/safety_node/share/safety_node/package.dsv
[1.042s] -- Up-to-date: /home/russell/sim_ws/install/safety_node/share/ament_index/resource_index/packages/safety_node
[1.042s] -- Up-to-date: /home/russell/sim_ws/install/safety_node/share/safety_node/cmake/safety_nodeConfig.cmake
[1.043s] -- Up-to-date: /home/russell/sim_ws/install/safety_node/share/safety_node/cmake/safety_nodeConfig-version.cmake
[1.043s] -- Up-to-date: /home/russell/sim_ws/install/safety_node/share/safety_node/package.xml
[1.070s] Invoked command in '/home/russell/sim_ws/build/safety_node' returned '0': CMAKE_PREFIX_PATH=${CMAKE_PREFIX_PATH}:/home/russell/sim_ws/install/f1tenth_gym_ros:/opt/ros/foxy /usr/bin/cmake --install /home/russell/sim_ws/build/safety_node
