[0.335s] Invoking command in '/home/russell/sim_ws/build/safety_node': CMAKE_PREFIX_PATH=${CMAKE_PREFIX_PATH}:/home/russell/sim_ws/install/f1tenth_gym_ros:/opt/ros/foxy /usr/bin/cmake --build /home/russell/sim_ws/build/safety_node -- -j3 -l3
[0.505s] [100%] Built target safety_node
[0.551s] Invoked command in '/home/russell/sim_ws/build/safety_node' returned '0': CMAKE_PREFIX_PATH=${CMAKE_PREFIX_PATH}:/home/russell/sim_ws/install/f1tenth_gym_ros:/opt/ros/foxy /usr/bin/cmake --build /home/russell/sim_ws/build/safety_node -- -j3 -l3
[0.552s] Invoking command in '/home/russell/sim_ws/build/safety_node': CMAKE_PREFIX_PATH=${CMAKE_PREFIX_PATH}:/home/russell/sim_ws/install/f1tenth_gym_ros:/opt/ros/foxy /usr/bin/cmake --install /home/russell/sim_ws/build/safety_node
[0.622s] -- Install configuration: ""
[0.624s] -- Up-to-date: /home/russell/sim_ws/install/safety_node/lib/safety_node/safety_node
[0.630s] -- Up-to-date: /home/russell/sim_ws/install/safety_node/share/safety_node/environment/pythonpath.sh
[0.630s] -- Up-to-date: /home/russell/sim_ws/install/safety_node/share/safety_node/environment/pythonpath.dsv
[0.638s] -- Up-to-date: /home/russell/sim_ws/install/safety_node/lib/python3.8/site-packages/safety_node
[0.645s] -- Up-to-date: /home/russell/sim_ws/install/safety_node/lib/python3.8/site-packages/safety_node/__init__.py
[0.775s] Listing '/home/russell/sim_ws/install/safety_node/lib/python3.8/site-packages/safety_node'...
[0.802s] -- Up-to-date: /home/russell/sim_ws/install/safety_node/lib/safety_node/safety_node.py
[0.803s] -- Up-to-date: /home/russell/sim_ws/install/safety_node/share/ament_index/resource_index/package_run_dependencies/safety_node
[0.804s] -- Up-to-date: /home/russell/sim_ws/install/safety_node/share/ament_index/resource_index/parent_prefix_path/safety_node
[0.806s] -- Up-to-date: /home/russell/sim_ws/install/safety_node/share/safety_node/environment/ament_prefix_path.sh
[0.806s] -- Up-to-date: /home/russell/sim_ws/install/safety_node/share/safety_node/environment/ament_prefix_path.dsv
[0.807s] -- Up-to-date: /home/russell/sim_ws/install/safety_node/share/safety_node/environment/path.sh
[0.809s] -- Up-to-date: /home/russell/sim_ws/install/safety_node/share/safety_node/environment/path.dsv
[0.809s] -- Up-to-date: /home/russell/sim_ws/install/safety_node/share/safety_node/local_setup.bash
[0.810s] -- Up-to-date: /home/russell/sim_ws/install/safety_node/share/safety_node/local_setup.sh
[0.811s] -- Up-to-date: /home/russell/sim_ws/install/safety_node/share/safety_node/local_setup.zsh
[0.811s] -- Up-to-date: /home/russell/sim_ws/install/safety_node/share/safety_node/local_setup.dsv
[0.813s] -- Installing: /home/russell/sim_ws/install/safety_node/share/safety_node/package.dsv
[0.816s] -- Up-to-date: /home/russell/sim_ws/install/safety_node/share/ament_index/resource_index/packages/safety_node
[0.816s] -- Up-to-date: /home/russell/sim_ws/install/safety_node/share/safety_node/cmake/safety_nodeConfig.cmake
[0.817s] -- Up-to-date: /home/russell/sim_ws/install/safety_node/share/safety_node/cmake/safety_nodeConfig-version.cmake
[0.819s] -- Up-to-date: /home/russell/sim_ws/install/safety_node/share/safety_node/package.xml
[0.825s] Invoked command in '/home/russell/sim_ws/build/safety_node' returned '0': CMAKE_PREFIX_PATH=${CMAKE_PREFIX_PATH}:/home/russell/sim_ws/install/f1tenth_gym_ros:/opt/ros/foxy /usr/bin/cmake --install /home/russell/sim_ws/build/safety_node
