[0.015s] Invoking command in '/home/russell/sim_ws/build/wall_follow': CMAKE_PREFIX_PATH=${CMAKE_PREFIX_PATH}:/home/russell/sim_ws/install/mlp_controller:/home/russell/sim_ws/install/f1tenth_gym_ros:/home/russell/sim_ws/install/data_collector:/home/russell/sim_ws/install/arbiter:/opt/ros/foxy /usr/bin/cmake --build /home/russell/sim_ws/build/wall_follow -- -j3 -l3
[0.197s] [100%] Built target wall_follow_node
[0.301s] Invoked command in '/home/russell/sim_ws/build/wall_follow' returned '0': CMAKE_PREFIX_PATH=${CMAKE_PREFIX_PATH}:/home/russell/sim_ws/install/mlp_controller:/home/russell/sim_ws/install/f1tenth_gym_ros:/home/russell/sim_ws/install/data_collector:/home/russell/sim_ws/install/arbiter:/opt/ros/foxy /usr/bin/cmake --build /home/russell/sim_ws/build/wall_follow -- -j3 -l3
[0.312s] Invoking command in '/home/russell/sim_ws/build/wall_follow': CMAKE_PREFIX_PATH=${CMAKE_PREFIX_PATH}:/home/russell/sim_ws/install/mlp_controller:/home/russell/sim_ws/install/f1tenth_gym_ros:/home/russell/sim_ws/install/data_collector:/home/russell/sim_ws/install/arbiter:/opt/ros/foxy /usr/bin/cmake --install /home/russell/sim_ws/build/wall_follow
[0.316s] -- Install configuration: ""
[0.316s] -- Up-to-date: /home/russell/sim_ws/install/wall_follow/lib/wall_follow/wall_follow_node
[0.317s] -- Up-to-date: /home/russell/sim_ws/install/wall_follow/share/wall_follow/environment/pythonpath.sh
[0.317s] -- Up-to-date: /home/russell/sim_ws/install/wall_follow/share/wall_follow/environment/pythonpath.dsv
[0.318s] -- Up-to-date: /home/russell/sim_ws/install/wall_follow/lib/python3.8/site-packages/wall_follow
[0.319s] -- Up-to-date: /home/russell/sim_ws/install/wall_follow/lib/python3.8/site-packages/wall_follow/__init__.py
[0.362s] Listing '/home/russell/sim_ws/install/wall_follow/lib/python3.8/site-packages/wall_follow'...
[0.372s] -- Up-to-date: /home/russell/sim_ws/install/wall_follow/lib/wall_follow/wall_follow_node.py
[0.372s] -- Up-to-date: /home/russell/sim_ws/install/wall_follow/share/ament_index/resource_index/package_run_dependencies/wall_follow
[0.373s] -- Up-to-date: /home/russell/sim_ws/install/wall_follow/share/ament_index/resource_index/parent_prefix_path/wall_follow
[0.373s] -- Up-to-date: /home/russell/sim_ws/install/wall_follow/share/wall_follow/environment/ament_prefix_path.sh
[0.373s] -- Up-to-date: /home/russell/sim_ws/install/wall_follow/share/wall_follow/environment/ament_prefix_path.dsv
[0.373s] -- Up-to-date: /home/russell/sim_ws/install/wall_follow/share/wall_follow/environment/path.sh
[0.373s] -- Up-to-date: /home/russell/sim_ws/install/wall_follow/share/wall_follow/environment/path.dsv
[0.373s] -- Up-to-date: /home/russell/sim_ws/install/wall_follow/share/wall_follow/local_setup.bash
[0.373s] -- Up-to-date: /home/russell/sim_ws/install/wall_follow/share/wall_follow/local_setup.sh
[0.373s] -- Up-to-date: /home/russell/sim_ws/install/wall_follow/share/wall_follow/local_setup.zsh
[0.373s] -- Up-to-date: /home/russell/sim_ws/install/wall_follow/share/wall_follow/local_setup.dsv
[0.373s] -- Installing: /home/russell/sim_ws/install/wall_follow/share/wall_follow/package.dsv
[0.373s] -- Up-to-date: /home/russell/sim_ws/install/wall_follow/share/ament_index/resource_index/packages/wall_follow
[0.373s] -- Up-to-date: /home/russell/sim_ws/install/wall_follow/share/wall_follow/cmake/wall_followConfig.cmake
[0.373s] -- Up-to-date: /home/russell/sim_ws/install/wall_follow/share/wall_follow/cmake/wall_followConfig-version.cmake
[0.373s] -- Up-to-date: /home/russell/sim_ws/install/wall_follow/share/wall_follow/package.xml
[0.382s] Invoked command in '/home/russell/sim_ws/build/wall_follow' returned '0': CMAKE_PREFIX_PATH=${CMAKE_PREFIX_PATH}:/home/russell/sim_ws/install/mlp_controller:/home/russell/sim_ws/install/f1tenth_gym_ros:/home/russell/sim_ws/install/data_collector:/home/russell/sim_ws/install/arbiter:/opt/ros/foxy /usr/bin/cmake --install /home/russell/sim_ws/build/wall_follow
