[2.396s] Invoking command in '/home/russell/sim_ws/src/mlp_controller': PYTHONPATH=/home/russell/sim_ws/build/mlp_controller/prefix_override:/usr/lib/python3/dist-packages/colcon_core/task/python/colcon_distutils_commands:/home/russell/sim_ws/install/mlp_controller/lib/python3.8/site-packages:${PYTHONPATH} /usr/bin/python3 -W ignore:setup.py install is deprecated -W ignore:easy_install command is deprecated setup.py egg_info --egg-base ../../build/mlp_controller build --build-base /home/russell/sim_ws/build/mlp_controller/build install --record /home/russell/sim_ws/build/mlp_controller/install.log --install-scripts $base/lib/mlp_controller --single-version-externally-managed install_data
[3.077s] running egg_info
[3.080s] writing ../../build/mlp_controller/mlp_controller.egg-info/PKG-INFO
[3.106s] writing dependency_links to ../../build/mlp_controller/mlp_controller.egg-info/dependency_links.txt
[3.106s] writing entry points to ../../build/mlp_controller/mlp_controller.egg-info/entry_points.txt
[3.106s] writing requirements to ../../build/mlp_controller/mlp_controller.egg-info/requires.txt
[3.107s] writing top-level names to ../../build/mlp_controller/mlp_controller.egg-info/top_level.txt
[3.172s] reading manifest file '../../build/mlp_controller/mlp_controller.egg-info/SOURCES.txt'
[3.174s] writing manifest file '../../build/mlp_controller/mlp_controller.egg-info/SOURCES.txt'
[3.175s] running build
[3.176s] running build_py
[3.177s] running install
[3.177s] running install_lib
[3.179s] running install_data
[3.179s] running install_egg_info
[3.181s] removing '/home/russell/sim_ws/install/mlp_controller/lib/python3.8/site-packages/mlp_controller-0.0.0-py3.8.egg-info' (and everything under it)
[3.183s] Copying ../../build/mlp_controller/mlp_controller.egg-info to /home/russell/sim_ws/install/mlp_controller/lib/python3.8/site-packages/mlp_controller-0.0.0-py3.8.egg-info
[3.183s] running install_scripts
[3.203s] Installing mlp_node script to /home/russell/sim_ws/install/mlp_controller/lib/mlp_controller
[3.207s] writing list of installed files to '/home/russell/sim_ws/build/mlp_controller/install.log'
[3.250s] Invoked command in '/home/russell/sim_ws/src/mlp_controller' returned '0': PYTHONPATH=/home/russell/sim_ws/build/mlp_controller/prefix_override:/usr/lib/python3/dist-packages/colcon_core/task/python/colcon_distutils_commands:/home/russell/sim_ws/install/mlp_controller/lib/python3.8/site-packages:${PYTHONPATH} /usr/bin/python3 -W ignore:setup.py install is deprecated -W ignore:easy_install command is deprecated setup.py egg_info --egg-base ../../build/mlp_controller build --build-base /home/russell/sim_ws/build/mlp_controller/build install --record /home/russell/sim_ws/build/mlp_controller/install.log --install-scripts $base/lib/mlp_controller --single-version-externally-managed install_data
