[0.716s] Invoking command in '/home/russell/sim_ws/src/f1tenth_gym_ros': PYTHONPATH=/home/russell/sim_ws/build/f1tenth_gym_ros/prefix_override:/usr/lib/python3/dist-packages/colcon_core/task/python/colcon_distutils_commands:/home/russell/sim_ws/install/f1tenth_gym_ros/lib/python3.8/site-packages:${PYTHONPATH} /usr/bin/python3 -W ignore:setup.py install is deprecated -W ignore:easy_install command is deprecated setup.py egg_info --egg-base ../../build/f1tenth_gym_ros build --build-base /home/russell/sim_ws/build/f1tenth_gym_ros/build install --record /home/russell/sim_ws/build/f1tenth_gym_ros/install.log --single-version-externally-managed install_data
[0.878s] running egg_info
[0.879s] creating ../../build/f1tenth_gym_ros/f1tenth_gym_ros.egg-info
[0.879s] writing ../../build/f1tenth_gym_ros/f1tenth_gym_ros.egg-info/PKG-INFO
[0.880s] writing dependency_links to ../../build/f1tenth_gym_ros/f1tenth_gym_ros.egg-info/dependency_links.txt
[0.882s] writing entry points to ../../build/f1tenth_gym_ros/f1tenth_gym_ros.egg-info/entry_points.txt
[0.882s] writing requirements to ../../build/f1tenth_gym_ros/f1tenth_gym_ros.egg-info/requires.txt
[0.882s] writing top-level names to ../../build/f1tenth_gym_ros/f1tenth_gym_ros.egg-info/top_level.txt
[0.882s] writing manifest file '../../build/f1tenth_gym_ros/f1tenth_gym_ros.egg-info/SOURCES.txt'
[0.909s] reading manifest file '../../build/f1tenth_gym_ros/f1tenth_gym_ros.egg-info/SOURCES.txt'
[0.910s] writing manifest file '../../build/f1tenth_gym_ros/f1tenth_gym_ros.egg-info/SOURCES.txt'
[0.910s] running build
[0.911s] running build_py
[0.911s] creating /home/russell/sim_ws/build/f1tenth_gym_ros/build
[0.911s] creating /home/russell/sim_ws/build/f1tenth_gym_ros/build/lib
[0.911s] creating /home/russell/sim_ws/build/f1tenth_gym_ros/build/lib/f1tenth_gym_ros
[0.911s] copying f1tenth_gym_ros/gym_bridge.py -> /home/russell/sim_ws/build/f1tenth_gym_ros/build/lib/f1tenth_gym_ros
[0.911s] copying f1tenth_gym_ros/__init__.py -> /home/russell/sim_ws/build/f1tenth_gym_ros/build/lib/f1tenth_gym_ros
[0.911s] running install
[0.911s] running install_lib
[0.912s] creating /home/russell/sim_ws/install/f1tenth_gym_ros/lib/python3.8/site-packages/f1tenth_gym_ros
[0.912s] copying /home/russell/sim_ws/build/f1tenth_gym_ros/build/lib/f1tenth_gym_ros/gym_bridge.py -> /home/russell/sim_ws/install/f1tenth_gym_ros/lib/python3.8/site-packages/f1tenth_gym_ros
[0.912s] copying /home/russell/sim_ws/build/f1tenth_gym_ros/build/lib/f1tenth_gym_ros/__init__.py -> /home/russell/sim_ws/install/f1tenth_gym_ros/lib/python3.8/site-packages/f1tenth_gym_ros
[0.913s] byte-compiling /home/russell/sim_ws/install/f1tenth_gym_ros/lib/python3.8/site-packages/f1tenth_gym_ros/gym_bridge.py to gym_bridge.cpython-38.pyc
[0.916s] byte-compiling /home/russell/sim_ws/install/f1tenth_gym_ros/lib/python3.8/site-packages/f1tenth_gym_ros/__init__.py to __init__.cpython-38.pyc
[0.916s] running install_data
[0.916s] creating /home/russell/sim_ws/install/f1tenth_gym_ros/share/ament_index
[0.916s] creating /home/russell/sim_ws/install/f1tenth_gym_ros/share/ament_index/resource_index
[0.917s] creating /home/russell/sim_ws/install/f1tenth_gym_ros/share/ament_index/resource_index/packages
[0.917s] copying resource/f1tenth_gym_ros -> /home/russell/sim_ws/install/f1tenth_gym_ros/share/ament_index/resource_index/packages
[0.917s] copying package.xml -> /home/russell/sim_ws/install/f1tenth_gym_ros/share/f1tenth_gym_ros
[0.917s] creating /home/russell/sim_ws/install/f1tenth_gym_ros/share/f1tenth_gym_ros/launch
[0.917s] copying launch/gym_bridge_launch.py -> /home/russell/sim_ws/install/f1tenth_gym_ros/share/f1tenth_gym_ros/launch
[0.917s] copying launch/opp_racecar.xacro -> /home/russell/sim_ws/install/f1tenth_gym_ros/share/f1tenth_gym_ros/launch
[0.917s] copying launch/ego_racecar.xacro -> /home/russell/sim_ws/install/f1tenth_gym_ros/share/f1tenth_gym_ros/launch
[0.917s] copying launch/gym_bridge.rviz -> /home/russell/sim_ws/install/f1tenth_gym_ros/share/f1tenth_gym_ros/launch
[0.917s] creating /home/russell/sim_ws/install/f1tenth_gym_ros/share/f1tenth_gym_ros/config
[0.917s] copying config/sim.yaml -> /home/russell/sim_ws/install/f1tenth_gym_ros/share/f1tenth_gym_ros/config
[0.917s] running install_egg_info
[0.918s] Copying ../../build/f1tenth_gym_ros/f1tenth_gym_ros.egg-info to /home/russell/sim_ws/install/f1tenth_gym_ros/lib/python3.8/site-packages/f1tenth_gym_ros-0.0.0-py3.8.egg-info
[0.919s] running install_scripts
[0.931s] Installing gym_bridge script to /home/russell/sim_ws/install/f1tenth_gym_ros/lib/f1tenth_gym_ros
[0.931s] writing list of installed files to '/home/russell/sim_ws/build/f1tenth_gym_ros/install.log'
[0.948s] Invoked command in '/home/russell/sim_ws/src/f1tenth_gym_ros' returned '0': PYTHONPATH=/home/russell/sim_ws/build/f1tenth_gym_ros/prefix_override:/usr/lib/python3/dist-packages/colcon_core/task/python/colcon_distutils_commands:/home/russell/sim_ws/install/f1tenth_gym_ros/lib/python3.8/site-packages:${PYTHONPATH} /usr/bin/python3 -W ignore:setup.py install is deprecated -W ignore:easy_install command is deprecated setup.py egg_info --egg-base ../../build/f1tenth_gym_ros build --build-base /home/russell/sim_ws/build/f1tenth_gym_ros/build install --record /home/russell/sim_ws/build/f1tenth_gym_ros/install.log --single-version-externally-managed install_data
