[0.276s] Invoking command in '/home/russell/sim_ws/build/sim_bringup': CMAKE_PREFIX_PATH=${CMAKE_PREFIX_PATH}:/home/russell/sim_ws/install/f1tenth_gym_ros:/opt/ros/foxy /usr/bin/cmake --build /home/russell/sim_ws/build/sim_bringup -- -j3 -l3
[0.347s] Invoked command in '/home/russell/sim_ws/build/sim_bringup' returned '0': CMAKE_PREFIX_PATH=${CMAKE_PREFIX_PATH}:/home/russell/sim_ws/install/f1tenth_gym_ros:/opt/ros/foxy /usr/bin/cmake --build /home/russell/sim_ws/build/sim_bringup -- -j3 -l3
[0.400s] Invoking command in '/home/russell/sim_ws/build/sim_bringup': CMAKE_PREFIX_PATH=${CMAKE_PREFIX_PATH}:/home/russell/sim_ws/install/f1tenth_gym_ros:/opt/ros/foxy /usr/bin/cmake --install /home/russell/sim_ws/build/sim_bringup
[0.428s] -- Install configuration: ""
[0.429s] -- Up-to-date: /home/russell/sim_ws/install/sim_bringup/share/ament_index/resource_index/package_run_dependencies/sim_bringup
[0.431s] -- Up-to-date: /home/russell/sim_ws/install/sim_bringup/share/ament_index/resource_index/parent_prefix_path/sim_bringup
[0.432s] -- Up-to-date: /home/russell/sim_ws/install/sim_bringup/share/sim_bringup/environment/ament_prefix_path.sh
[0.432s] -- Up-to-date: /home/russell/sim_ws/install/sim_bringup/share/sim_bringup/environment/ament_prefix_path.dsv
[0.432s] -- Up-to-date: /home/russell/sim_ws/install/sim_bringup/share/sim_bringup/environment/path.sh
[0.434s] -- Up-to-date: /home/russell/sim_ws/install/sim_bringup/share/sim_bringup/environment/path.dsv
[0.436s] -- Up-to-date: /home/russell/sim_ws/install/sim_bringup/share/sim_bringup/local_setup.bash
[0.450s] -- Up-to-date: /home/russell/sim_ws/install/sim_bringup/share/sim_bringup/local_setup.sh
[0.453s] -- Up-to-date: /home/russell/sim_ws/install/sim_bringup/share/sim_bringup/local_setup.zsh
[0.454s] -- Up-to-date: /home/russell/sim_ws/install/sim_bringup/share/sim_bringup/local_setup.dsv
[0.454s] -- Installing: /home/russell/sim_ws/install/sim_bringup/share/sim_bringup/package.dsv
[0.454s] -- Up-to-date: /home/russell/sim_ws/install/sim_bringup/share/ament_index/resource_index/packages/sim_bringup
[0.454s] -- Up-to-date: /home/russell/sim_ws/install/sim_bringup/share/sim_bringup/cmake/sim_bringupConfig.cmake
[0.454s] -- Up-to-date: /home/russell/sim_ws/install/sim_bringup/share/sim_bringup/cmake/sim_bringupConfig-version.cmake
[0.454s] -- Up-to-date: /home/russell/sim_ws/install/sim_bringup/share/sim_bringup/package.xml
[0.464s] Invoked command in '/home/russell/sim_ws/build/sim_bringup' returned '0': CMAKE_PREFIX_PATH=${CMAKE_PREFIX_PATH}:/home/russell/sim_ws/install/f1tenth_gym_ros:/opt/ros/foxy /usr/bin/cmake --install /home/russell/sim_ws/build/sim_bringup
