[0.046s] Invoking command in '/home/russell/sim_ws/build/wall_follow': CMAKE_PREFIX_PATH=${CMAKE_PREFIX_PATH}:/home/russell/sim_ws/install/f1tenth_gym_ros:/opt/ros/foxy /usr/bin/cmake --build /home/russell/sim_ws/build/wall_follow -- -j3 -l3
[0.210s] [100%] Built target wall_follow_node
[0.241s] Invoked command in '/home/russell/sim_ws/build/wall_follow' returned '0': CMAKE_PREFIX_PATH=${CMAKE_PREFIX_PATH}:/home/russell/sim_ws/install/f1tenth_gym_ros:/opt/ros/foxy /usr/bin/cmake --build /home/russell/sim_ws/build/wall_follow -- -j3 -l3
[0.246s] Invoking command in '/home/russell/sim_ws/build/wall_follow': CMAKE_PREFIX_PATH=${CMAKE_PREFIX_PATH}:/home/russell/sim_ws/install/f1tenth_gym_ros:/opt/ros/foxy /usr/bin/cmake --install /home/russell/sim_ws/build/wall_follow
[0.260s] -- Install configuration: ""
[0.260s] -- Up-to-date: /home/russell/sim_ws/install/wall_follow/lib/wall_follow/wall_follow_node
[0.260s] -- Up-to-date: /home/russell/sim_ws/install/wall_follow/share/wall_follow/environment/pythonpath.sh
[0.260s] -- Up-to-date: /home/russell/sim_ws/install/wall_follow/share/wall_follow/environment/pythonpath.dsv
[0.261s] -- Up-to-date: /home/russell/sim_ws/install/wall_follow/lib/python3.8/site-packages/wall_follow
[0.261s] -- Up-to-date: /home/russell/sim_ws/install/wall_follow/lib/python3.8/site-packages/wall_follow/__init__.py
[0.297s] Listing '/home/russell/sim_ws/install/wall_follow/lib/python3.8/site-packages/wall_follow'...
[0.297s] -- Installing: /home/russell/sim_ws/install/wall_follow/lib/wall_follow/wall_follow_node.py
[0.298s] -- Up-to-date: /home/russell/sim_ws/install/wall_follow/share/ament_index/resource_index/package_run_dependencies/wall_follow
[0.298s] -- Up-to-date: /home/russell/sim_ws/install/wall_follow/share/ament_index/resource_index/parent_prefix_path/wall_follow
[0.299s] -- Up-to-date: /home/russell/sim_ws/install/wall_follow/share/wall_follow/environment/ament_prefix_path.sh
[0.299s] -- Up-to-date: /home/russell/sim_ws/install/wall_follow/share/wall_follow/environment/ament_prefix_path.dsv
[0.301s] -- Up-to-date: /home/russell/sim_ws/install/wall_follow/share/wall_follow/environment/path.sh
[0.301s] -- Up-to-date: /home/russell/sim_ws/install/wall_follow/share/wall_follow/environment/path.dsv
[0.301s] -- Up-to-date: /home/russell/sim_ws/install/wall_follow/share/wall_follow/local_setup.bash
[0.301s] -- Up-to-date: /home/russell/sim_ws/install/wall_follow/share/wall_follow/local_setup.sh
[0.302s] -- Up-to-date: /home/russell/sim_ws/install/wall_follow/share/wall_follow/local_setup.zsh
[0.302s] -- Up-to-date: /home/russell/sim_ws/install/wall_follow/share/wall_follow/local_setup.dsv
[0.302s] -- Installing: /home/russell/sim_ws/install/wall_follow/share/wall_follow/package.dsv
[0.303s] -- Up-to-date: /home/russell/sim_ws/install/wall_follow/share/ament_index/resource_index/packages/wall_follow
[0.305s] -- Up-to-date: /home/russell/sim_ws/install/wall_follow/share/wall_follow/cmake/wall_followConfig.cmake
[0.306s] -- Up-to-date: /home/russell/sim_ws/install/wall_follow/share/wall_follow/cmake/wall_followConfig-version.cmake
[0.306s] -- Up-to-date: /home/russell/sim_ws/install/wall_follow/share/wall_follow/package.xml
[0.309s] Invoked command in '/home/russell/sim_ws/build/wall_follow' returned '0': CMAKE_PREFIX_PATH=${CMAKE_PREFIX_PATH}:/home/russell/sim_ws/install/f1tenth_gym_ros:/opt/ros/foxy /usr/bin/cmake --install /home/russell/sim_ws/build/wall_follow
