[0.020s] Invoking command in '/home/russell/sim_ws/build/safety_node': CMAKE_PREFIX_PATH=${CMAKE_PREFIX_PATH}:/home/russell/sim_ws/install/mlp_controller:/home/russell/sim_ws/install/f1tenth_gym_ros:/home/russell/sim_ws/install/data_collector:/opt/ros/foxy /usr/bin/cmake --build /home/russell/sim_ws/build/safety_node -- -j3 -l3
[0.164s] [100%] Built target safety_node
[0.232s] Invoked command in '/home/russell/sim_ws/build/safety_node' returned '0': CMAKE_PREFIX_PATH=${CMAKE_PREFIX_PATH}:/home/russell/sim_ws/install/mlp_controller:/home/russell/sim_ws/install/f1tenth_gym_ros:/home/russell/sim_ws/install/data_collector:/opt/ros/foxy /usr/bin/cmake --build /home/russell/sim_ws/build/safety_node -- -j3 -l3
[0.234s] Invoking command in '/home/russell/sim_ws/build/safety_node': CMAKE_PREFIX_PATH=${CMAKE_PREFIX_PATH}:/home/russell/sim_ws/install/mlp_controller:/home/russell/sim_ws/install/f1tenth_gym_ros:/home/russell/sim_ws/install/data_collector:/opt/ros/foxy /usr/bin/cmake --install /home/russell/sim_ws/build/safety_node
[0.254s] -- Install configuration: ""
[0.256s] -- Up-to-date: /home/russell/sim_ws/install/safety_node/lib/safety_node/safety_node
[0.257s] -- Up-to-date: /home/russell/sim_ws/install/safety_node/share/safety_node/environment/pythonpath.sh
[0.257s] -- Up-to-date: /home/russell/sim_ws/install/safety_node/share/safety_node/environment/pythonpath.dsv
[0.257s] -- Up-to-date: /home/russell/sim_ws/install/safety_node/lib/python3.8/site-packages/safety_node
[0.257s] -- Up-to-date: /home/russell/sim_ws/install/safety_node/lib/python3.8/site-packages/safety_node/__init__.py
[0.311s] Listing '/home/russell/sim_ws/install/safety_node/lib/python3.8/site-packages/safety_node'...
[0.318s] -- Up-to-date: /home/russell/sim_ws/install/safety_node/lib/safety_node/safety_node.py
[0.319s] -- Up-to-date: /home/russell/sim_ws/install/safety_node/share/ament_index/resource_index/package_run_dependencies/safety_node
[0.319s] -- Up-to-date: /home/russell/sim_ws/install/safety_node/share/ament_index/resource_index/parent_prefix_path/safety_node
[0.319s] -- Up-to-date: /home/russell/sim_ws/install/safety_node/share/safety_node/environment/ament_prefix_path.sh
[0.319s] -- Up-to-date: /home/russell/sim_ws/install/safety_node/share/safety_node/environment/ament_prefix_path.dsv
[0.319s] -- Up-to-date: /home/russell/sim_ws/install/safety_node/share/safety_node/environment/path.sh
[0.319s] -- Up-to-date: /home/russell/sim_ws/install/safety_node/share/safety_node/environment/path.dsv
[0.319s] -- Up-to-date: /home/russell/sim_ws/install/safety_node/share/safety_node/local_setup.bash
[0.319s] -- Up-to-date: /home/russell/sim_ws/install/safety_node/share/safety_node/local_setup.sh
[0.319s] -- Up-to-date: /home/russell/sim_ws/install/safety_node/share/safety_node/local_setup.zsh
[0.319s] -- Up-to-date: /home/russell/sim_ws/install/safety_node/share/safety_node/local_setup.dsv
[0.319s] -- Installing: /home/russell/sim_ws/install/safety_node/share/safety_node/package.dsv
[0.319s] -- Up-to-date: /home/russell/sim_ws/install/safety_node/share/ament_index/resource_index/packages/safety_node
[0.319s] -- Up-to-date: /home/russell/sim_ws/install/safety_node/share/safety_node/cmake/safety_nodeConfig.cmake
[0.319s] -- Up-to-date: /home/russell/sim_ws/install/safety_node/share/safety_node/cmake/safety_nodeConfig-version.cmake
[0.319s] -- Up-to-date: /home/russell/sim_ws/install/safety_node/share/safety_node/package.xml
[0.337s] Invoked command in '/home/russell/sim_ws/build/safety_node' returned '0': CMAKE_PREFIX_PATH=${CMAKE_PREFIX_PATH}:/home/russell/sim_ws/install/mlp_controller:/home/russell/sim_ws/install/f1tenth_gym_ros:/home/russell/sim_ws/install/data_collector:/opt/ros/foxy /usr/bin/cmake --install /home/russell/sim_ws/build/safety_node
