running egg_info
creating ../../build/arbiter/arbiter.egg-info
writing ../../build/arbiter/arbiter.egg-info/PKG-INFO
writing dependency_links to ../../build/arbiter/arbiter.egg-info/dependency_links.txt
writing entry points to ../../build/arbiter/arbiter.egg-info/entry_points.txt
writing requirements to ../../build/arbiter/arbiter.egg-info/requires.txt
writing top-level names to ../../build/arbiter/arbiter.egg-info/top_level.txt
writing manifest file '../../build/arbiter/arbiter.egg-info/SOURCES.txt'
reading manifest file '../../build/arbiter/arbiter.egg-info/SOURCES.txt'
writing manifest file '../../build/arbiter/arbiter.egg-info/SOURCES.txt'
running build
running build_py
creating /home/russell/sim_ws/build/arbiter/build
creating /home/russell/sim_ws/build/arbiter/build/lib
creating /home/russell/sim_ws/build/arbiter/build/lib/arbiter
copying arbiter/__init__.py -> /home/russell/sim_ws/build/arbiter/build/lib/arbiter
copying arbiter/arb_node.py -> /home/russell/sim_ws/build/arbiter/build/lib/arbiter
running install
running install_lib
creating /home/russell/sim_ws/install/arbiter/lib/python3.8/site-packages/arbiter
copying /home/russell/sim_ws/build/arbiter/build/lib/arbiter/__init__.py -> /home/russell/sim_ws/install/arbiter/lib/python3.8/site-packages/arbiter
copying /home/russell/sim_ws/build/arbiter/build/lib/arbiter/arb_node.py -> /home/russell/sim_ws/install/arbiter/lib/python3.8/site-packages/arbiter
byte-compiling /home/russell/sim_ws/install/arbiter/lib/python3.8/site-packages/arbiter/__init__.py to __init__.cpython-38.pyc
byte-compiling /home/russell/sim_ws/install/arbiter/lib/python3.8/site-packages/arbiter/arb_node.py to arb_node.cpython-38.pyc
running install_data
creating /home/russell/sim_ws/install/arbiter/share/ament_index
creating /home/russell/sim_ws/install/arbiter/share/ament_index/resource_index
creating /home/russell/sim_ws/install/arbiter/share/ament_index/resource_index/packages
copying resource/arbiter -> /home/russell/sim_ws/install/arbiter/share/ament_index/resource_index/packages
copying package.xml -> /home/russell/sim_ws/install/arbiter/share/arbiter
running install_egg_info
Copying ../../build/arbiter/arbiter.egg-info to /home/russell/sim_ws/install/arbiter/lib/python3.8/site-packages/arbiter-0.0.0-py3.8.egg-info
running install_scripts
Installing arb_node script to /home/russell/sim_ws/install/arbiter/lib/arbiter
writing list of installed files to '/home/russell/sim_ws/build/arbiter/install.log'
