[0.766s] Invoking command in '/home/russell/sim_ws/build/gap_follow': CMAKE_PREFIX_PATH=${CMAKE_PREFIX_PATH}:/home/russell/sim_ws/install/mlp_controller:/home/russell/sim_ws/install/f1tenth_gym_ros:/home/russell/sim_ws/install/data_collector:/opt/ros/foxy /usr/bin/cmake --build /home/russell/sim_ws/build/gap_follow -- -j3 -l3
[1.002s] [100%] Built target reactive_node
[1.083s] Invoked command in '/home/russell/sim_ws/build/gap_follow' returned '0': CMAKE_PREFIX_PATH=${CMAKE_PREFIX_PATH}:/home/russell/sim_ws/install/mlp_controller:/home/russell/sim_ws/install/f1tenth_gym_ros:/home/russell/sim_ws/install/data_collector:/opt/ros/foxy /usr/bin/cmake --build /home/russell/sim_ws/build/gap_follow -- -j3 -l3
[1.133s] Invoking command in '/home/russell/sim_ws/build/gap_follow': CMAKE_PREFIX_PATH=${CMAKE_PREFIX_PATH}:/home/russell/sim_ws/install/mlp_controller:/home/russell/sim_ws/install/f1tenth_gym_ros:/home/russell/sim_ws/install/data_collector:/opt/ros/foxy /usr/bin/cmake --install /home/russell/sim_ws/build/gap_follow
[1.162s] -- Install configuration: ""
[1.162s] -- Up-to-date: /home/russell/sim_ws/install/gap_follow/lib/gap_follow/reactive_node
[1.164s] -- Up-to-date: /home/russell/sim_ws/install/gap_follow/share/gap_follow/environment/pythonpath.sh
[1.164s] -- Up-to-date: /home/russell/sim_ws/install/gap_follow/share/gap_follow/environment/pythonpath.dsv
[1.164s] -- Up-to-date: /home/russell/sim_ws/install/gap_follow/lib/python3.8/site-packages/gap_follow
[1.165s] -- Up-to-date: /home/russell/sim_ws/install/gap_follow/lib/python3.8/site-packages/gap_follow/__init__.py
[1.234s] Listing '/home/russell/sim_ws/install/gap_follow/lib/python3.8/site-packages/gap_follow'...
[1.234s] -- Installing: /home/russell/sim_ws/install/gap_follow/lib/gap_follow/reactive_node.py
[1.234s] -- Up-to-date: /home/russell/sim_ws/install/gap_follow/share/ament_index/resource_index/package_run_dependencies/gap_follow
[1.234s] -- Up-to-date: /home/russell/sim_ws/install/gap_follow/share/ament_index/resource_index/parent_prefix_path/gap_follow
[1.234s] -- Up-to-date: /home/russell/sim_ws/install/gap_follow/share/gap_follow/environment/ament_prefix_path.sh
[1.234s] -- Up-to-date: /home/russell/sim_ws/install/gap_follow/share/gap_follow/environment/ament_prefix_path.dsv
[1.234s] -- Up-to-date: /home/russell/sim_ws/install/gap_follow/share/gap_follow/environment/path.sh
[1.234s] -- Up-to-date: /home/russell/sim_ws/install/gap_follow/share/gap_follow/environment/path.dsv
[1.234s] -- Up-to-date: /home/russell/sim_ws/install/gap_follow/share/gap_follow/local_setup.bash
[1.234s] -- Up-to-date: /home/russell/sim_ws/install/gap_follow/share/gap_follow/local_setup.sh
[1.234s] -- Up-to-date: /home/russell/sim_ws/install/gap_follow/share/gap_follow/local_setup.zsh
[1.234s] -- Up-to-date: /home/russell/sim_ws/install/gap_follow/share/gap_follow/local_setup.dsv
[1.235s] -- Installing: /home/russell/sim_ws/install/gap_follow/share/gap_follow/package.dsv
[1.244s] -- Up-to-date: /home/russell/sim_ws/install/gap_follow/share/ament_index/resource_index/packages/gap_follow
[1.244s] -- Up-to-date: /home/russell/sim_ws/install/gap_follow/share/gap_follow/cmake/gap_followConfig.cmake
[1.244s] -- Up-to-date: /home/russell/sim_ws/install/gap_follow/share/gap_follow/cmake/gap_followConfig-version.cmake
[1.245s] -- Up-to-date: /home/russell/sim_ws/install/gap_follow/share/gap_follow/package.xml
[1.254s] Invoked command in '/home/russell/sim_ws/build/gap_follow' returned '0': CMAKE_PREFIX_PATH=${CMAKE_PREFIX_PATH}:/home/russell/sim_ws/install/mlp_controller:/home/russell/sim_ws/install/f1tenth_gym_ros:/home/russell/sim_ws/install/data_collector:/opt/ros/foxy /usr/bin/cmake --install /home/russell/sim_ws/build/gap_follow
