[1.211s] Invoking command in '/home/russell/sim_ws/src/data_collector': PYTHONPATH=/home/russell/sim_ws/build/data_collector/prefix_override:/usr/lib/python3/dist-packages/colcon_core/task/python/colcon_distutils_commands:/home/russell/sim_ws/install/data_collector/lib/python3.8/site-packages:${PYTHONPATH} /usr/bin/python3 -W ignore:setup.py install is deprecated -W ignore:easy_install command is deprecated setup.py egg_info --egg-base ../../build/data_collector build --build-base /home/russell/sim_ws/build/data_collector/build install --record /home/russell/sim_ws/build/data_collector/install.log --install-scripts $base/lib/data_collector --single-version-externally-managed install_data
[1.521s] running egg_info
[1.522s] writing ../../build/data_collector/data_collector.egg-info/PKG-INFO
[1.530s] writing dependency_links to ../../build/data_collector/data_collector.egg-info/dependency_links.txt
[1.530s] writing entry points to ../../build/data_collector/data_collector.egg-info/entry_points.txt
[1.530s] writing requirements to ../../build/data_collector/data_collector.egg-info/requires.txt
[1.551s] writing top-level names to ../../build/data_collector/data_collector.egg-info/top_level.txt
[1.587s] reading manifest file '../../build/data_collector/data_collector.egg-info/SOURCES.txt'
[1.594s] writing manifest file '../../build/data_collector/data_collector.egg-info/SOURCES.txt'
[1.596s] running build
[1.596s] running build_py
[1.597s] running install
[1.601s] running install_lib
[1.605s] running install_data
[1.607s] running install_egg_info
[1.612s] removing '/home/russell/sim_ws/install/data_collector/lib/python3.8/site-packages/data_collector-0.0.1-py3.8.egg-info' (and everything under it)
[1.613s] Copying ../../build/data_collector/data_collector.egg-info to /home/russell/sim_ws/install/data_collector/lib/python3.8/site-packages/data_collector-0.0.1-py3.8.egg-info
[1.613s] running install_scripts
[1.638s] Installing data_logger script to /home/russell/sim_ws/install/data_collector/lib/data_collector
[1.638s] writing list of installed files to '/home/russell/sim_ws/build/data_collector/install.log'
[1.664s] Invoked command in '/home/russell/sim_ws/src/data_collector' returned '0': PYTHONPATH=/home/russell/sim_ws/build/data_collector/prefix_override:/usr/lib/python3/dist-packages/colcon_core/task/python/colcon_distutils_commands:/home/russell/sim_ws/install/data_collector/lib/python3.8/site-packages:${PYTHONPATH} /usr/bin/python3 -W ignore:setup.py install is deprecated -W ignore:easy_install command is deprecated setup.py egg_info --egg-base ../../build/data_collector build --build-base /home/russell/sim_ws/build/data_collector/build install --record /home/russell/sim_ws/build/data_collector/install.log --install-scripts $base/lib/data_collector --single-version-externally-managed install_data
