[0.824s] Invoking command in '/home/russell/sim_ws/src/mlp_controller': PYTHONPATH=/home/russell/sim_ws/build/mlp_controller/prefix_override:/usr/lib/python3/dist-packages/colcon_core/task/python/colcon_distutils_commands:/home/russell/sim_ws/install/mlp_controller/lib/python3.8/site-packages:${PYTHONPATH} /usr/bin/python3 -W ignore:setup.py install is deprecated -W ignore:easy_install command is deprecated setup.py egg_info --egg-base ../../build/mlp_controller build --build-base /home/russell/sim_ws/build/mlp_controller/build install --record /home/russell/sim_ws/build/mlp_controller/install.log --install-scripts $base/lib/mlp_controller --single-version-externally-managed install_data
[1.103s] running egg_info
[1.103s] writing ../../build/mlp_controller/mlp_controller.egg-info/PKG-INFO
[1.104s] writing dependency_links to ../../build/mlp_controller/mlp_controller.egg-info/dependency_links.txt
[1.106s] writing entry points to ../../build/mlp_controller/mlp_controller.egg-info/entry_points.txt
[1.106s] writing requirements to ../../build/mlp_controller/mlp_controller.egg-info/requires.txt
[1.106s] writing top-level names to ../../build/mlp_controller/mlp_controller.egg-info/top_level.txt
[1.148s] reading manifest file '../../build/mlp_controller/mlp_controller.egg-info/SOURCES.txt'
[1.150s] writing manifest file '../../build/mlp_controller/mlp_controller.egg-info/SOURCES.txt'
[1.150s] running build
[1.151s] running build_py
[1.151s] running install
[1.152s] running install_lib
[1.154s] running install_data
[1.154s] running install_egg_info
[1.158s] removing '/home/russell/sim_ws/install/mlp_controller/lib/python3.8/site-packages/mlp_controller-0.0.0-py3.8.egg-info' (and everything under it)
[1.158s] Copying ../../build/mlp_controller/mlp_controller.egg-info to /home/russell/sim_ws/install/mlp_controller/lib/python3.8/site-packages/mlp_controller-0.0.0-py3.8.egg-info
[1.158s] running install_scripts
[1.183s] Installing mlp_node script to /home/russell/sim_ws/install/mlp_controller/lib/mlp_controller
[1.184s] writing list of installed files to '/home/russell/sim_ws/build/mlp_controller/install.log'
[1.205s] Invoked command in '/home/russell/sim_ws/src/mlp_controller' returned '0': PYTHONPATH=/home/russell/sim_ws/build/mlp_controller/prefix_override:/usr/lib/python3/dist-packages/colcon_core/task/python/colcon_distutils_commands:/home/russell/sim_ws/install/mlp_controller/lib/python3.8/site-packages:${PYTHONPATH} /usr/bin/python3 -W ignore:setup.py install is deprecated -W ignore:easy_install command is deprecated setup.py egg_info --egg-base ../../build/mlp_controller build --build-base /home/russell/sim_ws/build/mlp_controller/build install --record /home/russell/sim_ws/build/mlp_controller/install.log --install-scripts $base/lib/mlp_controller --single-version-externally-managed install_data
