[0.921s] Invoking command in '/home/russell/sim_ws/src/f1tenth_gym_ros': PYTHONPATH=/home/russell/sim_ws/src/build/f1tenth_gym_ros/prefix_override:/usr/lib/python3/dist-packages/colcon_core/task/python/colcon_distutils_commands:/home/russell/sim_ws/src/install/f1tenth_gym_ros/lib/python3.8/site-packages:${PYTHONPATH} /usr/bin/python3 -W ignore:setup.py install is deprecated -W ignore:easy_install command is deprecated setup.py egg_info --egg-base ../build/f1tenth_gym_ros build --build-base /home/russell/sim_ws/src/build/f1tenth_gym_ros/build install --record /home/russell/sim_ws/src/build/f1tenth_gym_ros/install.log --single-version-externally-managed install_data
[1.118s] running egg_info
[1.122s] creating ../build/f1tenth_gym_ros/f1tenth_gym_ros.egg-info
[1.122s] writing ../build/f1tenth_gym_ros/f1tenth_gym_ros.egg-info/PKG-INFO
[1.122s] writing dependency_links to ../build/f1tenth_gym_ros/f1tenth_gym_ros.egg-info/dependency_links.txt
[1.122s] writing entry points to ../build/f1tenth_gym_ros/f1tenth_gym_ros.egg-info/entry_points.txt
[1.122s] writing requirements to ../build/f1tenth_gym_ros/f1tenth_gym_ros.egg-info/requires.txt
[1.122s] writing top-level names to ../build/f1tenth_gym_ros/f1tenth_gym_ros.egg-info/top_level.txt
[1.122s] writing manifest file '../build/f1tenth_gym_ros/f1tenth_gym_ros.egg-info/SOURCES.txt'
[1.150s] reading manifest file '../build/f1tenth_gym_ros/f1tenth_gym_ros.egg-info/SOURCES.txt'
[1.150s] writing manifest file '../build/f1tenth_gym_ros/f1tenth_gym_ros.egg-info/SOURCES.txt'
[1.150s] running build
[1.150s] running build_py
[1.150s] creating /home/russell/sim_ws/src/build/f1tenth_gym_ros/build
[1.151s] creating /home/russell/sim_ws/src/build/f1tenth_gym_ros/build/lib
[1.151s] creating /home/russell/sim_ws/src/build/f1tenth_gym_ros/build/lib/f1tenth_gym_ros
[1.151s] copying f1tenth_gym_ros/gym_bridge.py -> /home/russell/sim_ws/src/build/f1tenth_gym_ros/build/lib/f1tenth_gym_ros
[1.151s] copying f1tenth_gym_ros/__init__.py -> /home/russell/sim_ws/src/build/f1tenth_gym_ros/build/lib/f1tenth_gym_ros
[1.151s] running install
[1.153s] running install_lib
[1.157s] creating /home/russell/sim_ws/src/install/f1tenth_gym_ros/lib/python3.8/site-packages/f1tenth_gym_ros
[1.158s] copying /home/russell/sim_ws/src/build/f1tenth_gym_ros/build/lib/f1tenth_gym_ros/gym_bridge.py -> /home/russell/sim_ws/src/install/f1tenth_gym_ros/lib/python3.8/site-packages/f1tenth_gym_ros
[1.158s] copying /home/russell/sim_ws/src/build/f1tenth_gym_ros/build/lib/f1tenth_gym_ros/__init__.py -> /home/russell/sim_ws/src/install/f1tenth_gym_ros/lib/python3.8/site-packages/f1tenth_gym_ros
[1.158s] byte-compiling /home/russell/sim_ws/src/install/f1tenth_gym_ros/lib/python3.8/site-packages/f1tenth_gym_ros/gym_bridge.py to gym_bridge.cpython-38.pyc
[1.159s] byte-compiling /home/russell/sim_ws/src/install/f1tenth_gym_ros/lib/python3.8/site-packages/f1tenth_gym_ros/__init__.py to __init__.cpython-38.pyc
[1.159s] running install_data
[1.159s] creating /home/russell/sim_ws/src/install/f1tenth_gym_ros/share/ament_index
[1.159s] creating /home/russell/sim_ws/src/install/f1tenth_gym_ros/share/ament_index/resource_index
[1.159s] creating /home/russell/sim_ws/src/install/f1tenth_gym_ros/share/ament_index/resource_index/packages
[1.160s] copying resource/f1tenth_gym_ros -> /home/russell/sim_ws/src/install/f1tenth_gym_ros/share/ament_index/resource_index/packages
[1.160s] copying package.xml -> /home/russell/sim_ws/src/install/f1tenth_gym_ros/share/f1tenth_gym_ros
[1.160s] creating /home/russell/sim_ws/src/install/f1tenth_gym_ros/share/f1tenth_gym_ros/launch
[1.160s] copying launch/gym_bridge_launch.py -> /home/russell/sim_ws/src/install/f1tenth_gym_ros/share/f1tenth_gym_ros/launch
[1.161s] copying launch/opp_racecar.xacro -> /home/russell/sim_ws/src/install/f1tenth_gym_ros/share/f1tenth_gym_ros/launch
[1.161s] copying launch/ego_racecar.xacro -> /home/russell/sim_ws/src/install/f1tenth_gym_ros/share/f1tenth_gym_ros/launch
[1.162s] copying launch/gym_bridge.rviz -> /home/russell/sim_ws/src/install/f1tenth_gym_ros/share/f1tenth_gym_ros/launch
[1.163s] creating /home/russell/sim_ws/src/install/f1tenth_gym_ros/share/f1tenth_gym_ros/config
[1.163s] copying config/sim.yaml -> /home/russell/sim_ws/src/install/f1tenth_gym_ros/share/f1tenth_gym_ros/config
[1.173s] running install_egg_info
[1.174s] Copying ../build/f1tenth_gym_ros/f1tenth_gym_ros.egg-info to /home/russell/sim_ws/src/install/f1tenth_gym_ros/lib/python3.8/site-packages/f1tenth_gym_ros-0.0.0-py3.8.egg-info
[1.175s] running install_scripts
[1.183s] Installing gym_bridge script to /home/russell/sim_ws/src/install/f1tenth_gym_ros/lib/f1tenth_gym_ros
[1.183s] writing list of installed files to '/home/russell/sim_ws/src/build/f1tenth_gym_ros/install.log'
[1.208s] Invoked command in '/home/russell/sim_ws/src/f1tenth_gym_ros' returned '0': PYTHONPATH=/home/russell/sim_ws/src/build/f1tenth_gym_ros/prefix_override:/usr/lib/python3/dist-packages/colcon_core/task/python/colcon_distutils_commands:/home/russell/sim_ws/src/install/f1tenth_gym_ros/lib/python3.8/site-packages:${PYTHONPATH} /usr/bin/python3 -W ignore:setup.py install is deprecated -W ignore:easy_install command is deprecated setup.py egg_info --egg-base ../build/f1tenth_gym_ros build --build-base /home/russell/sim_ws/src/build/f1tenth_gym_ros/build install --record /home/russell/sim_ws/src/build/f1tenth_gym_ros/install.log --single-version-externally-managed install_data
