[1.705s] Invoking command in '/home/russell/sim_ws/src/mlp_controller': PYTHONPATH=/home/russell/sim_ws/build/mlp_controller/prefix_override:/usr/lib/python3/dist-packages/colcon_core/task/python/colcon_distutils_commands:/home/russell/sim_ws/install/mlp_controller/lib/python3.8/site-packages:${PYTHONPATH} /usr/bin/python3 -W ignore:setup.py install is deprecated -W ignore:easy_install command is deprecated setup.py egg_info --egg-base ../../build/mlp_controller build --build-base /home/russell/sim_ws/build/mlp_controller/build install --record /home/russell/sim_ws/build/mlp_controller/install.log --install-scripts $base/lib/mlp_controller --single-version-externally-managed install_data
[2.021s] running egg_info
[2.022s] writing ../../build/mlp_controller/mlp_controller.egg-info/PKG-INFO
[2.025s] writing dependency_links to ../../build/mlp_controller/mlp_controller.egg-info/dependency_links.txt
[2.026s] writing entry points to ../../build/mlp_controller/mlp_controller.egg-info/entry_points.txt
[2.027s] writing requirements to ../../build/mlp_controller/mlp_controller.egg-info/requires.txt
[2.027s] writing top-level names to ../../build/mlp_controller/mlp_controller.egg-info/top_level.txt
[2.069s] reading manifest file '../../build/mlp_controller/mlp_controller.egg-info/SOURCES.txt'
[2.071s] writing manifest file '../../build/mlp_controller/mlp_controller.egg-info/SOURCES.txt'
[2.072s] running build
[2.073s] running build_py
[2.073s] running install
[2.074s] running install_lib
[2.077s] running install_data
[2.078s] running install_egg_info
[2.080s] removing '/home/russell/sim_ws/install/mlp_controller/lib/python3.8/site-packages/mlp_controller-0.0.0-py3.8.egg-info' (and everything under it)
[2.083s] Copying ../../build/mlp_controller/mlp_controller.egg-info to /home/russell/sim_ws/install/mlp_controller/lib/python3.8/site-packages/mlp_controller-0.0.0-py3.8.egg-info
[2.083s] running install_scripts
[2.103s] Installing mlp_node script to /home/russell/sim_ws/install/mlp_controller/lib/mlp_controller
[2.103s] writing list of installed files to '/home/russell/sim_ws/build/mlp_controller/install.log'
[2.136s] Invoked command in '/home/russell/sim_ws/src/mlp_controller' returned '0': PYTHONPATH=/home/russell/sim_ws/build/mlp_controller/prefix_override:/usr/lib/python3/dist-packages/colcon_core/task/python/colcon_distutils_commands:/home/russell/sim_ws/install/mlp_controller/lib/python3.8/site-packages:${PYTHONPATH} /usr/bin/python3 -W ignore:setup.py install is deprecated -W ignore:easy_install command is deprecated setup.py egg_info --egg-base ../../build/mlp_controller build --build-base /home/russell/sim_ws/build/mlp_controller/build install --record /home/russell/sim_ws/build/mlp_controller/install.log --install-scripts $base/lib/mlp_controller --single-version-externally-managed install_data
