[0.217s] Invoking command in '/home/russell/sim_ws/build/sim_bringup': CMAKE_PREFIX_PATH=/opt/ros/foxy /usr/bin/cmake /home/russell/sim_ws/src/sim_bringup -DCMAKE_INSTALL_PREFIX=/home/russell/sim_ws/install/sim_bringup
[0.288s] -- The C compiler identification is GNU 9.4.0
[0.396s] -- The CXX compiler identification is GNU 9.4.0
[0.399s] -- Check for working C compiler: /usr/bin/cc
[0.557s] -- Check for working C compiler: /usr/bin/cc -- works
[0.557s] -- Detecting C compiler ABI info
[0.672s] -- Detecting C compiler ABI info - done
[0.679s] -- Detecting C compile features
[0.680s] -- Detecting C compile features - done
[0.684s] -- Check for working CXX compiler: /usr/bin/c++
[0.787s] -- Check for working CXX compiler: /usr/bin/c++ -- works
[0.789s] -- Detecting CXX compiler ABI info
[0.905s] -- Detecting CXX compiler ABI info - done
[0.916s] -- Detecting CXX compile features
[0.918s] -- Detecting CXX compile features - done
[0.921s] -- Found ament_cmake: 0.9.12 (/opt/ros/foxy/share/ament_cmake/cmake)
[0.951s] -- Found PythonInterp: /usr/bin/python3 (found suitable version "3.8.10", minimum required is "3") 
[0.951s] -- Using PYTHON_EXECUTABLE: /usr/bin/python3
[1.125s] -- Found ament_lint_auto: 0.9.8 (/opt/ros/foxy/share/ament_lint_auto/cmake)
[1.204s] -- Added test 'copyright' to check source files copyright and LICENSE
[1.205s] -- Added test 'lint_cmake' to check CMake code style
[1.206s] -- Added test 'xmllint' to check XML markup files
[1.208s] -- Configuring done
[1.211s] -- Generating done
[1.212s] -- Build files have been written to: /home/russell/sim_ws/build/sim_bringup
[1.219s] Invoked command in '/home/russell/sim_ws/build/sim_bringup' returned '0': CMAKE_PREFIX_PATH=/opt/ros/foxy /usr/bin/cmake /home/russell/sim_ws/src/sim_bringup -DCMAKE_INSTALL_PREFIX=/home/russell/sim_ws/install/sim_bringup
[1.220s] Invoking command in '/home/russell/sim_ws/build/sim_bringup': CMAKE_PREFIX_PATH=/opt/ros/foxy /usr/bin/cmake --build /home/russell/sim_ws/build/sim_bringup -- -j3 -l3
[1.263s] Invoked command in '/home/russell/sim_ws/build/sim_bringup' returned '0': CMAKE_PREFIX_PATH=/opt/ros/foxy /usr/bin/cmake --build /home/russell/sim_ws/build/sim_bringup -- -j3 -l3
[1.268s] Invoking command in '/home/russell/sim_ws/build/sim_bringup': CMAKE_PREFIX_PATH=/opt/ros/foxy /usr/bin/cmake --install /home/russell/sim_ws/build/sim_bringup
[1.282s] -- Install configuration: ""
[1.282s] -- Installing: /home/russell/sim_ws/install/sim_bringup/share/ament_index/resource_index/package_run_dependencies/sim_bringup
[1.283s] -- Installing: /home/russell/sim_ws/install/sim_bringup/share/ament_index/resource_index/parent_prefix_path/sim_bringup
[1.284s] -- Installing: /home/russell/sim_ws/install/sim_bringup/share/sim_bringup/environment/ament_prefix_path.sh
[1.284s] -- Installing: /home/russell/sim_ws/install/sim_bringup/share/sim_bringup/environment/ament_prefix_path.dsv
[1.284s] -- Installing: /home/russell/sim_ws/install/sim_bringup/share/sim_bringup/environment/path.sh
[1.285s] -- Installing: /home/russell/sim_ws/install/sim_bringup/share/sim_bringup/environment/path.dsv
[1.285s] -- Installing: /home/russell/sim_ws/install/sim_bringup/share/sim_bringup/local_setup.bash
[1.285s] -- Installing: /home/russell/sim_ws/install/sim_bringup/share/sim_bringup/local_setup.sh
[1.285s] -- Installing: /home/russell/sim_ws/install/sim_bringup/share/sim_bringup/local_setup.zsh
[1.286s] -- Installing: /home/russell/sim_ws/install/sim_bringup/share/sim_bringup/local_setup.dsv
[1.286s] -- Installing: /home/russell/sim_ws/install/sim_bringup/share/sim_bringup/package.dsv
[1.287s] -- Installing: /home/russell/sim_ws/install/sim_bringup/share/ament_index/resource_index/packages/sim_bringup
[1.287s] -- Installing: /home/russell/sim_ws/install/sim_bringup/share/sim_bringup/cmake/sim_bringupConfig.cmake
[1.287s] -- Installing: /home/russell/sim_ws/install/sim_bringup/share/sim_bringup/cmake/sim_bringupConfig-version.cmake
[1.288s] -- Installing: /home/russell/sim_ws/install/sim_bringup/share/sim_bringup/package.xml
[1.291s] Invoked command in '/home/russell/sim_ws/build/sim_bringup' returned '0': CMAKE_PREFIX_PATH=/opt/ros/foxy /usr/bin/cmake --install /home/russell/sim_ws/build/sim_bringup
