[1.704s] Invoking command in '/home/russell/sim_ws/src/data_collector': PYTHONPATH=/home/russell/sim_ws/build/data_collector/prefix_override:/usr/lib/python3/dist-packages/colcon_core/task/python/colcon_distutils_commands:/home/russell/sim_ws/install/data_collector/lib/python3.8/site-packages:${PYTHONPATH} /usr/bin/python3 -W ignore:setup.py install is deprecated -W ignore:easy_install command is deprecated setup.py egg_info --egg-base ../../build/data_collector build --build-base /home/russell/sim_ws/build/data_collector/build install --record /home/russell/sim_ws/build/data_collector/install.log --install-scripts $base/lib/data_collector --single-version-externally-managed install_data
[2.060s] running egg_info
[2.061s] writing ../../build/data_collector/data_collector.egg-info/PKG-INFO
[2.061s] writing dependency_links to ../../build/data_collector/data_collector.egg-info/dependency_links.txt
[2.061s] writing entry points to ../../build/data_collector/data_collector.egg-info/entry_points.txt
[2.062s] writing requirements to ../../build/data_collector/data_collector.egg-info/requires.txt
[2.088s] writing top-level names to ../../build/data_collector/data_collector.egg-info/top_level.txt
[2.206s] reading manifest file '../../build/data_collector/data_collector.egg-info/SOURCES.txt'
[2.206s] writing manifest file '../../build/data_collector/data_collector.egg-info/SOURCES.txt'
[2.207s] running build
[2.207s] running build_py
[2.207s] running install
[2.208s] running install_lib
[2.208s] running install_data
[2.209s] running install_egg_info
[2.212s] removing '/home/russell/sim_ws/install/data_collector/lib/python3.8/site-packages/data_collector-0.0.1-py3.8.egg-info' (and everything under it)
[2.212s] Copying ../../build/data_collector/data_collector.egg-info to /home/russell/sim_ws/install/data_collector/lib/python3.8/site-packages/data_collector-0.0.1-py3.8.egg-info
[2.212s] running install_scripts
[2.290s] Installing data_logger script to /home/russell/sim_ws/install/data_collector/lib/data_collector
[2.290s] writing list of installed files to '/home/russell/sim_ws/build/data_collector/install.log'
[2.351s] Invoked command in '/home/russell/sim_ws/src/data_collector' returned '0': PYTHONPATH=/home/russell/sim_ws/build/data_collector/prefix_override:/usr/lib/python3/dist-packages/colcon_core/task/python/colcon_distutils_commands:/home/russell/sim_ws/install/data_collector/lib/python3.8/site-packages:${PYTHONPATH} /usr/bin/python3 -W ignore:setup.py install is deprecated -W ignore:easy_install command is deprecated setup.py egg_info --egg-base ../../build/data_collector build --build-base /home/russell/sim_ws/build/data_collector/build install --record /home/russell/sim_ws/build/data_collector/install.log --install-scripts $base/lib/data_collector --single-version-externally-managed install_data
