[0.154s] DEBUG:colcon:Command line arguments: ['/usr/bin/colcon', 'build']
[0.155s] DEBUG:colcon:Parsed command line arguments: Namespace(allow_overriding=[], ament_cmake_args=None, base_paths=['.'], build_base='build', catkin_cmake_args=None, catkin_skip_building_tests=False, cmake_args=None, cmake_clean_cache=False, cmake_clean_first=False, cmake_force_configure=False, cmake_target=None, cmake_target_skip_unavailable=False, continue_on_error=False, event_handlers=None, executor='parallel', ignore_user_meta=False, install_base='install', log_base=None, log_level=None, main=<bound method BuildVerb.main of <colcon_core.verb.build.BuildVerb object at 0x7f1639567460>>, merge_install=False, metas=['./colcon.meta'], mixin=None, mixin_files=None, mixin_verb=('build',), packages_above=None, packages_above_and_dependencies=None, packages_above_depth=None, packages_end=None, packages_ignore=None, packages_ignore_regex=None, packages_select=None, packages_select_build_failed=False, packages_select_by_dep=None, packages_select_regex=None, packages_select_test_failures=False, packages_skip=None, packages_skip_build_finished=False, packages_skip_by_dep=None, packages_skip_regex=None, packages_skip_test_passed=False, packages_skip_up_to=None, packages_start=None, packages_up_to=None, packages_up_to_regex=None, parallel_workers=3, paths=None, symlink_install=False, test_result_base=None, verb_extension=<colcon_core.verb.build.BuildVerb object at 0x7f1639567460>, verb_name='build', verb_parser=<colcon_mixin.mixin.mixin_argument.MixinArgumentDecorator object at 0x7f16395679d0>)
[0.265s] Level 1:colcon.colcon_core.package_discovery:discover_packages(colcon_meta) check parameters
[0.267s] Level 1:colcon.colcon_core.package_discovery:discover_packages(recursive) check parameters
[0.267s] Level 1:colcon.colcon_core.package_discovery:discover_packages(ignore) check parameters
[0.267s] Level 1:colcon.colcon_core.package_discovery:discover_packages(path) check parameters
[0.267s] Level 1:colcon.colcon_core.package_discovery:discover_packages(colcon_meta) discover
[0.267s] Level 1:colcon.colcon_core.package_discovery:discover_packages(recursive) discover
[0.267s] INFO:colcon.colcon_core.package_discovery:Crawling recursively for packages in '/home/russell/sim_ws'
[0.267s] Level 1:colcon.colcon_core.package_identification:_identify(.) by extensions ['ignore', 'ignore_ament_install']
[0.267s] Level 1:colcon.colcon_core.package_identification:_identify(.) by extension 'ignore'
[0.267s] Level 1:colcon.colcon_core.package_identification:_identify(.) by extension 'ignore_ament_install'
[0.267s] Level 1:colcon.colcon_core.package_identification:_identify(.) by extensions ['colcon_pkg']
[0.267s] Level 1:colcon.colcon_core.package_identification:_identify(.) by extension 'colcon_pkg'
[0.267s] Level 1:colcon.colcon_core.package_identification:_identify(.) by extensions ['colcon_meta']
[0.267s] Level 1:colcon.colcon_core.package_identification:_identify(.) by extension 'colcon_meta'
[0.267s] Level 1:colcon.colcon_core.package_identification:_identify(.) by extensions ['ros']
[0.267s] Level 1:colcon.colcon_core.package_identification:_identify(.) by extension 'ros'
[0.276s] Level 1:colcon.colcon_core.package_identification:_identify(.) by extensions ['cmake', 'python']
[0.276s] Level 1:colcon.colcon_core.package_identification:_identify(.) by extension 'cmake'
[0.277s] Level 1:colcon.colcon_core.package_identification:_identify(.) by extension 'python'
[0.277s] Level 1:colcon.colcon_core.package_identification:_identify(.) by extensions ['python_setup_py']
[0.277s] Level 1:colcon.colcon_core.package_identification:_identify(.) by extension 'python_setup_py'
[0.277s] Level 1:colcon.colcon_core.package_identification:_identify(build) by extensions ['ignore', 'ignore_ament_install']
[0.277s] Level 1:colcon.colcon_core.package_identification:_identify(build) by extension 'ignore'
[0.277s] Level 1:colcon.colcon_core.package_identification:_identify(build) ignored
[0.277s] Level 1:colcon.colcon_core.package_identification:_identify(data_log) by extensions ['ignore', 'ignore_ament_install']
[0.277s] Level 1:colcon.colcon_core.package_identification:_identify(data_log) by extension 'ignore'
[0.277s] Level 1:colcon.colcon_core.package_identification:_identify(data_log) by extension 'ignore_ament_install'
[0.278s] Level 1:colcon.colcon_core.package_identification:_identify(data_log) by extensions ['colcon_pkg']
[0.278s] Level 1:colcon.colcon_core.package_identification:_identify(data_log) by extension 'colcon_pkg'
[0.278s] Level 1:colcon.colcon_core.package_identification:_identify(data_log) by extensions ['colcon_meta']
[0.278s] Level 1:colcon.colcon_core.package_identification:_identify(data_log) by extension 'colcon_meta'
[0.278s] Level 1:colcon.colcon_core.package_identification:_identify(data_log) by extensions ['ros']
[0.278s] Level 1:colcon.colcon_core.package_identification:_identify(data_log) by extension 'ros'
[0.278s] Level 1:colcon.colcon_core.package_identification:_identify(data_log) by extensions ['cmake', 'python']
[0.278s] Level 1:colcon.colcon_core.package_identification:_identify(data_log) by extension 'cmake'
[0.278s] Level 1:colcon.colcon_core.package_identification:_identify(data_log) by extension 'python'
[0.278s] Level 1:colcon.colcon_core.package_identification:_identify(data_log) by extensions ['python_setup_py']
[0.278s] Level 1:colcon.colcon_core.package_identification:_identify(data_log) by extension 'python_setup_py'
[0.278s] Level 1:colcon.colcon_core.package_identification:_identify(install) by extensions ['ignore', 'ignore_ament_install']
[0.279s] Level 1:colcon.colcon_core.package_identification:_identify(install) by extension 'ignore'
[0.280s] Level 1:colcon.colcon_core.package_identification:_identify(install) ignored
[0.281s] Level 1:colcon.colcon_core.package_identification:_identify(log) by extensions ['ignore', 'ignore_ament_install']
[0.281s] Level 1:colcon.colcon_core.package_identification:_identify(log) by extension 'ignore'
[0.281s] Level 1:colcon.colcon_core.package_identification:_identify(log) ignored
[0.281s] Level 1:colcon.colcon_core.package_identification:_identify(src) by extensions ['ignore', 'ignore_ament_install']
[0.281s] Level 1:colcon.colcon_core.package_identification:_identify(src) by extension 'ignore'
[0.281s] Level 1:colcon.colcon_core.package_identification:_identify(src) by extension 'ignore_ament_install'
[0.281s] Level 1:colcon.colcon_core.package_identification:_identify(src) by extensions ['colcon_pkg']
[0.281s] Level 1:colcon.colcon_core.package_identification:_identify(src) by extension 'colcon_pkg'
[0.281s] Level 1:colcon.colcon_core.package_identification:_identify(src) by extensions ['colcon_meta']
[0.281s] Level 1:colcon.colcon_core.package_identification:_identify(src) by extension 'colcon_meta'
[0.281s] Level 1:colcon.colcon_core.package_identification:_identify(src) by extensions ['ros']
[0.281s] Level 1:colcon.colcon_core.package_identification:_identify(src) by extension 'ros'
[0.281s] Level 1:colcon.colcon_core.package_identification:_identify(src) by extensions ['cmake', 'python']
[0.281s] Level 1:colcon.colcon_core.package_identification:_identify(src) by extension 'cmake'
[0.281s] Level 1:colcon.colcon_core.package_identification:_identify(src) by extension 'python'
[0.282s] Level 1:colcon.colcon_core.package_identification:_identify(src) by extensions ['python_setup_py']
[0.282s] Level 1:colcon.colcon_core.package_identification:_identify(src) by extension 'python_setup_py'
[0.282s] Level 1:colcon.colcon_core.package_identification:_identify(src/build) by extensions ['ignore', 'ignore_ament_install']
[0.282s] Level 1:colcon.colcon_core.package_identification:_identify(src/build) by extension 'ignore'
[0.282s] Level 1:colcon.colcon_core.package_identification:_identify(src/build) ignored
[0.282s] Level 1:colcon.colcon_core.package_identification:_identify(src/data_collector) by extensions ['ignore', 'ignore_ament_install']
[0.282s] Level 1:colcon.colcon_core.package_identification:_identify(src/data_collector) by extension 'ignore'
[0.282s] Level 1:colcon.colcon_core.package_identification:_identify(src/data_collector) by extension 'ignore_ament_install'
[0.282s] Level 1:colcon.colcon_core.package_identification:_identify(src/data_collector) by extensions ['colcon_pkg']
[0.282s] Level 1:colcon.colcon_core.package_identification:_identify(src/data_collector) by extension 'colcon_pkg'
[0.282s] Level 1:colcon.colcon_core.package_identification:_identify(src/data_collector) by extensions ['colcon_meta']
[0.282s] Level 1:colcon.colcon_core.package_identification:_identify(src/data_collector) by extension 'colcon_meta'
[0.282s] Level 1:colcon.colcon_core.package_identification:_identify(src/data_collector) by extensions ['ros']
[0.282s] Level 1:colcon.colcon_core.package_identification:_identify(src/data_collector) by extension 'ros'
[0.284s] DEBUG:colcon.colcon_core.package_identification:Package 'src/data_collector' with type 'ros.ament_python' and name 'data_collector'
[0.284s] Level 1:colcon.colcon_core.package_identification:_identify(src/f1tenth_gym_ros) by extensions ['ignore', 'ignore_ament_install']
[0.284s] Level 1:colcon.colcon_core.package_identification:_identify(src/f1tenth_gym_ros) by extension 'ignore'
[0.285s] Level 1:colcon.colcon_core.package_identification:_identify(src/f1tenth_gym_ros) by extension 'ignore_ament_install'
[0.285s] Level 1:colcon.colcon_core.package_identification:_identify(src/f1tenth_gym_ros) by extensions ['colcon_pkg']
[0.285s] Level 1:colcon.colcon_core.package_identification:_identify(src/f1tenth_gym_ros) by extension 'colcon_pkg'
[0.285s] Level 1:colcon.colcon_core.package_identification:_identify(src/f1tenth_gym_ros) by extensions ['colcon_meta']
[0.285s] Level 1:colcon.colcon_core.package_identification:_identify(src/f1tenth_gym_ros) by extension 'colcon_meta'
[0.285s] Level 1:colcon.colcon_core.package_identification:_identify(src/f1tenth_gym_ros) by extensions ['ros']
[0.285s] Level 1:colcon.colcon_core.package_identification:_identify(src/f1tenth_gym_ros) by extension 'ros'
[0.285s] DEBUG:colcon.colcon_core.package_identification:Package 'src/f1tenth_gym_ros' with type 'ros.ament_python' and name 'f1tenth_gym_ros'
[0.286s] Level 1:colcon.colcon_core.package_identification:_identify(src/gap_follow) by extensions ['ignore', 'ignore_ament_install']
[0.286s] Level 1:colcon.colcon_core.package_identification:_identify(src/gap_follow) by extension 'ignore'
[0.286s] Level 1:colcon.colcon_core.package_identification:_identify(src/gap_follow) by extension 'ignore_ament_install'
[0.286s] Level 1:colcon.colcon_core.package_identification:_identify(src/gap_follow) by extensions ['colcon_pkg']
[0.286s] Level 1:colcon.colcon_core.package_identification:_identify(src/gap_follow) by extension 'colcon_pkg'
[0.286s] Level 1:colcon.colcon_core.package_identification:_identify(src/gap_follow) by extensions ['colcon_meta']
[0.286s] Level 1:colcon.colcon_core.package_identification:_identify(src/gap_follow) by extension 'colcon_meta'
[0.286s] Level 1:colcon.colcon_core.package_identification:_identify(src/gap_follow) by extensions ['ros']
[0.286s] Level 1:colcon.colcon_core.package_identification:_identify(src/gap_follow) by extension 'ros'
[0.287s] DEBUG:colcon.colcon_core.package_identification:Package 'src/gap_follow' with type 'ros.ament_cmake' and name 'gap_follow'
[0.287s] Level 1:colcon.colcon_core.package_identification:_identify(src/install) by extensions ['ignore', 'ignore_ament_install']
[0.287s] Level 1:colcon.colcon_core.package_identification:_identify(src/install) by extension 'ignore'
[0.287s] Level 1:colcon.colcon_core.package_identification:_identify(src/install) ignored
[0.287s] Level 1:colcon.colcon_core.package_identification:_identify(src/log) by extensions ['ignore', 'ignore_ament_install']
[0.287s] Level 1:colcon.colcon_core.package_identification:_identify(src/log) by extension 'ignore'
[0.287s] Level 1:colcon.colcon_core.package_identification:_identify(src/log) ignored
[0.287s] Level 1:colcon.colcon_core.package_identification:_identify(src/mlp_controller) by extensions ['ignore', 'ignore_ament_install']
[0.287s] Level 1:colcon.colcon_core.package_identification:_identify(src/mlp_controller) by extension 'ignore'
[0.287s] Level 1:colcon.colcon_core.package_identification:_identify(src/mlp_controller) by extension 'ignore_ament_install'
[0.287s] Level 1:colcon.colcon_core.package_identification:_identify(src/mlp_controller) by extensions ['colcon_pkg']
[0.287s] Level 1:colcon.colcon_core.package_identification:_identify(src/mlp_controller) by extension 'colcon_pkg'
[0.287s] Level 1:colcon.colcon_core.package_identification:_identify(src/mlp_controller) by extensions ['colcon_meta']
[0.287s] Level 1:colcon.colcon_core.package_identification:_identify(src/mlp_controller) by extension 'colcon_meta'
[0.288s] Level 1:colcon.colcon_core.package_identification:_identify(src/mlp_controller) by extensions ['ros']
[0.288s] Level 1:colcon.colcon_core.package_identification:_identify(src/mlp_controller) by extension 'ros'
[0.288s] DEBUG:colcon.colcon_core.package_identification:Package 'src/mlp_controller' with type 'ros.ament_python' and name 'mlp_controller'
[0.289s] Level 1:colcon.colcon_core.package_identification:_identify(src/safety_node) by extensions ['ignore', 'ignore_ament_install']
[0.289s] Level 1:colcon.colcon_core.package_identification:_identify(src/safety_node) by extension 'ignore'
[0.289s] Level 1:colcon.colcon_core.package_identification:_identify(src/safety_node) by extension 'ignore_ament_install'
[0.289s] Level 1:colcon.colcon_core.package_identification:_identify(src/safety_node) by extensions ['colcon_pkg']
[0.289s] Level 1:colcon.colcon_core.package_identification:_identify(src/safety_node) by extension 'colcon_pkg'
[0.289s] Level 1:colcon.colcon_core.package_identification:_identify(src/safety_node) by extensions ['colcon_meta']
[0.289s] Level 1:colcon.colcon_core.package_identification:_identify(src/safety_node) by extension 'colcon_meta'
[0.289s] Level 1:colcon.colcon_core.package_identification:_identify(src/safety_node) by extensions ['ros']
[0.289s] Level 1:colcon.colcon_core.package_identification:_identify(src/safety_node) by extension 'ros'
[0.290s] DEBUG:colcon.colcon_core.package_identification:Package 'src/safety_node' with type 'ros.ament_cmake' and name 'safety_node'
[0.290s] Level 1:colcon.colcon_core.package_identification:_identify(src/wall_follow) by extensions ['ignore', 'ignore_ament_install']
[0.290s] Level 1:colcon.colcon_core.package_identification:_identify(src/wall_follow) by extension 'ignore'
[0.290s] Level 1:colcon.colcon_core.package_identification:_identify(src/wall_follow) by extension 'ignore_ament_install'
[0.290s] Level 1:colcon.colcon_core.package_identification:_identify(src/wall_follow) by extensions ['colcon_pkg']
[0.290s] Level 1:colcon.colcon_core.package_identification:_identify(src/wall_follow) by extension 'colcon_pkg'
[0.290s] Level 1:colcon.colcon_core.package_identification:_identify(src/wall_follow) by extensions ['colcon_meta']
[0.290s] Level 1:colcon.colcon_core.package_identification:_identify(src/wall_follow) by extension 'colcon_meta'
[0.290s] Level 1:colcon.colcon_core.package_identification:_identify(src/wall_follow) by extensions ['ros']
[0.290s] Level 1:colcon.colcon_core.package_identification:_identify(src/wall_follow) by extension 'ros'
[0.291s] DEBUG:colcon.colcon_core.package_identification:Package 'src/wall_follow' with type 'ros.ament_cmake' and name 'wall_follow'
[0.291s] Level 1:colcon.colcon_core.package_discovery:discover_packages(recursive) using defaults
[0.291s] Level 1:colcon.colcon_core.package_discovery:discover_packages(ignore) discover
[0.291s] Level 1:colcon.colcon_core.package_discovery:discover_packages(ignore) using defaults
[0.291s] Level 1:colcon.colcon_core.package_discovery:discover_packages(path) discover
[0.291s] Level 1:colcon.colcon_core.package_discovery:discover_packages(path) using defaults
[0.313s] Level 1:colcon.colcon_core.package_discovery:discover_packages(prefix_path) check parameters
[0.313s] Level 1:colcon.colcon_core.package_discovery:discover_packages(prefix_path) discover
[0.314s] DEBUG:colcon.colcon_installed_package_information.package_discovery:Found 6 installed packages in /home/russell/sim_ws/install
[0.316s] DEBUG:colcon.colcon_installed_package_information.package_discovery:Found 293 installed packages in /opt/ros/foxy
[0.317s] Level 1:colcon.colcon_core.package_discovery:discover_packages(prefix_path) using defaults
[0.361s] Level 5:colcon.colcon_core.verb:set package 'data_collector' build argument 'cmake_args' from command line to 'None'
[0.361s] Level 5:colcon.colcon_core.verb:set package 'data_collector' build argument 'cmake_target' from command line to 'None'
[0.361s] Level 5:colcon.colcon_core.verb:set package 'data_collector' build argument 'cmake_target_skip_unavailable' from command line to 'False'
[0.361s] Level 5:colcon.colcon_core.verb:set package 'data_collector' build argument 'cmake_clean_cache' from command line to 'False'
[0.361s] Level 5:colcon.colcon_core.verb:set package 'data_collector' build argument 'cmake_clean_first' from command line to 'False'
[0.361s] Level 5:colcon.colcon_core.verb:set package 'data_collector' build argument 'cmake_force_configure' from command line to 'False'
[0.361s] Level 5:colcon.colcon_core.verb:set package 'data_collector' build argument 'ament_cmake_args' from command line to 'None'
[0.361s] Level 5:colcon.colcon_core.verb:set package 'data_collector' build argument 'catkin_cmake_args' from command line to 'None'
[0.361s] Level 5:colcon.colcon_core.verb:set package 'data_collector' build argument 'catkin_skip_building_tests' from command line to 'False'
[0.362s] DEBUG:colcon.colcon_core.verb:Building package 'data_collector' with the following arguments: {'ament_cmake_args': None, 'build_base': '/home/russell/sim_ws/build/data_collector', 'catkin_cmake_args': None, 'catkin_skip_building_tests': False, 'cmake_args': None, 'cmake_clean_cache': False, 'cmake_clean_first': False, 'cmake_force_configure': False, 'cmake_target': None, 'cmake_target_skip_unavailable': False, 'install_base': '/home/russell/sim_ws/install/data_collector', 'merge_install': False, 'path': '/home/russell/sim_ws/src/data_collector', 'symlink_install': False, 'test_result_base': None}
[0.362s] Level 5:colcon.colcon_core.verb:set package 'f1tenth_gym_ros' build argument 'cmake_args' from command line to 'None'
[0.363s] Level 5:colcon.colcon_core.verb:set package 'f1tenth_gym_ros' build argument 'cmake_target' from command line to 'None'
[0.363s] Level 5:colcon.colcon_core.verb:set package 'f1tenth_gym_ros' build argument 'cmake_target_skip_unavailable' from command line to 'False'
[0.363s] Level 5:colcon.colcon_core.verb:set package 'f1tenth_gym_ros' build argument 'cmake_clean_cache' from command line to 'False'
[0.363s] Level 5:colcon.colcon_core.verb:set package 'f1tenth_gym_ros' build argument 'cmake_clean_first' from command line to 'False'
[0.363s] Level 5:colcon.colcon_core.verb:set package 'f1tenth_gym_ros' build argument 'cmake_force_configure' from command line to 'False'
[0.363s] Level 5:colcon.colcon_core.verb:set package 'f1tenth_gym_ros' build argument 'ament_cmake_args' from command line to 'None'
[0.363s] Level 5:colcon.colcon_core.verb:set package 'f1tenth_gym_ros' build argument 'catkin_cmake_args' from command line to 'None'
[0.363s] Level 5:colcon.colcon_core.verb:set package 'f1tenth_gym_ros' build argument 'catkin_skip_building_tests' from command line to 'False'
[0.363s] DEBUG:colcon.colcon_core.verb:Building package 'f1tenth_gym_ros' with the following arguments: {'ament_cmake_args': None, 'build_base': '/home/russell/sim_ws/build/f1tenth_gym_ros', 'catkin_cmake_args': None, 'catkin_skip_building_tests': False, 'cmake_args': None, 'cmake_clean_cache': False, 'cmake_clean_first': False, 'cmake_force_configure': False, 'cmake_target': None, 'cmake_target_skip_unavailable': False, 'install_base': '/home/russell/sim_ws/install/f1tenth_gym_ros', 'merge_install': False, 'path': '/home/russell/sim_ws/src/f1tenth_gym_ros', 'symlink_install': False, 'test_result_base': None}
[0.363s] Level 5:colcon.colcon_core.verb:set package 'gap_follow' build argument 'cmake_args' from command line to 'None'
[0.364s] Level 5:colcon.colcon_core.verb:set package 'gap_follow' build argument 'cmake_target' from command line to 'None'
[0.364s] Level 5:colcon.colcon_core.verb:set package 'gap_follow' build argument 'cmake_target_skip_unavailable' from command line to 'False'
[0.364s] Level 5:colcon.colcon_core.verb:set package 'gap_follow' build argument 'cmake_clean_cache' from command line to 'False'
[0.364s] Level 5:colcon.colcon_core.verb:set package 'gap_follow' build argument 'cmake_clean_first' from command line to 'False'
[0.364s] Level 5:colcon.colcon_core.verb:set package 'gap_follow' build argument 'cmake_force_configure' from command line to 'False'
[0.365s] Level 5:colcon.colcon_core.verb:set package 'gap_follow' build argument 'ament_cmake_args' from command line to 'None'
[0.365s] Level 5:colcon.colcon_core.verb:set package 'gap_follow' build argument 'catkin_cmake_args' from command line to 'None'
[0.365s] Level 5:colcon.colcon_core.verb:set package 'gap_follow' build argument 'catkin_skip_building_tests' from command line to 'False'
[0.365s] DEBUG:colcon.colcon_core.verb:Building package 'gap_follow' with the following arguments: {'ament_cmake_args': None, 'build_base': '/home/russell/sim_ws/build/gap_follow', 'catkin_cmake_args': None, 'catkin_skip_building_tests': False, 'cmake_args': None, 'cmake_clean_cache': False, 'cmake_clean_first': False, 'cmake_force_configure': False, 'cmake_target': None, 'cmake_target_skip_unavailable': False, 'install_base': '/home/russell/sim_ws/install/gap_follow', 'merge_install': False, 'path': '/home/russell/sim_ws/src/gap_follow', 'symlink_install': False, 'test_result_base': None}
[0.365s] Level 5:colcon.colcon_core.verb:set package 'mlp_controller' build argument 'cmake_args' from command line to 'None'
[0.365s] Level 5:colcon.colcon_core.verb:set package 'mlp_controller' build argument 'cmake_target' from command line to 'None'
[0.365s] Level 5:colcon.colcon_core.verb:set package 'mlp_controller' build argument 'cmake_target_skip_unavailable' from command line to 'False'
[0.365s] Level 5:colcon.colcon_core.verb:set package 'mlp_controller' build argument 'cmake_clean_cache' from command line to 'False'
[0.365s] Level 5:colcon.colcon_core.verb:set package 'mlp_controller' build argument 'cmake_clean_first' from command line to 'False'
[0.365s] Level 5:colcon.colcon_core.verb:set package 'mlp_controller' build argument 'cmake_force_configure' from command line to 'False'
[0.365s] Level 5:colcon.colcon_core.verb:set package 'mlp_controller' build argument 'ament_cmake_args' from command line to 'None'
[0.365s] Level 5:colcon.colcon_core.verb:set package 'mlp_controller' build argument 'catkin_cmake_args' from command line to 'None'
[0.365s] Level 5:colcon.colcon_core.verb:set package 'mlp_controller' build argument 'catkin_skip_building_tests' from command line to 'False'
[0.365s] DEBUG:colcon.colcon_core.verb:Building package 'mlp_controller' with the following arguments: {'ament_cmake_args': None, 'build_base': '/home/russell/sim_ws/build/mlp_controller', 'catkin_cmake_args': None, 'catkin_skip_building_tests': False, 'cmake_args': None, 'cmake_clean_cache': False, 'cmake_clean_first': False, 'cmake_force_configure': False, 'cmake_target': None, 'cmake_target_skip_unavailable': False, 'install_base': '/home/russell/sim_ws/install/mlp_controller', 'merge_install': False, 'path': '/home/russell/sim_ws/src/mlp_controller', 'symlink_install': False, 'test_result_base': None}
[0.365s] Level 5:colcon.colcon_core.verb:set package 'safety_node' build argument 'cmake_args' from command line to 'None'
[0.365s] Level 5:colcon.colcon_core.verb:set package 'safety_node' build argument 'cmake_target' from command line to 'None'
[0.365s] Level 5:colcon.colcon_core.verb:set package 'safety_node' build argument 'cmake_target_skip_unavailable' from command line to 'False'
[0.365s] Level 5:colcon.colcon_core.verb:set package 'safety_node' build argument 'cmake_clean_cache' from command line to 'False'
[0.365s] Level 5:colcon.colcon_core.verb:set package 'safety_node' build argument 'cmake_clean_first' from command line to 'False'
[0.365s] Level 5:colcon.colcon_core.verb:set package 'safety_node' build argument 'cmake_force_configure' from command line to 'False'
[0.365s] Level 5:colcon.colcon_core.verb:set package 'safety_node' build argument 'ament_cmake_args' from command line to 'None'
[0.365s] Level 5:colcon.colcon_core.verb:set package 'safety_node' build argument 'catkin_cmake_args' from command line to 'None'
[0.365s] Level 5:colcon.colcon_core.verb:set package 'safety_node' build argument 'catkin_skip_building_tests' from command line to 'False'
[0.365s] DEBUG:colcon.colcon_core.verb:Building package 'safety_node' with the following arguments: {'ament_cmake_args': None, 'build_base': '/home/russell/sim_ws/build/safety_node', 'catkin_cmake_args': None, 'catkin_skip_building_tests': False, 'cmake_args': None, 'cmake_clean_cache': False, 'cmake_clean_first': False, 'cmake_force_configure': False, 'cmake_target': None, 'cmake_target_skip_unavailable': False, 'install_base': '/home/russell/sim_ws/install/safety_node', 'merge_install': False, 'path': '/home/russell/sim_ws/src/safety_node', 'symlink_install': False, 'test_result_base': None}
[0.366s] Level 5:colcon.colcon_core.verb:set package 'wall_follow' build argument 'cmake_args' from command line to 'None'
[0.366s] Level 5:colcon.colcon_core.verb:set package 'wall_follow' build argument 'cmake_target' from command line to 'None'
[0.366s] Level 5:colcon.colcon_core.verb:set package 'wall_follow' build argument 'cmake_target_skip_unavailable' from command line to 'False'
[0.366s] Level 5:colcon.colcon_core.verb:set package 'wall_follow' build argument 'cmake_clean_cache' from command line to 'False'
[0.366s] Level 5:colcon.colcon_core.verb:set package 'wall_follow' build argument 'cmake_clean_first' from command line to 'False'
[0.366s] Level 5:colcon.colcon_core.verb:set package 'wall_follow' build argument 'cmake_force_configure' from command line to 'False'
[0.366s] Level 5:colcon.colcon_core.verb:set package 'wall_follow' build argument 'ament_cmake_args' from command line to 'None'
[0.366s] Level 5:colcon.colcon_core.verb:set package 'wall_follow' build argument 'catkin_cmake_args' from command line to 'None'
[0.366s] Level 5:colcon.colcon_core.verb:set package 'wall_follow' build argument 'catkin_skip_building_tests' from command line to 'False'
[0.366s] DEBUG:colcon.colcon_core.verb:Building package 'wall_follow' with the following arguments: {'ament_cmake_args': None, 'build_base': '/home/russell/sim_ws/build/wall_follow', 'catkin_cmake_args': None, 'catkin_skip_building_tests': False, 'cmake_args': None, 'cmake_clean_cache': False, 'cmake_clean_first': False, 'cmake_force_configure': False, 'cmake_target': None, 'cmake_target_skip_unavailable': False, 'install_base': '/home/russell/sim_ws/install/wall_follow', 'merge_install': False, 'path': '/home/russell/sim_ws/src/wall_follow', 'symlink_install': False, 'test_result_base': None}
[0.366s] INFO:colcon.colcon_core.executor:Executing jobs using 'parallel' executor
[0.367s] DEBUG:colcon.colcon_parallel_executor.executor.parallel:run_until_complete
[0.368s] INFO:colcon.colcon_ros.task.ament_python.build:Building ROS package in '/home/russell/sim_ws/src/data_collector' with build type 'ament_python'
[0.368s] Level 1:colcon.colcon_core.shell:create_environment_hook('data_collector', 'ament_prefix_path')
[0.370s] INFO:colcon.colcon_core.plugin_system:Skipping extension 'colcon_core.shell.bat': Not used on non-Windows systems
[0.370s] INFO:colcon.colcon_core.shell:Creating environment hook '/home/russell/sim_ws/install/data_collector/share/data_collector/hook/ament_prefix_path.ps1'
[0.372s] INFO:colcon.colcon_core.shell:Creating environment descriptor '/home/russell/sim_ws/install/data_collector/share/data_collector/hook/ament_prefix_path.dsv'
[0.378s] INFO:colcon.colcon_core.shell:Creating environment hook '/home/russell/sim_ws/install/data_collector/share/data_collector/hook/ament_prefix_path.sh'
[0.379s] INFO:colcon.colcon_core.shell:Skip shell extension 'powershell' for command environment: Not usable outside of PowerShell
[0.379s] DEBUG:colcon.colcon_core.shell:Skip shell extension 'dsv' for command environment
[0.385s] INFO:colcon.colcon_ros.task.ament_python.build:Building ROS package in '/home/russell/sim_ws/src/f1tenth_gym_ros' with build type 'ament_python'
[0.386s] Level 1:colcon.colcon_core.shell:create_environment_hook('f1tenth_gym_ros', 'ament_prefix_path')
[0.386s] INFO:colcon.colcon_core.shell:Creating environment hook '/home/russell/sim_ws/install/f1tenth_gym_ros/share/f1tenth_gym_ros/hook/ament_prefix_path.ps1'
[0.387s] INFO:colcon.colcon_core.shell:Creating environment descriptor '/home/russell/sim_ws/install/f1tenth_gym_ros/share/f1tenth_gym_ros/hook/ament_prefix_path.dsv'
[0.388s] INFO:colcon.colcon_core.shell:Creating environment hook '/home/russell/sim_ws/install/f1tenth_gym_ros/share/f1tenth_gym_ros/hook/ament_prefix_path.sh'
[0.389s] INFO:colcon.colcon_core.shell:Skip shell extension 'powershell' for command environment: Not usable outside of PowerShell
[0.389s] DEBUG:colcon.colcon_core.shell:Skip shell extension 'dsv' for command environment
[0.405s] INFO:colcon.colcon_ros.task.ament_cmake.build:Building ROS package in '/home/russell/sim_ws/src/gap_follow' with build type 'ament_cmake'
[0.407s] INFO:colcon.colcon_cmake.task.cmake.build:Building CMake package in '/home/russell/sim_ws/src/gap_follow'
[0.407s] INFO:colcon.colcon_core.shell:Skip shell extension 'powershell' for command environment: Not usable outside of PowerShell
[0.408s] DEBUG:colcon.colcon_core.shell:Skip shell extension 'dsv' for command environment
[0.633s] INFO:colcon.colcon_core.task.python.build:Building Python package in '/home/russell/sim_ws/src/data_collector'
[0.633s] INFO:colcon.colcon_core.shell:Skip shell extension 'powershell' for command environment: Not usable outside of PowerShell
[0.634s] DEBUG:colcon.colcon_core.shell:Skip shell extension 'dsv' for command environment
[0.835s] INFO:colcon.colcon_core.task.python.build:Building Python package in '/home/russell/sim_ws/src/f1tenth_gym_ros'
[0.836s] INFO:colcon.colcon_core.shell:Skip shell extension 'powershell' for command environment: Not usable outside of PowerShell
[0.836s] DEBUG:colcon.colcon_core.shell:Skip shell extension 'dsv' for command environment
[0.850s] DEBUG:colcon.colcon_core.event_handler.log_command:Invoking command in '/home/russell/sim_ws/build/gap_follow': CMAKE_PREFIX_PATH=${CMAKE_PREFIX_PATH}:/home/russell/sim_ws/install/mlp_controller:/home/russell/sim_ws/install/f1tenth_gym_ros:/home/russell/sim_ws/install/data_collector:/opt/ros/foxy /usr/bin/cmake --build /home/russell/sim_ws/build/gap_follow -- -j3 -l3
[1.052s] DEBUG:colcon.colcon_core.event_handler.log_command:Invoked command in '/home/russell/sim_ws/build/gap_follow' returned '0': CMAKE_PREFIX_PATH=${CMAKE_PREFIX_PATH}:/home/russell/sim_ws/install/mlp_controller:/home/russell/sim_ws/install/f1tenth_gym_ros:/home/russell/sim_ws/install/data_collector:/opt/ros/foxy /usr/bin/cmake --build /home/russell/sim_ws/build/gap_follow -- -j3 -l3
[1.068s] DEBUG:colcon.colcon_core.event_handler.log_command:Invoking command in '/home/russell/sim_ws/build/gap_follow': CMAKE_PREFIX_PATH=${CMAKE_PREFIX_PATH}:/home/russell/sim_ws/install/mlp_controller:/home/russell/sim_ws/install/f1tenth_gym_ros:/home/russell/sim_ws/install/data_collector:/opt/ros/foxy /usr/bin/cmake --install /home/russell/sim_ws/build/gap_follow
[1.133s] Level 1:colcon.colcon_core.environment:create_environment_scripts_only(gap_follow)
[1.142s] Level 1:colcon.colcon_core.environment:checking '/home/russell/sim_ws/install/gap_follow' for CMake module files
[1.145s] DEBUG:colcon.colcon_core.event_handler.log_command:Invoked command in '/home/russell/sim_ws/build/gap_follow' returned '0': CMAKE_PREFIX_PATH=${CMAKE_PREFIX_PATH}:/home/russell/sim_ws/install/mlp_controller:/home/russell/sim_ws/install/f1tenth_gym_ros:/home/russell/sim_ws/install/data_collector:/opt/ros/foxy /usr/bin/cmake --install /home/russell/sim_ws/build/gap_follow
[1.145s] Level 1:colcon.colcon_core.environment:checking '/home/russell/sim_ws/install/gap_follow' for CMake config files
[1.145s] Level 1:colcon.colcon_core.shell:create_environment_hook('gap_follow', 'cmake_prefix_path')
[1.146s] INFO:colcon.colcon_core.shell:Creating environment hook '/home/russell/sim_ws/install/gap_follow/share/gap_follow/hook/cmake_prefix_path.ps1'
[1.156s] INFO:colcon.colcon_core.shell:Creating environment descriptor '/home/russell/sim_ws/install/gap_follow/share/gap_follow/hook/cmake_prefix_path.dsv'
[1.156s] INFO:colcon.colcon_core.shell:Creating environment hook '/home/russell/sim_ws/install/gap_follow/share/gap_follow/hook/cmake_prefix_path.sh'
[1.157s] Level 1:colcon.colcon_core.environment:checking '/home/russell/sim_ws/install/gap_follow/lib'
[1.158s] Level 1:colcon.colcon_core.environment:checking '/home/russell/sim_ws/install/gap_follow/bin'
[1.158s] Level 1:colcon.colcon_core.environment:checking '/home/russell/sim_ws/install/gap_follow/lib/pkgconfig/gap_follow.pc'
[1.158s] Level 1:colcon.colcon_core.environment:checking '/home/russell/sim_ws/install/gap_follow/lib/python3.8/site-packages'
[1.158s] Level 1:colcon.colcon_core.shell:create_environment_hook('gap_follow', 'pythonpath')
[1.158s] INFO:colcon.colcon_core.shell:Creating environment hook '/home/russell/sim_ws/install/gap_follow/share/gap_follow/hook/pythonpath.ps1'
[1.159s] INFO:colcon.colcon_core.shell:Creating environment descriptor '/home/russell/sim_ws/install/gap_follow/share/gap_follow/hook/pythonpath.dsv'
[1.159s] INFO:colcon.colcon_core.shell:Creating environment hook '/home/russell/sim_ws/install/gap_follow/share/gap_follow/hook/pythonpath.sh'
[1.160s] Level 1:colcon.colcon_core.environment:checking '/home/russell/sim_ws/install/gap_follow/bin'
[1.160s] INFO:colcon.colcon_core.shell:Creating package script '/home/russell/sim_ws/install/gap_follow/share/gap_follow/package.ps1'
[1.161s] INFO:colcon.colcon_core.shell:Creating package descriptor '/home/russell/sim_ws/install/gap_follow/share/gap_follow/package.dsv'
[1.162s] INFO:colcon.colcon_core.shell:Creating package script '/home/russell/sim_ws/install/gap_follow/share/gap_follow/package.sh'
[1.164s] INFO:colcon.colcon_core.shell:Creating package script '/home/russell/sim_ws/install/gap_follow/share/gap_follow/package.bash'
[1.164s] INFO:colcon.colcon_core.shell:Creating package script '/home/russell/sim_ws/install/gap_follow/share/gap_follow/package.zsh'
[1.165s] Level 1:colcon.colcon_core.environment:create_file_with_runtime_dependencies(/home/russell/sim_ws/install/gap_follow/share/colcon-core/packages/gap_follow)
[1.166s] Level 1:colcon.colcon_core.environment:create_environment_scripts_only(gap_follow)
[1.166s] Level 1:colcon.colcon_core.environment:checking '/home/russell/sim_ws/install/gap_follow' for CMake module files
[1.167s] Level 1:colcon.colcon_core.environment:checking '/home/russell/sim_ws/install/gap_follow' for CMake config files
[1.167s] Level 1:colcon.colcon_core.shell:create_environment_hook('gap_follow', 'cmake_prefix_path')
[1.167s] INFO:colcon.colcon_core.shell:Creating environment hook '/home/russell/sim_ws/install/gap_follow/share/gap_follow/hook/cmake_prefix_path.ps1'
[1.168s] INFO:colcon.colcon_core.shell:Creating environment descriptor '/home/russell/sim_ws/install/gap_follow/share/gap_follow/hook/cmake_prefix_path.dsv'
[1.169s] INFO:colcon.colcon_core.shell:Creating environment hook '/home/russell/sim_ws/install/gap_follow/share/gap_follow/hook/cmake_prefix_path.sh'
[1.169s] Level 1:colcon.colcon_core.environment:checking '/home/russell/sim_ws/install/gap_follow/lib'
[1.169s] Level 1:colcon.colcon_core.environment:checking '/home/russell/sim_ws/install/gap_follow/bin'
[1.169s] Level 1:colcon.colcon_core.environment:checking '/home/russell/sim_ws/install/gap_follow/lib/pkgconfig/gap_follow.pc'
[1.170s] Level 1:colcon.colcon_core.environment:checking '/home/russell/sim_ws/install/gap_follow/lib/python3.8/site-packages'
[1.170s] Level 1:colcon.colcon_core.shell:create_environment_hook('gap_follow', 'pythonpath')
[1.176s] INFO:colcon.colcon_core.shell:Creating environment hook '/home/russell/sim_ws/install/gap_follow/share/gap_follow/hook/pythonpath.ps1'
[1.176s] INFO:colcon.colcon_core.shell:Creating environment descriptor '/home/russell/sim_ws/install/gap_follow/share/gap_follow/hook/pythonpath.dsv'
[1.177s] INFO:colcon.colcon_core.shell:Creating environment hook '/home/russell/sim_ws/install/gap_follow/share/gap_follow/hook/pythonpath.sh'
[1.177s] Level 1:colcon.colcon_core.environment:checking '/home/russell/sim_ws/install/gap_follow/bin'
[1.178s] INFO:colcon.colcon_core.shell:Creating package script '/home/russell/sim_ws/install/gap_follow/share/gap_follow/package.ps1'
[1.178s] INFO:colcon.colcon_core.shell:Creating package descriptor '/home/russell/sim_ws/install/gap_follow/share/gap_follow/package.dsv'
[1.179s] INFO:colcon.colcon_core.shell:Creating package script '/home/russell/sim_ws/install/gap_follow/share/gap_follow/package.sh'
[1.179s] INFO:colcon.colcon_core.shell:Creating package script '/home/russell/sim_ws/install/gap_follow/share/gap_follow/package.bash'
[1.180s] INFO:colcon.colcon_core.shell:Creating package script '/home/russell/sim_ws/install/gap_follow/share/gap_follow/package.zsh'
[1.180s] Level 1:colcon.colcon_core.environment:create_file_with_runtime_dependencies(/home/russell/sim_ws/install/gap_follow/share/colcon-core/packages/gap_follow)
[1.191s] INFO:colcon.colcon_ros.task.ament_python.build:Building ROS package in '/home/russell/sim_ws/src/mlp_controller' with build type 'ament_python'
[1.192s] Level 1:colcon.colcon_core.shell:create_environment_hook('mlp_controller', 'ament_prefix_path')
[1.195s] INFO:colcon.colcon_core.shell:Creating environment hook '/home/russell/sim_ws/install/mlp_controller/share/mlp_controller/hook/ament_prefix_path.ps1'
[1.196s] INFO:colcon.colcon_core.shell:Creating environment descriptor '/home/russell/sim_ws/install/mlp_controller/share/mlp_controller/hook/ament_prefix_path.dsv'
[1.196s] INFO:colcon.colcon_core.shell:Creating environment hook '/home/russell/sim_ws/install/mlp_controller/share/mlp_controller/hook/ament_prefix_path.sh'
[1.199s] INFO:colcon.colcon_core.shell:Skip shell extension 'powershell' for command environment: Not usable outside of PowerShell
[1.199s] DEBUG:colcon.colcon_core.shell:Skip shell extension 'dsv' for command environment
[1.258s] DEBUG:colcon.colcon_core.event_handler.log_command:Invoking command in '/home/russell/sim_ws/src/data_collector': PYTHONPATH=/home/russell/sim_ws/build/data_collector/prefix_override:/usr/lib/python3/dist-packages/colcon_core/task/python/colcon_distutils_commands:/home/russell/sim_ws/install/data_collector/lib/python3.8/site-packages:${PYTHONPATH} /usr/bin/python3 -W ignore:setup.py install is deprecated -W ignore:easy_install command is deprecated setup.py egg_info --egg-base ../../build/data_collector build --build-base /home/russell/sim_ws/build/data_collector/build install --record /home/russell/sim_ws/build/data_collector/install.log --install-scripts $base/lib/data_collector --single-version-externally-managed install_data
[1.509s] INFO:colcon.colcon_core.task.python.build:Building Python package in '/home/russell/sim_ws/src/mlp_controller'
[1.509s] INFO:colcon.colcon_core.shell:Skip shell extension 'powershell' for command environment: Not usable outside of PowerShell
[1.509s] DEBUG:colcon.colcon_core.shell:Skip shell extension 'dsv' for command environment
[1.526s] DEBUG:colcon.colcon_core.event_handler.log_command:Invoking command in '/home/russell/sim_ws/src/f1tenth_gym_ros': PYTHONPATH=/home/russell/sim_ws/build/f1tenth_gym_ros/prefix_override:/usr/lib/python3/dist-packages/colcon_core/task/python/colcon_distutils_commands:/home/russell/sim_ws/install/f1tenth_gym_ros/lib/python3.8/site-packages:${PYTHONPATH} /usr/bin/python3 -W ignore:setup.py install is deprecated -W ignore:easy_install command is deprecated setup.py egg_info --egg-base ../../build/f1tenth_gym_ros build --build-base /home/russell/sim_ws/build/f1tenth_gym_ros/build install --record /home/russell/sim_ws/build/f1tenth_gym_ros/install.log --single-version-externally-managed install_data
[1.598s] Level 1:colcon.colcon_core.environment:checking '/home/russell/sim_ws/install/data_collector' for CMake module files
[1.598s] Level 1:colcon.colcon_core.environment:checking '/home/russell/sim_ws/install/data_collector' for CMake config files
[1.599s] DEBUG:colcon.colcon_core.event_handler.log_command:Invoked command in '/home/russell/sim_ws/src/data_collector' returned '0': PYTHONPATH=/home/russell/sim_ws/build/data_collector/prefix_override:/usr/lib/python3/dist-packages/colcon_core/task/python/colcon_distutils_commands:/home/russell/sim_ws/install/data_collector/lib/python3.8/site-packages:${PYTHONPATH} /usr/bin/python3 -W ignore:setup.py install is deprecated -W ignore:easy_install command is deprecated setup.py egg_info --egg-base ../../build/data_collector build --build-base /home/russell/sim_ws/build/data_collector/build install --record /home/russell/sim_ws/build/data_collector/install.log --install-scripts $base/lib/data_collector --single-version-externally-managed install_data
[1.600s] Level 1:colcon.colcon_core.environment:checking '/home/russell/sim_ws/install/data_collector/lib'
[1.600s] Level 1:colcon.colcon_core.environment:checking '/home/russell/sim_ws/install/data_collector/bin'
[1.600s] Level 1:colcon.colcon_core.environment:checking '/home/russell/sim_ws/install/data_collector/lib/pkgconfig/data_collector.pc'
[1.600s] Level 1:colcon.colcon_core.environment:checking '/home/russell/sim_ws/install/data_collector/lib/python3.8/site-packages'
[1.601s] Level 1:colcon.colcon_core.shell:create_environment_hook('data_collector', 'pythonpath')
[1.601s] INFO:colcon.colcon_core.shell:Creating environment hook '/home/russell/sim_ws/install/data_collector/share/data_collector/hook/pythonpath.ps1'
[1.602s] INFO:colcon.colcon_core.shell:Creating environment descriptor '/home/russell/sim_ws/install/data_collector/share/data_collector/hook/pythonpath.dsv'
[1.602s] INFO:colcon.colcon_core.shell:Creating environment hook '/home/russell/sim_ws/install/data_collector/share/data_collector/hook/pythonpath.sh'
[1.603s] Level 1:colcon.colcon_core.environment:checking '/home/russell/sim_ws/install/data_collector/bin'
[1.603s] Level 1:colcon.colcon_core.environment:create_environment_scripts_only(data_collector)
[1.603s] INFO:colcon.colcon_core.shell:Creating package script '/home/russell/sim_ws/install/data_collector/share/data_collector/package.ps1'
[1.604s] INFO:colcon.colcon_core.shell:Creating package descriptor '/home/russell/sim_ws/install/data_collector/share/data_collector/package.dsv'
[1.604s] INFO:colcon.colcon_core.shell:Creating package script '/home/russell/sim_ws/install/data_collector/share/data_collector/package.sh'
[1.605s] INFO:colcon.colcon_core.shell:Creating package script '/home/russell/sim_ws/install/data_collector/share/data_collector/package.bash'
[1.605s] INFO:colcon.colcon_core.shell:Creating package script '/home/russell/sim_ws/install/data_collector/share/data_collector/package.zsh'
[1.606s] Level 1:colcon.colcon_core.environment:create_file_with_runtime_dependencies(/home/russell/sim_ws/install/data_collector/share/colcon-core/packages/data_collector)
[1.607s] INFO:colcon.colcon_ros.task.ament_cmake.build:Building ROS package in '/home/russell/sim_ws/src/safety_node' with build type 'ament_cmake'
[1.607s] INFO:colcon.colcon_cmake.task.cmake.build:Building CMake package in '/home/russell/sim_ws/src/safety_node'
[1.607s] INFO:colcon.colcon_core.shell:Skip shell extension 'powershell' for command environment: Not usable outside of PowerShell
[1.607s] DEBUG:colcon.colcon_core.shell:Skip shell extension 'dsv' for command environment
[1.663s] DEBUG:colcon.colcon_core.event_handler.log_command:Invoking command in '/home/russell/sim_ws/build/safety_node': CMAKE_PREFIX_PATH=${CMAKE_PREFIX_PATH}:/home/russell/sim_ws/install/mlp_controller:/home/russell/sim_ws/install/f1tenth_gym_ros:/home/russell/sim_ws/install/data_collector:/opt/ros/foxy /usr/bin/cmake --build /home/russell/sim_ws/build/safety_node -- -j3 -l3
[1.874s] DEBUG:colcon.colcon_core.event_handler.log_command:Invoked command in '/home/russell/sim_ws/build/safety_node' returned '0': CMAKE_PREFIX_PATH=${CMAKE_PREFIX_PATH}:/home/russell/sim_ws/install/mlp_controller:/home/russell/sim_ws/install/f1tenth_gym_ros:/home/russell/sim_ws/install/data_collector:/opt/ros/foxy /usr/bin/cmake --build /home/russell/sim_ws/build/safety_node -- -j3 -l3
[1.879s] DEBUG:colcon.colcon_core.event_handler.log_command:Invoking command in '/home/russell/sim_ws/build/safety_node': CMAKE_PREFIX_PATH=${CMAKE_PREFIX_PATH}:/home/russell/sim_ws/install/mlp_controller:/home/russell/sim_ws/install/f1tenth_gym_ros:/home/russell/sim_ws/install/data_collector:/opt/ros/foxy /usr/bin/cmake --install /home/russell/sim_ws/build/safety_node
[1.926s] Level 1:colcon.colcon_core.environment:checking '/home/russell/sim_ws/install/f1tenth_gym_ros' for CMake module files
[1.929s] DEBUG:colcon.colcon_core.event_handler.log_command:Invoked command in '/home/russell/sim_ws/src/f1tenth_gym_ros' returned '0': PYTHONPATH=/home/russell/sim_ws/build/f1tenth_gym_ros/prefix_override:/usr/lib/python3/dist-packages/colcon_core/task/python/colcon_distutils_commands:/home/russell/sim_ws/install/f1tenth_gym_ros/lib/python3.8/site-packages:${PYTHONPATH} /usr/bin/python3 -W ignore:setup.py install is deprecated -W ignore:easy_install command is deprecated setup.py egg_info --egg-base ../../build/f1tenth_gym_ros build --build-base /home/russell/sim_ws/build/f1tenth_gym_ros/build install --record /home/russell/sim_ws/build/f1tenth_gym_ros/install.log --single-version-externally-managed install_data
[1.930s] Level 1:colcon.colcon_core.environment:checking '/home/russell/sim_ws/install/f1tenth_gym_ros' for CMake config files
[1.931s] Level 1:colcon.colcon_core.environment:checking '/home/russell/sim_ws/install/f1tenth_gym_ros/lib'
[1.931s] Level 1:colcon.colcon_core.environment:checking '/home/russell/sim_ws/install/f1tenth_gym_ros/bin'
[1.931s] Level 1:colcon.colcon_core.environment:checking '/home/russell/sim_ws/install/f1tenth_gym_ros/lib/pkgconfig/f1tenth_gym_ros.pc'
[1.931s] Level 1:colcon.colcon_core.environment:checking '/home/russell/sim_ws/install/f1tenth_gym_ros/lib/python3.8/site-packages'
[1.931s] Level 1:colcon.colcon_core.shell:create_environment_hook('f1tenth_gym_ros', 'pythonpath')
[1.932s] INFO:colcon.colcon_core.shell:Creating environment hook '/home/russell/sim_ws/install/f1tenth_gym_ros/share/f1tenth_gym_ros/hook/pythonpath.ps1'
[1.934s] INFO:colcon.colcon_core.shell:Creating environment descriptor '/home/russell/sim_ws/install/f1tenth_gym_ros/share/f1tenth_gym_ros/hook/pythonpath.dsv'
[1.935s] INFO:colcon.colcon_core.shell:Creating environment hook '/home/russell/sim_ws/install/f1tenth_gym_ros/share/f1tenth_gym_ros/hook/pythonpath.sh'
[1.943s] Level 1:colcon.colcon_core.environment:checking '/home/russell/sim_ws/install/f1tenth_gym_ros/bin'
[1.943s] Level 1:colcon.colcon_core.environment:create_environment_scripts_only(f1tenth_gym_ros)
[1.944s] INFO:colcon.colcon_core.shell:Creating package script '/home/russell/sim_ws/install/f1tenth_gym_ros/share/f1tenth_gym_ros/package.ps1'
[1.945s] INFO:colcon.colcon_core.shell:Creating package descriptor '/home/russell/sim_ws/install/f1tenth_gym_ros/share/f1tenth_gym_ros/package.dsv'
[1.946s] INFO:colcon.colcon_core.shell:Creating package script '/home/russell/sim_ws/install/f1tenth_gym_ros/share/f1tenth_gym_ros/package.sh'
[1.946s] INFO:colcon.colcon_core.shell:Creating package script '/home/russell/sim_ws/install/f1tenth_gym_ros/share/f1tenth_gym_ros/package.bash'
[1.947s] INFO:colcon.colcon_core.shell:Creating package script '/home/russell/sim_ws/install/f1tenth_gym_ros/share/f1tenth_gym_ros/package.zsh'
[1.949s] Level 1:colcon.colcon_core.environment:create_file_with_runtime_dependencies(/home/russell/sim_ws/install/f1tenth_gym_ros/share/colcon-core/packages/f1tenth_gym_ros)
[1.950s] INFO:colcon.colcon_ros.task.ament_cmake.build:Building ROS package in '/home/russell/sim_ws/src/wall_follow' with build type 'ament_cmake'
[1.951s] INFO:colcon.colcon_cmake.task.cmake.build:Building CMake package in '/home/russell/sim_ws/src/wall_follow'
[1.951s] INFO:colcon.colcon_core.shell:Skip shell extension 'powershell' for command environment: Not usable outside of PowerShell
[1.951s] DEBUG:colcon.colcon_core.shell:Skip shell extension 'dsv' for command environment
[2.007s] DEBUG:colcon.colcon_core.event_handler.log_command:Invoking command in '/home/russell/sim_ws/build/wall_follow': CMAKE_PREFIX_PATH=${CMAKE_PREFIX_PATH}:/home/russell/sim_ws/install/mlp_controller:/home/russell/sim_ws/install/f1tenth_gym_ros:/home/russell/sim_ws/install/data_collector:/opt/ros/foxy /usr/bin/cmake --build /home/russell/sim_ws/build/wall_follow -- -j3 -l3
[2.014s] Level 1:colcon.colcon_core.environment:create_environment_scripts_only(safety_node)
[2.014s] Level 1:colcon.colcon_core.environment:checking '/home/russell/sim_ws/install/safety_node' for CMake module files
[2.016s] DEBUG:colcon.colcon_core.event_handler.log_command:Invoked command in '/home/russell/sim_ws/build/safety_node' returned '0': CMAKE_PREFIX_PATH=${CMAKE_PREFIX_PATH}:/home/russell/sim_ws/install/mlp_controller:/home/russell/sim_ws/install/f1tenth_gym_ros:/home/russell/sim_ws/install/data_collector:/opt/ros/foxy /usr/bin/cmake --install /home/russell/sim_ws/build/safety_node
[2.017s] Level 1:colcon.colcon_core.environment:checking '/home/russell/sim_ws/install/safety_node' for CMake config files
[2.017s] Level 1:colcon.colcon_core.shell:create_environment_hook('safety_node', 'cmake_prefix_path')
[2.017s] INFO:colcon.colcon_core.shell:Creating environment hook '/home/russell/sim_ws/install/safety_node/share/safety_node/hook/cmake_prefix_path.ps1'
[2.018s] INFO:colcon.colcon_core.shell:Creating environment descriptor '/home/russell/sim_ws/install/safety_node/share/safety_node/hook/cmake_prefix_path.dsv'
[2.019s] INFO:colcon.colcon_core.shell:Creating environment hook '/home/russell/sim_ws/install/safety_node/share/safety_node/hook/cmake_prefix_path.sh'
[2.025s] Level 1:colcon.colcon_core.environment:checking '/home/russell/sim_ws/install/safety_node/lib'
[2.025s] Level 1:colcon.colcon_core.environment:checking '/home/russell/sim_ws/install/safety_node/bin'
[2.025s] Level 1:colcon.colcon_core.environment:checking '/home/russell/sim_ws/install/safety_node/lib/pkgconfig/safety_node.pc'
[2.025s] Level 1:colcon.colcon_core.environment:checking '/home/russell/sim_ws/install/safety_node/lib/python3.8/site-packages'
[2.025s] Level 1:colcon.colcon_core.shell:create_environment_hook('safety_node', 'pythonpath')
[2.025s] INFO:colcon.colcon_core.shell:Creating environment hook '/home/russell/sim_ws/install/safety_node/share/safety_node/hook/pythonpath.ps1'
[2.026s] INFO:colcon.colcon_core.shell:Creating environment descriptor '/home/russell/sim_ws/install/safety_node/share/safety_node/hook/pythonpath.dsv'
[2.027s] INFO:colcon.colcon_core.shell:Creating environment hook '/home/russell/sim_ws/install/safety_node/share/safety_node/hook/pythonpath.sh'
[2.031s] Level 1:colcon.colcon_core.environment:checking '/home/russell/sim_ws/install/safety_node/bin'
[2.031s] INFO:colcon.colcon_core.shell:Creating package script '/home/russell/sim_ws/install/safety_node/share/safety_node/package.ps1'
[2.038s] INFO:colcon.colcon_core.shell:Creating package descriptor '/home/russell/sim_ws/install/safety_node/share/safety_node/package.dsv'
[2.039s] INFO:colcon.colcon_core.shell:Creating package script '/home/russell/sim_ws/install/safety_node/share/safety_node/package.sh'
[2.040s] INFO:colcon.colcon_core.shell:Creating package script '/home/russell/sim_ws/install/safety_node/share/safety_node/package.bash'
[2.041s] INFO:colcon.colcon_core.shell:Creating package script '/home/russell/sim_ws/install/safety_node/share/safety_node/package.zsh'
[2.041s] Level 1:colcon.colcon_core.environment:create_file_with_runtime_dependencies(/home/russell/sim_ws/install/safety_node/share/colcon-core/packages/safety_node)
[2.042s] Level 1:colcon.colcon_core.environment:create_environment_scripts_only(safety_node)
[2.043s] Level 1:colcon.colcon_core.environment:checking '/home/russell/sim_ws/install/safety_node' for CMake module files
[2.043s] Level 1:colcon.colcon_core.environment:checking '/home/russell/sim_ws/install/safety_node' for CMake config files
[2.043s] Level 1:colcon.colcon_core.shell:create_environment_hook('safety_node', 'cmake_prefix_path')
[2.043s] INFO:colcon.colcon_core.shell:Creating environment hook '/home/russell/sim_ws/install/safety_node/share/safety_node/hook/cmake_prefix_path.ps1'
[2.045s] INFO:colcon.colcon_core.shell:Creating environment descriptor '/home/russell/sim_ws/install/safety_node/share/safety_node/hook/cmake_prefix_path.dsv'
[2.046s] INFO:colcon.colcon_core.shell:Creating environment hook '/home/russell/sim_ws/install/safety_node/share/safety_node/hook/cmake_prefix_path.sh'
[2.047s] Level 1:colcon.colcon_core.environment:checking '/home/russell/sim_ws/install/safety_node/lib'
[2.047s] Level 1:colcon.colcon_core.environment:checking '/home/russell/sim_ws/install/safety_node/bin'
[2.048s] Level 1:colcon.colcon_core.environment:checking '/home/russell/sim_ws/install/safety_node/lib/pkgconfig/safety_node.pc'
[2.048s] Level 1:colcon.colcon_core.environment:checking '/home/russell/sim_ws/install/safety_node/lib/python3.8/site-packages'
[2.048s] Level 1:colcon.colcon_core.shell:create_environment_hook('safety_node', 'pythonpath')
[2.048s] INFO:colcon.colcon_core.shell:Creating environment hook '/home/russell/sim_ws/install/safety_node/share/safety_node/hook/pythonpath.ps1'
[2.049s] INFO:colcon.colcon_core.shell:Creating environment descriptor '/home/russell/sim_ws/install/safety_node/share/safety_node/hook/pythonpath.dsv'
[2.050s] INFO:colcon.colcon_core.shell:Creating environment hook '/home/russell/sim_ws/install/safety_node/share/safety_node/hook/pythonpath.sh'
[2.051s] Level 1:colcon.colcon_core.environment:checking '/home/russell/sim_ws/install/safety_node/bin'
[2.051s] INFO:colcon.colcon_core.shell:Creating package script '/home/russell/sim_ws/install/safety_node/share/safety_node/package.ps1'
[2.053s] INFO:colcon.colcon_core.shell:Creating package descriptor '/home/russell/sim_ws/install/safety_node/share/safety_node/package.dsv'
[2.054s] INFO:colcon.colcon_core.shell:Creating package script '/home/russell/sim_ws/install/safety_node/share/safety_node/package.sh'
[2.055s] INFO:colcon.colcon_core.shell:Creating package script '/home/russell/sim_ws/install/safety_node/share/safety_node/package.bash'
[2.056s] INFO:colcon.colcon_core.shell:Creating package script '/home/russell/sim_ws/install/safety_node/share/safety_node/package.zsh'
[2.057s] Level 1:colcon.colcon_core.environment:create_file_with_runtime_dependencies(/home/russell/sim_ws/install/safety_node/share/colcon-core/packages/safety_node)
[2.115s] DEBUG:colcon.colcon_core.event_handler.log_command:Invoking command in '/home/russell/sim_ws/src/mlp_controller': PYTHONPATH=/home/russell/sim_ws/build/mlp_controller/prefix_override:/usr/lib/python3/dist-packages/colcon_core/task/python/colcon_distutils_commands:/home/russell/sim_ws/install/mlp_controller/lib/python3.8/site-packages:${PYTHONPATH} /usr/bin/python3 -W ignore:setup.py install is deprecated -W ignore:easy_install command is deprecated setup.py egg_info --egg-base ../../build/mlp_controller build --build-base /home/russell/sim_ws/build/mlp_controller/build install --record /home/russell/sim_ws/build/mlp_controller/install.log --install-scripts $base/lib/mlp_controller --single-version-externally-managed install_data
[2.195s] DEBUG:colcon.colcon_core.event_handler.log_command:Invoked command in '/home/russell/sim_ws/build/wall_follow' returned '0': CMAKE_PREFIX_PATH=${CMAKE_PREFIX_PATH}:/home/russell/sim_ws/install/mlp_controller:/home/russell/sim_ws/install/f1tenth_gym_ros:/home/russell/sim_ws/install/data_collector:/opt/ros/foxy /usr/bin/cmake --build /home/russell/sim_ws/build/wall_follow -- -j3 -l3
[2.197s] DEBUG:colcon.colcon_core.event_handler.log_command:Invoking command in '/home/russell/sim_ws/build/wall_follow': CMAKE_PREFIX_PATH=${CMAKE_PREFIX_PATH}:/home/russell/sim_ws/install/mlp_controller:/home/russell/sim_ws/install/f1tenth_gym_ros:/home/russell/sim_ws/install/data_collector:/opt/ros/foxy /usr/bin/cmake --install /home/russell/sim_ws/build/wall_follow
[2.257s] Level 1:colcon.colcon_core.environment:create_environment_scripts_only(wall_follow)
[2.257s] Level 1:colcon.colcon_core.environment:checking '/home/russell/sim_ws/install/wall_follow' for CMake module files
[2.258s] DEBUG:colcon.colcon_core.event_handler.log_command:Invoked command in '/home/russell/sim_ws/build/wall_follow' returned '0': CMAKE_PREFIX_PATH=${CMAKE_PREFIX_PATH}:/home/russell/sim_ws/install/mlp_controller:/home/russell/sim_ws/install/f1tenth_gym_ros:/home/russell/sim_ws/install/data_collector:/opt/ros/foxy /usr/bin/cmake --install /home/russell/sim_ws/build/wall_follow
[2.258s] Level 1:colcon.colcon_core.environment:checking '/home/russell/sim_ws/install/wall_follow' for CMake config files
[2.259s] Level 1:colcon.colcon_core.shell:create_environment_hook('wall_follow', 'cmake_prefix_path')
[2.259s] INFO:colcon.colcon_core.shell:Creating environment hook '/home/russell/sim_ws/install/wall_follow/share/wall_follow/hook/cmake_prefix_path.ps1'
[2.260s] INFO:colcon.colcon_core.shell:Creating environment descriptor '/home/russell/sim_ws/install/wall_follow/share/wall_follow/hook/cmake_prefix_path.dsv'
[2.261s] INFO:colcon.colcon_core.shell:Creating environment hook '/home/russell/sim_ws/install/wall_follow/share/wall_follow/hook/cmake_prefix_path.sh'
[2.262s] Level 1:colcon.colcon_core.environment:checking '/home/russell/sim_ws/install/wall_follow/lib'
[2.262s] Level 1:colcon.colcon_core.environment:checking '/home/russell/sim_ws/install/wall_follow/bin'
[2.262s] Level 1:colcon.colcon_core.environment:checking '/home/russell/sim_ws/install/wall_follow/lib/pkgconfig/wall_follow.pc'
[2.262s] Level 1:colcon.colcon_core.environment:checking '/home/russell/sim_ws/install/wall_follow/lib/python3.8/site-packages'
[2.262s] Level 1:colcon.colcon_core.shell:create_environment_hook('wall_follow', 'pythonpath')
[2.263s] INFO:colcon.colcon_core.shell:Creating environment hook '/home/russell/sim_ws/install/wall_follow/share/wall_follow/hook/pythonpath.ps1'
[2.263s] INFO:colcon.colcon_core.shell:Creating environment descriptor '/home/russell/sim_ws/install/wall_follow/share/wall_follow/hook/pythonpath.dsv'
[2.264s] INFO:colcon.colcon_core.shell:Creating environment hook '/home/russell/sim_ws/install/wall_follow/share/wall_follow/hook/pythonpath.sh'
[2.265s] Level 1:colcon.colcon_core.environment:checking '/home/russell/sim_ws/install/wall_follow/bin'
[2.265s] INFO:colcon.colcon_core.shell:Creating package script '/home/russell/sim_ws/install/wall_follow/share/wall_follow/package.ps1'
[2.266s] INFO:colcon.colcon_core.shell:Creating package descriptor '/home/russell/sim_ws/install/wall_follow/share/wall_follow/package.dsv'
[2.267s] INFO:colcon.colcon_core.shell:Creating package script '/home/russell/sim_ws/install/wall_follow/share/wall_follow/package.sh'
[2.267s] INFO:colcon.colcon_core.shell:Creating package script '/home/russell/sim_ws/install/wall_follow/share/wall_follow/package.bash'
[2.268s] INFO:colcon.colcon_core.shell:Creating package script '/home/russell/sim_ws/install/wall_follow/share/wall_follow/package.zsh'
[2.269s] Level 1:colcon.colcon_core.environment:create_file_with_runtime_dependencies(/home/russell/sim_ws/install/wall_follow/share/colcon-core/packages/wall_follow)
[2.270s] Level 1:colcon.colcon_core.environment:create_environment_scripts_only(wall_follow)
[2.270s] Level 1:colcon.colcon_core.environment:checking '/home/russell/sim_ws/install/wall_follow' for CMake module files
[2.271s] Level 1:colcon.colcon_core.environment:checking '/home/russell/sim_ws/install/wall_follow' for CMake config files
[2.271s] Level 1:colcon.colcon_core.shell:create_environment_hook('wall_follow', 'cmake_prefix_path')
[2.273s] INFO:colcon.colcon_core.shell:Creating environment hook '/home/russell/sim_ws/install/wall_follow/share/wall_follow/hook/cmake_prefix_path.ps1'
[2.275s] INFO:colcon.colcon_core.shell:Creating environment descriptor '/home/russell/sim_ws/install/wall_follow/share/wall_follow/hook/cmake_prefix_path.dsv'
[2.276s] INFO:colcon.colcon_core.shell:Creating environment hook '/home/russell/sim_ws/install/wall_follow/share/wall_follow/hook/cmake_prefix_path.sh'
[2.276s] Level 1:colcon.colcon_core.environment:checking '/home/russell/sim_ws/install/wall_follow/lib'
[2.277s] Level 1:colcon.colcon_core.environment:checking '/home/russell/sim_ws/install/wall_follow/bin'
[2.277s] Level 1:colcon.colcon_core.environment:checking '/home/russell/sim_ws/install/wall_follow/lib/pkgconfig/wall_follow.pc'
[2.277s] Level 1:colcon.colcon_core.environment:checking '/home/russell/sim_ws/install/wall_follow/lib/python3.8/site-packages'
[2.277s] Level 1:colcon.colcon_core.shell:create_environment_hook('wall_follow', 'pythonpath')
[2.277s] INFO:colcon.colcon_core.shell:Creating environment hook '/home/russell/sim_ws/install/wall_follow/share/wall_follow/hook/pythonpath.ps1'
[2.277s] INFO:colcon.colcon_core.shell:Creating environment descriptor '/home/russell/sim_ws/install/wall_follow/share/wall_follow/hook/pythonpath.dsv'
[2.278s] INFO:colcon.colcon_core.shell:Creating environment hook '/home/russell/sim_ws/install/wall_follow/share/wall_follow/hook/pythonpath.sh'
[2.278s] Level 1:colcon.colcon_core.environment:checking '/home/russell/sim_ws/install/wall_follow/bin'
[2.279s] INFO:colcon.colcon_core.shell:Creating package script '/home/russell/sim_ws/install/wall_follow/share/wall_follow/package.ps1'
[2.279s] INFO:colcon.colcon_core.shell:Creating package descriptor '/home/russell/sim_ws/install/wall_follow/share/wall_follow/package.dsv'
[2.280s] INFO:colcon.colcon_core.shell:Creating package script '/home/russell/sim_ws/install/wall_follow/share/wall_follow/package.sh'
[2.280s] INFO:colcon.colcon_core.shell:Creating package script '/home/russell/sim_ws/install/wall_follow/share/wall_follow/package.bash'
[2.281s] INFO:colcon.colcon_core.shell:Creating package script '/home/russell/sim_ws/install/wall_follow/share/wall_follow/package.zsh'
[2.281s] Level 1:colcon.colcon_core.environment:create_file_with_runtime_dependencies(/home/russell/sim_ws/install/wall_follow/share/colcon-core/packages/wall_follow)
[2.438s] Level 1:colcon.colcon_core.environment:checking '/home/russell/sim_ws/install/mlp_controller' for CMake module files
[2.439s] DEBUG:colcon.colcon_core.event_handler.log_command:Invoked command in '/home/russell/sim_ws/src/mlp_controller' returned '0': PYTHONPATH=/home/russell/sim_ws/build/mlp_controller/prefix_override:/usr/lib/python3/dist-packages/colcon_core/task/python/colcon_distutils_commands:/home/russell/sim_ws/install/mlp_controller/lib/python3.8/site-packages:${PYTHONPATH} /usr/bin/python3 -W ignore:setup.py install is deprecated -W ignore:easy_install command is deprecated setup.py egg_info --egg-base ../../build/mlp_controller build --build-base /home/russell/sim_ws/build/mlp_controller/build install --record /home/russell/sim_ws/build/mlp_controller/install.log --install-scripts $base/lib/mlp_controller --single-version-externally-managed install_data
[2.439s] Level 1:colcon.colcon_core.environment:checking '/home/russell/sim_ws/install/mlp_controller' for CMake config files
[2.440s] Level 1:colcon.colcon_core.environment:checking '/home/russell/sim_ws/install/mlp_controller/lib'
[2.441s] Level 1:colcon.colcon_core.environment:checking '/home/russell/sim_ws/install/mlp_controller/bin'
[2.441s] Level 1:colcon.colcon_core.environment:checking '/home/russell/sim_ws/install/mlp_controller/lib/pkgconfig/mlp_controller.pc'
[2.442s] Level 1:colcon.colcon_core.environment:checking '/home/russell/sim_ws/install/mlp_controller/lib/python3.8/site-packages'
[2.442s] Level 1:colcon.colcon_core.shell:create_environment_hook('mlp_controller', 'pythonpath')
[2.442s] INFO:colcon.colcon_core.shell:Creating environment hook '/home/russell/sim_ws/install/mlp_controller/share/mlp_controller/hook/pythonpath.ps1'
[2.442s] INFO:colcon.colcon_core.shell:Creating environment descriptor '/home/russell/sim_ws/install/mlp_controller/share/mlp_controller/hook/pythonpath.dsv'
[2.443s] INFO:colcon.colcon_core.shell:Creating environment hook '/home/russell/sim_ws/install/mlp_controller/share/mlp_controller/hook/pythonpath.sh'
[2.444s] Level 1:colcon.colcon_core.environment:checking '/home/russell/sim_ws/install/mlp_controller/bin'
[2.444s] Level 1:colcon.colcon_core.environment:create_environment_scripts_only(mlp_controller)
[2.444s] INFO:colcon.colcon_core.shell:Creating package script '/home/russell/sim_ws/install/mlp_controller/share/mlp_controller/package.ps1'
[2.446s] INFO:colcon.colcon_core.shell:Creating package descriptor '/home/russell/sim_ws/install/mlp_controller/share/mlp_controller/package.dsv'
[2.456s] INFO:colcon.colcon_core.shell:Creating package script '/home/russell/sim_ws/install/mlp_controller/share/mlp_controller/package.sh'
[2.457s] INFO:colcon.colcon_core.shell:Creating package script '/home/russell/sim_ws/install/mlp_controller/share/mlp_controller/package.bash'
[2.458s] INFO:colcon.colcon_core.shell:Creating package script '/home/russell/sim_ws/install/mlp_controller/share/mlp_controller/package.zsh'
[2.458s] Level 1:colcon.colcon_core.environment:create_file_with_runtime_dependencies(/home/russell/sim_ws/install/mlp_controller/share/colcon-core/packages/mlp_controller)
[2.459s] DEBUG:colcon.colcon_parallel_executor.executor.parallel:closing loop
[2.460s] DEBUG:colcon.colcon_parallel_executor.executor.parallel:loop closed
[2.460s] DEBUG:colcon.colcon_parallel_executor.executor.parallel:run_until_complete finished with '0'
[2.463s] DEBUG:colcon.colcon_core.event_reactor:joining thread
[2.468s] INFO:colcon.colcon_core.plugin_system:Skipping extension 'colcon_notification.desktop_notification.terminal_notifier': Not used on non-Darwin systems
[2.468s] INFO:colcon.colcon_core.plugin_system:Skipping extension 'colcon_notification.desktop_notification.win32': Not used on non-Windows systems
[2.468s] INFO:colcon.colcon_notification.desktop_notification:Sending desktop notification using 'notify2'
[2.517s] DEBUG:colcon.colcon_core.event_reactor:joined thread
[2.517s] INFO:colcon.colcon_core.shell:Creating prefix script '/home/russell/sim_ws/install/local_setup.ps1'
[2.519s] INFO:colcon.colcon_core.shell:Creating prefix util module '/home/russell/sim_ws/install/_local_setup_util_ps1.py'
[2.531s] INFO:colcon.colcon_core.shell:Creating prefix chain script '/home/russell/sim_ws/install/setup.ps1'
[2.535s] INFO:colcon.colcon_core.shell:Creating prefix script '/home/russell/sim_ws/install/local_setup.sh'
[2.547s] INFO:colcon.colcon_core.shell:Creating prefix util module '/home/russell/sim_ws/install/_local_setup_util_sh.py'
[2.548s] INFO:colcon.colcon_core.shell:Creating prefix chain script '/home/russell/sim_ws/install/setup.sh'
[2.551s] INFO:colcon.colcon_core.shell:Creating prefix script '/home/russell/sim_ws/install/local_setup.bash'
[2.551s] INFO:colcon.colcon_core.shell:Creating prefix chain script '/home/russell/sim_ws/install/setup.bash'
[2.553s] INFO:colcon.colcon_core.shell:Creating prefix script '/home/russell/sim_ws/install/local_setup.zsh'
[2.554s] INFO:colcon.colcon_core.shell:Creating prefix chain script '/home/russell/sim_ws/install/setup.zsh'
