[0.043s] Invoking command in '/home/russell/sim_ws/build/gap_follow': CMAKE_PREFIX_PATH=${CMAKE_PREFIX_PATH}:/home/russell/sim_ws/install/f1tenth_gym_ros:/opt/ros/foxy /usr/bin/cmake --build /home/russell/sim_ws/build/gap_follow -- -j3 -l3
[0.219s] [100%] Built target reactive_node
[0.419s] Invoked command in '/home/russell/sim_ws/build/gap_follow' returned '0': CMAKE_PREFIX_PATH=${CMAKE_PREFIX_PATH}:/home/russell/sim_ws/install/f1tenth_gym_ros:/opt/ros/foxy /usr/bin/cmake --build /home/russell/sim_ws/build/gap_follow -- -j3 -l3
[0.428s] Invoking command in '/home/russell/sim_ws/build/gap_follow': CMAKE_PREFIX_PATH=${CMAKE_PREFIX_PATH}:/home/russell/sim_ws/install/f1tenth_gym_ros:/opt/ros/foxy /usr/bin/cmake --install /home/russell/sim_ws/build/gap_follow
[0.534s] -- Install configuration: ""
[0.543s] -- Up-to-date: /home/russell/sim_ws/install/gap_follow/lib/gap_follow/reactive_node
[0.543s] -- Up-to-date: /home/russell/sim_ws/install/gap_follow/share/gap_follow/environment/pythonpath.sh
[0.543s] -- Up-to-date: /home/russell/sim_ws/install/gap_follow/share/gap_follow/environment/pythonpath.dsv
[0.543s] -- Up-to-date: /home/russell/sim_ws/install/gap_follow/lib/python3.8/site-packages/gap_follow
[0.543s] -- Up-to-date: /home/russell/sim_ws/install/gap_follow/lib/python3.8/site-packages/gap_follow/__init__.py
[0.543s] Listing '/home/russell/sim_ws/install/gap_follow/lib/python3.8/site-packages/gap_follow'...
[0.553s] -- Installing: /home/russell/sim_ws/install/gap_follow/lib/gap_follow/reactive_node.py
[0.553s] -- Up-to-date: /home/russell/sim_ws/install/gap_follow/share/ament_index/resource_index/package_run_dependencies/gap_follow
[0.553s] -- Up-to-date: /home/russell/sim_ws/install/gap_follow/share/ament_index/resource_index/parent_prefix_path/gap_follow
[0.553s] -- Up-to-date: /home/russell/sim_ws/install/gap_follow/share/gap_follow/environment/ament_prefix_path.sh
[0.553s] -- Up-to-date: /home/russell/sim_ws/install/gap_follow/share/gap_follow/environment/ament_prefix_path.dsv
[0.553s] -- Up-to-date: /home/russell/sim_ws/install/gap_follow/share/gap_follow/environment/path.sh
[0.553s] -- Up-to-date: /home/russell/sim_ws/install/gap_follow/share/gap_follow/environment/path.dsv
[0.553s] -- Up-to-date: /home/russell/sim_ws/install/gap_follow/share/gap_follow/local_setup.bash
[0.553s] -- Up-to-date: /home/russell/sim_ws/install/gap_follow/share/gap_follow/local_setup.sh
[0.554s] -- Up-to-date: /home/russell/sim_ws/install/gap_follow/share/gap_follow/local_setup.zsh
[0.554s] -- Up-to-date: /home/russell/sim_ws/install/gap_follow/share/gap_follow/local_setup.dsv
[0.554s] -- Installing: /home/russell/sim_ws/install/gap_follow/share/gap_follow/package.dsv
[0.554s] -- Up-to-date: /home/russell/sim_ws/install/gap_follow/share/ament_index/resource_index/packages/gap_follow
[0.564s] -- Up-to-date: /home/russell/sim_ws/install/gap_follow/share/gap_follow/cmake/gap_followConfig.cmake
[0.564s] -- Up-to-date: /home/russell/sim_ws/install/gap_follow/share/gap_follow/cmake/gap_followConfig-version.cmake
[0.564s] -- Up-to-date: /home/russell/sim_ws/install/gap_follow/share/gap_follow/package.xml
[0.564s] Invoked command in '/home/russell/sim_ws/build/gap_follow' returned '0': CMAKE_PREFIX_PATH=${CMAKE_PREFIX_PATH}:/home/russell/sim_ws/install/f1tenth_gym_ros:/opt/ros/foxy /usr/bin/cmake --install /home/russell/sim_ws/build/gap_follow
