[0.183s] DEBUG:colcon:Command line arguments: ['/usr/bin/colcon', 'build']
[0.183s] DEBUG:colcon:Parsed command line arguments: Namespace(allow_overriding=[], ament_cmake_args=None, base_paths=['.'], build_base='build', catkin_cmake_args=None, catkin_skip_building_tests=False, cmake_args=None, cmake_clean_cache=False, cmake_clean_first=False, cmake_force_configure=False, cmake_target=None, cmake_target_skip_unavailable=False, continue_on_error=False, event_handlers=None, executor='parallel', ignore_user_meta=False, install_base='install', log_base=None, log_level=None, main=<bound method BuildVerb.main of <colcon_core.verb.build.BuildVerb object at 0x7f0c1933e460>>, merge_install=False, metas=['./colcon.meta'], mixin=None, mixin_files=None, mixin_verb=('build',), packages_above=None, packages_above_and_dependencies=None, packages_above_depth=None, packages_end=None, packages_ignore=None, packages_ignore_regex=None, packages_select=None, packages_select_build_failed=False, packages_select_by_dep=None, packages_select_regex=None, packages_select_test_failures=False, packages_skip=None, packages_skip_build_finished=False, packages_skip_by_dep=None, packages_skip_regex=None, packages_skip_test_passed=False, packages_skip_up_to=None, packages_start=None, packages_up_to=None, packages_up_to_regex=None, parallel_workers=3, paths=None, symlink_install=False, test_result_base=None, verb_extension=<colcon_core.verb.build.BuildVerb object at 0x7f0c1933e460>, verb_name='build', verb_parser=<colcon_mixin.mixin.mixin_argument.MixinArgumentDecorator object at 0x7f0c1933e9d0>)
[0.323s] Level 1:colcon.colcon_core.package_discovery:discover_packages(colcon_meta) check parameters
[0.324s] Level 1:colcon.colcon_core.package_discovery:discover_packages(recursive) check parameters
[0.324s] Level 1:colcon.colcon_core.package_discovery:discover_packages(ignore) check parameters
[0.324s] Level 1:colcon.colcon_core.package_discovery:discover_packages(path) check parameters
[0.324s] Level 1:colcon.colcon_core.package_discovery:discover_packages(colcon_meta) discover
[0.325s] Level 1:colcon.colcon_core.package_discovery:discover_packages(recursive) discover
[0.325s] INFO:colcon.colcon_core.package_discovery:Crawling recursively for packages in '/home/russell/sim_ws'
[0.325s] Level 1:colcon.colcon_core.package_identification:_identify(.) by extensions ['ignore', 'ignore_ament_install']
[0.325s] Level 1:colcon.colcon_core.package_identification:_identify(.) by extension 'ignore'
[0.325s] Level 1:colcon.colcon_core.package_identification:_identify(.) by extension 'ignore_ament_install'
[0.326s] Level 1:colcon.colcon_core.package_identification:_identify(.) by extensions ['colcon_pkg']
[0.326s] Level 1:colcon.colcon_core.package_identification:_identify(.) by extension 'colcon_pkg'
[0.326s] Level 1:colcon.colcon_core.package_identification:_identify(.) by extensions ['colcon_meta']
[0.326s] Level 1:colcon.colcon_core.package_identification:_identify(.) by extension 'colcon_meta'
[0.326s] Level 1:colcon.colcon_core.package_identification:_identify(.) by extensions ['ros']
[0.326s] Level 1:colcon.colcon_core.package_identification:_identify(.) by extension 'ros'
[0.337s] Level 1:colcon.colcon_core.package_identification:_identify(.) by extensions ['cmake', 'python']
[0.338s] Level 1:colcon.colcon_core.package_identification:_identify(.) by extension 'cmake'
[0.338s] Level 1:colcon.colcon_core.package_identification:_identify(.) by extension 'python'
[0.338s] Level 1:colcon.colcon_core.package_identification:_identify(.) by extensions ['python_setup_py']
[0.338s] Level 1:colcon.colcon_core.package_identification:_identify(.) by extension 'python_setup_py'
[0.338s] Level 1:colcon.colcon_core.package_identification:_identify(build) by extensions ['ignore', 'ignore_ament_install']
[0.349s] Level 1:colcon.colcon_core.package_identification:_identify(build) by extension 'ignore'
[0.349s] Level 1:colcon.colcon_core.package_identification:_identify(build) ignored
[0.349s] Level 1:colcon.colcon_core.package_identification:_identify(data_log) by extensions ['ignore', 'ignore_ament_install']
[0.349s] Level 1:colcon.colcon_core.package_identification:_identify(data_log) by extension 'ignore'
[0.349s] Level 1:colcon.colcon_core.package_identification:_identify(data_log) by extension 'ignore_ament_install'
[0.349s] Level 1:colcon.colcon_core.package_identification:_identify(data_log) by extensions ['colcon_pkg']
[0.349s] Level 1:colcon.colcon_core.package_identification:_identify(data_log) by extension 'colcon_pkg'
[0.350s] Level 1:colcon.colcon_core.package_identification:_identify(data_log) by extensions ['colcon_meta']
[0.350s] Level 1:colcon.colcon_core.package_identification:_identify(data_log) by extension 'colcon_meta'
[0.350s] Level 1:colcon.colcon_core.package_identification:_identify(data_log) by extensions ['ros']
[0.350s] Level 1:colcon.colcon_core.package_identification:_identify(data_log) by extension 'ros'
[0.350s] Level 1:colcon.colcon_core.package_identification:_identify(data_log) by extensions ['cmake', 'python']
[0.350s] Level 1:colcon.colcon_core.package_identification:_identify(data_log) by extension 'cmake'
[0.350s] Level 1:colcon.colcon_core.package_identification:_identify(data_log) by extension 'python'
[0.350s] Level 1:colcon.colcon_core.package_identification:_identify(data_log) by extensions ['python_setup_py']
[0.350s] Level 1:colcon.colcon_core.package_identification:_identify(data_log) by extension 'python_setup_py'
[0.350s] Level 1:colcon.colcon_core.package_identification:_identify(install) by extensions ['ignore', 'ignore_ament_install']
[0.350s] Level 1:colcon.colcon_core.package_identification:_identify(install) by extension 'ignore'
[0.350s] Level 1:colcon.colcon_core.package_identification:_identify(install) ignored
[0.350s] Level 1:colcon.colcon_core.package_identification:_identify(log) by extensions ['ignore', 'ignore_ament_install']
[0.350s] Level 1:colcon.colcon_core.package_identification:_identify(log) by extension 'ignore'
[0.350s] Level 1:colcon.colcon_core.package_identification:_identify(log) ignored
[0.350s] Level 1:colcon.colcon_core.package_identification:_identify(src) by extensions ['ignore', 'ignore_ament_install']
[0.350s] Level 1:colcon.colcon_core.package_identification:_identify(src) by extension 'ignore'
[0.350s] Level 1:colcon.colcon_core.package_identification:_identify(src) by extension 'ignore_ament_install'
[0.350s] Level 1:colcon.colcon_core.package_identification:_identify(src) by extensions ['colcon_pkg']
[0.351s] Level 1:colcon.colcon_core.package_identification:_identify(src) by extension 'colcon_pkg'
[0.351s] Level 1:colcon.colcon_core.package_identification:_identify(src) by extensions ['colcon_meta']
[0.351s] Level 1:colcon.colcon_core.package_identification:_identify(src) by extension 'colcon_meta'
[0.351s] Level 1:colcon.colcon_core.package_identification:_identify(src) by extensions ['ros']
[0.351s] Level 1:colcon.colcon_core.package_identification:_identify(src) by extension 'ros'
[0.351s] Level 1:colcon.colcon_core.package_identification:_identify(src) by extensions ['cmake', 'python']
[0.351s] Level 1:colcon.colcon_core.package_identification:_identify(src) by extension 'cmake'
[0.351s] Level 1:colcon.colcon_core.package_identification:_identify(src) by extension 'python'
[0.351s] Level 1:colcon.colcon_core.package_identification:_identify(src) by extensions ['python_setup_py']
[0.351s] Level 1:colcon.colcon_core.package_identification:_identify(src) by extension 'python_setup_py'
[0.351s] Level 1:colcon.colcon_core.package_identification:_identify(src/build) by extensions ['ignore', 'ignore_ament_install']
[0.351s] Level 1:colcon.colcon_core.package_identification:_identify(src/build) by extension 'ignore'
[0.351s] Level 1:colcon.colcon_core.package_identification:_identify(src/build) ignored
[0.351s] Level 1:colcon.colcon_core.package_identification:_identify(src/data_collector) by extensions ['ignore', 'ignore_ament_install']
[0.351s] Level 1:colcon.colcon_core.package_identification:_identify(src/data_collector) by extension 'ignore'
[0.351s] Level 1:colcon.colcon_core.package_identification:_identify(src/data_collector) by extension 'ignore_ament_install'
[0.352s] Level 1:colcon.colcon_core.package_identification:_identify(src/data_collector) by extensions ['colcon_pkg']
[0.352s] Level 1:colcon.colcon_core.package_identification:_identify(src/data_collector) by extension 'colcon_pkg'
[0.352s] Level 1:colcon.colcon_core.package_identification:_identify(src/data_collector) by extensions ['colcon_meta']
[0.352s] Level 1:colcon.colcon_core.package_identification:_identify(src/data_collector) by extension 'colcon_meta'
[0.352s] Level 1:colcon.colcon_core.package_identification:_identify(src/data_collector) by extensions ['ros']
[0.352s] Level 1:colcon.colcon_core.package_identification:_identify(src/data_collector) by extension 'ros'
[0.354s] DEBUG:colcon.colcon_core.package_identification:Package 'src/data_collector' with type 'ros.ament_python' and name 'data_collector'
[0.354s] Level 1:colcon.colcon_core.package_identification:_identify(src/f1tenth_gym_ros) by extensions ['ignore', 'ignore_ament_install']
[0.354s] Level 1:colcon.colcon_core.package_identification:_identify(src/f1tenth_gym_ros) by extension 'ignore'
[0.354s] Level 1:colcon.colcon_core.package_identification:_identify(src/f1tenth_gym_ros) by extension 'ignore_ament_install'
[0.354s] Level 1:colcon.colcon_core.package_identification:_identify(src/f1tenth_gym_ros) by extensions ['colcon_pkg']
[0.354s] Level 1:colcon.colcon_core.package_identification:_identify(src/f1tenth_gym_ros) by extension 'colcon_pkg'
[0.355s] Level 1:colcon.colcon_core.package_identification:_identify(src/f1tenth_gym_ros) by extensions ['colcon_meta']
[0.355s] Level 1:colcon.colcon_core.package_identification:_identify(src/f1tenth_gym_ros) by extension 'colcon_meta'
[0.355s] Level 1:colcon.colcon_core.package_identification:_identify(src/f1tenth_gym_ros) by extensions ['ros']
[0.355s] Level 1:colcon.colcon_core.package_identification:_identify(src/f1tenth_gym_ros) by extension 'ros'
[0.355s] DEBUG:colcon.colcon_core.package_identification:Package 'src/f1tenth_gym_ros' with type 'ros.ament_python' and name 'f1tenth_gym_ros'
[0.355s] Level 1:colcon.colcon_core.package_identification:_identify(src/gap_follow) by extensions ['ignore', 'ignore_ament_install']
[0.355s] Level 1:colcon.colcon_core.package_identification:_identify(src/gap_follow) by extension 'ignore'
[0.355s] Level 1:colcon.colcon_core.package_identification:_identify(src/gap_follow) by extension 'ignore_ament_install'
[0.356s] Level 1:colcon.colcon_core.package_identification:_identify(src/gap_follow) by extensions ['colcon_pkg']
[0.356s] Level 1:colcon.colcon_core.package_identification:_identify(src/gap_follow) by extension 'colcon_pkg'
[0.356s] Level 1:colcon.colcon_core.package_identification:_identify(src/gap_follow) by extensions ['colcon_meta']
[0.356s] Level 1:colcon.colcon_core.package_identification:_identify(src/gap_follow) by extension 'colcon_meta'
[0.356s] Level 1:colcon.colcon_core.package_identification:_identify(src/gap_follow) by extensions ['ros']
[0.356s] Level 1:colcon.colcon_core.package_identification:_identify(src/gap_follow) by extension 'ros'
[0.357s] DEBUG:colcon.colcon_core.package_identification:Package 'src/gap_follow' with type 'ros.ament_cmake' and name 'gap_follow'
[0.357s] Level 1:colcon.colcon_core.package_identification:_identify(src/install) by extensions ['ignore', 'ignore_ament_install']
[0.357s] Level 1:colcon.colcon_core.package_identification:_identify(src/install) by extension 'ignore'
[0.357s] Level 1:colcon.colcon_core.package_identification:_identify(src/install) ignored
[0.357s] Level 1:colcon.colcon_core.package_identification:_identify(src/log) by extensions ['ignore', 'ignore_ament_install']
[0.357s] Level 1:colcon.colcon_core.package_identification:_identify(src/log) by extension 'ignore'
[0.357s] Level 1:colcon.colcon_core.package_identification:_identify(src/log) ignored
[0.357s] Level 1:colcon.colcon_core.package_identification:_identify(src/mlp_controller) by extensions ['ignore', 'ignore_ament_install']
[0.357s] Level 1:colcon.colcon_core.package_identification:_identify(src/mlp_controller) by extension 'ignore'
[0.357s] Level 1:colcon.colcon_core.package_identification:_identify(src/mlp_controller) by extension 'ignore_ament_install'
[0.358s] Level 1:colcon.colcon_core.package_identification:_identify(src/mlp_controller) by extensions ['colcon_pkg']
[0.358s] Level 1:colcon.colcon_core.package_identification:_identify(src/mlp_controller) by extension 'colcon_pkg'
[0.358s] Level 1:colcon.colcon_core.package_identification:_identify(src/mlp_controller) by extensions ['colcon_meta']
[0.358s] Level 1:colcon.colcon_core.package_identification:_identify(src/mlp_controller) by extension 'colcon_meta'
[0.358s] Level 1:colcon.colcon_core.package_identification:_identify(src/mlp_controller) by extensions ['ros']
[0.358s] Level 1:colcon.colcon_core.package_identification:_identify(src/mlp_controller) by extension 'ros'
[0.358s] DEBUG:colcon.colcon_core.package_identification:Package 'src/mlp_controller' with type 'ros.ament_python' and name 'mlp_controller'
[0.359s] Level 1:colcon.colcon_core.package_identification:_identify(src/safety_node) by extensions ['ignore', 'ignore_ament_install']
[0.359s] Level 1:colcon.colcon_core.package_identification:_identify(src/safety_node) by extension 'ignore'
[0.359s] Level 1:colcon.colcon_core.package_identification:_identify(src/safety_node) by extension 'ignore_ament_install'
[0.359s] Level 1:colcon.colcon_core.package_identification:_identify(src/safety_node) by extensions ['colcon_pkg']
[0.359s] Level 1:colcon.colcon_core.package_identification:_identify(src/safety_node) by extension 'colcon_pkg'
[0.359s] Level 1:colcon.colcon_core.package_identification:_identify(src/safety_node) by extensions ['colcon_meta']
[0.359s] Level 1:colcon.colcon_core.package_identification:_identify(src/safety_node) by extension 'colcon_meta'
[0.359s] Level 1:colcon.colcon_core.package_identification:_identify(src/safety_node) by extensions ['ros']
[0.359s] Level 1:colcon.colcon_core.package_identification:_identify(src/safety_node) by extension 'ros'
[0.360s] DEBUG:colcon.colcon_core.package_identification:Package 'src/safety_node' with type 'ros.ament_cmake' and name 'safety_node'
[0.360s] Level 1:colcon.colcon_core.package_identification:_identify(src/wall_follow) by extensions ['ignore', 'ignore_ament_install']
[0.360s] Level 1:colcon.colcon_core.package_identification:_identify(src/wall_follow) by extension 'ignore'
[0.360s] Level 1:colcon.colcon_core.package_identification:_identify(src/wall_follow) by extension 'ignore_ament_install'
[0.360s] Level 1:colcon.colcon_core.package_identification:_identify(src/wall_follow) by extensions ['colcon_pkg']
[0.360s] Level 1:colcon.colcon_core.package_identification:_identify(src/wall_follow) by extension 'colcon_pkg'
[0.360s] Level 1:colcon.colcon_core.package_identification:_identify(src/wall_follow) by extensions ['colcon_meta']
[0.360s] Level 1:colcon.colcon_core.package_identification:_identify(src/wall_follow) by extension 'colcon_meta'
[0.360s] Level 1:colcon.colcon_core.package_identification:_identify(src/wall_follow) by extensions ['ros']
[0.360s] Level 1:colcon.colcon_core.package_identification:_identify(src/wall_follow) by extension 'ros'
[0.361s] DEBUG:colcon.colcon_core.package_identification:Package 'src/wall_follow' with type 'ros.ament_cmake' and name 'wall_follow'
[0.361s] Level 1:colcon.colcon_core.package_discovery:discover_packages(recursive) using defaults
[0.362s] Level 1:colcon.colcon_core.package_discovery:discover_packages(ignore) discover
[0.362s] Level 1:colcon.colcon_core.package_discovery:discover_packages(ignore) using defaults
[0.362s] Level 1:colcon.colcon_core.package_discovery:discover_packages(path) discover
[0.362s] Level 1:colcon.colcon_core.package_discovery:discover_packages(path) using defaults
[0.387s] Level 1:colcon.colcon_core.package_discovery:discover_packages(prefix_path) check parameters
[0.387s] Level 1:colcon.colcon_core.package_discovery:discover_packages(prefix_path) discover
[0.389s] DEBUG:colcon.colcon_installed_package_information.package_discovery:Found 6 installed packages in /home/russell/sim_ws/install
[0.390s] DEBUG:colcon.colcon_installed_package_information.package_discovery:Found 293 installed packages in /opt/ros/foxy
[0.392s] Level 1:colcon.colcon_core.package_discovery:discover_packages(prefix_path) using defaults
[0.445s] Level 5:colcon.colcon_core.verb:set package 'data_collector' build argument 'cmake_args' from command line to 'None'
[0.445s] Level 5:colcon.colcon_core.verb:set package 'data_collector' build argument 'cmake_target' from command line to 'None'
[0.445s] Level 5:colcon.colcon_core.verb:set package 'data_collector' build argument 'cmake_target_skip_unavailable' from command line to 'False'
[0.445s] Level 5:colcon.colcon_core.verb:set package 'data_collector' build argument 'cmake_clean_cache' from command line to 'False'
[0.445s] Level 5:colcon.colcon_core.verb:set package 'data_collector' build argument 'cmake_clean_first' from command line to 'False'
[0.445s] Level 5:colcon.colcon_core.verb:set package 'data_collector' build argument 'cmake_force_configure' from command line to 'False'
[0.445s] Level 5:colcon.colcon_core.verb:set package 'data_collector' build argument 'ament_cmake_args' from command line to 'None'
[0.445s] Level 5:colcon.colcon_core.verb:set package 'data_collector' build argument 'catkin_cmake_args' from command line to 'None'
[0.445s] Level 5:colcon.colcon_core.verb:set package 'data_collector' build argument 'catkin_skip_building_tests' from command line to 'False'
[0.445s] DEBUG:colcon.colcon_core.verb:Building package 'data_collector' with the following arguments: {'ament_cmake_args': None, 'build_base': '/home/russell/sim_ws/build/data_collector', 'catkin_cmake_args': None, 'catkin_skip_building_tests': False, 'cmake_args': None, 'cmake_clean_cache': False, 'cmake_clean_first': False, 'cmake_force_configure': False, 'cmake_target': None, 'cmake_target_skip_unavailable': False, 'install_base': '/home/russell/sim_ws/install/data_collector', 'merge_install': False, 'path': '/home/russell/sim_ws/src/data_collector', 'symlink_install': False, 'test_result_base': None}
[0.446s] Level 5:colcon.colcon_core.verb:set package 'f1tenth_gym_ros' build argument 'cmake_args' from command line to 'None'
[0.446s] Level 5:colcon.colcon_core.verb:set package 'f1tenth_gym_ros' build argument 'cmake_target' from command line to 'None'
[0.446s] Level 5:colcon.colcon_core.verb:set package 'f1tenth_gym_ros' build argument 'cmake_target_skip_unavailable' from command line to 'False'
[0.446s] Level 5:colcon.colcon_core.verb:set package 'f1tenth_gym_ros' build argument 'cmake_clean_cache' from command line to 'False'
[0.446s] Level 5:colcon.colcon_core.verb:set package 'f1tenth_gym_ros' build argument 'cmake_clean_first' from command line to 'False'
[0.446s] Level 5:colcon.colcon_core.verb:set package 'f1tenth_gym_ros' build argument 'cmake_force_configure' from command line to 'False'
[0.446s] Level 5:colcon.colcon_core.verb:set package 'f1tenth_gym_ros' build argument 'ament_cmake_args' from command line to 'None'
[0.446s] Level 5:colcon.colcon_core.verb:set package 'f1tenth_gym_ros' build argument 'catkin_cmake_args' from command line to 'None'
[0.446s] Level 5:colcon.colcon_core.verb:set package 'f1tenth_gym_ros' build argument 'catkin_skip_building_tests' from command line to 'False'
[0.446s] DEBUG:colcon.colcon_core.verb:Building package 'f1tenth_gym_ros' with the following arguments: {'ament_cmake_args': None, 'build_base': '/home/russell/sim_ws/build/f1tenth_gym_ros', 'catkin_cmake_args': None, 'catkin_skip_building_tests': False, 'cmake_args': None, 'cmake_clean_cache': False, 'cmake_clean_first': False, 'cmake_force_configure': False, 'cmake_target': None, 'cmake_target_skip_unavailable': False, 'install_base': '/home/russell/sim_ws/install/f1tenth_gym_ros', 'merge_install': False, 'path': '/home/russell/sim_ws/src/f1tenth_gym_ros', 'symlink_install': False, 'test_result_base': None}
[0.446s] Level 5:colcon.colcon_core.verb:set package 'gap_follow' build argument 'cmake_args' from command line to 'None'
[0.446s] Level 5:colcon.colcon_core.verb:set package 'gap_follow' build argument 'cmake_target' from command line to 'None'
[0.446s] Level 5:colcon.colcon_core.verb:set package 'gap_follow' build argument 'cmake_target_skip_unavailable' from command line to 'False'
[0.447s] Level 5:colcon.colcon_core.verb:set package 'gap_follow' build argument 'cmake_clean_cache' from command line to 'False'
[0.447s] Level 5:colcon.colcon_core.verb:set package 'gap_follow' build argument 'cmake_clean_first' from command line to 'False'
[0.447s] Level 5:colcon.colcon_core.verb:set package 'gap_follow' build argument 'cmake_force_configure' from command line to 'False'
[0.447s] Level 5:colcon.colcon_core.verb:set package 'gap_follow' build argument 'ament_cmake_args' from command line to 'None'
[0.447s] Level 5:colcon.colcon_core.verb:set package 'gap_follow' build argument 'catkin_cmake_args' from command line to 'None'
[0.447s] Level 5:colcon.colcon_core.verb:set package 'gap_follow' build argument 'catkin_skip_building_tests' from command line to 'False'
[0.447s] DEBUG:colcon.colcon_core.verb:Building package 'gap_follow' with the following arguments: {'ament_cmake_args': None, 'build_base': '/home/russell/sim_ws/build/gap_follow', 'catkin_cmake_args': None, 'catkin_skip_building_tests': False, 'cmake_args': None, 'cmake_clean_cache': False, 'cmake_clean_first': False, 'cmake_force_configure': False, 'cmake_target': None, 'cmake_target_skip_unavailable': False, 'install_base': '/home/russell/sim_ws/install/gap_follow', 'merge_install': False, 'path': '/home/russell/sim_ws/src/gap_follow', 'symlink_install': False, 'test_result_base': None}
[0.447s] Level 5:colcon.colcon_core.verb:set package 'mlp_controller' build argument 'cmake_args' from command line to 'None'
[0.447s] Level 5:colcon.colcon_core.verb:set package 'mlp_controller' build argument 'cmake_target' from command line to 'None'
[0.447s] Level 5:colcon.colcon_core.verb:set package 'mlp_controller' build argument 'cmake_target_skip_unavailable' from command line to 'False'
[0.447s] Level 5:colcon.colcon_core.verb:set package 'mlp_controller' build argument 'cmake_clean_cache' from command line to 'False'
[0.447s] Level 5:colcon.colcon_core.verb:set package 'mlp_controller' build argument 'cmake_clean_first' from command line to 'False'
[0.447s] Level 5:colcon.colcon_core.verb:set package 'mlp_controller' build argument 'cmake_force_configure' from command line to 'False'
[0.447s] Level 5:colcon.colcon_core.verb:set package 'mlp_controller' build argument 'ament_cmake_args' from command line to 'None'
[0.447s] Level 5:colcon.colcon_core.verb:set package 'mlp_controller' build argument 'catkin_cmake_args' from command line to 'None'
[0.447s] Level 5:colcon.colcon_core.verb:set package 'mlp_controller' build argument 'catkin_skip_building_tests' from command line to 'False'
[0.447s] DEBUG:colcon.colcon_core.verb:Building package 'mlp_controller' with the following arguments: {'ament_cmake_args': None, 'build_base': '/home/russell/sim_ws/build/mlp_controller', 'catkin_cmake_args': None, 'catkin_skip_building_tests': False, 'cmake_args': None, 'cmake_clean_cache': False, 'cmake_clean_first': False, 'cmake_force_configure': False, 'cmake_target': None, 'cmake_target_skip_unavailable': False, 'install_base': '/home/russell/sim_ws/install/mlp_controller', 'merge_install': False, 'path': '/home/russell/sim_ws/src/mlp_controller', 'symlink_install': False, 'test_result_base': None}
[0.447s] Level 5:colcon.colcon_core.verb:set package 'safety_node' build argument 'cmake_args' from command line to 'None'
[0.447s] Level 5:colcon.colcon_core.verb:set package 'safety_node' build argument 'cmake_target' from command line to 'None'
[0.447s] Level 5:colcon.colcon_core.verb:set package 'safety_node' build argument 'cmake_target_skip_unavailable' from command line to 'False'
[0.447s] Level 5:colcon.colcon_core.verb:set package 'safety_node' build argument 'cmake_clean_cache' from command line to 'False'
[0.448s] Level 5:colcon.colcon_core.verb:set package 'safety_node' build argument 'cmake_clean_first' from command line to 'False'
[0.448s] Level 5:colcon.colcon_core.verb:set package 'safety_node' build argument 'cmake_force_configure' from command line to 'False'
[0.448s] Level 5:colcon.colcon_core.verb:set package 'safety_node' build argument 'ament_cmake_args' from command line to 'None'
[0.448s] Level 5:colcon.colcon_core.verb:set package 'safety_node' build argument 'catkin_cmake_args' from command line to 'None'
[0.448s] Level 5:colcon.colcon_core.verb:set package 'safety_node' build argument 'catkin_skip_building_tests' from command line to 'False'
[0.448s] DEBUG:colcon.colcon_core.verb:Building package 'safety_node' with the following arguments: {'ament_cmake_args': None, 'build_base': '/home/russell/sim_ws/build/safety_node', 'catkin_cmake_args': None, 'catkin_skip_building_tests': False, 'cmake_args': None, 'cmake_clean_cache': False, 'cmake_clean_first': False, 'cmake_force_configure': False, 'cmake_target': None, 'cmake_target_skip_unavailable': False, 'install_base': '/home/russell/sim_ws/install/safety_node', 'merge_install': False, 'path': '/home/russell/sim_ws/src/safety_node', 'symlink_install': False, 'test_result_base': None}
[0.448s] Level 5:colcon.colcon_core.verb:set package 'wall_follow' build argument 'cmake_args' from command line to 'None'
[0.448s] Level 5:colcon.colcon_core.verb:set package 'wall_follow' build argument 'cmake_target' from command line to 'None'
[0.448s] Level 5:colcon.colcon_core.verb:set package 'wall_follow' build argument 'cmake_target_skip_unavailable' from command line to 'False'
[0.448s] Level 5:colcon.colcon_core.verb:set package 'wall_follow' build argument 'cmake_clean_cache' from command line to 'False'
[0.448s] Level 5:colcon.colcon_core.verb:set package 'wall_follow' build argument 'cmake_clean_first' from command line to 'False'
[0.448s] Level 5:colcon.colcon_core.verb:set package 'wall_follow' build argument 'cmake_force_configure' from command line to 'False'
[0.448s] Level 5:colcon.colcon_core.verb:set package 'wall_follow' build argument 'ament_cmake_args' from command line to 'None'
[0.448s] Level 5:colcon.colcon_core.verb:set package 'wall_follow' build argument 'catkin_cmake_args' from command line to 'None'
[0.448s] Level 5:colcon.colcon_core.verb:set package 'wall_follow' build argument 'catkin_skip_building_tests' from command line to 'False'
[0.448s] DEBUG:colcon.colcon_core.verb:Building package 'wall_follow' with the following arguments: {'ament_cmake_args': None, 'build_base': '/home/russell/sim_ws/build/wall_follow', 'catkin_cmake_args': None, 'catkin_skip_building_tests': False, 'cmake_args': None, 'cmake_clean_cache': False, 'cmake_clean_first': False, 'cmake_force_configure': False, 'cmake_target': None, 'cmake_target_skip_unavailable': False, 'install_base': '/home/russell/sim_ws/install/wall_follow', 'merge_install': False, 'path': '/home/russell/sim_ws/src/wall_follow', 'symlink_install': False, 'test_result_base': None}
[0.448s] INFO:colcon.colcon_core.executor:Executing jobs using 'parallel' executor
[0.450s] DEBUG:colcon.colcon_parallel_executor.executor.parallel:run_until_complete
[0.451s] INFO:colcon.colcon_ros.task.ament_python.build:Building ROS package in '/home/russell/sim_ws/src/data_collector' with build type 'ament_python'
[0.451s] Level 1:colcon.colcon_core.shell:create_environment_hook('data_collector', 'ament_prefix_path')
[0.453s] INFO:colcon.colcon_core.plugin_system:Skipping extension 'colcon_core.shell.bat': Not used on non-Windows systems
[0.453s] INFO:colcon.colcon_core.shell:Creating environment hook '/home/russell/sim_ws/install/data_collector/share/data_collector/hook/ament_prefix_path.ps1'
[0.454s] INFO:colcon.colcon_core.shell:Creating environment descriptor '/home/russell/sim_ws/install/data_collector/share/data_collector/hook/ament_prefix_path.dsv'
[0.455s] INFO:colcon.colcon_core.shell:Creating environment hook '/home/russell/sim_ws/install/data_collector/share/data_collector/hook/ament_prefix_path.sh'
[0.457s] INFO:colcon.colcon_core.shell:Skip shell extension 'powershell' for command environment: Not usable outside of PowerShell
[0.457s] DEBUG:colcon.colcon_core.shell:Skip shell extension 'dsv' for command environment
[0.462s] INFO:colcon.colcon_ros.task.ament_python.build:Building ROS package in '/home/russell/sim_ws/src/f1tenth_gym_ros' with build type 'ament_python'
[0.462s] Level 1:colcon.colcon_core.shell:create_environment_hook('f1tenth_gym_ros', 'ament_prefix_path')
[0.462s] INFO:colcon.colcon_core.shell:Creating environment hook '/home/russell/sim_ws/install/f1tenth_gym_ros/share/f1tenth_gym_ros/hook/ament_prefix_path.ps1'
[0.463s] INFO:colcon.colcon_core.shell:Creating environment descriptor '/home/russell/sim_ws/install/f1tenth_gym_ros/share/f1tenth_gym_ros/hook/ament_prefix_path.dsv'
[0.464s] INFO:colcon.colcon_core.shell:Creating environment hook '/home/russell/sim_ws/install/f1tenth_gym_ros/share/f1tenth_gym_ros/hook/ament_prefix_path.sh'
[0.466s] INFO:colcon.colcon_core.shell:Skip shell extension 'powershell' for command environment: Not usable outside of PowerShell
[0.466s] DEBUG:colcon.colcon_core.shell:Skip shell extension 'dsv' for command environment
[0.473s] INFO:colcon.colcon_ros.task.ament_cmake.build:Building ROS package in '/home/russell/sim_ws/src/gap_follow' with build type 'ament_cmake'
[0.474s] INFO:colcon.colcon_cmake.task.cmake.build:Building CMake package in '/home/russell/sim_ws/src/gap_follow'
[0.475s] INFO:colcon.colcon_core.shell:Skip shell extension 'powershell' for command environment: Not usable outside of PowerShell
[0.475s] DEBUG:colcon.colcon_core.shell:Skip shell extension 'dsv' for command environment
[0.723s] INFO:colcon.colcon_core.task.python.build:Building Python package in '/home/russell/sim_ws/src/data_collector'
[0.723s] INFO:colcon.colcon_core.shell:Skip shell extension 'powershell' for command environment: Not usable outside of PowerShell
[0.723s] DEBUG:colcon.colcon_core.shell:Skip shell extension 'dsv' for command environment
[0.953s] INFO:colcon.colcon_core.task.python.build:Building Python package in '/home/russell/sim_ws/src/f1tenth_gym_ros'
[0.954s] INFO:colcon.colcon_core.shell:Skip shell extension 'powershell' for command environment: Not usable outside of PowerShell
[0.954s] DEBUG:colcon.colcon_core.shell:Skip shell extension 'dsv' for command environment
[0.972s] DEBUG:colcon.colcon_core.event_handler.log_command:Invoking command in '/home/russell/sim_ws/build/gap_follow': CMAKE_PREFIX_PATH=${CMAKE_PREFIX_PATH}:/home/russell/sim_ws/install/mlp_controller:/home/russell/sim_ws/install/f1tenth_gym_ros:/home/russell/sim_ws/install/data_collector:/opt/ros/foxy /usr/bin/cmake --build /home/russell/sim_ws/build/gap_follow -- -j3 -l3
[1.087s] DEBUG:colcon.colcon_core.event_handler.log_command:Invoked command in '/home/russell/sim_ws/build/gap_follow' returned '0': CMAKE_PREFIX_PATH=${CMAKE_PREFIX_PATH}:/home/russell/sim_ws/install/mlp_controller:/home/russell/sim_ws/install/f1tenth_gym_ros:/home/russell/sim_ws/install/data_collector:/opt/ros/foxy /usr/bin/cmake --build /home/russell/sim_ws/build/gap_follow -- -j3 -l3
[1.122s] DEBUG:colcon.colcon_core.event_handler.log_command:Invoking command in '/home/russell/sim_ws/build/gap_follow': CMAKE_PREFIX_PATH=${CMAKE_PREFIX_PATH}:/home/russell/sim_ws/install/mlp_controller:/home/russell/sim_ws/install/f1tenth_gym_ros:/home/russell/sim_ws/install/data_collector:/opt/ros/foxy /usr/bin/cmake --install /home/russell/sim_ws/build/gap_follow
[1.171s] Level 1:colcon.colcon_core.environment:create_environment_scripts_only(gap_follow)
[1.173s] DEBUG:colcon.colcon_core.event_handler.log_command:Invoked command in '/home/russell/sim_ws/build/gap_follow' returned '0': CMAKE_PREFIX_PATH=${CMAKE_PREFIX_PATH}:/home/russell/sim_ws/install/mlp_controller:/home/russell/sim_ws/install/f1tenth_gym_ros:/home/russell/sim_ws/install/data_collector:/opt/ros/foxy /usr/bin/cmake --install /home/russell/sim_ws/build/gap_follow
[1.181s] Level 1:colcon.colcon_core.environment:checking '/home/russell/sim_ws/install/gap_follow' for CMake module files
[1.181s] Level 1:colcon.colcon_core.environment:checking '/home/russell/sim_ws/install/gap_follow' for CMake config files
[1.182s] Level 1:colcon.colcon_core.shell:create_environment_hook('gap_follow', 'cmake_prefix_path')
[1.182s] INFO:colcon.colcon_core.shell:Creating environment hook '/home/russell/sim_ws/install/gap_follow/share/gap_follow/hook/cmake_prefix_path.ps1'
[1.184s] INFO:colcon.colcon_core.shell:Creating environment descriptor '/home/russell/sim_ws/install/gap_follow/share/gap_follow/hook/cmake_prefix_path.dsv'
[1.192s] INFO:colcon.colcon_core.shell:Creating environment hook '/home/russell/sim_ws/install/gap_follow/share/gap_follow/hook/cmake_prefix_path.sh'
[1.204s] Level 1:colcon.colcon_core.environment:checking '/home/russell/sim_ws/install/gap_follow/lib'
[1.204s] Level 1:colcon.colcon_core.environment:checking '/home/russell/sim_ws/install/gap_follow/bin'
[1.205s] Level 1:colcon.colcon_core.environment:checking '/home/russell/sim_ws/install/gap_follow/lib/pkgconfig/gap_follow.pc'
[1.205s] Level 1:colcon.colcon_core.environment:checking '/home/russell/sim_ws/install/gap_follow/lib/python3.8/site-packages'
[1.205s] Level 1:colcon.colcon_core.shell:create_environment_hook('gap_follow', 'pythonpath')
[1.205s] INFO:colcon.colcon_core.shell:Creating environment hook '/home/russell/sim_ws/install/gap_follow/share/gap_follow/hook/pythonpath.ps1'
[1.206s] INFO:colcon.colcon_core.shell:Creating environment descriptor '/home/russell/sim_ws/install/gap_follow/share/gap_follow/hook/pythonpath.dsv'
[1.207s] INFO:colcon.colcon_core.shell:Creating environment hook '/home/russell/sim_ws/install/gap_follow/share/gap_follow/hook/pythonpath.sh'
[1.208s] Level 1:colcon.colcon_core.environment:checking '/home/russell/sim_ws/install/gap_follow/bin'
[1.209s] INFO:colcon.colcon_core.shell:Creating package script '/home/russell/sim_ws/install/gap_follow/share/gap_follow/package.ps1'
[1.209s] INFO:colcon.colcon_core.shell:Creating package descriptor '/home/russell/sim_ws/install/gap_follow/share/gap_follow/package.dsv'
[1.210s] INFO:colcon.colcon_core.shell:Creating package script '/home/russell/sim_ws/install/gap_follow/share/gap_follow/package.sh'
[1.212s] INFO:colcon.colcon_core.shell:Creating package script '/home/russell/sim_ws/install/gap_follow/share/gap_follow/package.bash'
[1.215s] INFO:colcon.colcon_core.shell:Creating package script '/home/russell/sim_ws/install/gap_follow/share/gap_follow/package.zsh'
[1.216s] Level 1:colcon.colcon_core.environment:create_file_with_runtime_dependencies(/home/russell/sim_ws/install/gap_follow/share/colcon-core/packages/gap_follow)
[1.238s] Level 1:colcon.colcon_core.environment:create_environment_scripts_only(gap_follow)
[1.239s] Level 1:colcon.colcon_core.environment:checking '/home/russell/sim_ws/install/gap_follow' for CMake module files
[1.240s] Level 1:colcon.colcon_core.environment:checking '/home/russell/sim_ws/install/gap_follow' for CMake config files
[1.240s] Level 1:colcon.colcon_core.shell:create_environment_hook('gap_follow', 'cmake_prefix_path')
[1.240s] INFO:colcon.colcon_core.shell:Creating environment hook '/home/russell/sim_ws/install/gap_follow/share/gap_follow/hook/cmake_prefix_path.ps1'
[1.240s] INFO:colcon.colcon_core.shell:Creating environment descriptor '/home/russell/sim_ws/install/gap_follow/share/gap_follow/hook/cmake_prefix_path.dsv'
[1.241s] INFO:colcon.colcon_core.shell:Creating environment hook '/home/russell/sim_ws/install/gap_follow/share/gap_follow/hook/cmake_prefix_path.sh'
[1.243s] Level 1:colcon.colcon_core.environment:checking '/home/russell/sim_ws/install/gap_follow/lib'
[1.243s] Level 1:colcon.colcon_core.environment:checking '/home/russell/sim_ws/install/gap_follow/bin'
[1.243s] Level 1:colcon.colcon_core.environment:checking '/home/russell/sim_ws/install/gap_follow/lib/pkgconfig/gap_follow.pc'
[1.243s] Level 1:colcon.colcon_core.environment:checking '/home/russell/sim_ws/install/gap_follow/lib/python3.8/site-packages'
[1.243s] Level 1:colcon.colcon_core.shell:create_environment_hook('gap_follow', 'pythonpath')
[1.243s] INFO:colcon.colcon_core.shell:Creating environment hook '/home/russell/sim_ws/install/gap_follow/share/gap_follow/hook/pythonpath.ps1'
[1.244s] INFO:colcon.colcon_core.shell:Creating environment descriptor '/home/russell/sim_ws/install/gap_follow/share/gap_follow/hook/pythonpath.dsv'
[1.245s] INFO:colcon.colcon_core.shell:Creating environment hook '/home/russell/sim_ws/install/gap_follow/share/gap_follow/hook/pythonpath.sh'
[1.246s] Level 1:colcon.colcon_core.environment:checking '/home/russell/sim_ws/install/gap_follow/bin'
[1.246s] INFO:colcon.colcon_core.shell:Creating package script '/home/russell/sim_ws/install/gap_follow/share/gap_follow/package.ps1'
[1.247s] INFO:colcon.colcon_core.shell:Creating package descriptor '/home/russell/sim_ws/install/gap_follow/share/gap_follow/package.dsv'
[1.249s] INFO:colcon.colcon_core.shell:Creating package script '/home/russell/sim_ws/install/gap_follow/share/gap_follow/package.sh'
[1.250s] INFO:colcon.colcon_core.shell:Creating package script '/home/russell/sim_ws/install/gap_follow/share/gap_follow/package.bash'
[1.250s] INFO:colcon.colcon_core.shell:Creating package script '/home/russell/sim_ws/install/gap_follow/share/gap_follow/package.zsh'
[1.251s] Level 1:colcon.colcon_core.environment:create_file_with_runtime_dependencies(/home/russell/sim_ws/install/gap_follow/share/colcon-core/packages/gap_follow)
[1.252s] INFO:colcon.colcon_ros.task.ament_python.build:Building ROS package in '/home/russell/sim_ws/src/mlp_controller' with build type 'ament_python'
[1.252s] Level 1:colcon.colcon_core.shell:create_environment_hook('mlp_controller', 'ament_prefix_path')
[1.253s] INFO:colcon.colcon_core.shell:Creating environment hook '/home/russell/sim_ws/install/mlp_controller/share/mlp_controller/hook/ament_prefix_path.ps1'
[1.253s] INFO:colcon.colcon_core.shell:Creating environment descriptor '/home/russell/sim_ws/install/mlp_controller/share/mlp_controller/hook/ament_prefix_path.dsv'
[1.254s] INFO:colcon.colcon_core.shell:Creating environment hook '/home/russell/sim_ws/install/mlp_controller/share/mlp_controller/hook/ament_prefix_path.sh'
[1.269s] INFO:colcon.colcon_core.shell:Skip shell extension 'powershell' for command environment: Not usable outside of PowerShell
[1.269s] DEBUG:colcon.colcon_core.shell:Skip shell extension 'dsv' for command environment
[1.635s] INFO:colcon.colcon_core.task.python.build:Building Python package in '/home/russell/sim_ws/src/mlp_controller'
[1.636s] INFO:colcon.colcon_core.shell:Skip shell extension 'powershell' for command environment: Not usable outside of PowerShell
[1.636s] DEBUG:colcon.colcon_core.shell:Skip shell extension 'dsv' for command environment
[1.649s] DEBUG:colcon.colcon_core.event_handler.log_command:Invoking command in '/home/russell/sim_ws/src/data_collector': PYTHONPATH=/home/russell/sim_ws/build/data_collector/prefix_override:/usr/lib/python3/dist-packages/colcon_core/task/python/colcon_distutils_commands:/home/russell/sim_ws/install/data_collector/lib/python3.8/site-packages:${PYTHONPATH} /usr/bin/python3 -W ignore:setup.py install is deprecated -W ignore:easy_install command is deprecated setup.py egg_info --egg-base ../../build/data_collector build --build-base /home/russell/sim_ws/build/data_collector/build install --record /home/russell/sim_ws/build/data_collector/install.log --install-scripts $base/lib/data_collector --single-version-externally-managed install_data
[1.658s] DEBUG:colcon.colcon_core.event_handler.log_command:Invoking command in '/home/russell/sim_ws/src/f1tenth_gym_ros': PYTHONPATH=/home/russell/sim_ws/build/f1tenth_gym_ros/prefix_override:/usr/lib/python3/dist-packages/colcon_core/task/python/colcon_distutils_commands:/home/russell/sim_ws/install/f1tenth_gym_ros/lib/python3.8/site-packages:${PYTHONPATH} /usr/bin/python3 -W ignore:setup.py install is deprecated -W ignore:easy_install command is deprecated setup.py egg_info --egg-base ../../build/f1tenth_gym_ros build --build-base /home/russell/sim_ws/build/f1tenth_gym_ros/build install --record /home/russell/sim_ws/build/f1tenth_gym_ros/install.log --single-version-externally-managed install_data
[2.029s] Level 1:colcon.colcon_core.environment:checking '/home/russell/sim_ws/install/data_collector' for CMake module files
[2.030s] DEBUG:colcon.colcon_core.event_handler.log_command:Invoked command in '/home/russell/sim_ws/src/data_collector' returned '0': PYTHONPATH=/home/russell/sim_ws/build/data_collector/prefix_override:/usr/lib/python3/dist-packages/colcon_core/task/python/colcon_distutils_commands:/home/russell/sim_ws/install/data_collector/lib/python3.8/site-packages:${PYTHONPATH} /usr/bin/python3 -W ignore:setup.py install is deprecated -W ignore:easy_install command is deprecated setup.py egg_info --egg-base ../../build/data_collector build --build-base /home/russell/sim_ws/build/data_collector/build install --record /home/russell/sim_ws/build/data_collector/install.log --install-scripts $base/lib/data_collector --single-version-externally-managed install_data
[2.031s] Level 1:colcon.colcon_core.environment:checking '/home/russell/sim_ws/install/data_collector' for CMake config files
[2.032s] Level 1:colcon.colcon_core.environment:checking '/home/russell/sim_ws/install/data_collector/lib'
[2.036s] Level 1:colcon.colcon_core.environment:checking '/home/russell/sim_ws/install/data_collector/bin'
[2.036s] Level 1:colcon.colcon_core.environment:checking '/home/russell/sim_ws/install/data_collector/lib/pkgconfig/data_collector.pc'
[2.036s] Level 1:colcon.colcon_core.environment:checking '/home/russell/sim_ws/install/data_collector/lib/python3.8/site-packages'
[2.036s] Level 1:colcon.colcon_core.shell:create_environment_hook('data_collector', 'pythonpath')
[2.037s] INFO:colcon.colcon_core.shell:Creating environment hook '/home/russell/sim_ws/install/data_collector/share/data_collector/hook/pythonpath.ps1'
[2.044s] INFO:colcon.colcon_core.shell:Creating environment descriptor '/home/russell/sim_ws/install/data_collector/share/data_collector/hook/pythonpath.dsv'
[2.045s] INFO:colcon.colcon_core.shell:Creating environment hook '/home/russell/sim_ws/install/data_collector/share/data_collector/hook/pythonpath.sh'
[2.046s] Level 1:colcon.colcon_core.environment:checking '/home/russell/sim_ws/install/data_collector/bin'
[2.050s] Level 1:colcon.colcon_core.environment:create_environment_scripts_only(data_collector)
[2.051s] INFO:colcon.colcon_core.shell:Creating package script '/home/russell/sim_ws/install/data_collector/share/data_collector/package.ps1'
[2.056s] INFO:colcon.colcon_core.shell:Creating package descriptor '/home/russell/sim_ws/install/data_collector/share/data_collector/package.dsv'
[2.057s] INFO:colcon.colcon_core.shell:Creating package script '/home/russell/sim_ws/install/data_collector/share/data_collector/package.sh'
[2.068s] INFO:colcon.colcon_core.shell:Creating package script '/home/russell/sim_ws/install/data_collector/share/data_collector/package.bash'
[2.069s] INFO:colcon.colcon_core.shell:Creating package script '/home/russell/sim_ws/install/data_collector/share/data_collector/package.zsh'
[2.070s] Level 1:colcon.colcon_core.environment:create_file_with_runtime_dependencies(/home/russell/sim_ws/install/data_collector/share/colcon-core/packages/data_collector)
[2.072s] INFO:colcon.colcon_ros.task.ament_cmake.build:Building ROS package in '/home/russell/sim_ws/src/safety_node' with build type 'ament_cmake'
[2.073s] INFO:colcon.colcon_cmake.task.cmake.build:Building CMake package in '/home/russell/sim_ws/src/safety_node'
[2.073s] INFO:colcon.colcon_core.shell:Skip shell extension 'powershell' for command environment: Not usable outside of PowerShell
[2.073s] DEBUG:colcon.colcon_core.shell:Skip shell extension 'dsv' for command environment
[2.112s] DEBUG:colcon.colcon_core.event_handler.log_command:Invoking command in '/home/russell/sim_ws/build/safety_node': CMAKE_PREFIX_PATH=${CMAKE_PREFIX_PATH}:/home/russell/sim_ws/install/mlp_controller:/home/russell/sim_ws/install/f1tenth_gym_ros:/home/russell/sim_ws/install/data_collector:/opt/ros/foxy /usr/bin/cmake --build /home/russell/sim_ws/build/safety_node -- -j3 -l3
[2.143s] Level 1:colcon.colcon_core.environment:checking '/home/russell/sim_ws/install/f1tenth_gym_ros' for CMake module files
[2.150s] DEBUG:colcon.colcon_core.event_handler.log_command:Invoked command in '/home/russell/sim_ws/src/f1tenth_gym_ros' returned '0': PYTHONPATH=/home/russell/sim_ws/build/f1tenth_gym_ros/prefix_override:/usr/lib/python3/dist-packages/colcon_core/task/python/colcon_distutils_commands:/home/russell/sim_ws/install/f1tenth_gym_ros/lib/python3.8/site-packages:${PYTHONPATH} /usr/bin/python3 -W ignore:setup.py install is deprecated -W ignore:easy_install command is deprecated setup.py egg_info --egg-base ../../build/f1tenth_gym_ros build --build-base /home/russell/sim_ws/build/f1tenth_gym_ros/build install --record /home/russell/sim_ws/build/f1tenth_gym_ros/install.log --single-version-externally-managed install_data
[2.144s] Level 1:colcon.colcon_core.environment:checking '/home/russell/sim_ws/install/f1tenth_gym_ros' for CMake config files
[2.152s] Level 1:colcon.colcon_core.environment:checking '/home/russell/sim_ws/install/f1tenth_gym_ros/lib'
[2.152s] Level 1:colcon.colcon_core.environment:checking '/home/russell/sim_ws/install/f1tenth_gym_ros/bin'
[2.152s] Level 1:colcon.colcon_core.environment:checking '/home/russell/sim_ws/install/f1tenth_gym_ros/lib/pkgconfig/f1tenth_gym_ros.pc'
[2.153s] Level 1:colcon.colcon_core.environment:checking '/home/russell/sim_ws/install/f1tenth_gym_ros/lib/python3.8/site-packages'
[2.153s] Level 1:colcon.colcon_core.shell:create_environment_hook('f1tenth_gym_ros', 'pythonpath')
[2.153s] INFO:colcon.colcon_core.shell:Creating environment hook '/home/russell/sim_ws/install/f1tenth_gym_ros/share/f1tenth_gym_ros/hook/pythonpath.ps1'
[2.154s] INFO:colcon.colcon_core.shell:Creating environment descriptor '/home/russell/sim_ws/install/f1tenth_gym_ros/share/f1tenth_gym_ros/hook/pythonpath.dsv'
[2.159s] INFO:colcon.colcon_core.shell:Creating environment hook '/home/russell/sim_ws/install/f1tenth_gym_ros/share/f1tenth_gym_ros/hook/pythonpath.sh'
[2.161s] Level 1:colcon.colcon_core.environment:checking '/home/russell/sim_ws/install/f1tenth_gym_ros/bin'
[2.161s] Level 1:colcon.colcon_core.environment:create_environment_scripts_only(f1tenth_gym_ros)
[2.161s] INFO:colcon.colcon_core.shell:Creating package script '/home/russell/sim_ws/install/f1tenth_gym_ros/share/f1tenth_gym_ros/package.ps1'
[2.162s] INFO:colcon.colcon_core.shell:Creating package descriptor '/home/russell/sim_ws/install/f1tenth_gym_ros/share/f1tenth_gym_ros/package.dsv'
[2.163s] INFO:colcon.colcon_core.shell:Creating package script '/home/russell/sim_ws/install/f1tenth_gym_ros/share/f1tenth_gym_ros/package.sh'
[2.164s] INFO:colcon.colcon_core.shell:Creating package script '/home/russell/sim_ws/install/f1tenth_gym_ros/share/f1tenth_gym_ros/package.bash'
[2.165s] INFO:colcon.colcon_core.shell:Creating package script '/home/russell/sim_ws/install/f1tenth_gym_ros/share/f1tenth_gym_ros/package.zsh'
[2.165s] Level 1:colcon.colcon_core.environment:create_file_with_runtime_dependencies(/home/russell/sim_ws/install/f1tenth_gym_ros/share/colcon-core/packages/f1tenth_gym_ros)
[2.180s] INFO:colcon.colcon_ros.task.ament_cmake.build:Building ROS package in '/home/russell/sim_ws/src/wall_follow' with build type 'ament_cmake'
[2.180s] INFO:colcon.colcon_cmake.task.cmake.build:Building CMake package in '/home/russell/sim_ws/src/wall_follow'
[2.180s] INFO:colcon.colcon_core.shell:Skip shell extension 'powershell' for command environment: Not usable outside of PowerShell
[2.181s] DEBUG:colcon.colcon_core.shell:Skip shell extension 'dsv' for command environment
[2.236s] DEBUG:colcon.colcon_core.event_handler.log_command:Invoking command in '/home/russell/sim_ws/build/wall_follow': CMAKE_PREFIX_PATH=${CMAKE_PREFIX_PATH}:/home/russell/sim_ws/install/mlp_controller:/home/russell/sim_ws/install/f1tenth_gym_ros:/home/russell/sim_ws/install/data_collector:/opt/ros/foxy /usr/bin/cmake --build /home/russell/sim_ws/build/wall_follow -- -j3 -l3
[2.404s] DEBUG:colcon.colcon_core.event_handler.log_command:Invoked command in '/home/russell/sim_ws/build/safety_node' returned '0': CMAKE_PREFIX_PATH=${CMAKE_PREFIX_PATH}:/home/russell/sim_ws/install/mlp_controller:/home/russell/sim_ws/install/f1tenth_gym_ros:/home/russell/sim_ws/install/data_collector:/opt/ros/foxy /usr/bin/cmake --build /home/russell/sim_ws/build/safety_node -- -j3 -l3
[2.409s] DEBUG:colcon.colcon_core.event_handler.log_command:Invoking command in '/home/russell/sim_ws/build/safety_node': CMAKE_PREFIX_PATH=${CMAKE_PREFIX_PATH}:/home/russell/sim_ws/install/mlp_controller:/home/russell/sim_ws/install/f1tenth_gym_ros:/home/russell/sim_ws/install/data_collector:/opt/ros/foxy /usr/bin/cmake --install /home/russell/sim_ws/build/safety_node
[2.425s] DEBUG:colcon.colcon_core.event_handler.log_command:Invoked command in '/home/russell/sim_ws/build/wall_follow' returned '0': CMAKE_PREFIX_PATH=${CMAKE_PREFIX_PATH}:/home/russell/sim_ws/install/mlp_controller:/home/russell/sim_ws/install/f1tenth_gym_ros:/home/russell/sim_ws/install/data_collector:/opt/ros/foxy /usr/bin/cmake --build /home/russell/sim_ws/build/wall_follow -- -j3 -l3
[2.426s] DEBUG:colcon.colcon_core.event_handler.log_command:Invoking command in '/home/russell/sim_ws/build/wall_follow': CMAKE_PREFIX_PATH=${CMAKE_PREFIX_PATH}:/home/russell/sim_ws/install/mlp_controller:/home/russell/sim_ws/install/f1tenth_gym_ros:/home/russell/sim_ws/install/data_collector:/opt/ros/foxy /usr/bin/cmake --install /home/russell/sim_ws/build/wall_follow
[2.551s] DEBUG:colcon.colcon_core.event_handler.log_command:Invoking command in '/home/russell/sim_ws/src/mlp_controller': PYTHONPATH=/home/russell/sim_ws/build/mlp_controller/prefix_override:/usr/lib/python3/dist-packages/colcon_core/task/python/colcon_distutils_commands:/home/russell/sim_ws/install/mlp_controller/lib/python3.8/site-packages:${PYTHONPATH} /usr/bin/python3 -W ignore:setup.py install is deprecated -W ignore:easy_install command is deprecated setup.py egg_info --egg-base ../../build/mlp_controller build --build-base /home/russell/sim_ws/build/mlp_controller/build install --record /home/russell/sim_ws/build/mlp_controller/install.log --install-scripts $base/lib/mlp_controller --single-version-externally-managed install_data
[2.556s] Level 1:colcon.colcon_core.environment:create_environment_scripts_only(safety_node)
[2.556s] Level 1:colcon.colcon_core.environment:checking '/home/russell/sim_ws/install/safety_node' for CMake module files
[2.557s] DEBUG:colcon.colcon_core.event_handler.log_command:Invoked command in '/home/russell/sim_ws/build/safety_node' returned '0': CMAKE_PREFIX_PATH=${CMAKE_PREFIX_PATH}:/home/russell/sim_ws/install/mlp_controller:/home/russell/sim_ws/install/f1tenth_gym_ros:/home/russell/sim_ws/install/data_collector:/opt/ros/foxy /usr/bin/cmake --install /home/russell/sim_ws/build/safety_node
[2.558s] Level 1:colcon.colcon_core.environment:checking '/home/russell/sim_ws/install/safety_node' for CMake config files
[2.558s] Level 1:colcon.colcon_core.shell:create_environment_hook('safety_node', 'cmake_prefix_path')
[2.558s] INFO:colcon.colcon_core.shell:Creating environment hook '/home/russell/sim_ws/install/safety_node/share/safety_node/hook/cmake_prefix_path.ps1'
[2.559s] INFO:colcon.colcon_core.shell:Creating environment descriptor '/home/russell/sim_ws/install/safety_node/share/safety_node/hook/cmake_prefix_path.dsv'
[2.560s] INFO:colcon.colcon_core.shell:Creating environment hook '/home/russell/sim_ws/install/safety_node/share/safety_node/hook/cmake_prefix_path.sh'
[2.561s] Level 1:colcon.colcon_core.environment:checking '/home/russell/sim_ws/install/safety_node/lib'
[2.562s] Level 1:colcon.colcon_core.environment:checking '/home/russell/sim_ws/install/safety_node/bin'
[2.562s] Level 1:colcon.colcon_core.environment:checking '/home/russell/sim_ws/install/safety_node/lib/pkgconfig/safety_node.pc'
[2.562s] Level 1:colcon.colcon_core.environment:checking '/home/russell/sim_ws/install/safety_node/lib/python3.8/site-packages'
[2.562s] Level 1:colcon.colcon_core.shell:create_environment_hook('safety_node', 'pythonpath')
[2.562s] INFO:colcon.colcon_core.shell:Creating environment hook '/home/russell/sim_ws/install/safety_node/share/safety_node/hook/pythonpath.ps1'
[2.563s] INFO:colcon.colcon_core.shell:Creating environment descriptor '/home/russell/sim_ws/install/safety_node/share/safety_node/hook/pythonpath.dsv'
[2.564s] INFO:colcon.colcon_core.shell:Creating environment hook '/home/russell/sim_ws/install/safety_node/share/safety_node/hook/pythonpath.sh'
[2.578s] Level 1:colcon.colcon_core.environment:checking '/home/russell/sim_ws/install/safety_node/bin'
[2.578s] INFO:colcon.colcon_core.shell:Creating package script '/home/russell/sim_ws/install/safety_node/share/safety_node/package.ps1'
[2.579s] INFO:colcon.colcon_core.shell:Creating package descriptor '/home/russell/sim_ws/install/safety_node/share/safety_node/package.dsv'
[2.579s] INFO:colcon.colcon_core.shell:Creating package script '/home/russell/sim_ws/install/safety_node/share/safety_node/package.sh'
[2.580s] INFO:colcon.colcon_core.shell:Creating package script '/home/russell/sim_ws/install/safety_node/share/safety_node/package.bash'
[2.582s] INFO:colcon.colcon_core.shell:Creating package script '/home/russell/sim_ws/install/safety_node/share/safety_node/package.zsh'
[2.583s] Level 1:colcon.colcon_core.environment:create_file_with_runtime_dependencies(/home/russell/sim_ws/install/safety_node/share/colcon-core/packages/safety_node)
[2.584s] Level 1:colcon.colcon_core.environment:create_environment_scripts_only(safety_node)
[2.584s] Level 1:colcon.colcon_core.environment:checking '/home/russell/sim_ws/install/safety_node' for CMake module files
[2.585s] Level 1:colcon.colcon_core.environment:checking '/home/russell/sim_ws/install/safety_node' for CMake config files
[2.585s] Level 1:colcon.colcon_core.shell:create_environment_hook('safety_node', 'cmake_prefix_path')
[2.585s] INFO:colcon.colcon_core.shell:Creating environment hook '/home/russell/sim_ws/install/safety_node/share/safety_node/hook/cmake_prefix_path.ps1'
[2.585s] INFO:colcon.colcon_core.shell:Creating environment descriptor '/home/russell/sim_ws/install/safety_node/share/safety_node/hook/cmake_prefix_path.dsv'
[2.586s] INFO:colcon.colcon_core.shell:Creating environment hook '/home/russell/sim_ws/install/safety_node/share/safety_node/hook/cmake_prefix_path.sh'
[2.594s] Level 1:colcon.colcon_core.environment:checking '/home/russell/sim_ws/install/safety_node/lib'
[2.594s] Level 1:colcon.colcon_core.environment:checking '/home/russell/sim_ws/install/safety_node/bin'
[2.594s] Level 1:colcon.colcon_core.environment:checking '/home/russell/sim_ws/install/safety_node/lib/pkgconfig/safety_node.pc'
[2.594s] Level 1:colcon.colcon_core.environment:checking '/home/russell/sim_ws/install/safety_node/lib/python3.8/site-packages'
[2.594s] Level 1:colcon.colcon_core.shell:create_environment_hook('safety_node', 'pythonpath')
[2.594s] INFO:colcon.colcon_core.shell:Creating environment hook '/home/russell/sim_ws/install/safety_node/share/safety_node/hook/pythonpath.ps1'
[2.596s] INFO:colcon.colcon_core.shell:Creating environment descriptor '/home/russell/sim_ws/install/safety_node/share/safety_node/hook/pythonpath.dsv'
[2.596s] INFO:colcon.colcon_core.shell:Creating environment hook '/home/russell/sim_ws/install/safety_node/share/safety_node/hook/pythonpath.sh'
[2.598s] Level 1:colcon.colcon_core.environment:checking '/home/russell/sim_ws/install/safety_node/bin'
[2.598s] INFO:colcon.colcon_core.shell:Creating package script '/home/russell/sim_ws/install/safety_node/share/safety_node/package.ps1'
[2.599s] INFO:colcon.colcon_core.shell:Creating package descriptor '/home/russell/sim_ws/install/safety_node/share/safety_node/package.dsv'
[2.611s] INFO:colcon.colcon_core.shell:Creating package script '/home/russell/sim_ws/install/safety_node/share/safety_node/package.sh'
[2.612s] INFO:colcon.colcon_core.shell:Creating package script '/home/russell/sim_ws/install/safety_node/share/safety_node/package.bash'
[2.613s] INFO:colcon.colcon_core.shell:Creating package script '/home/russell/sim_ws/install/safety_node/share/safety_node/package.zsh'
[2.614s] Level 1:colcon.colcon_core.environment:create_file_with_runtime_dependencies(/home/russell/sim_ws/install/safety_node/share/colcon-core/packages/safety_node)
[2.616s] Level 1:colcon.colcon_core.environment:create_environment_scripts_only(wall_follow)
[2.616s] Level 1:colcon.colcon_core.environment:checking '/home/russell/sim_ws/install/wall_follow' for CMake module files
[2.617s] Level 1:colcon.colcon_core.environment:checking '/home/russell/sim_ws/install/wall_follow' for CMake config files
[2.618s] Level 1:colcon.colcon_core.shell:create_environment_hook('wall_follow', 'cmake_prefix_path')
[2.618s] INFO:colcon.colcon_core.shell:Creating environment hook '/home/russell/sim_ws/install/wall_follow/share/wall_follow/hook/cmake_prefix_path.ps1'
[2.619s] INFO:colcon.colcon_core.shell:Creating environment descriptor '/home/russell/sim_ws/install/wall_follow/share/wall_follow/hook/cmake_prefix_path.dsv'
[2.629s] DEBUG:colcon.colcon_core.event_handler.log_command:Invoked command in '/home/russell/sim_ws/build/wall_follow' returned '0': CMAKE_PREFIX_PATH=${CMAKE_PREFIX_PATH}:/home/russell/sim_ws/install/mlp_controller:/home/russell/sim_ws/install/f1tenth_gym_ros:/home/russell/sim_ws/install/data_collector:/opt/ros/foxy /usr/bin/cmake --install /home/russell/sim_ws/build/wall_follow
[2.629s] INFO:colcon.colcon_core.shell:Creating environment hook '/home/russell/sim_ws/install/wall_follow/share/wall_follow/hook/cmake_prefix_path.sh'
[2.631s] Level 1:colcon.colcon_core.environment:checking '/home/russell/sim_ws/install/wall_follow/lib'
[2.631s] Level 1:colcon.colcon_core.environment:checking '/home/russell/sim_ws/install/wall_follow/bin'
[2.631s] Level 1:colcon.colcon_core.environment:checking '/home/russell/sim_ws/install/wall_follow/lib/pkgconfig/wall_follow.pc'
[2.631s] Level 1:colcon.colcon_core.environment:checking '/home/russell/sim_ws/install/wall_follow/lib/python3.8/site-packages'
[2.631s] Level 1:colcon.colcon_core.shell:create_environment_hook('wall_follow', 'pythonpath')
[2.631s] INFO:colcon.colcon_core.shell:Creating environment hook '/home/russell/sim_ws/install/wall_follow/share/wall_follow/hook/pythonpath.ps1'
[2.632s] INFO:colcon.colcon_core.shell:Creating environment descriptor '/home/russell/sim_ws/install/wall_follow/share/wall_follow/hook/pythonpath.dsv'
[2.633s] INFO:colcon.colcon_core.shell:Creating environment hook '/home/russell/sim_ws/install/wall_follow/share/wall_follow/hook/pythonpath.sh'
[2.634s] Level 1:colcon.colcon_core.environment:checking '/home/russell/sim_ws/install/wall_follow/bin'
[2.634s] INFO:colcon.colcon_core.shell:Creating package script '/home/russell/sim_ws/install/wall_follow/share/wall_follow/package.ps1'
[2.635s] INFO:colcon.colcon_core.shell:Creating package descriptor '/home/russell/sim_ws/install/wall_follow/share/wall_follow/package.dsv'
[2.638s] INFO:colcon.colcon_core.shell:Creating package script '/home/russell/sim_ws/install/wall_follow/share/wall_follow/package.sh'
[2.641s] INFO:colcon.colcon_core.shell:Creating package script '/home/russell/sim_ws/install/wall_follow/share/wall_follow/package.bash'
[2.642s] INFO:colcon.colcon_core.shell:Creating package script '/home/russell/sim_ws/install/wall_follow/share/wall_follow/package.zsh'
[2.645s] Level 1:colcon.colcon_core.environment:create_file_with_runtime_dependencies(/home/russell/sim_ws/install/wall_follow/share/colcon-core/packages/wall_follow)
[2.679s] Level 1:colcon.colcon_core.environment:create_environment_scripts_only(wall_follow)
[2.679s] Level 1:colcon.colcon_core.environment:checking '/home/russell/sim_ws/install/wall_follow' for CMake module files
[2.680s] Level 1:colcon.colcon_core.environment:checking '/home/russell/sim_ws/install/wall_follow' for CMake config files
[2.680s] Level 1:colcon.colcon_core.shell:create_environment_hook('wall_follow', 'cmake_prefix_path')
[2.680s] INFO:colcon.colcon_core.shell:Creating environment hook '/home/russell/sim_ws/install/wall_follow/share/wall_follow/hook/cmake_prefix_path.ps1'
[2.681s] INFO:colcon.colcon_core.shell:Creating environment descriptor '/home/russell/sim_ws/install/wall_follow/share/wall_follow/hook/cmake_prefix_path.dsv'
[2.682s] INFO:colcon.colcon_core.shell:Creating environment hook '/home/russell/sim_ws/install/wall_follow/share/wall_follow/hook/cmake_prefix_path.sh'
[2.683s] Level 1:colcon.colcon_core.environment:checking '/home/russell/sim_ws/install/wall_follow/lib'
[2.683s] Level 1:colcon.colcon_core.environment:checking '/home/russell/sim_ws/install/wall_follow/bin'
[2.684s] Level 1:colcon.colcon_core.environment:checking '/home/russell/sim_ws/install/wall_follow/lib/pkgconfig/wall_follow.pc'
[2.684s] Level 1:colcon.colcon_core.environment:checking '/home/russell/sim_ws/install/wall_follow/lib/python3.8/site-packages'
[2.684s] Level 1:colcon.colcon_core.shell:create_environment_hook('wall_follow', 'pythonpath')
[2.684s] INFO:colcon.colcon_core.shell:Creating environment hook '/home/russell/sim_ws/install/wall_follow/share/wall_follow/hook/pythonpath.ps1'
[2.685s] INFO:colcon.colcon_core.shell:Creating environment descriptor '/home/russell/sim_ws/install/wall_follow/share/wall_follow/hook/pythonpath.dsv'
[2.685s] INFO:colcon.colcon_core.shell:Creating environment hook '/home/russell/sim_ws/install/wall_follow/share/wall_follow/hook/pythonpath.sh'
[2.687s] Level 1:colcon.colcon_core.environment:checking '/home/russell/sim_ws/install/wall_follow/bin'
[2.687s] INFO:colcon.colcon_core.shell:Creating package script '/home/russell/sim_ws/install/wall_follow/share/wall_follow/package.ps1'
[2.688s] INFO:colcon.colcon_core.shell:Creating package descriptor '/home/russell/sim_ws/install/wall_follow/share/wall_follow/package.dsv'
[2.689s] INFO:colcon.colcon_core.shell:Creating package script '/home/russell/sim_ws/install/wall_follow/share/wall_follow/package.sh'
[2.690s] INFO:colcon.colcon_core.shell:Creating package script '/home/russell/sim_ws/install/wall_follow/share/wall_follow/package.bash'
[2.690s] INFO:colcon.colcon_core.shell:Creating package script '/home/russell/sim_ws/install/wall_follow/share/wall_follow/package.zsh'
[2.691s] Level 1:colcon.colcon_core.environment:create_file_with_runtime_dependencies(/home/russell/sim_ws/install/wall_follow/share/colcon-core/packages/wall_follow)
[3.805s] Level 1:colcon.colcon_core.environment:checking '/home/russell/sim_ws/install/mlp_controller' for CMake module files
[3.806s] Level 1:colcon.colcon_core.environment:checking '/home/russell/sim_ws/install/mlp_controller' for CMake config files
[3.807s] Level 1:colcon.colcon_core.environment:checking '/home/russell/sim_ws/install/mlp_controller/lib'
[3.809s] Level 1:colcon.colcon_core.environment:checking '/home/russell/sim_ws/install/mlp_controller/bin'
[3.809s] Level 1:colcon.colcon_core.environment:checking '/home/russell/sim_ws/install/mlp_controller/lib/pkgconfig/mlp_controller.pc'
[3.811s] Level 1:colcon.colcon_core.environment:checking '/home/russell/sim_ws/install/mlp_controller/lib/python3.8/site-packages'
[3.812s] Level 1:colcon.colcon_core.shell:create_environment_hook('mlp_controller', 'pythonpath')
[3.812s] INFO:colcon.colcon_core.shell:Creating environment hook '/home/russell/sim_ws/install/mlp_controller/share/mlp_controller/hook/pythonpath.ps1'
[3.813s] INFO:colcon.colcon_core.shell:Creating environment descriptor '/home/russell/sim_ws/install/mlp_controller/share/mlp_controller/hook/pythonpath.dsv'
[3.815s] INFO:colcon.colcon_core.shell:Creating environment hook '/home/russell/sim_ws/install/mlp_controller/share/mlp_controller/hook/pythonpath.sh'
[3.809s] DEBUG:colcon.colcon_core.event_handler.log_command:Invoked command in '/home/russell/sim_ws/src/mlp_controller' returned '0': PYTHONPATH=/home/russell/sim_ws/build/mlp_controller/prefix_override:/usr/lib/python3/dist-packages/colcon_core/task/python/colcon_distutils_commands:/home/russell/sim_ws/install/mlp_controller/lib/python3.8/site-packages:${PYTHONPATH} /usr/bin/python3 -W ignore:setup.py install is deprecated -W ignore:easy_install command is deprecated setup.py egg_info --egg-base ../../build/mlp_controller build --build-base /home/russell/sim_ws/build/mlp_controller/build install --record /home/russell/sim_ws/build/mlp_controller/install.log --install-scripts $base/lib/mlp_controller --single-version-externally-managed install_data
[3.816s] Level 1:colcon.colcon_core.environment:checking '/home/russell/sim_ws/install/mlp_controller/bin'
[3.816s] Level 1:colcon.colcon_core.environment:create_environment_scripts_only(mlp_controller)
[3.817s] INFO:colcon.colcon_core.shell:Creating package script '/home/russell/sim_ws/install/mlp_controller/share/mlp_controller/package.ps1'
[3.817s] INFO:colcon.colcon_core.shell:Creating package descriptor '/home/russell/sim_ws/install/mlp_controller/share/mlp_controller/package.dsv'
[3.818s] INFO:colcon.colcon_core.shell:Creating package script '/home/russell/sim_ws/install/mlp_controller/share/mlp_controller/package.sh'
[3.819s] INFO:colcon.colcon_core.shell:Creating package script '/home/russell/sim_ws/install/mlp_controller/share/mlp_controller/package.bash'
[3.822s] INFO:colcon.colcon_core.shell:Creating package script '/home/russell/sim_ws/install/mlp_controller/share/mlp_controller/package.zsh'
[3.823s] Level 1:colcon.colcon_core.environment:create_file_with_runtime_dependencies(/home/russell/sim_ws/install/mlp_controller/share/colcon-core/packages/mlp_controller)
[3.824s] DEBUG:colcon.colcon_parallel_executor.executor.parallel:closing loop
[3.825s] DEBUG:colcon.colcon_parallel_executor.executor.parallel:loop closed
[3.825s] DEBUG:colcon.colcon_parallel_executor.executor.parallel:run_until_complete finished with '0'
[3.826s] DEBUG:colcon.colcon_core.event_reactor:joining thread
[3.833s] INFO:colcon.colcon_core.plugin_system:Skipping extension 'colcon_notification.desktop_notification.terminal_notifier': Not used on non-Darwin systems
[3.833s] INFO:colcon.colcon_core.plugin_system:Skipping extension 'colcon_notification.desktop_notification.win32': Not used on non-Windows systems
[3.833s] INFO:colcon.colcon_notification.desktop_notification:Sending desktop notification using 'notify2'
[3.883s] DEBUG:colcon.colcon_core.event_reactor:joined thread
[3.884s] INFO:colcon.colcon_core.shell:Creating prefix script '/home/russell/sim_ws/install/local_setup.ps1'
[3.888s] INFO:colcon.colcon_core.shell:Creating prefix util module '/home/russell/sim_ws/install/_local_setup_util_ps1.py'
[3.901s] INFO:colcon.colcon_core.shell:Creating prefix chain script '/home/russell/sim_ws/install/setup.ps1'
[3.903s] INFO:colcon.colcon_core.shell:Creating prefix script '/home/russell/sim_ws/install/local_setup.sh'
[3.904s] INFO:colcon.colcon_core.shell:Creating prefix util module '/home/russell/sim_ws/install/_local_setup_util_sh.py'
[3.905s] INFO:colcon.colcon_core.shell:Creating prefix chain script '/home/russell/sim_ws/install/setup.sh'
[3.906s] INFO:colcon.colcon_core.shell:Creating prefix script '/home/russell/sim_ws/install/local_setup.bash'
[3.907s] INFO:colcon.colcon_core.shell:Creating prefix chain script '/home/russell/sim_ws/install/setup.bash'
[3.908s] INFO:colcon.colcon_core.shell:Creating prefix script '/home/russell/sim_ws/install/local_setup.zsh'
[3.909s] INFO:colcon.colcon_core.shell:Creating prefix chain script '/home/russell/sim_ws/install/setup.zsh'
